Your working PATH is: E:/UCLA/FlexCNN_Syn/FlexCNN
cin_size: 14000000
bias_size: 5984
weight_size: 11239040
Loading instructions...
Preparing data...
Loading input...
Loading weight...
Loading bias...
HW acceleration...
---------------LAYER 1----------------
start
passed cin load
passed weight load
passed conv
passed relu
passed pool
passed cout write
---------------LAYER 2----------------
start
passed cin load
passed weight load
passed conv
passed relu
passed pool
passed cout write
---------------LAYER 3----------------
start
passed cin load
passed weight load
passed conv
passed relu
passed pool
passed cout write
---------------LAYER 4----------------
start
passed cin load
passed weight load
passed conv
passed relu
passed pool
passed cout write
---------------LAYER 5----------------
start
passed cin load
passed weight load
passed conv
passed relu
passed pool
passed cout write
---------------LAYER 6----------------
start
passed cin load
passed weight load
passed conv
passed relu
passed pool
passed cout write
---------------LAYER 7----------------
start
passed cin load
passed weight load
passed conv
passed relu
passed pool
passed cout write
---------------LAYER 8----------------
start
passed cin load
passed weight load
passed conv
passed relu
passed pool
passed cout write
---------------LAYER 9----------------
start
passed cin load
passed weight load
passed conv
passed relu
passed pool
passed cout write
---------------LAYER 10----------------
start
passed cin load
passed weight load
passed conv
passed relu
passed pool
passed cout write
---------------LAYER 11----------------
start
passed cin load
passed weight load
passed conv
passed relu
passed pool
passed cout write
---------------LAYER 12----------------
start
passed cin load
passed weight load
passed conv
passed relu
passed pool
passed cout write
---------------LAYER 13----------------
start
passed cin load
passed weight load
passed conv
passed relu
passed pool
passed cout write
---------------LAYER 14----------------
start
passed cin load
passed weight load
passed conv
passed relu
passed pool
passed cout write
---------------LAYER 15----------------
start
passed cin load
passed weight load
passed conv
passed relu
passed pool
WARNING: Hls::stream 'hls::stream<ap_uint<256> >.160' is read while empty, which may result in RTL simulation hanging.
WARNING: Hls::stream 'hls::stream<ap_uint<256> >.160' is read while empty, which may result in RTL simulation hanging.
WARNING: Hls::stream 'hls::stream<ap_uint<256> >.160' is read while empty, which may result in RTL simulation hanging.
WARNING: Hls::stream 'hls::stream<ap_uint<256> >.160' is read while empty, which may result in RTL simulation hanging.
WARNING: Hls::stream 'hls::stream<ap_uint<256> >.160' is read while empty, which may result in RTL simulation hanging.
WARNING: Hls::stream 'hls::stream<ap_uint<256> >.160' is read while empty, which may result in RTL simulation hanging.
WARNING: Hls::stream 'hls::stream<ap_uint<256> >.160' is read while empty, which may result in RTL simulation hanging.
WARNING: Hls::stream 'hls::stream<ap_uint<256> >.160' is read while empty, which may result in RTL simulation hanging.
WARNING: Hls::stream 'hls::stream<ap_uint<256> >.160' is read while empty, which may result in RTL simulation hanging.
WARNING: Hls::stream 'hls::stream<ap_uint<256> >.160' is read while empty, which may result in RTL simulation hanging.
WARNING: Hls::stream 'hls::stream<ap_uint<256> >.160' is read while empty, which may result in RTL simulation hanging.
WARNING: Hls::stream 'hls::stream<ap_uint<256> >.160' is read while empty, which may result in RTL simulation hanging.
WARNING: Hls::stream 'hls::stream<ap_uint<256> >.160' is read while empty, which may result in RTL simulation hanging.
WARNING: Hls::stream 'hls::stream<ap_uint<256> >.160' is read while empty, which may result in RTL simulation hanging.
WARNING: Hls::stream 'hls::stream<ap_uint<256> >.160' is read while empty, which may result in RTL simulation hanging.
WARNING: Hls::stream 'hls::stream<ap_uint<256> >.160' is read while empty, which may result in RTL simulation hanging.
WARNING: Hls::stream 'hls::stream<ap_uint<256> >.160' is read while empty, which may result in RTL simulation hanging.
WARNING: Hls::stream 'hls::stream<ap_uint<256> >.160' is read while empty, which may result in RTL simulation hanging.
WARNING: Hls::stream 'hls::stream<ap_uint<256> >.160' is read while empty, which may result in RTL simulation hanging.
WARNING: Hls::stream 'hls::stream<ap_uint<256> >.160' is read while empty, which may result in RTL simulation hanging.
WARNING: Hls::stream 'hls::stream<ap_uint<256> >.160' is read while empty, which may result in RTL simulation hanging.
WARNING: Hls::stream 'hls::stream<ap_uint<256> >.160' is read while empty, which may result in RTL simulation hanging.
WARNING: Hls::stream 'hls::stream<ap_uint<256> >.160' is read while empty, which may result in RTL simulation hanging.
WARNING: Hls::stream 'hls::stream<ap_uint<256> >.160' is read while empty, which may result in RTL simulation hanging.
WARNING: Hls::stream 'hls::stream<ap_uint<256> >.160' is read while empty, which may result in RTL simulation hanging.
WARNING: Hls::stream 'hls::stream<ap_uint<256> >.160' is read while empty, which may result in RTL simulation hanging.
WARNING: Hls::stream 'hls::stream<ap_uint<256> >.160' is read while empty, which may result in RTL simulation hanging.
WARNING: Hls::stream 'hls::stream<ap_uint<256> >.160' is read while empty, which may result in RTL simulation hanging.
WARNING: Hls::stream 'hls::stream<ap_uint<256> >.160' is read while empty, which may result in RTL simulation hanging.
WARNING: Hls::stream 'hls::stream<ap_uint<256> >.160' is read while empty, which may result in RTL simulation hanging.
WARNING: Hls::stream 'hls::stream<ap_uint<256> >.160' is read while empty, which may result in RTL simulation hanging.
WARNING: Hls::stream 'hls::stream<ap_uint<256> >.160' is read while empty, which may result in RTL simulation hanging.
WARNING: Hls::stream 'hls::stream<ap_uint<256> >.160' is read while empty, which may result in RTL simulation hanging.
WARNING: Hls::stream 'hls::stream<ap_uint<256> >.160' is read while empty, which may result in RTL simulation hanging.
WARNING: Hls::stream 'hls::stream<ap_uint<256> >.160' is read while empty, which may result in RTL simulation hanging.
WARNING: Hls::stream 'hls::stream<ap_uint<256> >.160' is read while empty, which may result in RTL simulation hanging.
WARNING: Hls::stream 'hls::stream<ap_uint<256> >.160' is read while empty, which may result in RTL simulation hanging.
WARNING: Hls::stream 'hls::stream<ap_uint<256> >.160' is read while empty, which may result in RTL simulation hanging.
WARNING: Hls::stream 'hls::stream<ap_uint<256> >.160' is read while empty, which may result in RTL simulation hanging.
WARNING: Hls::stream 'hls::stream<ap_uint<256> >.160' is read while empty, which may result in RTL simulation hanging.
WARNING: Hls::stream 'hls::stream<ap_uint<256> >.160' is read while empty, which may result in RTL simulation hanging.
WARNING: Hls::stream 'hls::stream<ap_uint<256> >.160' is read while empty, which may result in RTL simulation hanging.
WARNING: Hls::stream 'hls::stream<ap_uint<256> >.160' is read while empty, which may result in RTL simulation hanging.
WARNING: Hls::stream 'hls::stream<ap_uint<256> >.160' is read while empty, which may result in RTL simulation hanging.
WARNING: Hls::stream 'hls::stream<ap_uint<256> >.160' is read while empty, which may result in RTL simulation hanging.
WARNING: Hls::stream 'hls::stream<ap_uint<256> >.160' is read while empty, which may result in RTL simulation hanging.
WARNING: Hls::stream 'hls::stream<ap_uint<256> >.160' is read while empty, which may result in RTL simulation hanging.
WARNING: Hls::stream 'hls::stream<ap_uint<256> >.160' is read while empty, which may result in RTL simulation hanging.
WARNING: Hls::stream 'hls::stream<ap_uint<256> >.160' is read while empty, which may result in RTL simulation hanging.
WARNING: Hls::stream 'hls::stream<ap_uint<256> >.160' is read while empty, which may result in RTL simulation hanging.
WARNING: Hls::stream 'hls::stream<ap_uint<256> >.160' is read while empty, which may result in RTL simulation hanging.
WARNING: Hls::stream 'hls::stream<ap_uint<256> >.160' is read while empty, which may result in RTL simulation hanging.
WARNING: Hls::stream 'hls::stream<ap_uint<256> >.160' is read while empty, which may result in RTL simulation hanging.
WARNING: Hls::stream 'hls::stream<ap_uint<256> >.160' is read while empty, which may result in RTL simulation hanging.
WARNING: Hls::stream 'hls::stream<ap_uint<256> >.160' is read while empty, which may result in RTL simulation hanging.
WARNING: Hls::stream 'hls::stream<ap_uint<256> >.160' is read while empty, which may result in RTL simulation hanging.
WARNING: Hls::stream 'hls::stream<ap_uint<256> >.160' is read while empty, which may result in RTL simulation hanging.
WARNING: Hls::stream 'hls::stream<ap_uint<256> >.160' is read while empty, which may result in RTL simulation hanging.
WARNING: Hls::stream 'hls::stream<ap_uint<256> >.160' is read while empty, which may result in RTL simulation hanging.
WARNING: Hls::stream 'hls::stream<ap_uint<256> >.160' is read while empty, which may result in RTL simulation hanging.
WARNING: Hls::stream 'hls::stream<ap_uint<256> >.160' is read while empty, which may result in RTL simulation hanging.
WARNING: Hls::stream 'hls::stream<ap_uint<256> >.160' is read while empty, which may result in RTL simulation hanging.
WARNING: Hls::stream 'hls::stream<ap_uint<256> >.160' is read while empty, which may result in RTL simulation hanging.
WARNING: Hls::stream 'hls::stream<ap_uint<256> >.160' is read while empty, which may result in RTL simulation hanging.
WARNING: Hls::stream 'hls::stream<ap_uint<256> >.160' is read while empty, which may result in RTL simulation hanging.
WARNING: Hls::stream 'hls::stream<ap_uint<256> >.160' is read while empty, which may result in RTL simulation hanging.
WARNING: Hls::stream 'hls::stream<ap_uint<256> >.160' is read while empty, which may result in RTL simulation hanging.
WARNING: Hls::stream 'hls::stream<ap_uint<256> >.160' is read while empty, which may result in RTL simulation hanging.
WARNING: Hls::stream 'hls::stream<ap_uint<256> >.160' is read while empty, which may result in RTL simulation hanging.
WARNING: Hls::stream 'hls::stream<ap_uint<256> >.160' is read while empty, which may result in RTL simulation hanging.
WARNING: Hls::stream 'hls::stream<ap_uint<256> >.160' is read while empty, which may result in RTL simulation hanging.
WARNING: Hls::stream 'hls::stream<ap_uint<256> >.160' is read while empty, which may result in RTL simulation hanging.
WARNING: Hls::stream 'hls::stream<ap_uint<256> >.160' is read while empty, which may result in RTL simulation hanging.
WARNING: Hls::stream 'hls::stream<ap_uint<256> >.160' is read while empty, which may result in RTL simulation hanging.
WARNING: Hls::stream 'hls::stream<ap_uint<256> >.160' is read while empty, which may result in RTL simulation hanging.
WARNING: Hls::stream 'hls::stream<ap_uint<256> >.160' is read while empty, which may result in RTL simulation hanging.
WARNING: Hls::stream 'hls::stream<ap_uint<256> >.160' is read while empty, which may result in RTL simulation hanging.
WARNING: Hls::stream 'hls::stream<ap_uint<256> >.160' is read while empty, which may result in RTL simulation hanging.
WARNING: Hls::stream 'hls::stream<ap_uint<256> >.160' is read while empty, which may result in RTL simulation hanging.
WARNING: Hls::stream 'hls::stream<ap_uint<256> >.160' is read while empty, which may result in RTL simulation hanging.
WARNING: Hls::stream 'hls::stream<ap_uint<256> >.160' is read while empty, which may result in RTL simulation hanging.
WARNING: Hls::stream 'hls::stream<ap_uint<256> >.160' is read while empty, which may result in RTL simulation hanging.
WARNING: Hls::stream 'hls::stream<ap_uint<256> >.160' is read while empty, which may result in RTL simulation hanging.
WARNING: Hls::stream 'hls::stream<ap_uint<256> >.160' is read while empty, which may result in RTL simulation hanging.
WARNING: Hls::stream 'hls::stream<ap_uint<256> >.160' is read while empty, which may result in RTL simulation hanging.
WARNING: Hls::stream 'hls::stream<ap_uint<256> >.160' is read while empty, which may result in RTL simulation hanging.
WARNING: Hls::stream 'hls::stream<ap_uint<256> >.160' is read while empty, which may result in RTL simulation hanging.
WARNING: Hls::stream 'hls::stream<ap_uint<256> >.160' is read while empty, which may result in RTL simulation hanging.
WARNING: Hls::stream 'hls::stream<ap_uint<256> >.160' is read while empty, which may result in RTL simulation hanging.
WARNING: Hls::stream 'hls::stream<ap_uint<256> >.160' is read while empty, which may result in RTL simulation hanging.
WARNING: Hls::stream 'hls::stream<ap_uint<256> >.160' is read while empty, which may result in RTL simulation hanging.
WARNING: Hls::stream 'hls::stream<ap_uint<256> >.160' is read while empty, which may result in RTL simulation hanging.
WARNING: Hls::stream 'hls::stream<ap_uint<256> >.160' is read while empty, which may result in RTL simulation hanging.
WARNING: Hls::stream 'hls::stream<ap_uint<256> >.160' is read while empty, which may result in RTL simulation hanging.
WARNING: Hls::stream 'hls::stream<ap_uint<256> >.160' is read while empty, which may result in RTL simulation hanging.
WARNING: Hls::stream 'hls::stream<ap_uint<256> >.160' is read while empty, which may result in RTL simulation hanging.
WARNING: Hls::stream 'hls::stream<ap_uint<256> >.160' is read while empty, which may result in RTL simulation hanging.
WARNING: Hls::stream 'hls::stream<ap_uint<256> >.160' is read while empty, which may result in RTL simulation hanging.
WARNING: Hls::stream 'hls::stream<ap_uint<256> >.160' is read while empty, which may result in RTL simulation hanging.
WARNING: Hls::stream 'hls::stream<ap_uint<256> >.160' is read while empty, which may result in RTL simulation hanging.
WARNING: Hls::stream 'hls::stream<ap_uint<256> >.160' is read while empty, which may result in RTL simulation hanging.
WARNING: Hls::stream 'hls::stream<ap_uint<256> >.160' is read while empty, which may result in RTL simulation hanging.
WARNING: Hls::stream 'hls::stream<ap_uint<256> >.160' is read while empty, which may result in RTL simulation hanging.
WARNING: Hls::stream 'hls::stream<ap_uint<256> >.160' is read while empty, which may result in RTL simulation hanging.
WARNING: Hls::stream 'hls::stream<ap_uint<256> >.160' is read while empty, which may result in RTL simulation hanging.
WARNING: Hls::stream 'hls::stream<ap_uint<256> >.160' is read while empty, which may result in RTL simulation hanging.
WARNING: Hls::stream 'hls::stream<ap_uint<256> >.160' is read while empty, which may result in RTL simulation hanging.
WARNING: Hls::stream 'hls::stream<ap_uint<256> >.160' is read while empty, which may result in RTL simulation hanging.
WARNING: Hls::stream 'hls::stream<ap_uint<256> >.160' is read while empty, which may result in RTL simulation hanging.
WARNING: Hls::stream 'hls::stream<ap_uint<256> >.160' is read while empty, which may result in RTL simulation hanging.
WARNING: Hls::stream 'hls::stream<ap_uint<256> >.160' is read while empty, which may result in RTL simulation hanging.
WARNING: Hls::stream 'hls::stream<ap_uint<256> >.160' is read while empty, which may result in RTL simulation hanging.
WARNING: Hls::stream 'hls::stream<ap_uint<256> >.160' is read while empty, which may result in RTL simulation hanging.
WARNING: Hls::stream 'hls::stream<ap_uint<256> >.160' is read while empty, which may result in RTL simulation hanging.
WARNING: Hls::stream 'hls::stream<ap_uint<256> >.160' is read while empty, which may result in RTL simulation hanging.
WARNING: Hls::stream 'hls::stream<ap_uint<256> >.160' is read while empty, which may result in RTL simulation hanging.
WARNING: Hls::stream 'hls::stream<ap_uint<256> >.160' is read while empty, which may result in RTL simulation hanging.
WARNING: Hls::stream 'hls::stream<ap_uint<256> >.160' is read while empty, which may result in RTL simulation hanging.
WARNING: Hls::stream 'hls::stream<ap_uint<256> >.160' is read while empty, which may result in RTL simulation hanging.
WARNING: Hls::stream 'hls::stream<ap_uint<256> >.160' is read while empty, which may result in RTL simulation hanging.
WARNING: Hls::stream 'hls::stream<ap_uint<256> >.160' is read while empty, which may result in RTL simulation hanging.
WARNING: Hls::stream 'hls::stream<ap_uint<256> >.160' is read while empty, which may result in RTL simulation hanging.
WARNING: Hls::stream 'hls::stream<ap_uint<256> >.160' is read while empty, which may result in RTL simulation hanging.
WARNING: Hls::stream 'hls::stream<ap_uint<256> >.160' is read while empty, which may result in RTL simulation hanging.
WARNING: Hls::stream 'hls::stream<ap_uint<256> >.160' is read while empty, which may result in RTL simulation hanging.
WARNING: Hls::stream 'hls::stream<ap_uint<256> >.160' is read while empty, which may result in RTL simulation hanging.
WARNING: Hls::stream 'hls::stream<ap_uint<256> >.160' is read while empty, which may result in RTL simulation hanging.
WARNING: Hls::stream 'hls::stream<ap_uint<256> >.160' is read while empty, which may result in RTL simulation hanging.
WARNING: Hls::stream 'hls::stream<ap_uint<256> >.160' is read while empty, which may result in RTL simulation hanging.
WARNING: Hls::stream 'hls::stream<ap_uint<256> >.160' is read while empty, which may result in RTL simulation hanging.
WARNING: Hls::stream 'hls::stream<ap_uint<256> >.160' is read while empty, which may result in RTL simulation hanging.
WARNING: Hls::stream 'hls::stream<ap_uint<256> >.160' is read while empty, which may result in RTL simulation hanging.
WARNING: Hls::stream 'hls::stream<ap_uint<256> >.160' is read while empty, which may result in RTL simulation hanging.
WARNING: Hls::stream 'hls::stream<ap_uint<256> >.160' is read while empty, which may result in RTL simulation hanging.
WARNING: Hls::stream 'hls::stream<ap_uint<256> >.160' is read while empty, which may result in RTL simulation hanging.
WARNING: Hls::stream 'hls::stream<ap_uint<256> >.160' is read while empty, which may result in RTL simulation hanging.
WARNING: Hls::stream 'hls::stream<ap_uint<256> >.160' is read while empty, which may result in RTL simulation hanging.
WARNING: Hls::stream 'hls::stream<ap_uint<256> >.160' is read while empty, which may result in RTL simulation hanging.
WARNING: Hls::stream 'hls::stream<ap_uint<256> >.160' is read while empty, which may result in RTL simulation hanging.
WARNING: Hls::stream 'hls::stream<ap_uint<256> >.160' is read while empty, which may result in RTL simulation hanging.
WARNING: Hls::stream 'hls::stream<ap_uint<256> >.160' is read while empty, which may result in RTL simulation hanging.
WARNING: Hls::stream 'hls::stream<ap_uint<256> >.160' is read while empty, which may result in RTL simulation hanging.
WARNING: Hls::stream 'hls::stream<ap_uint<256> >.160' is read while empty, which may result in RTL simulation hanging.
WARNING: Hls::stream 'hls::stream<ap_uint<256> >.160' is read while empty, which may result in RTL simulation hanging.
WARNING: Hls::stream 'hls::stream<ap_uint<256> >.160' is read while empty, which may result in RTL simulation hanging.
WARNING: Hls::stream 'hls::stream<ap_uint<256> >.160' is read while empty, which may result in RTL simulation hanging.
WARNING: Hls::stream 'hls::stream<ap_uint<256> >.160' is read while empty, which may result in RTL simulation hanging.
WARNING: Hls::stream 'hls::stream<ap_uint<256> >.160' is read while empty, which may result in RTL simulation hanging.
WARNING: Hls::stream 'hls::stream<ap_uint<256> >.160' is read while empty, which may result in RTL simulation hanging.
WARNING: Hls::stream 'hls::stream<ap_uint<256> >.160' is read while empty, which may result in RTL simulation hanging.
WARNING: Hls::stream 'hls::stream<ap_uint<256> >.160' is read while empty, which may result in RTL simulation hanging.
WARNING: Hls::stream 'hls::stream<ap_uint<256> >.160' is read while empty, which may result in RTL simulation hanging.
WARNING: Hls::stream 'hls::stream<ap_uint<256> >.160' is read while empty, which may result in RTL simulation hanging.
WARNING: Hls::stream 'hls::stream<ap_uint<256> >.160' is read while empty, which may result in RTL simulation hanging.
WARNING: Hls::stream 'hls::stream<ap_uint<256> >.160' is read while empty, which may result in RTL simulation hanging.
WARNING: Hls::stream 'hls::stream<ap_uint<256> >.160' is read while empty, which may result in RTL simulation hanging.
WARNING: Hls::stream 'hls::stream<ap_uint<256> >.160' is read while empty, which may result in RTL simulation hanging.
WARNING: Hls::stream 'hls::stream<ap_uint<256> >.160' is read while empty, which may result in RTL simulation hanging.
WARNING: Hls::stream 'hls::stream<ap_uint<256> >.160' is read while empty, which may result in RTL simulation hanging.
WARNING: Hls::stream 'hls::stream<ap_uint<256> >.160' is read while empty, which may result in RTL simulation hanging.
WARNING: Hls::stream 'hls::stream<ap_uint<256> >.160' is read while empty, which may result in RTL simulation hanging.
WARNING: Hls::stream 'hls::stream<ap_uint<256> >.160' is read while empty, which may result in RTL simulation hanging.
WARNING: Hls::stream 'hls::stream<ap_uint<256> >.160' is read while empty, which may result in RTL simulation hanging.
WARNING: Hls::stream 'hls::stream<ap_uint<256> >.160' is read while empty, which may result in RTL simulation hanging.
WARNING: Hls::stream 'hls::stream<ap_uint<256> >.160' is read while empty, which may result in RTL simulation hanging.
WARNING: Hls::stream 'hls::stream<ap_uint<256> >.160' is read while empty, which may result in RTL simulation hanging.
WARNING: Hls::stream 'hls::stream<ap_uint<256> >.160' is read while empty, which may result in RTL simulation hanging.
WARNING: Hls::stream 'hls::stream<ap_uint<256> >.160' is read while empty, which may result in RTL simulation hanging.
WARNING: Hls::stream 'hls::stream<ap_uint<256> >.160' is read while empty, which may result in RTL simulation hanging.
WARNING: Hls::stream 'hls::stream<ap_uint<256> >.160' is read while empty, which may result in RTL simulation hanging.
WARNING: Hls::stream 'hls::stream<ap_uint<256> >.160' is read while empty, which may result in RTL simulation hanging.
WARNING: Hls::stream 'hls::stream<ap_uint<256> >.160' is read while empty, which may result in RTL simulation hanging.
WARNING: Hls::stream 'hls::stream<ap_uint<256> >.160' is read while empty, which may result in RTL simulation hanging.
WARNING: Hls::stream 'hls::stream<ap_uint<256> >.160' is read while empty, which may result in RTL simulation hanging.
WARNING: Hls::stream 'hls::stream<ap_uint<256> >.160' is read while empty, which may result in RTL simulation hanging.
WARNING: Hls::stream 'hls::stream<ap_uint<256> >.160' is read while empty, which may result in RTL simulation hanging.
WARNING: Hls::stream 'hls::stream<ap_uint<256> >.160' is read while empty, which may result in RTL simulation hanging.
WARNING: Hls::stream 'hls::stream<ap_uint<256> >.160' is read while empty, which may result in RTL simulation hanging.
WARNING: Hls::stream 'hls::stream<ap_uint<256> >.160' is read while empty, which may result in RTL simulation hanging.
WARNING: Hls::stream 'hls::stream<ap_uint<256> >.160' is read while empty, which may result in RTL simulation hanging.
WARNING: Hls::stream 'hls::stream<ap_uint<256> >.160' is read while empty, which may result in RTL simulation hanging.
WARNING: Hls::stream 'hls::stream<ap_uint<256> >.160' is read while empty, which may result in RTL simulation hanging.
WARNING: Hls::stream 'hls::stream<ap_uint<256> >.160' is read while empty, which may result in RTL simulation hanging.
WARNING: Hls::stream 'hls::stream<ap_uint<256> >.160' is read while empty, which may result in RTL simulation hanging.
WARNING: Hls::stream 'hls::stream<ap_uint<256> >.160' is read while empty, which may result in RTL simulation hanging.
WARNING: Hls::stream 'hls::stream<ap_uint<256> >.160' is read while empty, which may result in RTL simulation hanging.
WARNING: Hls::stream 'hls::stream<ap_uint<256> >.160' is read while empty, which may result in RTL simulation hanging.
WARNING: Hls::stream 'hls::stream<ap_uint<256> >.160' is read while empty, which may result in RTL simulation hanging.
WARNING: Hls::stream 'hls::stream<ap_uint<256> >.160' is read while empty, which may result in RTL simulation hanging.
WARNING: Hls::stream 'hls::stream<ap_uint<256> >.160' is read while empty, which may result in RTL simulation hanging.
WARNING: Hls::stream 'hls::stream<ap_uint<256> >.160' is read while empty, which may result in RTL simulation hanging.
WARNING: Hls::stream 'hls::stream<ap_uint<256> >.160' is read while empty, which may result in RTL simulation hanging.
WARNING: Hls::stream 'hls::stream<ap_uint<256> >.160' is read while empty, which may result in RTL simulation hanging.
WARNING: Hls::stream 'hls::stream<ap_uint<256> >.160' is read while empty, which may result in RTL simulation hanging.
WARNING: Hls::stream 'hls::stream<ap_uint<256> >.160' is read while empty, which may result in RTL simulation hanging.
WARNING: Hls::stream 'hls::stream<ap_uint<256> >.160' is read while empty, which may result in RTL simulation hanging.
WARNING: Hls::stream 'hls::stream<ap_uint<256> >.160' is read while empty, which may result in RTL simulation hanging.
WARNING: Hls::stream 'hls::stream<ap_uint<256> >.160' is read while empty, which may result in RTL simulation hanging.
WARNING: Hls::stream 'hls::stream<ap_uint<256> >.160' is read while empty, which may result in RTL simulation hanging.
WARNING: Hls::stream 'hls::stream<ap_uint<256> >.160' is read while empty, which may result in RTL simulation hanging.
WARNING: Hls::stream 'hls::stream<ap_uint<256> >.160' is read while empty, which may result in RTL simulation hanging.
WARNING: Hls::stream 'hls::stream<ap_uint<256> >.160' is read while empty, which may result in RTL simulation hanging.
WARNING: Hls::stream 'hls::stream<ap_uint<256> >.160' is read while empty, which may result in RTL simulation hanging.
WARNING: Hls::stream 'hls::stream<ap_uint<256> >.160' is read while empty, which may result in RTL simulation hanging.
WARNING: Hls::stream 'hls::stream<ap_uint<256> >.160' is read while empty, which may result in RTL simulation hanging.
WARNING: Hls::stream 'hls::stream<ap_uint<256> >.160' is read while empty, which may result in RTL simulation hanging.
WARNING: Hls::stream 'hls::stream<ap_uint<256> >.160' is read while empty, which may result in RTL simulation hanging.
WARNING: Hls::stream 'hls::stream<ap_uint<256> >.160' is read while empty, which may result in RTL simulation hanging.
WARNING: Hls::stream 'hls::stream<ap_uint<256> >.160' is read while empty, which may result in RTL simulation hanging.
WARNING: Hls::stream 'hls::stream<ap_uint<256> >.160' is read while empty, which may result in RTL simulation hanging.
WARNING: Hls::stream 'hls::stream<ap_uint<256> >.160' is read while empty, which may result in RTL simulation hanging.
WARNING: Hls::stream 'hls::stream<ap_uint<256> >.160' is read while empty, which may result in RTL simulation hanging.
WARNING: Hls::stream 'hls::stream<ap_uint<256> >.160' is read while empty, which may result in RTL simulation hanging.
WARNING: Hls::stream 'hls::stream<ap_uint<256> >.160' is read while empty, which may result in RTL simulation hanging.
WARNING: Hls::stream 'hls::stream<ap_uint<256> >.160' is read while empty, which may result in RTL simulation hanging.
WARNING: Hls::stream 'hls::stream<ap_uint<256> >.160' is read while empty, which may result in RTL simulation hanging.
WARNING: Hls::stream 'hls::stream<ap_uint<256> >.160' is read while empty, which may result in RTL simulation hanging.
WARNING: Hls::stream 'hls::stream<ap_uint<256> >.160' is read while empty, which may result in RTL simulation hanging.
WARNING: Hls::stream 'hls::stream<ap_uint<256> >.160' is read while empty, which may result in RTL simulation hanging.
WARNING: Hls::stream 'hls::stream<ap_uint<256> >.160' is read while empty, which may result in RTL simulation hanging.
WARNING: Hls::stream 'hls::stream<ap_uint<256> >.160' is read while empty, which may result in RTL simulation hanging.
WARNING: Hls::stream 'hls::stream<ap_uint<256> >.160' is read while empty, which may result in RTL simulation hanging.
WARNING: Hls::stream 'hls::stream<ap_uint<256> >.160' is read while empty, which may result in RTL simulation hanging.
WARNING: Hls::stream 'hls::stream<ap_uint<256> >.160' is read while empty, which may result in RTL simulation hanging.
WARNING: Hls::stream 'hls::stream<ap_uint<256> >.160' is read while empty, which may result in RTL simulation hanging.
WARNING: Hls::stream 'hls::stream<ap_uint<256> >.160' is read while empty, which may result in RTL simulation hanging.
WARNING: Hls::stream 'hls::stream<ap_uint<256> >.160' is read while empty, which may result in RTL simulation hanging.
WARNING: Hls::stream 'hls::stream<ap_uint<256> >.160' is read while empty, which may result in RTL simulation hanging.
WARNING: Hls::stream 'hls::stream<ap_uint<256> >.160' is read while empty, which may result in RTL simulation hanging.
WARNING: Hls::stream 'hls::stream<ap_uint<256> >.160' is read while empty, which may result in RTL simulation hanging.
WARNING: Hls::stream 'hls::stream<ap_uint<256> >.160' is read while empty, which may result in RTL simulation hanging.
WARNING: Hls::stream 'hls::stream<ap_uint<256> >.160' is read while empty, which may result in RTL simulation hanging.
WARNING: Hls::stream 'hls::stream<ap_uint<256> >.160' is read while empty, which may result in RTL simulation hanging.
WARNING: Hls::stream 'hls::stream<ap_uint<256> >.160' is read while empty, which may result in RTL simulation hanging.
WARNING: Hls::stream 'hls::stream<ap_uint<256> >.160' is read while empty, which may result in RTL simulation hanging.
WARNING: Hls::stream 'hls::stream<ap_uint<256> >.160' is read while empty, which may result in RTL simulation hanging.
WARNING: Hls::stream 'hls::stream<ap_uint<256> >.160' is read while empty, which may result in RTL simulation hanging.
WARNING: Hls::stream 'hls::stream<ap_uint<256> >.160' is read while empty, which may result in RTL simulation hanging.
WARNING: Hls::stream 'hls::stream<ap_uint<256> >.160' is read while empty, which may result in RTL simulation hanging.
WARNING: Hls::stream 'hls::stream<ap_uint<256> >.160' is read while empty, which may result in RTL simulation hanging.
WARNING: Hls::stream 'hls::stream<ap_uint<256> >.160' is read while empty, which may result in RTL simulation hanging.
WARNING: Hls::stream 'hls::stream<ap_uint<256> >.160' is read while empty, which may result in RTL simulation hanging.
WARNING: Hls::stream 'hls::stream<ap_uint<256> >.160' is read while empty, which may result in RTL simulation hanging.
WARNING: Hls::stream 'hls::stream<ap_uint<256> >.160' is read while empty, which may result in RTL simulation hanging.
WARNING: Hls::stream 'hls::stream<ap_uint<256> >.160' is read while empty, which may result in RTL simulation hanging.
WARNING: Hls::stream 'hls::stream<ap_uint<256> >.160' is read while empty, which may result in RTL simulation hanging.
WARNING: Hls::stream 'hls::stream<ap_uint<256> >.160' is read while empty, which may result in RTL simulation hanging.
WARNING: Hls::stream 'hls::stream<ap_uint<256> >.160' is read while empty, which may result in RTL simulation hanging.
WARNING: Hls::stream 'hls::stream<ap_uint<256> >.160' is read while empty, which may result in RTL simulation hanging.
WARNING: Hls::stream 'hls::stream<ap_uint<256> >.160' is read while empty, which may result in RTL simulation hanging.
WARNING: Hls::stream 'hls::stream<ap_uint<256> >.160' is read while empty, which may result in RTL simulation hanging.
WARNING: Hls::stream 'hls::stream<ap_uint<256> >.160' is read while empty, which may result in RTL simulation hanging.
WARNING: Hls::stream 'hls::stream<ap_uint<256> >.160' is read while empty, which may result in RTL simulation hanging.
WARNING: Hls::stream 'hls::stream<ap_uint<256> >.160' is read while empty, which may result in RTL simulation hanging.
WARNING: Hls::stream 'hls::stream<ap_uint<256> >.160' is read while empty, which may result in RTL simulation hanging.
WARNING: Hls::stream 'hls::stream<ap_uint<256> >.160' is read while empty, which may result in RTL simulation hanging.
WARNING: Hls::stream 'hls::stream<ap_uint<256> >.160' is read while empty, which may result in RTL simulation hanging.
WARNING: Hls::stream 'hls::stream<ap_uint<256> >.160' is read while empty, which may result in RTL simulation hanging.
WARNING: Hls::stream 'hls::stream<ap_uint<256> >.160' is read while empty, which may result in RTL simulation hanging.
WARNING: Hls::stream 'hls::stream<ap_uint<256> >.160' is read while empty, which may result in RTL simulation hanging.
WARNING: Hls::stream 'hls::stream<ap_uint<256> >.160' is read while empty, which may result in RTL simulation hanging.
WARNING: Hls::stream 'hls::stream<ap_uint<256> >.160' is read while empty, which may result in RTL simulation hanging.
WARNING: Hls::stream 'hls::stream<ap_uint<256> >.160' is read while empty, which may result in RTL simulation hanging.
WARNING: Hls::stream 'hls::stream<ap_uint<256> >.160' is read while empty, which may result in RTL simulation hanging.
WARNING: Hls::stream 'hls::stream<ap_uint<256> >.160' is read while empty, which may result in RTL simulation hanging.
WARNING: Hls::stream 'hls::stream<ap_uint<256> >.160' is read while empty, which may result in RTL simulation hanging.
WARNING: Hls::stream 'hls::stream<ap_uint<256> >.160' is read while empty, which may result in RTL simulation hanging.
WARNING: Hls::stream 'hls::stream<ap_uint<256> >.160' is read while empty, which may result in RTL simulation hanging.
WARNING: Hls::stream 'hls::stream<ap_uint<256> >.160' is read while empty, which may result in RTL simulation hanging.
WARNING: Hls::stream 'hls::stream<ap_uint<256> >.160' is read while empty, which may result in RTL simulation hanging.
WARNING: Hls::stream 'hls::stream<ap_uint<256> >.160' is read while empty, which may result in RTL simulation hanging.
WARNING: Hls::stream 'hls::stream<ap_uint<256> >.160' is read while empty, which may result in RTL simulation hanging.
WARNING: Hls::stream 'hls::stream<ap_uint<256> >.160' is read while empty, which may result in RTL simulation hanging.
WARNING: Hls::stream 'hls::stream<ap_uint<256> >.160' is read while empty, which may result in RTL simulation hanging.
WARNING: Hls::stream 'hls::stream<ap_uint<256> >.160' is read while empty, which may result in RTL simulation hanging.
WARNING: Hls::stream 'hls::stream<ap_uint<256> >.160' is read while empty, which may result in RTL simulation hanging.
WARNING: Hls::stream 'hls::stream<ap_uint<256> >.160' is read while empty, which may result in RTL simulation hanging.
WARNING: Hls::stream 'hls::stream<ap_uint<256> >.160' is read while empty, which may result in RTL simulation hanging.
WARNING: Hls::stream 'hls::stream<ap_uint<256> >.160' is read while empty, which may result in RTL simulation hanging.
WARNING: Hls::stream 'hls::stream<ap_uint<256> >.160' is read while empty, which may result in RTL simulation hanging.
WARNING: Hls::stream 'hls::stream<ap_uint<256> >.160' is read while empty, which may result in RTL simulation hanging.
WARNING: Hls::stream 'hls::stream<ap_uint<256> >.160' is read while empty, which may result in RTL simulation hanging.
WARNING: Hls::stream 'hls::stream<ap_uint<256> >.160' is read while empty, which may result in RTL simulation hanging.
WARNING: Hls::stream 'hls::stream<ap_uint<256> >.160' is read while empty, which may result in RTL simulation hanging.
WARNING: Hls::stream 'hls::stream<ap_uint<256> >.160' is read while empty, which may result in RTL simulation hanging.
WARNING: Hls::stream 'hls::stream<ap_uint<256> >.160' is read while empty, which may result in RTL simulation hanging.
WARNING: Hls::stream 'hls::stream<ap_uint<256> >.160' is read while empty, which may result in RTL simulation hanging.
WARNING: Hls::stream 'hls::stream<ap_uint<256> >.160' is read while empty, which may result in RTL simulation hanging.
WARNING: Hls::stream 'hls::stream<ap_uint<256> >.160' is read while empty, which may result in RTL simulation hanging.
WARNING: Hls::stream 'hls::stream<ap_uint<256> >.160' is read while empty, which may result in RTL simulation hanging.
WARNING: Hls::stream 'hls::stream<ap_uint<256> >.160' is read while empty, which may result in RTL simulation hanging.
WARNING: Hls::stream 'hls::stream<ap_uint<256> >.160' is read while empty, which may result in RTL simulation hanging.
WARNING: Hls::stream 'hls::stream<ap_uint<256> >.160' is read while empty, which may result in RTL simulation hanging.
WARNING: Hls::stream 'hls::stream<ap_uint<256> >.160' is read while empty, which may result in RTL simulation hanging.
WARNING: Hls::stream 'hls::stream<ap_uint<256> >.160' is read while empty, which may result in RTL simulation hanging.
WARNING: Hls::stream 'hls::stream<ap_uint<256> >.160' is read while empty, which may result in RTL simulation hanging.
WARNING: Hls::stream 'hls::stream<ap_uint<256> >.160' is read while empty, which may result in RTL simulation hanging.
WARNING: Hls::stream 'hls::stream<ap_uint<256> >.160' is read while empty, which may result in RTL simulation hanging.
WARNING: Hls::stream 'hls::stream<ap_uint<256> >.160' is read while empty, which may result in RTL simulation hanging.
WARNING: Hls::stream 'hls::stream<ap_uint<256> >.160' is read while empty, which may result in RTL simulation hanging.
WARNING: Hls::stream 'hls::stream<ap_uint<256> >.160' is read while empty, which may result in RTL simulation hanging.
WARNING: Hls::stream 'hls::stream<ap_uint<256> >.160' is read while empty, which may result in RTL simulation hanging.
WARNING: Hls::stream 'hls::stream<ap_uint<256> >.160' is read while empty, which may result in RTL simulation hanging.
WARNING: Hls::stream 'hls::stream<ap_uint<256> >.160' is read while empty, which may result in RTL simulation hanging.
WARNING: Hls::stream 'hls::stream<ap_uint<256> >.160' is read while empty, which may result in RTL simulation hanging.
WARNING: Hls::stream 'hls::stream<ap_uint<256> >.160' is read while empty, which may result in RTL simulation hanging.
WARNING: Hls::stream 'hls::stream<ap_uint<256> >.160' is read while empty, which may result in RTL simulation hanging.
WARNING: Hls::stream 'hls::stream<ap_uint<256> >.160' is read while empty, which may result in RTL simulation hanging.
WARNING: Hls::stream 'hls::stream<ap_uint<256> >.160' is read while empty, which may result in RTL simulation hanging.
WARNING: Hls::stream 'hls::stream<ap_uint<256> >.160' is read while empty, which may result in RTL simulation hanging.
WARNING: Hls::stream 'hls::stream<ap_uint<256> >.160' is read while empty, which may result in RTL simulation hanging.
WARNING: Hls::stream 'hls::stream<ap_uint<256> >.160' is read while empty, which may result in RTL simulation hanging.
WARNING: Hls::stream 'hls::stream<ap_uint<256> >.160' is read while empty, which may result in RTL simulation hanging.
WARNING: Hls::stream 'hls::stream<ap_uint<256> >.160' is read while empty, which may result in RTL simulation hanging.
WARNING: Hls::stream 'hls::stream<ap_uint<256> >.160' is read while empty, which may result in RTL simulation hanging.
WARNING: Hls::stream 'hls::stream<ap_uint<256> >.160' is read while empty, which may result in RTL simulation hanging.
WARNING: Hls::stream 'hls::stream<ap_uint<256> >.160' is read while empty, which may result in RTL simulation hanging.
WARNING: Hls::stream 'hls::stream<ap_uint<256> >.160' is read while empty, which may result in RTL simulation hanging.
WARNING: Hls::stream 'hls::stream<ap_uint<256> >.160' is read while empty, which may result in RTL simulation hanging.
WARNING: Hls::stream 'hls::stream<ap_uint<256> >.160' is read while empty, which may result in RTL simulation hanging.
WARNING: Hls::stream 'hls::stream<ap_uint<256> >.160' is read while empty, which may result in RTL simulation hanging.
WARNING: Hls::stream 'hls::stream<ap_uint<256> >.160' is read while empty, which may result in RTL simulation hanging.
WARNING: Hls::stream 'hls::stream<ap_uint<256> >.160' is read while empty, which may result in RTL simulation hanging.
WARNING: Hls::stream 'hls::stream<ap_uint<256> >.160' is read while empty, which may result in RTL simulation hanging.
WARNING: Hls::stream 'hls::stream<ap_uint<256> >.160' is read while empty, which may result in RTL simulation hanging.
WARNING: Hls::stream 'hls::stream<ap_uint<256> >.160' is read while empty, which may result in RTL simulation hanging.
WARNING: Hls::stream 'hls::stream<ap_uint<256> >.160' is read while empty, which may result in RTL simulation hanging.
WARNING: Hls::stream 'hls::stream<ap_uint<256> >.160' is read while empty, which may result in RTL simulation hanging.
WARNING: Hls::stream 'hls::stream<ap_uint<256> >.160' is read while empty, which may result in RTL simulation hanging.
WARNING: Hls::stream 'hls::stream<ap_uint<256> >.160' is read while empty, which may result in RTL simulation hanging.
WARNING: Hls::stream 'hls::stream<ap_uint<256> >.160' is read while empty, which may result in RTL simulation hanging.
WARNING: Hls::stream 'hls::stream<ap_uint<256> >.160' is read while empty, which may result in RTL simulation hanging.
WARNING: Hls::stream 'hls::stream<ap_uint<256> >.160' is read while empty, which may result in RTL simulation hanging.
WARNING: Hls::stream 'hls::stream<ap_uint<256> >.160' is read while empty, which may result in RTL simulation hanging.
WARNING: Hls::stream 'hls::stream<ap_uint<256> >.160' is read while empty, which may result in RTL simulation hanging.
WARNING: Hls::stream 'hls::stream<ap_uint<256> >.160' is read while empty, which may result in RTL simulation hanging.
WARNING: Hls::stream 'hls::stream<ap_uint<256> >.160' is read while empty, which may result in RTL simulation hanging.
WARNING: Hls::stream 'hls::stream<ap_uint<256> >.160' is read while empty, which may result in RTL simulation hanging.
WARNING: Hls::stream 'hls::stream<ap_uint<256> >.160' is read while empty, which may result in RTL simulation hanging.
WARNING: Hls::stream 'hls::stream<ap_uint<256> >.160' is read while empty, which may result in RTL simulation hanging.
WARNING: Hls::stream 'hls::stream<ap_uint<256> >.160' is read while empty, which may result in RTL simulation hanging.
WARNING: Hls::stream 'hls::stream<ap_uint<256> >.160' is read while empty, which may result in RTL simulation hanging.
WARNING: Hls::stream 'hls::stream<ap_uint<256> >.160' is read while empty, which may result in RTL simulation hanging.
WARNING: Hls::stream 'hls::stream<ap_uint<256> >.160' is read while empty, which may result in RTL simulation hanging.
WARNING: Hls::stream 'hls::stream<ap_uint<256> >.160' is read while empty, which may result in RTL simulation hanging.
WARNING: Hls::stream 'hls::stream<ap_uint<256> >.160' is read while empty, which may result in RTL simulation hanging.
WARNING: Hls::stream 'hls::stream<ap_uint<256> >.160' is read while empty, which may result in RTL simulation hanging.
WARNING: Hls::stream 'hls::stream<ap_uint<256> >.160' is read while empty, which may result in RTL simulation hanging.
WARNING: Hls::stream 'hls::stream<ap_uint<256> >.160' is read while empty, which may result in RTL simulation hanging.
WARNING: Hls::stream 'hls::stream<ap_uint<256> >.160' is read while empty, which may result in RTL simulation hanging.
WARNING: Hls::stream 'hls::stream<ap_uint<256> >.160' is read while empty, which may result in RTL simulation hanging.
WARNING: Hls::stream 'hls::stream<ap_uint<256> >.160' is read while empty, which may result in RTL simulation hanging.
WARNING: Hls::stream 'hls::stream<ap_uint<256> >.160' is read while empty, which may result in RTL simulation hanging.
WARNING: Hls::stream 'hls::stream<ap_uint<256> >.160' is read while empty, which may result in RTL simulation hanging.
WARNING: Hls::stream 'hls::stream<ap_uint<256> >.160' is read while empty, which may result in RTL simulation hanging.
WARNING: Hls::stream 'hls::stream<ap_uint<256> >.160' is read while empty, which may result in RTL simulation hanging.
WARNING: Hls::stream 'hls::stream<ap_uint<256> >.160' is read while empty, which may result in RTL simulation hanging.
WARNING: Hls::stream 'hls::stream<ap_uint<256> >.160' is read while empty, which may result in RTL simulation hanging.
WARNING: Hls::stream 'hls::stream<ap_uint<256> >.160' is read while empty, which may result in RTL simulation hanging.
WARNING: Hls::stream 'hls::stream<ap_uint<256> >.160' is read while empty, which may result in RTL simulation hanging.
WARNING: Hls::stream 'hls::stream<ap_uint<256> >.160' is read while empty, which may result in RTL simulation hanging.
WARNING: Hls::stream 'hls::stream<ap_uint<256> >.160' is read while empty, which may result in RTL simulation hanging.
WARNING: Hls::stream 'hls::stream<ap_uint<256> >.160' is read while empty, which may result in RTL simulation hanging.
WARNING: Hls::stream 'hls::stream<ap_uint<256> >.160' is read while empty, which may result in RTL simulation hanging.
WARNING: Hls::stream 'hls::stream<ap_uint<256> >.160' is read while empty, which may result in RTL simulation hanging.
WARNING: Hls::stream 'hls::stream<ap_uint<256> >.160' is read while empty, which may result in RTL simulation hanging.
WARNING: Hls::stream 'hls::stream<ap_uint<256> >.160' is read while empty, which may result in RTL simulation hanging.
WARNING: Hls::stream 'hls::stream<ap_uint<256> >.160' is read while empty, which may result in RTL simulation hanging.
WARNING: Hls::stream 'hls::stream<ap_uint<256> >.160' is read while empty, which may result in RTL simulation hanging.
WARNING: Hls::stream 'hls::stream<ap_uint<256> >.160' is read while empty, which may result in RTL simulation hanging.
WARNING: Hls::stream 'hls::stream<ap_uint<256> >.160' is read while empty, which may result in RTL simulation hanging.
WARNING: Hls::stream 'hls::stream<ap_uint<256> >.160' is read while empty, which may result in RTL simulation hanging.
WARNING: Hls::stream 'hls::stream<ap_uint<256> >.160' is read while empty, which may result in RTL simulation hanging.
WARNING: Hls::stream 'hls::stream<ap_uint<256> >.160' is read while empty, which may result in RTL simulation hanging.
WARNING: Hls::stream 'hls::stream<ap_uint<256> >.160' is read while empty, which may result in RTL simulation hanging.
WARNING: Hls::stream 'hls::stream<ap_uint<256> >.160' is read while empty, which may result in RTL simulation hanging.
WARNING: Hls::stream 'hls::stream<ap_uint<256> >.160' is read while empty, which may result in RTL simulation hanging.
WARNING: Hls::stream 'hls::stream<ap_uint<256> >.160' is read while empty, which may result in RTL simulation hanging.
WARNING: Hls::stream 'hls::stream<ap_uint<256> >.160' is read while empty, which may result in RTL simulation hanging.
WARNING: Hls::stream 'hls::stream<ap_uint<256> >.160' is read while empty, which may result in RTL simulation hanging.
WARNING: Hls::stream 'hls::stream<ap_uint<256> >.160' is read while empty, which may result in RTL simulation hanging.
WARNING: Hls::stream 'hls::stream<ap_uint<256> >.160' is read while empty, which may result in RTL simulation hanging.
WARNING: Hls::stream 'hls::stream<ap_uint<256> >.160' is read while empty, which may result in RTL simulation hanging.
WARNING: Hls::stream 'hls::stream<ap_uint<256> >.160' is read while empty, which may result in RTL simulation hanging.
WARNING: Hls::stream 'hls::stream<ap_uint<256> >.160' is read while empty, which may result in RTL simulation hanging.
WARNING: Hls::stream 'hls::stream<ap_uint<256> >.160' is read while empty, which may result in RTL simulation hanging.
WARNING: Hls::stream 'hls::stream<ap_uint<256> >.160' is read while empty, which may result in RTL simulation hanging.
WARNING: Hls::stream 'hls::stream<ap_uint<256> >.160' is read while empty, which may result in RTL simulation hanging.
WARNING: Hls::stream 'hls::stream<ap_uint<256> >.160' is read while empty, which may result in RTL simulation hanging.
WARNING: Hls::stream 'hls::stream<ap_uint<256> >.160' is read while empty, which may result in RTL simulation hanging.
WARNING: Hls::stream 'hls::stream<ap_uint<256> >.160' is read while empty, which may result in RTL simulation hanging.
WARNING: Hls::stream 'hls::stream<ap_uint<256> >.160' is read while empty, which may result in RTL simulation hanging.
WARNING: Hls::stream 'hls::stream<ap_uint<256> >.160' is read while empty, which may result in RTL simulation hanging.
WARNING: Hls::stream 'hls::stream<ap_uint<256> >.160' is read while empty, which may result in RTL simulation hanging.
WARNING: Hls::stream 'hls::stream<ap_uint<256> >.160' is read while empty, which may result in RTL simulation hanging.
WARNING: Hls::stream 'hls::stream<ap_uint<256> >.160' is read while empty, which may result in RTL simulation hanging.
WARNING: Hls::stream 'hls::stream<ap_uint<256> >.160' is read while empty, which may result in RTL simulation hanging.
WARNING: Hls::stream 'hls::stream<ap_uint<256> >.160' is read while empty, which may result in RTL simulation hanging.
WARNING: Hls::stream 'hls::stream<ap_uint<256> >.160' is read while empty, which may result in RTL simulation hanging.
WARNING: Hls::stream 'hls::stream<ap_uint<256> >.160' is read while empty, which may result in RTL simulation hanging.
WARNING: Hls::stream 'hls::stream<ap_uint<256> >.160' is read while empty, which may result in RTL simulation hanging.
WARNING: Hls::stream 'hls::stream<ap_uint<256> >.160' is read while empty, which may result in RTL simulation hanging.
WARNING: Hls::stream 'hls::stream<ap_uint<256> >.160' is read while empty, which may result in RTL simulation hanging.
WARNING: Hls::stream 'hls::stream<ap_uint<256> >.160' is read while empty, which may result in RTL simulation hanging.
WARNING: Hls::stream 'hls::stream<ap_uint<256> >.160' is read while empty, which may result in RTL simulation hanging.
WARNING: Hls::stream 'hls::stream<ap_uint<256> >.160' is read while empty, which may result in RTL simulation hanging.
WARNING: Hls::stream 'hls::stream<ap_uint<256> >.160' is read while empty, which may result in RTL simulation hanging.
WARNING: Hls::stream 'hls::stream<ap_uint<256> >.160' is read while empty, which may result in RTL simulation hanging.
WARNING: Hls::stream 'hls::stream<ap_uint<256> >.160' is read while empty, which may result in RTL simulation hanging.
WARNING: Hls::stream 'hls::stream<ap_uint<256> >.160' is read while empty, which may result in RTL simulation hanging.
WARNING: Hls::stream 'hls::stream<ap_uint<256> >.160' is read while empty, which may result in RTL simulation hanging.
WARNING: Hls::stream 'hls::stream<ap_uint<256> >.160' is read while empty, which may result in RTL simulation hanging.
WARNING: Hls::stream 'hls::stream<ap_uint<256> >.160' is read while empty, which may result in RTL simulation hanging.
WARNING: Hls::stream 'hls::stream<ap_uint<256> >.160' is read while empty, which may result in RTL simulation hanging.
WARNING: Hls::stream 'hls::stream<ap_uint<256> >.160' is read while empty, which may result in RTL simulation hanging.
WARNING: Hls::stream 'hls::stream<ap_uint<256> >.160' is read while empty, which may result in RTL simulation hanging.
WARNING: Hls::stream 'hls::stream<ap_uint<256> >.160' is read while empty, which may result in RTL simulation hanging.
WARNING: Hls::stream 'hls::stream<ap_uint<256> >.160' is read while empty, which may result in RTL simulation hanging.
WARNING: Hls::stream 'hls::stream<ap_uint<256> >.160' is read while empty, which may result in RTL simulation hanging.
WARNING: Hls::stream 'hls::stream<ap_uint<256> >.160' is read while empty, which may result in RTL simulation hanging.
WARNING: Hls::stream 'hls::stream<ap_uint<256> >.160' is read while empty, which may result in RTL simulation hanging.
WARNING: Hls::stream 'hls::stream<ap_uint<256> >.160' is read while empty, which may result in RTL simulation hanging.
WARNING: Hls::stream 'hls::stream<ap_uint<256> >.160' is read while empty, which may result in RTL simulation hanging.
WARNING: Hls::stream 'hls::stream<ap_uint<256> >.160' is read while empty, which may result in RTL simulation hanging.
WARNING: Hls::stream 'hls::stream<ap_uint<256> >.160' is read while empty, which may result in RTL simulation hanging.
WARNING: Hls::stream 'hls::stream<ap_uint<256> >.160' is read while empty, which may result in RTL simulation hanging.
WARNING: Hls::stream 'hls::stream<ap_uint<256> >.160' is read while empty, which may result in RTL simulation hanging.
WARNING: Hls::stream 'hls::stream<ap_uint<256> >.160' is read while empty, which may result in RTL simulation hanging.
WARNING: Hls::stream 'hls::stream<ap_uint<256> >.160' is read while empty, which may result in RTL simulation hanging.
WARNING: Hls::stream 'hls::stream<ap_uint<256> >.160' is read while empty, which may result in RTL simulation hanging.
WARNING: Hls::stream 'hls::stream<ap_uint<256> >.160' is read while empty, which may result in RTL simulation hanging.
WARNING: Hls::stream 'hls::stream<ap_uint<256> >.160' is read while empty, which may result in RTL simulation hanging.
WARNING: Hls::stream 'hls::stream<ap_uint<256> >.160' is read while empty, which may result in RTL simulation hanging.
WARNING: Hls::stream 'hls::stream<ap_uint<256> >.160' is read while empty, which may result in RTL simulation hanging.
WARNING: Hls::stream 'hls::stream<ap_uint<256> >.160' is read while empty, which may result in RTL simulation hanging.
WARNING: Hls::stream 'hls::stream<ap_uint<256> >.160' is read while empty, which may result in RTL simulation hanging.
WARNING: Hls::stream 'hls::stream<ap_uint<256> >.160' is read while empty, which may result in RTL simulation hanging.
WARNING: Hls::stream 'hls::stream<ap_uint<256> >.160' is read while empty, which may result in RTL simulation hanging.
WARNING: Hls::stream 'hls::stream<ap_uint<256> >.160' is read while empty, which may result in RTL simulation hanging.
WARNING: Hls::stream 'hls::stream<ap_uint<256> >.160' is read while empty, which may result in RTL simulation hanging.
WARNING: Hls::stream 'hls::stream<ap_uint<256> >.160' is read while empty, which may result in RTL simulation hanging.
WARNING: Hls::stream 'hls::stream<ap_uint<256> >.160' is read while empty, which may result in RTL simulation hanging.
WARNING: Hls::stream 'hls::stream<ap_uint<256> >.160' is read while empty, which may result in RTL simulation hanging.
WARNING: Hls::stream 'hls::stream<ap_uint<256> >.160' is read while empty, which may result in RTL simulation hanging.
WARNING: Hls::stream 'hls::stream<ap_uint<256> >.160' is read while empty, which may result in RTL simulation hanging.
WARNING: Hls::stream 'hls::stream<ap_uint<256> >.160' is read while empty, which may result in RTL simulation hanging.
WARNING: Hls::stream 'hls::stream<ap_uint<256> >.160' is read while empty, which may result in RTL simulation hanging.
WARNING: Hls::stream 'hls::stream<ap_uint<256> >.160' is read while empty, which may result in RTL simulation hanging.
WARNING: Hls::stream 'hls::stream<ap_uint<256> >.160' is read while empty, which may result in RTL simulation hanging.
WARNING: Hls::stream 'hls::stream<ap_uint<256> >.160' is read while empty, which may result in RTL simulation hanging.
WARNING: Hls::stream 'hls::stream<ap_uint<256> >.160' is read while empty, which may result in RTL simulation hanging.
WARNING: Hls::stream 'hls::stream<ap_uint<256> >.160' is read while empty, which may result in RTL simulation hanging.
WARNING: Hls::stream 'hls::stream<ap_uint<256> >.160' is read while empty, which may result in RTL simulation hanging.
WARNING: Hls::stream 'hls::stream<ap_uint<256> >.160' is read while empty, which may result in RTL simulation hanging.
WARNING: Hls::stream 'hls::stream<ap_uint<256> >.160' is read while empty, which may result in RTL simulation hanging.
WARNING: Hls::stream 'hls::stream<ap_uint<256> >.160' is read while empty, which may result in RTL simulation hanging.
WARNING: Hls::stream 'hls::stream<ap_uint<256> >.160' is read while empty, which may result in RTL simulation hanging.
WARNING: Hls::stream 'hls::stream<ap_uint<256> >.160' is read while empty, which may result in RTL simulation hanging.
WARNING: Hls::stream 'hls::stream<ap_uint<256> >.160' is read while empty, which may result in RTL simulation hanging.
WARNING: Hls::stream 'hls::stream<ap_uint<256> >.160' is read while empty, which may result in RTL simulation hanging.
WARNING: Hls::stream 'hls::stream<ap_uint<256> >.160' is read while empty, which may result in RTL simulation hanging.
WARNING: Hls::stream 'hls::stream<ap_uint<256> >.160' is read while empty, which may result in RTL simulation hanging.
WARNING: Hls::stream 'hls::stream<ap_uint<256> >.160' is read while empty, which may result in RTL simulation hanging.
WARNING: Hls::stream 'hls::stream<ap_uint<256> >.160' is read while empty, which may result in RTL simulation hanging.
WARNING: Hls::stream 'hls::stream<ap_uint<256> >.160' is read while empty, which may result in RTL simulation hanging.
WARNING: Hls::stream 'hls::stream<ap_uint<256> >.160' is read while empty, which may result in RTL simulation hanging.
WARNING: Hls::stream 'hls::stream<ap_uint<256> >.160' is read while empty, which may result in RTL simulation hanging.
WARNING: Hls::stream 'hls::stream<ap_uint<256> >.160' is read while empty, which may result in RTL simulation hanging.
WARNING: Hls::stream 'hls::stream<ap_uint<256> >.160' is read while empty, which may result in RTL simulation hanging.
WARNING: Hls::stream 'hls::stream<ap_uint<256> >.160' is read while empty, which may result in RTL simulation hanging.
WARNING: Hls::stream 'hls::stream<ap_uint<256> >.160' is read while empty, which may result in RTL simulation hanging.
WARNING: Hls::stream 'hls::stream<ap_uint<256> >.160' is read while empty, which may result in RTL simulation hanging.
WARNING: Hls::stream 'hls::stream<ap_uint<256> >.160' is read while empty, which may result in RTL simulation hanging.
WARNING: Hls::stream 'hls::stream<ap_uint<256> >.160' is read while empty, which may result in RTL simulation hanging.
WARNING: Hls::stream 'hls::stream<ap_uint<256> >.160' is read while empty, which may result in RTL simulation hanging.
WARNING: Hls::stream 'hls::stream<ap_uint<256> >.160' is read while empty, which may result in RTL simulation hanging.
WARNING: Hls::stream 'hls::stream<ap_uint<256> >.160' is read while empty, which may result in RTL simulation hanging.
WARNING: Hls::stream 'hls::stream<ap_uint<256> >.160' is read while empty, which may result in RTL simulation hanging.
WARNING: Hls::stream 'hls::stream<ap_uint<256> >.160' is read while empty, which may result in RTL simulation hanging.
WARNING: Hls::stream 'hls::stream<ap_uint<256> >.160' is read while empty, which may result in RTL simulation hanging.
WARNING: Hls::stream 'hls::stream<ap_uint<256> >.160' is read while empty, which may result in RTL simulation hanging.
WARNING: Hls::stream 'hls::stream<ap_uint<256> >.160' is read while empty, which may result in RTL simulation hanging.
WARNING: Hls::stream 'hls::stream<ap_uint<256> >.160' is read while empty, which may result in RTL simulation hanging.
WARNING: Hls::stream 'hls::stream<ap_uint<256> >.160' is read while empty, which may result in RTL simulation hanging.
WARNING: Hls::stream 'hls::stream<ap_uint<256> >.160' is read while empty, which may result in RTL simulation hanging.
WARNING: Hls::stream 'hls::stream<ap_uint<256> >.160' is read while empty, which may result in RTL simulation hanging.
WARNING: Hls::stream 'hls::stream<ap_uint<256> >.160' is read while empty, which may result in RTL simulation hanging.
WARNING: Hls::stream 'hls::stream<ap_uint<256> >.160' is read while empty, which may result in RTL simulation hanging.
WARNING: Hls::stream 'hls::stream<ap_uint<256> >.160' is read while empty, which may result in RTL simulation hanging.
WARNING: Hls::stream 'hls::stream<ap_uint<256> >.160' is read while empty, which may result in RTL simulation hanging.
WARNING: Hls::stream 'hls::stream<ap_uint<256> >.160' is read while empty, which may result in RTL simulation hanging.
WARNING: Hls::stream 'hls::stream<ap_uint<256> >.160' is read while empty, which may result in RTL simulation hanging.
WARNING: Hls::stream 'hls::stream<ap_uint<256> >.160' is read while empty, which may result in RTL simulation hanging.
WARNING: Hls::stream 'hls::stream<ap_uint<256> >.160' is read while empty, which may result in RTL simulation hanging.
WARNING: Hls::stream 'hls::stream<ap_uint<256> >.160' is read while empty, which may result in RTL simulation hanging.
WARNING: Hls::stream 'hls::stream<ap_uint<256> >.160' is read while empty, which may result in RTL simulation hanging.
WARNING: Hls::stream 'hls::stream<ap_uint<256> >.160' is read while empty, which may result in RTL simulation hanging.
WARNING: Hls::stream 'hls::stream<ap_uint<256> >.160' is read while empty, which may result in RTL simulation hanging.
WARNING: Hls::stream 'hls::stream<ap_uint<256> >.160' is read while empty, which may result in RTL simulation hanging.
WARNING: Hls::stream 'hls::stream<ap_uint<256> >.160' is read while empty, which may result in RTL simulation hanging.
WARNING: Hls::stream 'hls::stream<ap_uint<256> >.160' is read while empty, which may result in RTL simulation hanging.
WARNING: Hls::stream 'hls::stream<ap_uint<256> >.160' is read while empty, which may result in RTL simulation hanging.
WARNING: Hls::stream 'hls::stream<ap_uint<256> >.160' is read while empty, which may result in RTL simulation hanging.
WARNING: Hls::stream 'hls::stream<ap_uint<256> >.160' is read while empty, which may result in RTL simulation hanging.
WARNING: Hls::stream 'hls::stream<ap_uint<256> >.160' is read while empty, which may result in RTL simulation hanging.
WARNING: Hls::stream 'hls::stream<ap_uint<256> >.160' is read while empty, which may result in RTL simulation hanging.
WARNING: Hls::stream 'hls::stream<ap_uint<256> >.160' is read while empty, which may result in RTL simulation hanging.
WARNING: Hls::stream 'hls::stream<ap_uint<256> >.160' is read while empty, which may result in RTL simulation hanging.
WARNING: Hls::stream 'hls::stream<ap_uint<256> >.160' is read while empty, which may result in RTL simulation hanging.
WARNING: Hls::stream 'hls::stream<ap_uint<256> >.160' is read while empty, which may result in RTL simulation hanging.
WARNING: Hls::stream 'hls::stream<ap_uint<256> >.160' is read while empty, which may result in RTL simulation hanging.
WARNING: Hls::stream 'hls::stream<ap_uint<256> >.160' is read while empty, which may result in RTL simulation hanging.
WARNING: Hls::stream 'hls::stream<ap_uint<256> >.160' is read while empty, which may result in RTL simulation hanging.
WARNING: Hls::stream 'hls::stream<ap_uint<256> >.160' is read while empty, which may result in RTL simulation hanging.
WARNING: Hls::stream 'hls::stream<ap_uint<256> >.160' is read while empty, which may result in RTL simulation hanging.
WARNING: Hls::stream 'hls::stream<ap_uint<256> >.160' is read while empty, which may result in RTL simulation hanging.
WARNING: Hls::stream 'hls::stream<ap_uint<256> >.160' is read while empty, which may result in RTL simulation hanging.
WARNING: Hls::stream 'hls::stream<ap_uint<256> >.160' is read while empty, which may result in RTL simulation hanging.
WARNING: Hls::stream 'hls::stream<ap_uint<256> >.160' is read while empty, which may result in RTL simulation hanging.
WARNING: Hls::stream 'hls::stream<ap_uint<256> >.160' is read while empty, which may result in RTL simulation hanging.
WARNING: Hls::stream 'hls::stream<ap_uint<256> >.160' is read while empty, which may result in RTL simulation hanging.
WARNING: Hls::stream 'hls::stream<ap_uint<256> >.160' is read while empty, which may result in RTL simulation hanging.
WARNING: Hls::stream 'hls::stream<ap_uint<256> >.160' is read while empty, which may result in RTL simulation hanging.
WARNING: Hls::stream 'hls::stream<ap_uint<256> >.160' is read while empty, which may result in RTL simulation hanging.
WARNING: Hls::stream 'hls::stream<ap_uint<256> >.160' is read while empty, which may result in RTL simulation hanging.
WARNING: Hls::stream 'hls::stream<ap_uint<256> >.160' is read while empty, which may result in RTL simulation hanging.
WARNING: Hls::stream 'hls::stream<ap_uint<256> >.160' is read while empty, which may result in RTL simulation hanging.
WARNING: Hls::stream 'hls::stream<ap_uint<256> >.160' is read while empty, which may result in RTL simulation hanging.
WARNING: Hls::stream 'hls::stream<ap_uint<256> >.160' is read while empty, which may result in RTL simulation hanging.
WARNING: Hls::stream 'hls::stream<ap_uint<256> >.160' is read while empty, which may result in RTL simulation hanging.
WARNING: Hls::stream 'hls::stream<ap_uint<256> >.160' is read while empty, which may result in RTL simulation hanging.
WARNING: Hls::stream 'hls::stream<ap_uint<256> >.160' is read while empty, which may result in RTL simulation hanging.
WARNING: Hls::stream 'hls::stream<ap_uint<256> >.160' is read while empty, which may result in RTL simulation hanging.
WARNING: Hls::stream 'hls::stream<ap_uint<256> >.160' is read while empty, which may result in RTL simulation hanging.
WARNING: Hls::stream 'hls::stream<ap_uint<256> >.160' is read while empty, which may result in RTL simulation hanging.
WARNING: Hls::stream 'hls::stream<ap_uint<256> >.160' is read while empty, which may result in RTL simulation hanging.
WARNING: Hls::stream 'hls::stream<ap_uint<256> >.160' is read while empty, which may result in RTL simulation hanging.
WARNING: Hls::stream 'hls::stream<ap_uint<256> >.160' is read while empty, which may result in RTL simulation hanging.
WARNING: Hls::stream 'hls::stream<ap_uint<256> >.160' is read while empty, which may result in RTL simulation hanging.
WARNING: Hls::stream 'hls::stream<ap_uint<256> >.160' is read while empty, which may result in RTL simulation hanging.
WARNING: Hls::stream 'hls::stream<ap_uint<256> >.160' is read while empty, which may result in RTL simulation hanging.
WARNING: Hls::stream 'hls::stream<ap_uint<256> >.160' is read while empty, which may result in RTL simulation hanging.
WARNING: Hls::stream 'hls::stream<ap_uint<256> >.160' is read while empty, which may result in RTL simulation hanging.
WARNING: Hls::stream 'hls::stream<ap_uint<256> >.160' is read while empty, which may result in RTL simulation hanging.
WARNING: Hls::stream 'hls::stream<ap_uint<256> >.160' is read while empty, which may result in RTL simulation hanging.
WARNING: Hls::stream 'hls::stream<ap_uint<256> >.160' is read while empty, which may result in RTL simulation hanging.
WARNING: Hls::stream 'hls::stream<ap_uint<256> >.160' is read while empty, which may result in RTL simulation hanging.
WARNING: Hls::stream 'hls::stream<ap_uint<256> >.160' is read while empty, which may result in RTL simulation hanging.
WARNING: Hls::stream 'hls::stream<ap_uint<256> >.160' is read while empty, which may result in RTL simulation hanging.
WARNING: Hls::stream 'hls::stream<ap_uint<256> >.160' is read while empty, which may result in RTL simulation hanging.
WARNING: Hls::stream 'hls::stream<ap_uint<256> >.160' is read while empty, which may result in RTL simulation hanging.
WARNING: Hls::stream 'hls::stream<ap_uint<256> >.160' is read while empty, which may result in RTL simulation hanging.
WARNING: Hls::stream 'hls::stream<ap_uint<256> >.160' is read while empty, which may result in RTL simulation hanging.
WARNING: Hls::stream 'hls::stream<ap_uint<256> >.160' is read while empty, which may result in RTL simulation hanging.
WARNING: Hls::stream 'hls::stream<ap_uint<256> >.160' is read while empty, which may result in RTL simulation hanging.
WARNING: Hls::stream 'hls::stream<ap_uint<256> >.160' is read while empty, which may result in RTL simulation hanging.
WARNING: Hls::stream 'hls::stream<ap_uint<256> >.160' is read while empty, which may result in RTL simulation hanging.
WARNING: Hls::stream 'hls::stream<ap_uint<256> >.160' is read while empty, which may result in RTL simulation hanging.
WARNING: Hls::stream 'hls::stream<ap_uint<256> >.160' is read while empty, which may result in RTL simulation hanging.
WARNING: Hls::stream 'hls::stream<ap_uint<256> >.160' is read while empty, which may result in RTL simulation hanging.
WARNING: Hls::stream 'hls::stream<ap_uint<256> >.160' is read while empty, which may result in RTL simulation hanging.
WARNING: Hls::stream 'hls::stream<ap_uint<256> >.160' is read while empty, which may result in RTL simulation hanging.
WARNING: Hls::stream 'hls::stream<ap_uint<256> >.160' is read while empty, which may result in RTL simulation hanging.
WARNING: Hls::stream 'hls::stream<ap_uint<256> >.160' is read while empty, which may result in RTL simulation hanging.
WARNING: Hls::stream 'hls::stream<ap_uint<256> >.160' is read while empty, which may result in RTL simulation hanging.
WARNING: Hls::stream 'hls::stream<ap_uint<256> >.160' is read while empty, which may result in RTL simulation hanging.
WARNING: Hls::stream 'hls::stream<ap_uint<256> >.160' is read while empty, which may result in RTL simulation hanging.
WARNING: Hls::stream 'hls::stream<ap_uint<256> >.160' is read while empty, which may result in RTL simulation hanging.
WARNING: Hls::stream 'hls::stream<ap_uint<256> >.160' is read while empty, which may result in RTL simulation hanging.
WARNING: Hls::stream 'hls::stream<ap_uint<256> >.160' is read while empty, which may result in RTL simulation hanging.
WARNING: Hls::stream 'hls::stream<ap_uint<256> >.160' is read while empty, which may result in RTL simulation hanging.
WARNING: Hls::stream 'hls::stream<ap_uint<256> >.160' is read while empty, which may result in RTL simulation hanging.
WARNING: Hls::stream 'hls::stream<ap_uint<256> >.160' is read while empty, which may result in RTL simulation hanging.
WARNING: Hls::stream 'hls::stream<ap_uint<256> >.160' is read while empty, which may result in RTL simulation hanging.
WARNING: Hls::stream 'hls::stream<ap_uint<256> >.160' is read while empty, which may result in RTL simulation hanging.
WARNING: Hls::stream 'hls::stream<ap_uint<256> >.160' is read while empty, which may result in RTL simulation hanging.
WARNING: Hls::stream 'hls::stream<ap_uint<256> >.160' is read while empty, which may result in RTL simulation hanging.
WARNING: Hls::stream 'hls::stream<ap_uint<256> >.160' is read while empty, which may result in RTL simulation hanging.
WARNING: Hls::stream 'hls::stream<ap_uint<256> >.160' is read while empty, which may result in RTL simulation hanging.
WARNING: Hls::stream 'hls::stream<ap_uint<256> >.160' is read while empty, which may result in RTL simulation hanging.
WARNING: Hls::stream 'hls::stream<ap_uint<256> >.160' is read while empty, which may result in RTL simulation hanging.
WARNING: Hls::stream 'hls::stream<ap_uint<256> >.160' is read while empty, which may result in RTL simulation hanging.
WARNING: Hls::stream 'hls::stream<ap_uint<256> >.160' is read while empty, which may result in RTL simulation hanging.
WARNING: Hls::stream 'hls::stream<ap_uint<256> >.160' is read while empty, which may result in RTL simulation hanging.
WARNING: Hls::stream 'hls::stream<ap_uint<256> >.160' is read while empty, which may result in RTL simulation hanging.
WARNING: Hls::stream 'hls::stream<ap_uint<256> >.160' is read while empty, which may result in RTL simulation hanging.
WARNING: Hls::stream 'hls::stream<ap_uint<256> >.160' is read while empty, which may result in RTL simulation hanging.
WARNING: Hls::stream 'hls::stream<ap_uint<256> >.160' is read while empty, which may result in RTL simulation hanging.
WARNING: Hls::stream 'hls::stream<ap_uint<256> >.160' is read while empty, which may result in RTL simulation hanging.
WARNING: Hls::stream 'hls::stream<ap_uint<256> >.160' is read while empty, which may result in RTL simulation hanging.
WARNING: Hls::stream 'hls::stream<ap_uint<256> >.160' is read while empty, which may result in RTL simulation hanging.
WARNING: Hls::stream 'hls::stream<ap_uint<256> >.160' is read while empty, which may result in RTL simulation hanging.
WARNING: Hls::stream 'hls::stream<ap_uint<256> >.160' is read while empty, which may result in RTL simulation hanging.
WARNING: Hls::stream 'hls::stream<ap_uint<256> >.160' is read while empty, which may result in RTL simulation hanging.
WARNING: Hls::stream 'hls::stream<ap_uint<256> >.160' is read while empty, which may result in RTL simulation hanging.
WARNING: Hls::stream 'hls::stream<ap_uint<256> >.160' is read while empty, which may result in RTL simulation hanging.
WARNING: Hls::stream 'hls::stream<ap_uint<256> >.160' is read while empty, which may result in RTL simulation hanging.
WARNING: Hls::stream 'hls::stream<ap_uint<256> >.160' is read while empty, which may result in RTL simulation hanging.
WARNING: Hls::stream 'hls::stream<ap_uint<256> >.160' is read while empty, which may result in RTL simulation hanging.
