

================================================================
== Vivado HLS Report for 'conv_core'
================================================================
* Date:           Sat Nov  7 02:44:39 2020

* Version:        2018.3 (Build 2405991 on Thu Dec 06 23:56:15 MST 2018)
* Project:        pose_prj
* Solution:       solution1
* Product family: virtex7
* Target device:  xc7vx690tffg1761-2


================================================================
== Performance Estimates
================================================================
+ Timing (ns): 
    * Summary: 
    +--------+-------+----------+------------+
    |  Clock | Target| Estimated| Uncertainty|
    +--------+-------+----------+------------+
    |ap_clk  |   3.00|     2.940|        0.38|
    +--------+-------+----------+------------+

+ Latency (clock cycles): 
    * Summary: 
    +-----+-----+-----+-----+---------+
    |  Latency  |  Interval | Pipeline|
    | min | max | min | max |   Type  |
    +-----+-----+-----+-----+---------+
    |    ?|    ?|    ?|    ?|   none  |
    +-----+-----+-----+-----+---------+

    + Detail: 
        * Instance: 
        N/A

        * Loop: 
        +---------------------------+-----+---------+-------------+-----------+-----------+-----------+----------+
        |                           |    Latency    |  Iteration  |  Initiation Interval  |    Trip   |          |
        |         Loop Name         | min |   max   |   Latency   |  achieved |   target  |   Count   | Pipelined|
        +---------------------------+-----+---------+-------------+-----------+-----------+-----------+----------+
        |- Loop 1                   |    ?|        ?|            ?|          -|          -| 0 ~ 65535 |    no    |
        | + Loop 1.1                |    ?|        ?|            ?|          -|          -|          ?|    no    |
        |  ++ Loop 1.1.1            |    ?|        ?|            ?|          -|          -|          ?|    no    |
        |   +++ Loop 1.1.1.1        |    ?|        ?| 6 ~ 1638381 |          -|          -|          ?|    no    |
        |    ++++ conv_kernel_loop  |    0|  1638375|           25|          -|          -| 0 ~ 65535 |    no    |
        +---------------------------+-----+---------+-------------+-----------+-----------+-----------+----------+



================================================================
== Utilization Estimates
================================================================
* Summary: 
+-----------------+---------+-------+--------+--------+
|       Name      | BRAM_18K| DSP48E|   FF   |   LUT  |
+-----------------+---------+-------+--------+--------+
|DSP              |        -|      2|       -|       -|
|Expression       |        -|      -|       0|     851|
|FIFO             |        -|      -|       -|       -|
|Instance         |        -|      5|    1353|    1522|
|Memory           |        -|      -|       -|       -|
|Multiplexer      |        -|      -|       -|     811|
|Register         |        -|      -|    2104|       -|
+-----------------+---------+-------+--------+--------+
|Total            |        0|      7|    3457|    3184|
+-----------------+---------+-------+--------+--------+
|Available        |     2940|   3600|  866400|  433200|
+-----------------+---------+-------+--------+--------+
|Utilization (%)  |        0|   ~0  |   ~0   |   ~0   |
+-----------------+---------+-------+--------+--------+

+ Detail: 
    * Instance: 
    +---------------------------+----------------------+---------+-------+-----+-----+
    |          Instance         |        Module        | BRAM_18K| DSP48E|  FF | LUT |
    +---------------------------+----------------------+---------+-------+-----+-----+
    |top_kernel_fadd_3rcU_U95   |top_kernel_fadd_3rcU  |        0|      2|  368|  236|
    |top_kernel_fmul_3sc4_U96   |top_kernel_fmul_3sc4  |        0|      3|  197|  123|
    |top_kernel_mux_83tde_U99   |top_kernel_mux_83tde  |        0|      0|    0|  229|
    |top_kernel_mux_83tde_U100  |top_kernel_mux_83tde  |        0|      0|    0|  229|
    |top_kernel_mux_83tde_U101  |top_kernel_mux_83tde  |        0|      0|    0|  229|
    |top_kernel_udiv_3kbM_U97   |top_kernel_udiv_3kbM  |        0|      0|  394|  238|
    |top_kernel_udiv_3kbM_U98   |top_kernel_udiv_3kbM  |        0|      0|  394|  238|
    +---------------------------+----------------------+---------+-------+-----+-----+
    |Total                      |                      |        0|      5| 1353| 1522|
    +---------------------------+----------------------+---------+-------+-----+-----+

    * DSP48: 
    +---------------------------+----------------------+-----------+
    |          Instance         |        Module        | Expression|
    +---------------------------+----------------------+-----------+
    |top_kernel_mul_muocq_U102  |top_kernel_mul_muocq  |  i0 * i1  |
    |top_kernel_mul_muudo_U103  |top_kernel_mul_muudo  |  i0 * i1  |
    +---------------------------+----------------------+-----------+

    * Memory: 
    N/A

    * FIFO: 
    N/A

    * Expression: 
    +-------------------------------+----------+-------+---+----+------------+------------+
    |         Variable Name         | Operation| DSP48E| FF| LUT| Bitwidth P0| Bitwidth P1|
    +-------------------------------+----------+-------+---+----+------------+------------+
    |h_9_fu_756_p2                  |     +    |      0|  0|  39|          32|           1|
    |i_2_fu_869_p2                  |     +    |      0|  0|  23|          16|           1|
    |indvar_flatten_next_fu_863_p2  |     +    |      0|  0|  39|          32|           1|
    |next_mul4_fu_740_p2            |     +    |      0|  0|  39|          32|          32|
    |next_mul5_fu_745_p2            |     +    |      0|  0|  45|          38|           6|
    |next_mul_fu_766_p2             |     +    |      0|  0|  39|          32|          32|
    |o_10_fu_682_p2                 |     +    |      0|  0|  23|          16|           1|
    |p_2_fu_1001_p2                 |     +    |      0|  0|  23|          16|           1|
    |q_2_fu_971_p2                  |     +    |      0|  0|  23|          16|           1|
    |tmp1_fu_913_p2                 |     +    |      0|  0|  32|          32|          32|
    |tmp2_fu_977_p2                 |     +    |      0|  0|  32|          32|          32|
    |tmp_367_fu_918_p2              |     +    |      0|  0|  32|          32|          32|
    |tmp_370_fu_983_p2              |     +    |      0|  0|  32|          32|          32|
    |tmp_389_fu_803_p2              |     +    |      0|  0|  21|          14|          14|
    |tmp_393_fu_841_p2              |     +    |      0|  0|  21|          14|          14|
    |tmp_395_fu_931_p2              |     +    |      0|  0|  27|          20|          20|
    |tmp_398_fu_1006_p2             |     +    |      0|  0|  18|          11|          11|
    |tmp_401_fu_1017_p2             |     +    |      0|  0|  21|          14|          14|
    |tmp_402_fu_996_p2              |     +    |      0|  0|  18|          11|          11|
    |tmp_405_fu_1029_p2             |     +    |      0|  0|  21|          14|          14|
    |tmp_584_fu_790_p2              |     +    |      0|  0|  18|          11|          11|
    |tmp_587_fu_828_p2              |     +    |      0|  0|  18|          11|          11|
    |tmp_fu_671_p2                  |     +    |      0|  0|  39|          32|           2|
    |w_9_fu_776_p2                  |     +    |      0|  0|  39|          32|           1|
    |tmp_384_fu_708_p2              |     -    |      0|  0|  26|          19|          19|
    |tmp_397_fu_951_p2              |     -    |      0|  0|  18|          11|          11|
    |exitcond1_fu_875_p2            |   icmp   |      0|  0|  13|          16|          16|
    |exitcond3_fu_677_p2            |   icmp   |      0|  0|  13|          16|          16|
    |exitcond_flatten_fu_858_p2     |   icmp   |      0|  0|  18|          32|          32|
    |exitcond_fu_966_p2             |   icmp   |      0|  0|  13|          16|          16|
    |tmp_359_fu_751_p2              |   icmp   |      0|  0|  18|          32|          32|
    |tmp_363_fu_771_p2              |   icmp   |      0|  0|  18|          32|          32|
    |arrayNo_mid2_v_v_fu_888_p3     |  select  |      0|  0|  16|           1|          16|
    |p_mid2_fu_880_p3               |  select  |      0|  0|  16|           1|           1|
    +-------------------------------+----------+-------+---+----+------------+------------+
    |Total                          |          |      0|  0| 851|         718|         518|
    +-------------------------------+----------+-------+---+----+------------+------------+

    * Multiplexer: 
    +------------------------+-----+-----------+-----+-----------+
    |          Name          | LUT | Input Size| Bits| Total Bits|
    +------------------------+-----+-----------+-----+-----------+
    |ap_NS_fsm               |  481|        110|    1|        110|
    |cout_kernel_0_address0  |   15|          3|   13|         39|
    |cout_kernel_0_d0        |   15|          3|   32|         96|
    |cout_kernel_1_address0  |   15|          3|   13|         39|
    |cout_kernel_1_d0        |   15|          3|   32|         96|
    |cout_kernel_2_address0  |   15|          3|   13|         39|
    |cout_kernel_2_d0        |   15|          3|   32|         96|
    |cout_kernel_3_address0  |   15|          3|   13|         39|
    |cout_kernel_3_d0        |   15|          3|   32|         96|
    |cout_kernel_4_address0  |   15|          3|   13|         39|
    |cout_kernel_4_d0        |   15|          3|   32|         96|
    |cout_kernel_5_address0  |   15|          3|   13|         39|
    |cout_kernel_5_d0        |   15|          3|   32|         96|
    |cout_kernel_6_address0  |   15|          3|   13|         39|
    |cout_kernel_6_d0        |   15|          3|   32|         96|
    |cout_kernel_7_address0  |   15|          3|   13|         39|
    |cout_kernel_7_d0        |   15|          3|   32|         96|
    |h_reg_552               |    9|          2|   32|         64|
    |i_reg_622               |    9|          2|   16|         32|
    |indvar_flatten_reg_611  |    9|          2|   32|         64|
    |o_reg_540               |    9|          2|   16|         32|
    |p_reg_633               |    9|          2|   16|         32|
    |phi_mul4_reg_563        |    9|          2|   38|         76|
    |phi_mul5_reg_575        |    9|          2|   32|         64|
    |phi_mul_reg_599         |    9|          2|   32|         64|
    |q_reg_644               |    9|          2|   16|         32|
    |w_reg_587               |    9|          2|   32|         64|
    +------------------------+-----+-----------+-----+-----------+
    |Total                   |  811|        178|  623|       1714|
    +------------------------+-----+-----------+-----+-----------+

    * Register: 
    +-------------------------------+-----+----+-----+-----------+
    |              Name             |  FF | LUT| Bits| Const Bits|
    +-------------------------------+-----+----+-----+-----------+
    |ap_CS_fsm                      |  109|   0|  109|          0|
    |arrayNo1_reg_1188              |    3|   0|   32|         29|
    |arrayNo_mid2_reg_1369          |    3|   0|   32|         29|
    |arrayNo_mid2_v_v_reg_1334      |   16|   0|   16|          0|
    |bound_reg_1155                 |   32|   0|   32|          0|
    |cin_0_load_reg_1504            |   32|   0|   32|          0|
    |cin_1_load_reg_1509            |   32|   0|   32|          0|
    |cin_2_load_reg_1514            |   32|   0|   32|          0|
    |cin_3_load_reg_1519            |   32|   0|   32|          0|
    |cin_4_load_reg_1524            |   32|   0|   32|          0|
    |cin_5_load_reg_1529            |   32|   0|   32|          0|
    |cin_6_load_reg_1534            |   32|   0|   32|          0|
    |cin_7_load_reg_1539            |   32|   0|   32|          0|
    |cout_kernel_0_addr_1_reg_1279  |   13|   0|   13|          0|
    |cout_kernel_0_addr_reg_1234    |   13|   0|   13|          0|
    |cout_kernel_0_load_reg_1594    |   32|   0|   32|          0|
    |cout_kernel_1_addr_1_reg_1284  |   13|   0|   13|          0|
    |cout_kernel_1_addr_reg_1239    |   13|   0|   13|          0|
    |cout_kernel_1_load_reg_1599    |   32|   0|   32|          0|
    |cout_kernel_2_addr_1_reg_1289  |   13|   0|   13|          0|
    |cout_kernel_2_addr_reg_1244    |   13|   0|   13|          0|
    |cout_kernel_2_load_reg_1604    |   32|   0|   32|          0|
    |cout_kernel_3_addr_1_reg_1294  |   13|   0|   13|          0|
    |cout_kernel_3_addr_reg_1249    |   13|   0|   13|          0|
    |cout_kernel_3_load_reg_1609    |   32|   0|   32|          0|
    |cout_kernel_4_addr_1_reg_1299  |   13|   0|   13|          0|
    |cout_kernel_4_addr_reg_1254    |   13|   0|   13|          0|
    |cout_kernel_4_load_reg_1614    |   32|   0|   32|          0|
    |cout_kernel_5_addr_1_reg_1304  |   13|   0|   13|          0|
    |cout_kernel_5_addr_reg_1259    |   13|   0|   13|          0|
    |cout_kernel_5_load_reg_1619    |   32|   0|   32|          0|
    |cout_kernel_6_addr_1_reg_1309  |   13|   0|   13|          0|
    |cout_kernel_6_addr_reg_1264    |   13|   0|   13|          0|
    |cout_kernel_6_load_reg_1624    |   32|   0|   32|          0|
    |cout_kernel_7_addr_1_reg_1314  |   13|   0|   13|          0|
    |cout_kernel_7_addr_reg_1269    |   13|   0|   13|          0|
    |cout_kernel_7_load_reg_1629    |   32|   0|   32|          0|
    |h_9_reg_1206                   |   32|   0|   32|          0|
    |h_reg_552                      |   32|   0|   32|          0|
    |i_reg_622                      |   16|   0|   16|          0|
    |indvar_flatten_next_reg_1322   |   32|   0|   32|          0|
    |indvar_flatten_reg_611         |   32|   0|   32|          0|
    |newIndex1_mid2_cast_reg_1375   |   13|   0|   14|          1|
    |newIndex7_cast_reg_1182        |   13|   0|   14|          1|
    |next_mul4_reg_1193             |   32|   0|   32|          0|
    |next_mul5_reg_1198             |   38|   0|   38|          0|
    |next_mul_reg_1216              |   32|   0|   32|          0|
    |o_10_reg_1163                  |   16|   0|   16|          0|
    |o_reg_540                      |   16|   0|   16|          0|
    |p_mid2_reg_1327                |   16|   0|   16|          0|
    |p_reg_633                      |   16|   0|   16|          0|
    |phi_mul4_reg_563               |   38|   0|   38|          0|
    |phi_mul5_reg_575               |   32|   0|   32|          0|
    |phi_mul_reg_599                |   32|   0|   32|          0|
    |q_2_reg_1389                   |   16|   0|   16|          0|
    |q_reg_644                      |   16|   0|   16|          0|
    |tmp_360_reg_1211               |   32|   0|   32|          0|
    |tmp_373_reg_1634               |   32|   0|   32|          0|
    |tmp_374_reg_1644               |   32|   0|   32|          0|
    |tmp_384_cast_reg_1173          |   20|   0|   20|          0|
    |tmp_394_reg_1381               |   11|   0|   11|          0|
    |tmp_397_reg_1364               |   11|   0|   11|          0|
    |tmp_398_reg_1409               |   11|   0|   11|          0|
    |tmp_401_reg_1414               |   14|   0|   14|          0|
    |tmp_402_reg_1399               |   11|   0|   11|          0|
    |tmp_405_reg_1419               |   14|   0|   14|          0|
    |tmp_505_reg_1584               |   32|   0|   32|          0|
    |tmp_506_reg_1589               |   32|   0|   32|          0|
    |tmp_507_reg_1639               |   32|   0|   32|          0|
    |tmp_580_reg_1178               |    3|   0|    3|          0|
    |tmp_584_reg_1229               |   11|   0|   11|          0|
    |tmp_587_reg_1274               |   11|   0|   11|          0|
    |tmp_588_reg_1339               |    3|   0|    3|          0|
    |tmp_589_reg_1344               |   13|   0|   13|          0|
    |tmp_590_reg_1349               |   11|   0|   11|          0|
    |tmp_591_reg_1354               |   11|   0|   11|          0|
    |tmp_592_reg_1359               |    9|   0|    9|          0|
    |tmp_593_reg_1394               |   11|   0|   11|          0|
    |tmp_reg_1149                   |   32|   0|   32|          0|
    |tmp_s_reg_1168                 |   32|   0|   32|          0|
    |w_9_reg_1224                   |   32|   0|   32|          0|
    |w_reg_587                      |   32|   0|   32|          0|
    |weight_0_load_reg_1544         |   32|   0|   32|          0|
    |weight_1_load_reg_1549         |   32|   0|   32|          0|
    |weight_2_load_reg_1554         |   32|   0|   32|          0|
    |weight_3_load_reg_1559         |   32|   0|   32|          0|
    |weight_4_load_reg_1564         |   32|   0|   32|          0|
    |weight_5_load_reg_1569         |   32|   0|   32|          0|
    |weight_6_load_reg_1574         |   32|   0|   32|          0|
    |weight_7_load_reg_1579         |   32|   0|   32|          0|
    +-------------------------------+-----+----+-----+-----------+
    |Total                          | 2104|   0| 2164|         60|
    +-------------------------------+-----+----+-----+-----------+



================================================================
== Interface
================================================================
* Summary: 
+------------------------+-----+-----+------------+-----------------+--------------+
|        RTL Ports       | Dir | Bits|  Protocol  |  Source Object  |    C Type    |
+------------------------+-----+-----+------------+-----------------+--------------+
|ap_clk                  |  in |    1| ap_ctrl_hs |    conv_core    | return value |
|ap_rst                  |  in |    1| ap_ctrl_hs |    conv_core    | return value |
|ap_start                |  in |    1| ap_ctrl_hs |    conv_core    | return value |
|ap_done                 | out |    1| ap_ctrl_hs |    conv_core    | return value |
|ap_idle                 | out |    1| ap_ctrl_hs |    conv_core    | return value |
|ap_ready                | out |    1| ap_ctrl_hs |    conv_core    | return value |
|cin_0_address0          | out |   13|  ap_memory |      cin_0      |     array    |
|cin_0_ce0               | out |    1|  ap_memory |      cin_0      |     array    |
|cin_0_q0                |  in |   32|  ap_memory |      cin_0      |     array    |
|cin_1_address0          | out |   13|  ap_memory |      cin_1      |     array    |
|cin_1_ce0               | out |    1|  ap_memory |      cin_1      |     array    |
|cin_1_q0                |  in |   32|  ap_memory |      cin_1      |     array    |
|cin_2_address0          | out |   13|  ap_memory |      cin_2      |     array    |
|cin_2_ce0               | out |    1|  ap_memory |      cin_2      |     array    |
|cin_2_q0                |  in |   32|  ap_memory |      cin_2      |     array    |
|cin_3_address0          | out |   13|  ap_memory |      cin_3      |     array    |
|cin_3_ce0               | out |    1|  ap_memory |      cin_3      |     array    |
|cin_3_q0                |  in |   32|  ap_memory |      cin_3      |     array    |
|cin_4_address0          | out |   13|  ap_memory |      cin_4      |     array    |
|cin_4_ce0               | out |    1|  ap_memory |      cin_4      |     array    |
|cin_4_q0                |  in |   32|  ap_memory |      cin_4      |     array    |
|cin_5_address0          | out |   13|  ap_memory |      cin_5      |     array    |
|cin_5_ce0               | out |    1|  ap_memory |      cin_5      |     array    |
|cin_5_q0                |  in |   32|  ap_memory |      cin_5      |     array    |
|cin_6_address0          | out |   13|  ap_memory |      cin_6      |     array    |
|cin_6_ce0               | out |    1|  ap_memory |      cin_6      |     array    |
|cin_6_q0                |  in |   32|  ap_memory |      cin_6      |     array    |
|cin_7_address0          | out |   13|  ap_memory |      cin_7      |     array    |
|cin_7_ce0               | out |    1|  ap_memory |      cin_7      |     array    |
|cin_7_q0                |  in |   32|  ap_memory |      cin_7      |     array    |
|weight_0_address0       | out |   13|  ap_memory |     weight_0    |     array    |
|weight_0_ce0            | out |    1|  ap_memory |     weight_0    |     array    |
|weight_0_q0             |  in |   32|  ap_memory |     weight_0    |     array    |
|weight_1_address0       | out |   13|  ap_memory |     weight_1    |     array    |
|weight_1_ce0            | out |    1|  ap_memory |     weight_1    |     array    |
|weight_1_q0             |  in |   32|  ap_memory |     weight_1    |     array    |
|weight_2_address0       | out |   13|  ap_memory |     weight_2    |     array    |
|weight_2_ce0            | out |    1|  ap_memory |     weight_2    |     array    |
|weight_2_q0             |  in |   32|  ap_memory |     weight_2    |     array    |
|weight_3_address0       | out |   13|  ap_memory |     weight_3    |     array    |
|weight_3_ce0            | out |    1|  ap_memory |     weight_3    |     array    |
|weight_3_q0             |  in |   32|  ap_memory |     weight_3    |     array    |
|weight_4_address0       | out |   13|  ap_memory |     weight_4    |     array    |
|weight_4_ce0            | out |    1|  ap_memory |     weight_4    |     array    |
|weight_4_q0             |  in |   32|  ap_memory |     weight_4    |     array    |
|weight_5_address0       | out |   13|  ap_memory |     weight_5    |     array    |
|weight_5_ce0            | out |    1|  ap_memory |     weight_5    |     array    |
|weight_5_q0             |  in |   32|  ap_memory |     weight_5    |     array    |
|weight_6_address0       | out |   13|  ap_memory |     weight_6    |     array    |
|weight_6_ce0            | out |    1|  ap_memory |     weight_6    |     array    |
|weight_6_q0             |  in |   32|  ap_memory |     weight_6    |     array    |
|weight_7_address0       | out |   13|  ap_memory |     weight_7    |     array    |
|weight_7_ce0            | out |    1|  ap_memory |     weight_7    |     array    |
|weight_7_q0             |  in |   32|  ap_memory |     weight_7    |     array    |
|cout_kernel_0_address0  | out |   13|  ap_memory |  cout_kernel_0  |     array    |
|cout_kernel_0_ce0       | out |    1|  ap_memory |  cout_kernel_0  |     array    |
|cout_kernel_0_we0       | out |    1|  ap_memory |  cout_kernel_0  |     array    |
|cout_kernel_0_d0        | out |   32|  ap_memory |  cout_kernel_0  |     array    |
|cout_kernel_0_q0        |  in |   32|  ap_memory |  cout_kernel_0  |     array    |
|cout_kernel_1_address0  | out |   13|  ap_memory |  cout_kernel_1  |     array    |
|cout_kernel_1_ce0       | out |    1|  ap_memory |  cout_kernel_1  |     array    |
|cout_kernel_1_we0       | out |    1|  ap_memory |  cout_kernel_1  |     array    |
|cout_kernel_1_d0        | out |   32|  ap_memory |  cout_kernel_1  |     array    |
|cout_kernel_1_q0        |  in |   32|  ap_memory |  cout_kernel_1  |     array    |
|cout_kernel_2_address0  | out |   13|  ap_memory |  cout_kernel_2  |     array    |
|cout_kernel_2_ce0       | out |    1|  ap_memory |  cout_kernel_2  |     array    |
|cout_kernel_2_we0       | out |    1|  ap_memory |  cout_kernel_2  |     array    |
|cout_kernel_2_d0        | out |   32|  ap_memory |  cout_kernel_2  |     array    |
|cout_kernel_2_q0        |  in |   32|  ap_memory |  cout_kernel_2  |     array    |
|cout_kernel_3_address0  | out |   13|  ap_memory |  cout_kernel_3  |     array    |
|cout_kernel_3_ce0       | out |    1|  ap_memory |  cout_kernel_3  |     array    |
|cout_kernel_3_we0       | out |    1|  ap_memory |  cout_kernel_3  |     array    |
|cout_kernel_3_d0        | out |   32|  ap_memory |  cout_kernel_3  |     array    |
|cout_kernel_3_q0        |  in |   32|  ap_memory |  cout_kernel_3  |     array    |
|cout_kernel_4_address0  | out |   13|  ap_memory |  cout_kernel_4  |     array    |
|cout_kernel_4_ce0       | out |    1|  ap_memory |  cout_kernel_4  |     array    |
|cout_kernel_4_we0       | out |    1|  ap_memory |  cout_kernel_4  |     array    |
|cout_kernel_4_d0        | out |   32|  ap_memory |  cout_kernel_4  |     array    |
|cout_kernel_4_q0        |  in |   32|  ap_memory |  cout_kernel_4  |     array    |
|cout_kernel_5_address0  | out |   13|  ap_memory |  cout_kernel_5  |     array    |
|cout_kernel_5_ce0       | out |    1|  ap_memory |  cout_kernel_5  |     array    |
|cout_kernel_5_we0       | out |    1|  ap_memory |  cout_kernel_5  |     array    |
|cout_kernel_5_d0        | out |   32|  ap_memory |  cout_kernel_5  |     array    |
|cout_kernel_5_q0        |  in |   32|  ap_memory |  cout_kernel_5  |     array    |
|cout_kernel_6_address0  | out |   13|  ap_memory |  cout_kernel_6  |     array    |
|cout_kernel_6_ce0       | out |    1|  ap_memory |  cout_kernel_6  |     array    |
|cout_kernel_6_we0       | out |    1|  ap_memory |  cout_kernel_6  |     array    |
|cout_kernel_6_d0        | out |   32|  ap_memory |  cout_kernel_6  |     array    |
|cout_kernel_6_q0        |  in |   32|  ap_memory |  cout_kernel_6  |     array    |
|cout_kernel_7_address0  | out |   13|  ap_memory |  cout_kernel_7  |     array    |
|cout_kernel_7_ce0       | out |    1|  ap_memory |  cout_kernel_7  |     array    |
|cout_kernel_7_we0       | out |    1|  ap_memory |  cout_kernel_7  |     array    |
|cout_kernel_7_d0        | out |   32|  ap_memory |  cout_kernel_7  |     array    |
|cout_kernel_7_q0        |  in |   32|  ap_memory |  cout_kernel_7  |     array    |
|init                    |  in |    1|   ap_none  |       init      |    scalar    |
|LAYER_IN_NUM_T          |  in |   16|   ap_none  |  LAYER_IN_NUM_T |    scalar    |
|LAYER_OUT_NUM_T         |  in |   16|   ap_none  | LAYER_OUT_NUM_T |    scalar    |
|LAYER_IN_H_T            |  in |   32|   ap_none  |   LAYER_IN_H_T  |    scalar    |
|LAYER_IN_W_T            |  in |   32|   ap_none  |   LAYER_IN_W_T  |    scalar    |
|FILTER_S                |  in |   16|   ap_none  |     FILTER_S    |    scalar    |
|STRIDE                  |  in |   32|   ap_none  |      STRIDE     |    scalar    |
+------------------------+-----+-----+------------+-----------------+--------------+

