

================================================================
== Vivado HLS Report for 'relu'
================================================================
* Date:           Sat Nov  7 02:44:47 2020

* Version:        2018.3 (Build 2405991 on Thu Dec 06 23:56:15 MST 2018)
* Project:        pose_prj
* Solution:       solution1
* Product family: virtex7
* Target device:  xc7vx690tffg1761-2


================================================================
== Performance Estimates
================================================================
+ Timing (ns): 
    * Summary: 
    +--------+-------+----------+------------+
    |  Clock | Target| Estimated| Uncertainty|
    +--------+-------+----------+------------+
    |ap_clk  |   3.00|     4.129|        0.38|
    +--------+-------+----------+------------+

+ Latency (clock cycles): 
    * Summary: 
    +-----+-----+-----+-----+---------+
    |  Latency  |  Interval | Pipeline|
    | min | max | min | max |   Type  |
    +-----+-----+-----+-----+---------+
    |    ?|    ?|    ?|    ?|   none  |
    +-----+-----+-----+-----+---------+

    + Detail: 
        * Instance: 
        N/A

        * Loop: 
        +-------------+-----+-----+----------+-----------+-----------+------+----------+
        |             |  Latency  | Iteration|  Initiation Interval  | Trip |          |
        |  Loop Name  | min | max |  Latency |  achieved |   target  | Count| Pipelined|
        +-------------+-----+-----+----------+-----------+-----------+------+----------+
        |- Loop 1     |    ?|    ?|         ?|          -|          -|     ?|    no    |
        | + Loop 1.1  |    ?|    ?|         2|          1|          1|     ?|    yes   |
        | + Loop 1.2  |    ?|    ?|         2|          1|          1|     ?|    yes   |
        | + Loop 1.3  |    ?|    ?|        48|          1|          1|     ?|    yes   |
        +-------------+-----+-----+----------+-----------+-----------+------+----------+



================================================================
== Utilization Estimates
================================================================
* Summary: 
+-----------------+---------+-------+--------+--------+
|       Name      | BRAM_18K| DSP48E|   FF   |   LUT  |
+-----------------+---------+-------+--------+--------+
|DSP              |        -|      -|       -|       -|
|Expression       |        -|      -|       0|    4855|
|FIFO             |        -|      -|       -|       -|
|Instance         |        -|    144|   16848|   11488|
|Memory           |        0|      -|    1024|      64|
|Multiplexer      |        -|      -|       -|     979|
|Register         |       34|      -|   10276|    1881|
+-----------------+---------+-------+--------+--------+
|Total            |       34|    144|   28148|   19267|
+-----------------+---------+-------+--------+--------+
|Available        |     2940|   3600|  866400|  433200|
+-----------------+---------+-------+--------+--------+
|Utilization (%)  |        1|      4|       3|       4|
+-----------------+---------+-------+--------+--------+

+ Detail: 
    * Instance: 
    +---------------------------+----------------------+---------+-------+-----+-----+
    |          Instance         |        Module        | BRAM_18K| DSP48E|  FF | LUT |
    +---------------------------+----------------------+---------+-------+-----+-----+
    |top_kernel_dcmp_6Mgi_U222  |top_kernel_dcmp_6Mgi  |        0|      0|  130|  118|
    |top_kernel_dcmp_6Mgi_U223  |top_kernel_dcmp_6Mgi  |        0|      0|  130|  118|
    |top_kernel_dcmp_6Mgi_U224  |top_kernel_dcmp_6Mgi  |        0|      0|  130|  118|
    |top_kernel_dcmp_6Mgi_U225  |top_kernel_dcmp_6Mgi  |        0|      0|  130|  118|
    |top_kernel_dcmp_6Mgi_U226  |top_kernel_dcmp_6Mgi  |        0|      0|  130|  118|
    |top_kernel_dcmp_6Mgi_U227  |top_kernel_dcmp_6Mgi  |        0|      0|  130|  118|
    |top_kernel_dcmp_6Mgi_U228  |top_kernel_dcmp_6Mgi  |        0|      0|  130|  118|
    |top_kernel_dcmp_6Mgi_U229  |top_kernel_dcmp_6Mgi  |        0|      0|  130|  118|
    |top_kernel_dmul_6Lf8_U214  |top_kernel_dmul_6Lf8  |        0|     11|  552|  300|
    |top_kernel_dmul_6Lf8_U215  |top_kernel_dmul_6Lf8  |        0|     11|  552|  300|
    |top_kernel_dmul_6Lf8_U216  |top_kernel_dmul_6Lf8  |        0|     11|  552|  300|
    |top_kernel_dmul_6Lf8_U217  |top_kernel_dmul_6Lf8  |        0|     11|  552|  300|
    |top_kernel_dmul_6Lf8_U218  |top_kernel_dmul_6Lf8  |        0|     11|  552|  300|
    |top_kernel_dmul_6Lf8_U219  |top_kernel_dmul_6Lf8  |        0|     11|  552|  300|
    |top_kernel_dmul_6Lf8_U220  |top_kernel_dmul_6Lf8  |        0|     11|  552|  300|
    |top_kernel_dmul_6Lf8_U221  |top_kernel_dmul_6Lf8  |        0|     11|  552|  300|
    |top_kernel_fadd_3rcU_U166  |top_kernel_fadd_3rcU  |        0|      2|  368|  236|
    |top_kernel_fadd_3rcU_U167  |top_kernel_fadd_3rcU  |        0|      2|  368|  236|
    |top_kernel_fadd_3rcU_U168  |top_kernel_fadd_3rcU  |        0|      2|  368|  236|
    |top_kernel_fadd_3rcU_U169  |top_kernel_fadd_3rcU  |        0|      2|  368|  236|
    |top_kernel_fadd_3rcU_U170  |top_kernel_fadd_3rcU  |        0|      2|  368|  236|
    |top_kernel_fadd_3rcU_U171  |top_kernel_fadd_3rcU  |        0|      2|  368|  236|
    |top_kernel_fadd_3rcU_U172  |top_kernel_fadd_3rcU  |        0|      2|  368|  236|
    |top_kernel_fadd_3rcU_U173  |top_kernel_fadd_3rcU  |        0|      2|  368|  236|
    |top_kernel_fadd_3rcU_U174  |top_kernel_fadd_3rcU  |        0|      2|  368|  236|
    |top_kernel_fadd_3rcU_U175  |top_kernel_fadd_3rcU  |        0|      2|  368|  236|
    |top_kernel_fadd_3rcU_U176  |top_kernel_fadd_3rcU  |        0|      2|  368|  236|
    |top_kernel_fadd_3rcU_U177  |top_kernel_fadd_3rcU  |        0|      2|  368|  236|
    |top_kernel_fadd_3rcU_U178  |top_kernel_fadd_3rcU  |        0|      2|  368|  236|
    |top_kernel_fadd_3rcU_U179  |top_kernel_fadd_3rcU  |        0|      2|  368|  236|
    |top_kernel_fadd_3rcU_U180  |top_kernel_fadd_3rcU  |        0|      2|  368|  236|
    |top_kernel_fadd_3rcU_U181  |top_kernel_fadd_3rcU  |        0|      2|  368|  236|
    |top_kernel_fcmp_3KfY_U206  |top_kernel_fcmp_3KfY  |        0|      0|   66|   72|
    |top_kernel_fcmp_3KfY_U207  |top_kernel_fcmp_3KfY  |        0|      0|   66|   72|
    |top_kernel_fcmp_3KfY_U208  |top_kernel_fcmp_3KfY  |        0|      0|   66|   72|
    |top_kernel_fcmp_3KfY_U209  |top_kernel_fcmp_3KfY  |        0|      0|   66|   72|
    |top_kernel_fcmp_3KfY_U210  |top_kernel_fcmp_3KfY  |        0|      0|   66|   72|
    |top_kernel_fcmp_3KfY_U211  |top_kernel_fcmp_3KfY  |        0|      0|   66|   72|
    |top_kernel_fcmp_3KfY_U212  |top_kernel_fcmp_3KfY  |        0|      0|   66|   72|
    |top_kernel_fcmp_3KfY_U213  |top_kernel_fcmp_3KfY  |        0|      0|   66|   72|
    |top_kernel_fmul_3sc4_U182  |top_kernel_fmul_3sc4  |        0|      3|  197|  123|
    |top_kernel_fmul_3sc4_U183  |top_kernel_fmul_3sc4  |        0|      3|  197|  123|
    |top_kernel_fmul_3sc4_U184  |top_kernel_fmul_3sc4  |        0|      3|  197|  123|
    |top_kernel_fmul_3sc4_U185  |top_kernel_fmul_3sc4  |        0|      3|  197|  123|
    |top_kernel_fmul_3sc4_U186  |top_kernel_fmul_3sc4  |        0|      3|  197|  123|
    |top_kernel_fmul_3sc4_U187  |top_kernel_fmul_3sc4  |        0|      3|  197|  123|
    |top_kernel_fmul_3sc4_U188  |top_kernel_fmul_3sc4  |        0|      3|  197|  123|
    |top_kernel_fmul_3sc4_U189  |top_kernel_fmul_3sc4  |        0|      3|  197|  123|
    |top_kernel_fpext_JfO_U198  |top_kernel_fpext_JfO  |        0|      0|  100|  138|
    |top_kernel_fpext_JfO_U199  |top_kernel_fpext_JfO  |        0|      0|  100|  138|
    |top_kernel_fpext_JfO_U200  |top_kernel_fpext_JfO  |        0|      0|  100|  138|
    |top_kernel_fpext_JfO_U201  |top_kernel_fpext_JfO  |        0|      0|  100|  138|
    |top_kernel_fpext_JfO_U202  |top_kernel_fpext_JfO  |        0|      0|  100|  138|
    |top_kernel_fpext_JfO_U203  |top_kernel_fpext_JfO  |        0|      0|  100|  138|
    |top_kernel_fpext_JfO_U204  |top_kernel_fpext_JfO  |        0|      0|  100|  138|
    |top_kernel_fpext_JfO_U205  |top_kernel_fpext_JfO  |        0|      0|  100|  138|
    |top_kernel_fptrunIfE_U190  |top_kernel_fptrunIfE  |        0|      0|  128|   94|
    |top_kernel_fptrunIfE_U191  |top_kernel_fptrunIfE  |        0|      0|  128|   94|
    |top_kernel_fptrunIfE_U192  |top_kernel_fptrunIfE  |        0|      0|  128|   94|
    |top_kernel_fptrunIfE_U193  |top_kernel_fptrunIfE  |        0|      0|  128|   94|
    |top_kernel_fptrunIfE_U194  |top_kernel_fptrunIfE  |        0|      0|  128|   94|
    |top_kernel_fptrunIfE_U195  |top_kernel_fptrunIfE  |        0|      0|  128|   94|
    |top_kernel_fptrunIfE_U196  |top_kernel_fptrunIfE  |        0|      0|  128|   94|
    |top_kernel_fptrunIfE_U197  |top_kernel_fptrunIfE  |        0|      0|  128|   94|
    |top_kernel_udiv_3kbM_U230  |top_kernel_udiv_3kbM  |        0|      0|  394|  238|
    |top_kernel_udiv_3kbM_U231  |top_kernel_udiv_3kbM  |        0|      0|  394|  238|
    |top_kernel_udiv_3kbM_U232  |top_kernel_udiv_3kbM  |        0|      0|  394|  238|
    |top_kernel_udiv_3kbM_U233  |top_kernel_udiv_3kbM  |        0|      0|  394|  238|
    +---------------------------+----------------------+---------+-------+-----+-----+
    |Total                      |                      |        0|    144|16848|11488|
    +---------------------------+----------------------+---------+-------+-----+-----+

    * DSP48: 
    N/A

    * Memory: 
    +---------------+-----------------+---------+----+----+------+-----+------+-------------+
    |     Memory    |      Module     | BRAM_18K| FF | LUT| Words| Bits| Banks| W*Bits*Banks|
    +---------------+-----------------+---------+----+----+------+-----+------+-------------+
    |beta_buf_0_U   |relu_beta_buf_0  |        0|  64|   4|     8|   32|     1|          256|
    |beta_buf_1_U   |relu_beta_buf_0  |        0|  64|   4|     8|   32|     1|          256|
    |beta_buf_2_U   |relu_beta_buf_0  |        0|  64|   4|     8|   32|     1|          256|
    |beta_buf_3_U   |relu_beta_buf_0  |        0|  64|   4|     8|   32|     1|          256|
    |beta_buf_4_U   |relu_beta_buf_0  |        0|  64|   4|     8|   32|     1|          256|
    |beta_buf_5_U   |relu_beta_buf_0  |        0|  64|   4|     8|   32|     1|          256|
    |beta_buf_6_U   |relu_beta_buf_0  |        0|  64|   4|     8|   32|     1|          256|
    |beta_buf_7_U   |relu_beta_buf_0  |        0|  64|   4|     8|   32|     1|          256|
    |gamma_buf_0_U  |relu_beta_buf_0  |        0|  64|   4|     8|   32|     1|          256|
    |gamma_buf_1_U  |relu_beta_buf_0  |        0|  64|   4|     8|   32|     1|          256|
    |gamma_buf_2_U  |relu_beta_buf_0  |        0|  64|   4|     8|   32|     1|          256|
    |gamma_buf_3_U  |relu_beta_buf_0  |        0|  64|   4|     8|   32|     1|          256|
    |gamma_buf_4_U  |relu_beta_buf_0  |        0|  64|   4|     8|   32|     1|          256|
    |gamma_buf_5_U  |relu_beta_buf_0  |        0|  64|   4|     8|   32|     1|          256|
    |gamma_buf_6_U  |relu_beta_buf_0  |        0|  64|   4|     8|   32|     1|          256|
    |gamma_buf_7_U  |relu_beta_buf_0  |        0|  64|   4|     8|   32|     1|          256|
    +---------------+-----------------+---------+----+----+------+-----+------+-------------+
    |Total          |                 |        0|1024|  64|   128|  512|    16|         4096|
    +---------------+-----------------+---------+----+----+------+-----+------+-------------+

    * FIFO: 
    N/A

    * Expression: 
    +------------------------------------+----------+-------+---+----+------------+------------+
    |            Variable Name           | Operation| DSP48E| FF| LUT| Bitwidth P0| Bitwidth P1|
    +------------------------------------+----------+-------+---+----+------------+------------+
    |h_1_fu_3371_p2                      |     +    |      0|  0|  39|          32|           1|
    |h_3_fu_1720_p2                      |     +    |      0|  0|  39|           1|          32|
    |in_h_iter_1_fu_3321_p2              |     +    |      0|  0|  39|          32|          32|
    |in_num_iter_fu_3315_p2              |     +    |      0|  0|  39|          32|          32|
    |in_w_iter_1_fu_3326_p2              |     +    |      0|  0|  39|          32|          32|
    |layer_iter_1_fu_3464_p2             |     +    |      0|  0|  39|          32|           1|
    |o_1_fu_1372_p2                      |     +    |      0|  0|  20|          13|           1|
    |o_2_fu_1750_p2                      |     +    |      0|  0|  39|           1|          32|
    |o_4_fu_3389_p2                      |     +    |      0|  0|  39|          32|           1|
    |out_num_iter_1_fu_3334_p2           |     +    |      0|  0|  39|          32|          32|
    |ret_V_1_fu_1348_p2                  |     +    |      0|  0|  40|          33|          33|
    |ret_V_2_fu_1308_p2                  |     +    |      0|  0|  40|          33|          33|
    |w_2_fu_3360_p2                      |     +    |      0|  0|  39|          32|           1|
    |w_3_fu_1709_p2                      |     +    |      0|  0|  39|           1|          32|
    |ap_block_pp0_stage0_11001           |    and   |      0|  0|   2|           1|           1|
    |ap_block_pp2_stage0_01001           |    and   |      0|  0|   2|           1|           1|
    |ap_block_state52_pp1_stage0_iter2   |    and   |      0|  0|   2|           1|           1|
    |ap_block_state97_pp1_stage0_iter47  |    and   |      0|  0|   2|           1|           1|
    |ap_predicate_op189_read_state6      |    and   |      0|  0|   2|           1|           1|
    |ap_predicate_op654_fcmp_state72     |    and   |      0|  0|   2|           1|           1|
    |ap_predicate_op988_dcmp_state90     |    and   |      0|  0|   2|           1|           1|
    |done1_3_fu_3442_p2                  |    and   |      0|  0|   2|           1|           1|
    |done2_3_fu_1803_p2                  |    and   |      0|  0|   2|           1|           1|
    |done_be_fu_3704_p2                  |    and   |      0|  0|   2|           1|           1|
    |or_cond1_35_fu_1334_p2              |    and   |      0|  0|   2|           1|           1|
    |sel_tmp11_fu_3511_p2                |    and   |      0|  0|   2|           1|           1|
    |sel_tmp13_fu_3670_p2                |    and   |      0|  0|   2|           1|           1|
    |sel_tmp1_fu_3491_p2                 |    and   |      0|  0|   2|           1|           1|
    |sel_tmp3_fu_3501_p2                 |    and   |      0|  0|   2|           1|           1|
    |sel_tmp4_fu_1769_p2                 |    and   |      0|  0|   2|           1|           1|
    |sel_tmp_fu_3408_p2                  |    and   |      0|  0|   2|           1|           1|
    |tmp217_fu_3692_p2                   |    and   |      0|  0|   2|           1|           1|
    |tmp218_fu_3698_p2                   |    and   |      0|  0|   2|           1|           1|
    |tmp_104_fu_2200_p2                  |    and   |      0|  0|   2|           1|           1|
    |tmp_124_fu_2600_p2                  |    and   |      0|  0|   2|           1|           1|
    |tmp_126_fu_2606_p2                  |    and   |      0|  0|   2|           1|           1|
    |tmp_131_fu_2232_p2                  |    and   |      0|  0|   2|           1|           1|
    |tmp_148_fu_2687_p2                  |    and   |      0|  0|   2|           1|           1|
    |tmp_151_fu_2693_p2                  |    and   |      0|  0|   2|           1|           1|
    |tmp_156_fu_2264_p2                  |    and   |      0|  0|   2|           1|           1|
    |tmp_176_fu_2774_p2                  |    and   |      0|  0|   2|           1|           1|
    |tmp_178_fu_2780_p2                  |    and   |      0|  0|   2|           1|           1|
    |tmp_184_fu_2296_p2                  |    and   |      0|  0|   2|           1|           1|
    |tmp_203_fu_2861_p2                  |    and   |      0|  0|   2|           1|           1|
    |tmp_205_fu_2867_p2                  |    and   |      0|  0|   2|           1|           1|
    |tmp_211_fu_2328_p2                  |    and   |      0|  0|   2|           1|           1|
    |tmp_229_fu_2948_p2                  |    and   |      0|  0|   2|           1|           1|
    |tmp_231_fu_2954_p2                  |    and   |      0|  0|   2|           1|           1|
    |tmp_237_fu_2360_p2                  |    and   |      0|  0|   2|           1|           1|
    |tmp_252_fu_3035_p2                  |    and   |      0|  0|   2|           1|           1|
    |tmp_254_fu_3041_p2                  |    and   |      0|  0|   2|           1|           1|
    |tmp_260_fu_2392_p2                  |    and   |      0|  0|   2|           1|           1|
    |tmp_274_fu_3122_p2                  |    and   |      0|  0|   2|           1|           1|
    |tmp_276_fu_3128_p2                  |    and   |      0|  0|   2|           1|           1|
    |tmp_282_fu_2424_p2                  |    and   |      0|  0|   2|           1|           1|
    |tmp_85_fu_2513_p2                   |    and   |      0|  0|   2|           1|           1|
    |tmp_88_fu_2519_p2                   |    and   |      0|  0|   2|           1|           1|
    |tmp_fu_3664_p2                      |    and   |      0|  0|   2|           1|           1|
    |bias_en_fu_1294_p2                  |   icmp   |      0|  0|  11|           8|           8|
    |en_fu_1250_p2                       |   icmp   |      0|  0|  13|          11|           1|
    |exitcond1_fu_1366_p2                |   icmp   |      0|  0|  13|          13|          13|
    |max_pool_fu_1194_p2                 |   icmp   |      0|  0|   8|           2|           1|
    |norm_conv_en_fu_1276_p2             |   icmp   |      0|  0|  13|          11|          11|
    |notlhs10_fu_2756_p2                 |   icmp   |      0|  0|  13|          11|           2|
    |notlhs11_fu_2059_p2                 |   icmp   |      0|  0|  11|           8|           2|
    |notlhs12_fu_2825_p2                 |   icmp   |      0|  0|  13|          11|           2|
    |notlhs13_fu_2843_p2                 |   icmp   |      0|  0|  13|          11|           2|
    |notlhs14_fu_2088_p2                 |   icmp   |      0|  0|  11|           8|           2|
    |notlhs15_fu_2912_p2                 |   icmp   |      0|  0|  13|          11|           2|
    |notlhs16_fu_2930_p2                 |   icmp   |      0|  0|  13|          11|           2|
    |notlhs17_fu_2117_p2                 |   icmp   |      0|  0|  11|           8|           2|
    |notlhs18_fu_2999_p2                 |   icmp   |      0|  0|  13|          11|           2|
    |notlhs19_fu_3017_p2                 |   icmp   |      0|  0|  13|          11|           2|
    |notlhs1_fu_2495_p2                  |   icmp   |      0|  0|  13|          11|           2|
    |notlhs20_fu_2146_p2                 |   icmp   |      0|  0|  11|           8|           2|
    |notlhs21_fu_3086_p2                 |   icmp   |      0|  0|  13|          11|           2|
    |notlhs22_fu_3104_p2                 |   icmp   |      0|  0|  13|          11|           2|
    |notlhs23_fu_2175_p2                 |   icmp   |      0|  0|  11|           8|           2|
    |notlhs2_fu_1972_p2                  |   icmp   |      0|  0|  11|           8|           2|
    |notlhs3_fu_2564_p2                  |   icmp   |      0|  0|  13|          11|           2|
    |notlhs4_fu_2582_p2                  |   icmp   |      0|  0|  13|          11|           2|
    |notlhs5_fu_2001_p2                  |   icmp   |      0|  0|  11|           8|           2|
    |notlhs6_fu_2651_p2                  |   icmp   |      0|  0|  13|          11|           2|
    |notlhs7_fu_2669_p2                  |   icmp   |      0|  0|  13|          11|           2|
    |notlhs8_fu_2030_p2                  |   icmp   |      0|  0|  11|           8|           2|
    |notlhs9_fu_2738_p2                  |   icmp   |      0|  0|  13|          11|           2|
    |notlhs_fu_2477_p2                   |   icmp   |      0|  0|  13|          11|           2|
    |notrhs10_fu_2762_p2                 |   icmp   |      0|  0|  29|          52|           1|
    |notrhs11_fu_2065_p2                 |   icmp   |      0|  0|  18|          23|           1|
    |notrhs12_fu_2831_p2                 |   icmp   |      0|  0|  29|          52|           1|
    |notrhs13_fu_2849_p2                 |   icmp   |      0|  0|  29|          52|           1|
    |notrhs14_fu_2094_p2                 |   icmp   |      0|  0|  18|          23|           1|
    |notrhs15_fu_2918_p2                 |   icmp   |      0|  0|  29|          52|           1|
    |notrhs16_fu_2936_p2                 |   icmp   |      0|  0|  29|          52|           1|
    |notrhs17_fu_2123_p2                 |   icmp   |      0|  0|  18|          23|           1|
    |notrhs18_fu_3005_p2                 |   icmp   |      0|  0|  29|          52|           1|
    |notrhs19_fu_3023_p2                 |   icmp   |      0|  0|  29|          52|           1|
    |notrhs1_fu_2501_p2                  |   icmp   |      0|  0|  29|          52|           1|
    |notrhs20_fu_2152_p2                 |   icmp   |      0|  0|  18|          23|           1|
    |notrhs21_fu_3092_p2                 |   icmp   |      0|  0|  29|          52|           1|
    |notrhs22_fu_3110_p2                 |   icmp   |      0|  0|  29|          52|           1|
    |notrhs23_fu_2181_p2                 |   icmp   |      0|  0|  18|          23|           1|
    |notrhs2_fu_1978_p2                  |   icmp   |      0|  0|  18|          23|           1|
    |notrhs3_fu_2570_p2                  |   icmp   |      0|  0|  29|          52|           1|
    |notrhs4_fu_2588_p2                  |   icmp   |      0|  0|  29|          52|           1|
    |notrhs5_fu_2007_p2                  |   icmp   |      0|  0|  18|          23|           1|
    |notrhs6_fu_2657_p2                  |   icmp   |      0|  0|  29|          52|           1|
    |notrhs7_fu_2675_p2                  |   icmp   |      0|  0|  29|          52|           1|
    |notrhs8_fu_2036_p2                  |   icmp   |      0|  0|  18|          23|           1|
    |notrhs9_fu_2744_p2                  |   icmp   |      0|  0|  29|          52|           1|
    |notrhs_fu_2483_p2                   |   icmp   |      0|  0|  29|          52|           1|
    |tmp_102_fu_3460_p2                  |   icmp   |      0|  0|  18|          32|          32|
    |tmp_103_fu_3482_p2                  |   icmp   |      0|  0|  18|          32|          32|
    |tmp_117_fu_1715_p2                  |   icmp   |      0|  0|  18|          32|          32|
    |tmp_120_fu_1746_p2                  |   icmp   |      0|  0|  18|          32|          32|
    |tmp_121_fu_1756_p2                  |   icmp   |      0|  0|  18|          32|          32|
    |tmp_67_fu_1328_p2                   |   icmp   |      0|  0|  18|          32|           1|
    |tmp_69_fu_1357_p2                   |   icmp   |      0|  0|  21|          33|          33|
    |tmp_72_fu_3343_p2                   |   icmp   |      0|  0|  21|          33|          33|
    |tmp_75_fu_1652_p2                   |   icmp   |      0|  0|  13|          15|          11|
    |tmp_77_fu_1696_p2                   |   icmp   |      0|  0|  13|          13|           5|
    |tmp_87_fu_3366_p2                   |   icmp   |      0|  0|  18|          32|          32|
    |tmp_91_fu_3448_p2                   |   icmp   |      0|  0|  18|          32|          32|
    |tmp_92_fu_3385_p2                   |   icmp   |      0|  0|  18|          32|          32|
    |tmp_93_fu_3452_p2                   |   icmp   |      0|  0|  18|          32|          32|
    |tmp_94_fu_3395_p2                   |   icmp   |      0|  0|  18|          32|          32|
    |tmp_98_fu_3456_p2                   |   icmp   |      0|  0|  18|          32|          32|
    |ap_block_pp1_stage0_00001           |    or    |      0|  0|   2|           1|           1|
    |ap_block_state1                     |    or    |      0|  0|   2|           1|           1|
    |ap_block_state10                    |    or    |      0|  0|   2|           1|           1|
    |ap_block_state136_pp2_stage0_iter1  |    or    |      0|  0|   2|           1|           1|
    |ap_block_state13_pp0_stage0_iter1   |    or    |      0|  0|   2|           1|           1|
    |ap_block_state2                     |    or    |      0|  0|   2|           1|           1|
    |ap_block_state6                     |    or    |      0|  0|   2|           1|           1|
    |layer_start_be_fu_3676_p2           |    or    |      0|  0|   2|           1|           1|
    |not_sel_tmp3_fu_3659_p2             |    or    |      0|  0|   2|           1|           1|
    |not_sel_tmp4_fu_3687_p2             |    or    |      0|  0|   2|           1|           1|
    |not_sel_tmp_fu_3649_p2              |    or    |      0|  0|   2|           1|           1|
    |or_cond1996_not_fu_1322_p2          |    or    |      0|  0|   2|           1|           1|
    |or_cond1_fu_3522_p2                 |    or    |      0|  0|   2|           1|           1|
    |or_cond2_fu_3540_p2                 |    or    |      0|  0|   2|           1|           1|
    |or_cond_37_fu_1658_p2               |    or    |      0|  0|   2|           1|           1|
    |or_cond_fu_3516_p2                  |    or    |      0|  0|   2|           1|           1|
    |sel_tmp108_demorgan_fu_3470_p2      |    or    |      0|  0|   2|           1|           1|
    |sel_tmp115_demorgan_fu_3476_p2      |    or    |      0|  0|   2|           1|           1|
    |tmp_122_fu_2576_p2                  |    or    |      0|  0|   2|           1|           1|
    |tmp_123_fu_2594_p2                  |    or    |      0|  0|   2|           1|           1|
    |tmp_129_fu_2228_p2                  |    or    |      0|  0|   2|           1|           1|
    |tmp_145_fu_2663_p2                  |    or    |      0|  0|   2|           1|           1|
    |tmp_146_fu_2681_p2                  |    or    |      0|  0|   2|           1|           1|
    |tmp_154_fu_2260_p2                  |    or    |      0|  0|   2|           1|           1|
    |tmp_172_fu_2750_p2                  |    or    |      0|  0|   2|           1|           1|
    |tmp_174_fu_2768_p2                  |    or    |      0|  0|   2|           1|           1|
    |tmp_181_fu_2292_p2                  |    or    |      0|  0|   2|           1|           1|
    |tmp_200_fu_2837_p2                  |    or    |      0|  0|   2|           1|           1|
    |tmp_202_fu_2855_p2                  |    or    |      0|  0|   2|           1|           1|
    |tmp_208_fu_2324_p2                  |    or    |      0|  0|   2|           1|           1|
    |tmp_227_fu_2924_p2                  |    or    |      0|  0|   2|           1|           1|
    |tmp_228_fu_2942_p2                  |    or    |      0|  0|   2|           1|           1|
    |tmp_235_fu_2356_p2                  |    or    |      0|  0|   2|           1|           1|
    |tmp_250_fu_3011_p2                  |    or    |      0|  0|   2|           1|           1|
    |tmp_251_fu_3029_p2                  |    or    |      0|  0|   2|           1|           1|
    |tmp_258_fu_2388_p2                  |    or    |      0|  0|   2|           1|           1|
    |tmp_272_fu_3098_p2                  |    or    |      0|  0|   2|           1|           1|
    |tmp_273_fu_3116_p2                  |    or    |      0|  0|   2|           1|           1|
    |tmp_280_fu_2420_p2                  |    or    |      0|  0|   2|           1|           1|
    |tmp_286_fu_3527_p2                  |    or    |      0|  0|   2|           1|           1|
    |tmp_62_fu_2489_p2                   |    or    |      0|  0|   2|           1|           1|
    |tmp_63_fu_2507_p2                   |    or    |      0|  0|   2|           1|           1|
    |tmp_97_fu_2196_p2                   |    or    |      0|  0|   2|           1|           1|
    |STRIDE_V_2_fu_1200_p3               |  select  |      0|  0|  32|           1|           1|
    |h4_2_fu_1796_p3                     |  select  |      0|  0|  32|           1|          32|
    |h_2_fu_3435_p3                      |  select  |      0|  0|  32|           1|          32|
    |newSel10_fu_3615_p3                 |  select  |      0|  0|  32|           1|          32|
    |newSel11_fu_3623_p3                 |  select  |      0|  0|  32|           1|           1|
    |newSel12_fu_3630_p3                 |  select  |      0|  0|  32|           1|          32|
    |newSel1_fu_3546_p3                  |  select  |      0|  0|  32|           1|          32|
    |newSel2_fu_3554_p3                  |  select  |      0|  0|  32|           1|          32|
    |newSel3_fu_3561_p3                  |  select  |      0|  0|  32|           1|          32|
    |newSel4_fu_3569_p3                  |  select  |      0|  0|  32|           1|          32|
    |newSel5_fu_3577_p3                  |  select  |      0|  0|  32|           1|          32|
    |newSel6_fu_3584_p3                  |  select  |      0|  0|  32|           1|           1|
    |newSel7_fu_3592_p3                  |  select  |      0|  0|  32|           1|          32|
    |newSel8_fu_3600_p3                  |  select  |      0|  0|  32|           1|           1|
    |newSel9_fu_3607_p3                  |  select  |      0|  0|  32|           1|          32|
    |newSel_fu_3533_p3                   |  select  |      0|  0|  32|           1|           1|
    |o3_3_fu_1782_p3                     |  select  |      0|  0|  32|           1|          32|
    |o_3_fu_3421_p3                      |  select  |      0|  0|  32|           1|          32|
    |p_2_fu_1761_p3                      |  select  |      0|  0|  32|           1|           1|
    |p_s_fu_3400_p3                      |  select  |      0|  0|  32|           1|           1|
    |sel_tmp5_fu_1774_p3                 |  select  |      0|  0|  32|           1|          32|
    |sel_tmp6_fu_1789_p3                 |  select  |      0|  0|  32|           1|           1|
    |sel_tmp7_fu_3413_p3                 |  select  |      0|  0|  32|           1|          32|
    |sel_tmp8_fu_3428_p3                 |  select  |      0|  0|  32|           1|           1|
    |tmp_105_fu_2205_p3                  |  select  |      0|  0|  32|           1|           1|
    |tmp_106_fu_2212_p3                  |  select  |      0|  0|  32|           1|          32|
    |tmp_108_fu_3145_p3                  |  select  |      0|  0|  32|           1|          32|
    |tmp_111_fu_2222_p3                  |  select  |      0|  0|  32|           1|          32|
    |tmp_114_fu_1920_p3                  |  select  |      0|  0|  32|           1|          32|
    |tmp_131_1_fu_2611_p3                |  select  |      0|  0|  64|           1|          64|
    |tmp_131_2_fu_2698_p3                |  select  |      0|  0|  64|           1|          64|
    |tmp_131_3_fu_2785_p3                |  select  |      0|  0|  64|           1|          64|
    |tmp_131_4_fu_2872_p3                |  select  |      0|  0|  64|           1|          64|
    |tmp_131_5_fu_2959_p3                |  select  |      0|  0|  64|           1|          64|
    |tmp_131_6_fu_3046_p3                |  select  |      0|  0|  64|           1|          64|
    |tmp_131_7_fu_3133_p3                |  select  |      0|  0|  64|           1|          64|
    |tmp_132_fu_2237_p3                  |  select  |      0|  0|  32|           1|           1|
    |tmp_133_fu_2244_p3                  |  select  |      0|  0|  32|           1|          32|
    |tmp_134_fu_3164_p3                  |  select  |      0|  0|  32|           1|          32|
    |tmp_137_fu_2254_p3                  |  select  |      0|  0|  32|           1|          32|
    |tmp_138_fu_1925_p3                  |  select  |      0|  0|  32|           1|          32|
    |tmp_158_fu_2269_p3                  |  select  |      0|  0|  32|           1|           1|
    |tmp_159_fu_2276_p3                  |  select  |      0|  0|  32|           1|          32|
    |tmp_160_fu_3183_p3                  |  select  |      0|  0|  32|           1|          32|
    |tmp_164_fu_2286_p3                  |  select  |      0|  0|  32|           1|          32|
    |tmp_168_fu_1930_p3                  |  select  |      0|  0|  32|           1|          32|
    |tmp_185_fu_2301_p3                  |  select  |      0|  0|  32|           1|           1|
    |tmp_186_fu_2308_p3                  |  select  |      0|  0|  32|           1|          32|
    |tmp_188_fu_3202_p3                  |  select  |      0|  0|  32|           1|          32|
    |tmp_194_fu_2318_p3                  |  select  |      0|  0|  32|           1|          32|
    |tmp_195_fu_1935_p3                  |  select  |      0|  0|  32|           1|          32|
    |tmp_212_fu_2333_p3                  |  select  |      0|  0|  32|           1|           1|
    |tmp_214_fu_2340_p3                  |  select  |      0|  0|  32|           1|          32|
    |tmp_215_fu_3221_p3                  |  select  |      0|  0|  32|           1|          32|
    |tmp_21_fu_2350_p3                   |  select  |      0|  0|  32|           1|          32|
    |tmp_221_fu_1940_p3                  |  select  |      0|  0|  32|           1|          32|
    |tmp_22_fu_3240_p3                   |  select  |      0|  0|  32|           1|          32|
    |tmp_239_fu_2365_p3                  |  select  |      0|  0|  32|           1|           1|
    |tmp_23_fu_2372_p3                   |  select  |      0|  0|  32|           1|          32|
    |tmp_244_fu_1945_p3                  |  select  |      0|  0|  32|           1|          32|
    |tmp_25_fu_2382_p3                   |  select  |      0|  0|  32|           1|          32|
    |tmp_262_fu_2397_p3                  |  select  |      0|  0|  32|           1|           1|
    |tmp_266_fu_1950_p3                  |  select  |      0|  0|  32|           1|          32|
    |tmp_26_fu_3259_p3                   |  select  |      0|  0|  32|           1|          32|
    |tmp_27_fu_2404_p3                   |  select  |      0|  0|  32|           1|          32|
    |tmp_284_fu_2429_p3                  |  select  |      0|  0|  32|           1|           1|
    |tmp_285_fu_2436_p3                  |  select  |      0|  0|  32|           1|          32|
    |tmp_289_fu_3151_p3                  |  select  |      0|  0|  32|           1|          32|
    |tmp_290_fu_3170_p3                  |  select  |      0|  0|  32|           1|          32|
    |tmp_291_fu_3189_p3                  |  select  |      0|  0|  32|           1|          32|
    |tmp_292_fu_3208_p3                  |  select  |      0|  0|  32|           1|          32|
    |tmp_293_fu_3227_p3                  |  select  |      0|  0|  32|           1|          32|
    |tmp_294_fu_3246_p3                  |  select  |      0|  0|  32|           1|          32|
    |tmp_295_fu_3265_p3                  |  select  |      0|  0|  32|           1|          32|
    |tmp_296_fu_3284_p3                  |  select  |      0|  0|  32|           1|          32|
    |tmp_29_fu_2414_p3                   |  select  |      0|  0|  32|           1|          32|
    |tmp_30_fu_3278_p3                   |  select  |      0|  0|  32|           1|          32|
    |tmp_40_fu_2190_p3                   |  select  |      0|  0|  32|           1|          32|
    |tmp_44_fu_1915_p3                   |  select  |      0|  0|  32|           1|          32|
    |tmp_89_fu_2524_p3                   |  select  |      0|  0|  64|           1|          64|
    |w5_1_fu_1726_p3                     |  select  |      0|  0|  32|           1|           1|
    |w_1_fu_3377_p3                      |  select  |      0|  0|  32|           1|           1|
    |ap_enable_pp0                       |    xor   |      0|  0|   2|           1|           2|
    |ap_enable_pp1                       |    xor   |      0|  0|   2|           1|           2|
    |ap_enable_pp2                       |    xor   |      0|  0|   2|           1|           2|
    |ap_enable_reg_pp0_iter1             |    xor   |      0|  0|   2|           2|           1|
    |ap_enable_reg_pp1_iter1             |    xor   |      0|  0|   2|           2|           1|
    |ap_enable_reg_pp2_iter1             |    xor   |      0|  0|   2|           2|           1|
    |sel_tmp10_fu_3506_p2                |    xor   |      0|  0|   2|           1|           2|
    |sel_tmp12_fu_3638_p2                |    xor   |      0|  0|   2|           1|           1|
    |sel_tmp2_fu_3496_p2                 |    xor   |      0|  0|   2|           1|           2|
    |sel_tmp9_fu_3486_p2                 |    xor   |      0|  0|   2|           1|           2|
    |tmp_102_not_fu_3654_p2              |    xor   |      0|  0|   2|           1|           2|
    |tmp_93_not_fu_3682_p2               |    xor   |      0|  0|   2|           1|           2|
    |tmp_98_not_fu_3644_p2               |    xor   |      0|  0|   2|           1|           2|
    +------------------------------------+----------+-------+---+----+------------+------------+
    |Total                               |          |      0|  0|4855|        2302|        3236|
    +------------------------------------+----------+-------+---+----+------------+------------+

    * Multiplexer: 
    +----------------------------------------+-----+-----------+-----+-----------+
    |                  Name                  | LUT | Input Size| Bits| Total Bits|
    +----------------------------------------+-----+-----------+-----+-----------+
    |ap_NS_fsm                               |  397|         91|    1|         91|
    |ap_done                                 |    9|          2|    1|          2|
    |ap_enable_reg_pp0_iter1                 |   15|          3|    1|          3|
    |ap_enable_reg_pp1_iter1                 |    9|          2|    1|          2|
    |ap_enable_reg_pp1_iter47                |    9|          2|    1|          2|
    |ap_enable_reg_pp2_iter1                 |   15|          3|    1|          3|
    |ap_phi_mux_done1_phi_fu_789_p4          |    9|          2|    1|          2|
    |ap_phi_mux_done2_phi_fu_742_p4          |    9|          2|    1|          2|
    |ap_phi_mux_h4_phi_fu_719_p4             |    9|          2|   32|         64|
    |ap_phi_mux_h_phi_fu_766_p4              |    9|          2|   32|         64|
    |ap_phi_mux_i_op_assign_9_phi_fu_695_p4  |    9|          2|   13|         26|
    |ap_phi_mux_o3_phi_fu_707_p4             |    9|          2|   32|         64|
    |beta_buf_0_address0                     |   15|          3|    3|          9|
    |beta_buf_1_address0                     |   15|          3|    3|          9|
    |beta_buf_2_address0                     |   15|          3|    3|          9|
    |beta_buf_3_address0                     |   15|          3|    3|          9|
    |beta_buf_4_address0                     |   15|          3|    3|          9|
    |beta_buf_5_address0                     |   15|          3|    3|          9|
    |beta_buf_6_address0                     |   15|          3|    3|          9|
    |beta_buf_7_address0                     |   15|          3|    3|          9|
    |done1_reg_785                           |    9|          2|    1|          2|
    |done2_reg_738                           |    9|          2|    1|          2|
    |done_reg_668                            |    9|          2|    1|          2|
    |fifo_beta_conv_V_V_blk_n                |    9|          2|    1|          2|
    |fifo_cin_V_V_blk_n                      |    9|          2|    1|          2|
    |fifo_config_in_V_V_blk_n                |    9|          2|    1|          2|
    |fifo_config_out_V_V_blk_n               |    9|          2|    1|          2|
    |fifo_cout_V_V_blk_n                     |    9|          2|    1|          2|
    |fifo_cout_V_V_din                       |   15|          3|  256|        768|
    |fifo_gamma_conv_V_V_blk_n               |    9|          2|    1|          2|
    |gamma_buf_0_address0                    |   15|          3|    3|          9|
    |gamma_buf_1_address0                    |   15|          3|    3|          9|
    |gamma_buf_2_address0                    |   15|          3|    3|          9|
    |gamma_buf_3_address0                    |   15|          3|    3|          9|
    |gamma_buf_4_address0                    |   15|          3|    3|          9|
    |gamma_buf_5_address0                    |   15|          3|    3|          9|
    |gamma_buf_6_address0                    |   15|          3|    3|          9|
    |gamma_buf_7_address0                    |   15|          3|    3|          9|
    |h4_reg_715                              |    9|          2|   32|         64|
    |h_reg_762                               |    9|          2|   32|         64|
    |i_op_assign_9_reg_691                   |    9|          2|   13|         26|
    |i_op_assign_reg_596                     |    9|          2|   32|         64|
    |in_h_iter_reg_620                       |    9|          2|   32|         64|
    |in_w_iter_reg_632                       |    9|          2|   32|         64|
    |layer_iter_reg_644                      |    9|          2|   32|         64|
    |layer_start_1_reg_679                   |    9|          2|    1|          2|
    |layer_start_reg_656                     |    9|          2|    1|          2|
    |o3_reg_703                              |    9|          2|   32|         64|
    |o_reg_750                               |    9|          2|   32|         64|
    |out_num_iter_reg_608                    |    9|          2|   32|         64|
    |real_start                              |    9|          2|    1|          2|
    |w5_reg_727                              |    9|          2|   32|         64|
    |w_reg_774                               |    9|          2|   32|         64|
    +----------------------------------------+-----+-----------+-----+-----------+
    |Total                                   |  979|        214|  798|       1991|
    +----------------------------------------+-----+-----------+-----+-----------+

    * Register: 
    +------------------------------+-----+----+-----+-----------+
    |             Name             |  FF | LUT| Bits| Const Bits|
    +------------------------------+-----+----+-----+-----------+
    |LAYER_BATCH_V_reg_3728        |   32|   0|   32|          0|
    |LAYER_IN_H_T_V_reg_3781       |   32|   0|   32|          0|
    |LAYER_IN_H_V_reg_3755         |   32|   0|   32|          0|
    |LAYER_IN_NUM_T_V_reg_3771     |   16|   0|   16|          0|
    |LAYER_IN_NUM_V_reg_3743       |   32|   0|   32|          0|
    |LAYER_IN_W_T_V_reg_3788       |   32|   0|   32|          0|
    |LAYER_IN_W_V_reg_3760         |   32|   0|   32|          0|
    |LAYER_OUT_NUM_T_V_reg_3776    |   16|   0|   16|          0|
    |LAYER_OUT_NUM_V_reg_3750      |   32|   0|   32|          0|
    |STRIDE_V_2_reg_3799           |   32|   0|   32|          0|
    |STRIDE_V_reg_3765             |   32|   0|   32|          0|
    |ap_CS_fsm                     |   90|   0|   90|          0|
    |ap_done_reg                   |    1|   0|    1|          0|
    |ap_enable_reg_pp0_iter0       |    1|   0|    1|          0|
    |ap_enable_reg_pp0_iter1       |    1|   0|    1|          0|
    |ap_enable_reg_pp1_iter0       |    1|   0|    1|          0|
    |ap_enable_reg_pp1_iter1       |    1|   0|    1|          0|
    |ap_enable_reg_pp1_iter10      |    1|   0|    1|          0|
    |ap_enable_reg_pp1_iter11      |    1|   0|    1|          0|
    |ap_enable_reg_pp1_iter12      |    1|   0|    1|          0|
    |ap_enable_reg_pp1_iter13      |    1|   0|    1|          0|
    |ap_enable_reg_pp1_iter14      |    1|   0|    1|          0|
    |ap_enable_reg_pp1_iter15      |    1|   0|    1|          0|
    |ap_enable_reg_pp1_iter16      |    1|   0|    1|          0|
    |ap_enable_reg_pp1_iter17      |    1|   0|    1|          0|
    |ap_enable_reg_pp1_iter18      |    1|   0|    1|          0|
    |ap_enable_reg_pp1_iter19      |    1|   0|    1|          0|
    |ap_enable_reg_pp1_iter2       |    1|   0|    1|          0|
    |ap_enable_reg_pp1_iter20      |    1|   0|    1|          0|
    |ap_enable_reg_pp1_iter21      |    1|   0|    1|          0|
    |ap_enable_reg_pp1_iter22      |    1|   0|    1|          0|
    |ap_enable_reg_pp1_iter23      |    1|   0|    1|          0|
    |ap_enable_reg_pp1_iter24      |    1|   0|    1|          0|
    |ap_enable_reg_pp1_iter25      |    1|   0|    1|          0|
    |ap_enable_reg_pp1_iter26      |    1|   0|    1|          0|
    |ap_enable_reg_pp1_iter27      |    1|   0|    1|          0|
    |ap_enable_reg_pp1_iter28      |    1|   0|    1|          0|
    |ap_enable_reg_pp1_iter29      |    1|   0|    1|          0|
    |ap_enable_reg_pp1_iter3       |    1|   0|    1|          0|
    |ap_enable_reg_pp1_iter30      |    1|   0|    1|          0|
    |ap_enable_reg_pp1_iter31      |    1|   0|    1|          0|
    |ap_enable_reg_pp1_iter32      |    1|   0|    1|          0|
    |ap_enable_reg_pp1_iter33      |    1|   0|    1|          0|
    |ap_enable_reg_pp1_iter34      |    1|   0|    1|          0|
    |ap_enable_reg_pp1_iter35      |    1|   0|    1|          0|
    |ap_enable_reg_pp1_iter36      |    1|   0|    1|          0|
    |ap_enable_reg_pp1_iter37      |    1|   0|    1|          0|
    |ap_enable_reg_pp1_iter38      |    1|   0|    1|          0|
    |ap_enable_reg_pp1_iter39      |    1|   0|    1|          0|
    |ap_enable_reg_pp1_iter4       |    1|   0|    1|          0|
    |ap_enable_reg_pp1_iter40      |    1|   0|    1|          0|
    |ap_enable_reg_pp1_iter41      |    1|   0|    1|          0|
    |ap_enable_reg_pp1_iter42      |    1|   0|    1|          0|
    |ap_enable_reg_pp1_iter43      |    1|   0|    1|          0|
    |ap_enable_reg_pp1_iter44      |    1|   0|    1|          0|
    |ap_enable_reg_pp1_iter45      |    1|   0|    1|          0|
    |ap_enable_reg_pp1_iter46      |    1|   0|    1|          0|
    |ap_enable_reg_pp1_iter47      |    1|   0|    1|          0|
    |ap_enable_reg_pp1_iter5       |    1|   0|    1|          0|
    |ap_enable_reg_pp1_iter6       |    1|   0|    1|          0|
    |ap_enable_reg_pp1_iter7       |    1|   0|    1|          0|
    |ap_enable_reg_pp1_iter8       |    1|   0|    1|          0|
    |ap_enable_reg_pp1_iter9       |    1|   0|    1|          0|
    |ap_enable_reg_pp2_iter0       |    1|   0|    1|          0|
    |ap_enable_reg_pp2_iter1       |    1|   0|    1|          0|
    |beta_buf_0_load_reg_4195      |   32|   0|   32|          0|
    |beta_buf_1_load_reg_4206      |   32|   0|   32|          0|
    |beta_buf_2_load_reg_4217      |   32|   0|   32|          0|
    |beta_buf_3_load_reg_4228      |   32|   0|   32|          0|
    |beta_buf_4_load_reg_4239      |   32|   0|   32|          0|
    |beta_buf_5_load_reg_4250      |   32|   0|   32|          0|
    |beta_buf_6_load_reg_4261      |   32|   0|   32|          0|
    |beta_buf_7_load_reg_4272      |   32|   0|   32|          0|
    |bias_en_reg_3818              |    1|   0|    1|          0|
    |cin_buf_0_reg_4094            |   32|   0|   32|          0|
    |cin_buf_1_reg_4101            |   32|   0|   32|          0|
    |cin_buf_2_reg_4108            |   32|   0|   32|          0|
    |cin_buf_3_reg_4115            |   32|   0|   32|          0|
    |cin_buf_4_reg_4122            |   32|   0|   32|          0|
    |cin_buf_5_reg_4129            |   32|   0|   32|          0|
    |cin_buf_6_reg_4136            |   32|   0|   32|          0|
    |cin_buf_7_reg_4143            |   32|   0|   32|          0|
    |done1_reg_785                 |    1|   0|    1|          0|
    |done2_reg_738                 |    1|   0|    1|          0|
    |done_reg_668                  |    1|   0|    1|          0|
    |exitcond1_reg_3846            |    1|   0|    1|          0|
    |gamma_buf_0_load_reg_4054     |   32|   0|   32|          0|
    |gamma_buf_1_load_reg_4059     |   32|   0|   32|          0|
    |gamma_buf_2_load_reg_4064     |   32|   0|   32|          0|
    |gamma_buf_3_load_reg_4069     |   32|   0|   32|          0|
    |gamma_buf_4_load_reg_4074     |   32|   0|   32|          0|
    |gamma_buf_5_load_reg_4079     |   32|   0|   32|          0|
    |gamma_buf_6_load_reg_4084     |   32|   0|   32|          0|
    |gamma_buf_7_load_reg_4089     |   32|   0|   32|          0|
    |h4_reg_715                    |   32|   0|   32|          0|
    |h_1_reg_4912                  |   32|   0|   32|          0|
    |h_3_reg_3928                  |   32|   0|   32|          0|
    |h_reg_762                     |   32|   0|   32|          0|
    |i_op_assign_9_reg_691         |   13|   0|   13|          0|
    |i_op_assign_reg_596           |   32|   0|   32|          0|
    |in_h_iter_1_reg_4868          |   32|   0|   32|          0|
    |in_h_iter_reg_620             |   32|   0|   32|          0|
    |in_num_iter_reg_4862          |   32|   0|   32|          0|
    |in_w_iter_1_reg_4874          |   32|   0|   32|          0|
    |in_w_iter_reg_632             |   32|   0|   32|          0|
    |layer_iter_1_reg_4963         |   32|   0|   32|          0|
    |layer_iter_reg_644            |   32|   0|   32|          0|
    |layer_start_1_reg_679         |    1|   0|    1|          0|
    |layer_start_reg_656           |    1|   0|    1|          0|
    |norm_conv_en_reg_3814         |    1|   0|    1|          0|
    |notlhs11_reg_4511             |    1|   0|    1|          0|
    |notlhs14_reg_4531             |    1|   0|    1|          0|
    |notlhs17_reg_4551             |    1|   0|    1|          0|
    |notlhs20_reg_4571             |    1|   0|    1|          0|
    |notlhs23_reg_4591             |    1|   0|    1|          0|
    |notlhs2_reg_4451              |    1|   0|    1|          0|
    |notlhs5_reg_4471              |    1|   0|    1|          0|
    |notlhs8_reg_4491              |    1|   0|    1|          0|
    |notrhs11_reg_4516             |    1|   0|    1|          0|
    |notrhs14_reg_4536             |    1|   0|    1|          0|
    |notrhs17_reg_4556             |    1|   0|    1|          0|
    |notrhs20_reg_4576             |    1|   0|    1|          0|
    |notrhs23_reg_4596             |    1|   0|    1|          0|
    |notrhs2_reg_4456              |    1|   0|    1|          0|
    |notrhs5_reg_4476              |    1|   0|    1|          0|
    |notrhs8_reg_4496              |    1|   0|    1|          0|
    |o3_3_reg_3991                 |   32|   0|   32|          0|
    |o3_reg_703                    |   32|   0|   32|          0|
    |o_1_reg_3850                  |   13|   0|   13|          0|
    |o_reg_750                     |   32|   0|   32|          0|
    |or_cond1_35_reg_3828          |    1|   0|    1|          0|
    |or_cond_37_reg_3855           |    1|   0|    1|          0|
    |out_num_iter_1_reg_4880       |   32|   0|   32|          0|
    |out_num_iter_reg_608          |   32|   0|   32|          0|
    |p_Val2_6_reg_3733             |  192|   0|  192|          0|
    |reg_1077                      |   13|   0|   13|          0|
    |ret_V_10_reg_3911             |   32|   0|   32|          0|
    |ret_V_11_reg_3916             |   32|   0|   32|          0|
    |ret_V_1_reg_3832              |   33|   0|   33|          0|
    |ret_V_2_reg_3823              |   33|   0|   33|          0|
    |ret_V_8_reg_4890              |   32|   0|   32|          0|
    |ret_V_9_reg_4895              |   32|   0|   32|          0|
    |sel_tmp108_demorgan_reg_4969  |    1|   0|    1|          0|
    |sel_tmp115_demorgan_reg_4975  |    1|   0|    1|          0|
    |start_once_reg                |    1|   0|    1|          0|
    |tmp_102_reg_4957              |    1|   0|    1|          0|
    |tmp_106_reg_4606              |   32|   0|   32|          0|
    |tmp_107_reg_3875              |    1|   0|    1|          0|
    |tmp_114_reg_4333              |   32|   0|   32|          0|
    |tmp_117_reg_3921              |    1|   0|    1|          0|
    |tmp_119_reg_3899              |    1|   0|    1|          0|
    |tmp_122_1_reg_4201            |   32|   0|   32|          0|
    |tmp_122_2_reg_4212            |   32|   0|   32|          0|
    |tmp_122_3_reg_4223            |   32|   0|   32|          0|
    |tmp_122_4_reg_4234            |   32|   0|   32|          0|
    |tmp_122_5_reg_4245            |   32|   0|   32|          0|
    |tmp_122_6_reg_4256            |   32|   0|   32|          0|
    |tmp_122_7_reg_4267            |   32|   0|   32|          0|
    |tmp_124_1_to_int_reg_4466     |   32|   0|   32|          0|
    |tmp_124_2_to_int_reg_4486     |   32|   0|   32|          0|
    |tmp_124_3_to_int_reg_4506     |   32|   0|   32|          0|
    |tmp_124_4_to_int_reg_4526     |   32|   0|   32|          0|
    |tmp_124_5_to_int_reg_4546     |   32|   0|   32|          0|
    |tmp_124_6_to_int_reg_4566     |   32|   0|   32|          0|
    |tmp_124_7_to_int_reg_4586     |   32|   0|   32|          0|
    |tmp_125_reg_4747              |    1|   0|    1|          0|
    |tmp_128_1_reg_4390            |   64|   0|   64|          0|
    |tmp_128_2_reg_4398            |   64|   0|   64|          0|
    |tmp_128_3_reg_4406            |   64|   0|   64|          0|
    |tmp_128_4_reg_4414            |   64|   0|   64|          0|
    |tmp_128_5_reg_4422            |   64|   0|   64|          0|
    |tmp_128_6_reg_4430            |   64|   0|   64|          0|
    |tmp_128_7_reg_4438            |   64|   0|   64|          0|
    |tmp_129_1_reg_4693            |   64|   0|   64|          0|
    |tmp_129_2_reg_4700            |   64|   0|   64|          0|
    |tmp_129_3_reg_4707            |   64|   0|   64|          0|
    |tmp_129_4_reg_4714            |   64|   0|   64|          0|
    |tmp_129_5_reg_4721            |   64|   0|   64|          0|
    |tmp_129_6_reg_4728            |   64|   0|   64|          0|
    |tmp_129_7_reg_4735            |   64|   0|   64|          0|
    |tmp_130_reg_4481              |    1|   0|    1|          0|
    |tmp_131_1_reg_4787            |   64|   0|   64|          0|
    |tmp_131_2_reg_4792            |   64|   0|   64|          0|
    |tmp_131_3_reg_4797            |   64|   0|   64|          0|
    |tmp_131_4_reg_4802            |   64|   0|   64|          0|
    |tmp_131_5_reg_4807            |   64|   0|   64|          0|
    |tmp_131_6_reg_4812            |   64|   0|   64|          0|
    |tmp_131_7_reg_4817            |   64|   0|   64|          0|
    |tmp_133_reg_4611              |   32|   0|   32|          0|
    |tmp_138_reg_4340              |   32|   0|   32|          0|
    |tmp_150_reg_4752              |    1|   0|    1|          0|
    |tmp_155_reg_4501              |    1|   0|    1|          0|
    |tmp_159_reg_4616              |   32|   0|   32|          0|
    |tmp_168_reg_4347              |   32|   0|   32|          0|
    |tmp_177_reg_4757              |    1|   0|    1|          0|
    |tmp_182_reg_4521              |    1|   0|    1|          0|
    |tmp_186_reg_4621              |   32|   0|   32|          0|
    |tmp_195_reg_4354              |   32|   0|   32|          0|
    |tmp_204_reg_4762              |    1|   0|    1|          0|
    |tmp_210_reg_4541              |    1|   0|    1|          0|
    |tmp_214_reg_4626              |   32|   0|   32|          0|
    |tmp_221_reg_4361              |   32|   0|   32|          0|
    |tmp_230_reg_4767              |    1|   0|    1|          0|
    |tmp_236_reg_4561              |    1|   0|    1|          0|
    |tmp_23_reg_4631               |   32|   0|   32|          0|
    |tmp_244_reg_4368              |   32|   0|   32|          0|
    |tmp_253_reg_4772              |    1|   0|    1|          0|
    |tmp_259_reg_4581              |    1|   0|    1|          0|
    |tmp_266_reg_4375              |   32|   0|   32|          0|
    |tmp_275_reg_4777              |    1|   0|    1|          0|
    |tmp_27_reg_4636               |   32|   0|   32|          0|
    |tmp_281_reg_4601              |    1|   0|    1|          0|
    |tmp_285_reg_4641              |   32|   0|   32|          0|
    |tmp_31_reg_4284               |   32|   0|   32|          0|
    |tmp_32_reg_4651               |   32|   0|   32|          0|
    |tmp_33_reg_4827               |   32|   0|   32|          0|
    |tmp_36_reg_4290               |   32|   0|   32|          0|
    |tmp_37_reg_4656               |   32|   0|   32|          0|
    |tmp_38_reg_4832               |   32|   0|   32|          0|
    |tmp_41_reg_4296               |   32|   0|   32|          0|
    |tmp_42_reg_4661               |   32|   0|   32|          0|
    |tmp_43_reg_4837               |   32|   0|   32|          0|
    |tmp_44_reg_4326               |   32|   0|   32|          0|
    |tmp_46_reg_4302               |   32|   0|   32|          0|
    |tmp_47_reg_4666               |   32|   0|   32|          0|
    |tmp_48_reg_4842               |   32|   0|   32|          0|
    |tmp_4_reg_4278                |   32|   0|   32|          0|
    |tmp_53_reg_3805               |    1|   0|    1|          0|
    |tmp_54_reg_4308               |   32|   0|   32|          0|
    |tmp_55_reg_4671               |   32|   0|   32|          0|
    |tmp_56_reg_4847               |   32|   0|   32|          0|
    |tmp_59_reg_4314               |   32|   0|   32|          0|
    |tmp_5_reg_4646                |   32|   0|   32|          0|
    |tmp_60_reg_4676               |   32|   0|   32|          0|
    |tmp_61_reg_4852               |   32|   0|   32|          0|
    |tmp_64_reg_4320               |   32|   0|   32|          0|
    |tmp_65_reg_4681               |   32|   0|   32|          0|
    |tmp_66_reg_4857               |   32|   0|   32|          0|
    |tmp_6_reg_4822                |   32|   0|   32|          0|
    |tmp_70_reg_3841               |   13|   0|   32|         19|
    |tmp_73_reg_4900               |   13|   0|   32|         19|
    |tmp_77_reg_3887               |    1|   0|    1|          0|
    |tmp_80_reg_3939               |   64|   0|   64|          0|
    |tmp_82_reg_4190               |   32|   0|   32|          0|
    |tmp_83_reg_4382               |   64|   0|   64|          0|
    |tmp_84_reg_4686               |   64|   0|   64|          0|
    |tmp_86_reg_4742               |    1|   0|    1|          0|
    |tmp_87_reg_4905               |    1|   0|    1|          0|
    |tmp_89_reg_4782               |   64|   0|   64|          0|
    |tmp_89_to_int_reg_4446        |   32|   0|   32|          0|
    |tmp_91_reg_4938               |    1|   0|    1|          0|
    |tmp_93_reg_4945               |    1|   0|    1|          0|
    |tmp_98_reg_4951               |    1|   0|    1|          0|
    |tmp_99_reg_4461               |    1|   0|    1|          0|
    |tmp_V_15_fu_180               |  192|   0|  192|          0|
    |tmp_V_16_fu_184               |  192|   0|  192|          0|
    |tmp_V_fu_176                  |  192|   0|  192|          0|
    |u32_tmp_V_10_reg_4024         |   32|   0|   32|          0|
    |u32_tmp_V_11_reg_4030         |   32|   0|   32|          0|
    |u32_tmp_V_12_reg_4036         |   32|   0|   32|          0|
    |u32_tmp_V_13_reg_4042         |   32|   0|   32|          0|
    |u32_tmp_V_14_reg_4048         |   32|   0|   32|          0|
    |u32_tmp_V_8_reg_4012          |   32|   0|   32|          0|
    |u32_tmp_V_9_reg_4018          |   32|   0|   32|          0|
    |u32_tmp_V_reg_4006            |   32|   0|   32|          0|
    |w5_reg_727                    |   32|   0|   32|          0|
    |w_reg_774                     |   32|   0|   32|          0|
    |beta_buf_0_load_reg_4195      |   64|  32|   32|          0|
    |beta_buf_1_load_reg_4206      |   64|  32|   32|          0|
    |beta_buf_2_load_reg_4217      |   64|  32|   32|          0|
    |beta_buf_3_load_reg_4228      |   64|  32|   32|          0|
    |beta_buf_4_load_reg_4239      |   64|  32|   32|          0|
    |beta_buf_5_load_reg_4250      |   64|  32|   32|          0|
    |beta_buf_6_load_reg_4261      |   64|  32|   32|          0|
    |beta_buf_7_load_reg_4272      |   64|  32|   32|          0|
    |cin_buf_0_reg_4094            |   64|  32|   32|          0|
    |cin_buf_1_reg_4101            |   64|  32|   32|          0|
    |cin_buf_2_reg_4108            |   64|  32|   32|          0|
    |cin_buf_3_reg_4115            |   64|  32|   32|          0|
    |cin_buf_4_reg_4122            |   64|  32|   32|          0|
    |cin_buf_5_reg_4129            |   64|  32|   32|          0|
    |cin_buf_6_reg_4136            |   64|  32|   32|          0|
    |cin_buf_7_reg_4143            |   64|  32|   32|          0|
    |done2_reg_738                 |   64|  64|    1|          0|
    |tmp_106_reg_4606              |   64|  32|   32|          0|
    |tmp_114_reg_4333              |   64|  32|   32|          0|
    |tmp_128_1_reg_4390            |    5|   2|   64|          0|
    |tmp_128_2_reg_4398            |    5|   2|   64|          0|
    |tmp_128_3_reg_4406            |    5|   2|   64|          0|
    |tmp_128_4_reg_4414            |    5|   2|   64|          0|
    |tmp_128_5_reg_4422            |    5|   2|   64|          0|
    |tmp_128_6_reg_4430            |    5|   2|   64|          0|
    |tmp_128_7_reg_4438            |    5|   2|   64|          0|
    |tmp_129_1_reg_4693            |    2|   1|   64|          0|
    |tmp_129_2_reg_4700            |    2|   1|   64|          0|
    |tmp_129_3_reg_4707            |    2|   1|   64|          0|
    |tmp_129_4_reg_4714            |    2|   1|   64|          0|
    |tmp_129_5_reg_4721            |    2|   1|   64|          0|
    |tmp_129_6_reg_4728            |    2|   1|   64|          0|
    |tmp_129_7_reg_4735            |    2|   1|   64|          0|
    |tmp_133_reg_4611              |   64|  32|   32|          0|
    |tmp_138_reg_4340              |   64|  32|   32|          0|
    |tmp_159_reg_4616              |   64|  32|   32|          0|
    |tmp_168_reg_4347              |   64|  32|   32|          0|
    |tmp_186_reg_4621              |   64|  32|   32|          0|
    |tmp_195_reg_4354              |   64|  32|   32|          0|
    |tmp_214_reg_4626              |   64|  32|   32|          0|
    |tmp_221_reg_4361              |   64|  32|   32|          0|
    |tmp_23_reg_4631               |   64|  32|   32|          0|
    |tmp_244_reg_4368              |   64|  32|   32|          0|
    |tmp_266_reg_4375              |   64|  32|   32|          0|
    |tmp_27_reg_4636               |   64|  32|   32|          0|
    |tmp_285_reg_4641              |   64|  32|   32|          0|
    |tmp_31_reg_4284               |   64|  32|   32|          0|
    |tmp_32_reg_4651               |   64|  32|   32|          0|
    |tmp_36_reg_4290               |   64|  32|   32|          0|
    |tmp_37_reg_4656               |   64|  32|   32|          0|
    |tmp_41_reg_4296               |   64|  32|   32|          0|
    |tmp_42_reg_4661               |   64|  32|   32|          0|
    |tmp_44_reg_4326               |   64|  32|   32|          0|
    |tmp_46_reg_4302               |   64|  32|   32|          0|
    |tmp_47_reg_4666               |   64|  32|   32|          0|
    |tmp_4_reg_4278                |   64|  32|   32|          0|
    |tmp_54_reg_4308               |   64|  32|   32|          0|
    |tmp_55_reg_4671               |   64|  32|   32|          0|
    |tmp_59_reg_4314               |   64|  32|   32|          0|
    |tmp_5_reg_4646                |   64|  32|   32|          0|
    |tmp_60_reg_4676               |   64|  32|   32|          0|
    |tmp_64_reg_4320               |   64|  32|   32|          0|
    |tmp_65_reg_4681               |   64|  32|   32|          0|
    |tmp_80_reg_3939               |    3|   1|   64|          0|
    |tmp_83_reg_4382               |    5|   2|   64|          0|
    |tmp_84_reg_4686               |    2|   1|   64|          0|
    |u32_tmp_V_10_reg_4024         |   64|  32|   32|          0|
    |u32_tmp_V_11_reg_4030         |   64|  32|   32|          0|
    |u32_tmp_V_12_reg_4036         |   64|  32|   32|          0|
    |u32_tmp_V_13_reg_4042         |   64|  32|   32|          0|
    |u32_tmp_V_14_reg_4048         |   64|  32|   32|          0|
    |u32_tmp_V_8_reg_4012          |   64|  32|   32|          0|
    |u32_tmp_V_9_reg_4018          |   64|  32|   32|          0|
    |u32_tmp_V_reg_4006            |   64|  32|   32|          0|
    +------------------------------+-----+----+-----+-----------+
    |Total                         |10276|1881| 9488|         38|
    +------------------------------+-----+----+-----+-----------+



================================================================
== Interface
================================================================
* Summary: 
+-----------------------------+-----+-----+------------+---------------------+--------------+
|          RTL Ports          | Dir | Bits|  Protocol  |    Source Object    |    C Type    |
+-----------------------------+-----+-----+------------+---------------------+--------------+
|ap_clk                       |  in |    1| ap_ctrl_hs |         relu        | return value |
|ap_rst                       |  in |    1| ap_ctrl_hs |         relu        | return value |
|ap_start                     |  in |    1| ap_ctrl_hs |         relu        | return value |
|start_full_n                 |  in |    1| ap_ctrl_hs |         relu        | return value |
|ap_done                      | out |    1| ap_ctrl_hs |         relu        | return value |
|ap_continue                  |  in |    1| ap_ctrl_hs |         relu        | return value |
|ap_idle                      | out |    1| ap_ctrl_hs |         relu        | return value |
|ap_ready                     | out |    1| ap_ctrl_hs |         relu        | return value |
|start_out                    | out |    1| ap_ctrl_hs |         relu        | return value |
|start_write                  | out |    1| ap_ctrl_hs |         relu        | return value |
|fifo_cin_V_V_dout            |  in |  256|   ap_fifo  |     fifo_cin_V_V    |    pointer   |
|fifo_cin_V_V_empty_n         |  in |    1|   ap_fifo  |     fifo_cin_V_V    |    pointer   |
|fifo_cin_V_V_read            | out |    1|   ap_fifo  |     fifo_cin_V_V    |    pointer   |
|fifo_config_in_V_V_dout      |  in |  192|   ap_fifo  |  fifo_config_in_V_V |    pointer   |
|fifo_config_in_V_V_empty_n   |  in |    1|   ap_fifo  |  fifo_config_in_V_V |    pointer   |
|fifo_config_in_V_V_read      | out |    1|   ap_fifo  |  fifo_config_in_V_V |    pointer   |
|fifo_cout_V_V_din            | out |  256|   ap_fifo  |    fifo_cout_V_V    |    pointer   |
|fifo_cout_V_V_full_n         |  in |    1|   ap_fifo  |    fifo_cout_V_V    |    pointer   |
|fifo_cout_V_V_write          | out |    1|   ap_fifo  |    fifo_cout_V_V    |    pointer   |
|fifo_config_out_V_V_din      | out |  192|   ap_fifo  | fifo_config_out_V_V |    pointer   |
|fifo_config_out_V_V_full_n   |  in |    1|   ap_fifo  | fifo_config_out_V_V |    pointer   |
|fifo_config_out_V_V_write    | out |    1|   ap_fifo  | fifo_config_out_V_V |    pointer   |
|fifo_gamma_conv_V_V_dout     |  in |  256|   ap_fifo  | fifo_gamma_conv_V_V |    pointer   |
|fifo_gamma_conv_V_V_empty_n  |  in |    1|   ap_fifo  | fifo_gamma_conv_V_V |    pointer   |
|fifo_gamma_conv_V_V_read     | out |    1|   ap_fifo  | fifo_gamma_conv_V_V |    pointer   |
|fifo_beta_conv_V_V_dout      |  in |  256|   ap_fifo  |  fifo_beta_conv_V_V |    pointer   |
|fifo_beta_conv_V_V_empty_n   |  in |    1|   ap_fifo  |  fifo_beta_conv_V_V |    pointer   |
|fifo_beta_conv_V_V_read      | out |    1|   ap_fifo  |  fifo_beta_conv_V_V |    pointer   |
+-----------------------------+-----+-----+------------+---------------------+--------------+

