

================================================================
== Vivado HLS Report for 'top_kernel'
================================================================
* Date:           Thu Nov  5 03:54:50 2020

* Version:        2018.3 (Build 2405991 on Thu Dec 06 23:56:15 MST 2018)
* Project:        pose_prj
* Solution:       solution1
* Product family: virtex7
* Target device:  xc7vx690tffg1761-2


================================================================
== Performance Estimates
================================================================
+ Timing (ns): 
    * Summary: 
    +--------+-------+----------+------------+
    |  Clock | Target| Estimated| Uncertainty|
    +--------+-------+----------+------------+
    |ap_clk  |   3.00|     5.349|        0.38|
    +--------+-------+----------+------------+

+ Latency (clock cycles): 
    * Summary: 
    +-----+-----+-----+-----+---------+
    |  Latency  |  Interval | Pipeline|
    | min | max | min | max |   Type  |
    +-----+-----+-----+-----+---------+
    |    ?|    ?|    ?|    ?|   none  |
    +-----+-----+-----+-----+---------+

    + Detail: 
        * Instance: 
        +-------------------+--------+-----+-----+-----+-----+----------+
        |                   |        |  Latency  |  Interval | Pipeline |
        |      Instance     | Module | min | max | min | max |   Type   |
        +-------------------+--------+-----+-----+-----+-----+----------+
        |grp_engine_fu_228  |engine  |    ?|    ?|    ?|    ?| dataflow |
        +-------------------+--------+-----+-----+-----+-----+----------+

        * Loop: 
        +-------------------------------------+-----+------------+----------+-----------+-----------+----------------+----------+
        |                                     |      Latency     | Iteration|  Initiation Interval  |      Trip      |          |
        |              Loop Name              | min |     max    |  Latency |  achieved |   target  |      Count     | Pipelined|
        +-------------------------------------+-----+------------+----------+-----------+-----------+----------------+----------+
        |- Loop 1                             |    ?|           ?|         ?|          -|          -|               5|    no    |
        | + memcpy.config.gep.layer_config.V  |    0|  2147483646|         2|          -|          -| 0 ~ 1073741823 |    no    |
        +-------------------------------------+-----+------------+----------+-----------+-----------+----------------+----------+

============================================================
+ Verbose Summary: Synthesis Manager
============================================================
InlineROM: 1
ExposeGlobal: 0
============================================================
+ Verbose Summary: CDFG Model
============================================================
IsTopModel: 1
ResetActiveHigh: 1
IsCombinational: 0
IsDatapathOnly: 0
HasWiredReturn: 1
HasMFsm: 0
HasVarLatency: 1
IsPipeline: 0
IsRtlPipelined: 0
IsInstanceOverlapped: 0
IsDontTouch: 0
HasImplIP: 0
IsGatedGlobalClock: 0


============================================================
+ Verbose Summary: Schedule
============================================================
* Number of FSM states : 15
* Pipeline : 0
* Dataflow Pipeline: 0

* FSM state transitions: 
1 --> 
	2  / true
2 --> 
	3  / (!exitcond)
3 --> 
	4  / true
4 --> 
	5  / true
5 --> 
	6  / true
6 --> 
	7  / true
7 --> 
	8  / true
8 --> 
	9  / true
9 --> 
	10  / true
10 --> 
	11  / (!exitcond6)
	12  / (exitcond6)
11 --> 
	10  / true
12 --> 
	13  / true
13 --> 
	14  / true
14 --> 
	15  / true
15 --> 
	2  / true

* FSM state operations: 

State 1 <SV = 0> <Delay = 2.26>
ST_1 : Operation 16 [1/1] (1.00ns)   --->   "%layer_config_V_read = call i64 @_ssdm_op_Read.s_axilite.i64(i64 %layer_config_V)"   --->   Operation 16 'read' 'layer_config_V_read' <Predicate = true> <Delay = 1.00> <Core = "s_axilite">   --->   Core 10 's_axilite' <Latency = 0> <II = 1> <Delay = 1.00> <Adapter> <Opcode : 'read' 'write'>
ST_1 : Operation 17 [1/1] (1.00ns)   --->   "%global_bias_V_read = call i64 @_ssdm_op_Read.s_axilite.i64(i64 %global_bias_V)"   --->   Operation 17 'read' 'global_bias_V_read' <Predicate = true> <Delay = 1.00> <Core = "s_axilite">   --->   Core 10 's_axilite' <Latency = 0> <II = 1> <Delay = 1.00> <Adapter> <Opcode : 'read' 'write'>
ST_1 : Operation 18 [1/1] (1.00ns)   --->   "%global_weight_V_read = call i64 @_ssdm_op_Read.s_axilite.i64(i64 %global_weight_V)"   --->   Operation 18 'read' 'global_weight_V_read' <Predicate = true> <Delay = 1.00> <Core = "s_axilite">   --->   Core 10 's_axilite' <Latency = 0> <II = 1> <Delay = 1.00> <Adapter> <Opcode : 'read' 'write'>
ST_1 : Operation 19 [1/1] (1.00ns)   --->   "%global_cout_V_read = call i64 @_ssdm_op_Read.s_axilite.i64(i64 %global_cout_V)"   --->   Operation 19 'read' 'global_cout_V_read' <Predicate = true> <Delay = 1.00> <Core = "s_axilite">   --->   Core 10 's_axilite' <Latency = 0> <II = 1> <Delay = 1.00> <Adapter> <Opcode : 'read' 'write'>
ST_1 : Operation 20 [1/1] (1.00ns)   --->   "%global_cin_V_read = call i64 @_ssdm_op_Read.s_axilite.i64(i64 %global_cin_V)"   --->   Operation 20 'read' 'global_cin_V_read' <Predicate = true> <Delay = 1.00> <Core = "s_axilite">   --->   Core 10 's_axilite' <Latency = 0> <II = 1> <Delay = 1.00> <Adapter> <Opcode : 'read' 'write'>
ST_1 : Operation 21 [1/1] (0.00ns)   --->   "%tmp = call i62 @_ssdm_op_PartSelect.i62.i64.i32.i32(i64 %layer_config_V_read, i32 2, i32 63)"   --->   Operation 21 'partselect' 'tmp' <Predicate = true> <Delay = 0.00>
ST_1 : Operation 22 [1/1] (0.00ns)   --->   "%tmp_71_cast = zext i62 %tmp to i63"   --->   Operation 22 'zext' 'tmp_71_cast' <Predicate = true> <Delay = 0.00>
ST_1 : Operation 23 [1/1] (0.00ns)   --->   "%global_bias_V9 = call i58 @_ssdm_op_PartSelect.i58.i64.i32.i32(i64 %global_bias_V_read, i32 6, i32 63)"   --->   Operation 23 'partselect' 'global_bias_V9' <Predicate = true> <Delay = 0.00>
ST_1 : Operation 24 [1/1] (0.00ns)   --->   "%global_weight_V7 = call i58 @_ssdm_op_PartSelect.i58.i64.i32.i32(i64 %global_weight_V_read, i32 6, i32 63)"   --->   Operation 24 'partselect' 'global_weight_V7' <Predicate = true> <Delay = 0.00>
ST_1 : Operation 25 [1/1] (0.00ns)   --->   "%global_cout_V5 = call i58 @_ssdm_op_PartSelect.i58.i64.i32.i32(i64 %global_cout_V_read, i32 6, i32 63)"   --->   Operation 25 'partselect' 'global_cout_V5' <Predicate = true> <Delay = 0.00>
ST_1 : Operation 26 [1/1] (0.00ns)   --->   "%global_cin_V1 = call i58 @_ssdm_op_PartSelect.i58.i64.i32.i32(i64 %global_cin_V_read, i32 6, i32 63)"   --->   Operation 26 'partselect' 'global_cin_V1' <Predicate = true> <Delay = 0.00>
ST_1 : Operation 27 [1/1] (0.00ns)   --->   "call void (...)* @_ssdm_op_SpecBitsMap(i32* %gcontrol), !map !447"   --->   Operation 27 'specbitsmap' <Predicate = true> <Delay = 0.00>
ST_1 : Operation 28 [1/1] (0.00ns)   --->   "call void (...)* @_ssdm_op_SpecBitsMap(i512* %gmem2), !map !453"   --->   Operation 28 'specbitsmap' <Predicate = true> <Delay = 0.00>
ST_1 : Operation 29 [1/1] (0.00ns)   --->   "call void (...)* @_ssdm_op_SpecBitsMap(i512* %gmem3), !map !462"   --->   Operation 29 'specbitsmap' <Predicate = true> <Delay = 0.00>
ST_1 : Operation 30 [1/1] (0.00ns)   --->   "call void (...)* @_ssdm_op_SpecBitsMap(i512* %gmem1), !map !466"   --->   Operation 30 'specbitsmap' <Predicate = true> <Delay = 0.00>
ST_1 : Operation 31 [1/1] (0.00ns)   --->   "call void (...)* @_ssdm_op_SpecTopModule([11 x i8]* @top_kernel_str) nounwind"   --->   Operation 31 'spectopmodule' <Predicate = true> <Delay = 0.00>
ST_1 : Operation 32 [1/1] (2.26ns)   --->   "%config = alloca [32 x i32], align 16" [kernel.cpp:5918]   --->   Operation 32 'alloca' 'config' <Predicate = true> <Delay = 2.26> <Core = "RAM">   --->   Core 37 'RAM' <Latency = 1> <II = 1> <Delay = 2.26> <Storage> <Opcode : 'load' 'store'> <Ports = 2> <Width = 32> <Depth = 32> <RAM>
ST_1 : Operation 33 [1/1] (0.00ns)   --->   "call void (...)* @_ssdm_op_SpecInterface(i512* %gmem1, [6 x i8]* @p_str58, i32 0, i32 0, [1 x i8]* @p_str112, i32 0, i32 826274, [6 x i8]* @p_str59, [6 x i8]* @p_str60, [1 x i8]* @p_str112, i32 16, i32 16, i32 16, i32 16, [1 x i8]* @p_str112, [1 x i8]* @p_str112) nounwind" [kernel.cpp:5897]   --->   Operation 33 'specinterface' <Predicate = true> <Delay = 0.00>
ST_1 : Operation 34 [1/1] (0.00ns)   --->   "call void (...)* @_ssdm_op_SpecInterface(i512* %gmem3, [6 x i8]* @p_str58, i32 0, i32 0, [1 x i8]* @p_str112, i32 0, i32 0, [6 x i8]* @p_str61, [6 x i8]* @p_str60, [1 x i8]* @p_str112, i32 16, i32 16, i32 16, i32 16, [1 x i8]* @p_str112, [1 x i8]* @p_str112) nounwind" [kernel.cpp:5898]   --->   Operation 34 'specinterface' <Predicate = true> <Delay = 0.00>
ST_1 : Operation 35 [1/1] (0.00ns)   --->   "call void (...)* @_ssdm_op_SpecInterface(i512* %gmem2, [6 x i8]* @p_str58, i32 0, i32 0, [1 x i8]* @p_str112, i32 0, i32 34234, [6 x i8]* @p_str62, [6 x i8]* @p_str60, [1 x i8]* @p_str112, i32 16, i32 16, i32 16, i32 16, [1 x i8]* @p_str112, [1 x i8]* @p_str112) nounwind" [kernel.cpp:5900]   --->   Operation 35 'specinterface' <Predicate = true> <Delay = 0.00>
ST_1 : Operation 36 [1/1] (0.00ns)   --->   "call void (...)* @_ssdm_op_SpecInterface(i32* %gcontrol, [6 x i8]* @p_str58, i32 0, i32 0, [1 x i8]* @p_str112, i32 0, i32 2815, [9 x i8]* @p_str63, [6 x i8]* @p_str60, [1 x i8]* @p_str112, i32 16, i32 16, i32 16, i32 16, [1 x i8]* @p_str112, [1 x i8]* @p_str112) nounwind" [kernel.cpp:5902]   --->   Operation 36 'specinterface' <Predicate = true> <Delay = 0.00>
ST_1 : Operation 37 [1/1] (0.00ns)   --->   "call void (...)* @_ssdm_op_SpecInterface(i64 %global_cin_V, [10 x i8]* @p_str64, i32 0, i32 0, [1 x i8]* @p_str112, i32 0, i32 0, [8 x i8]* @p_str65, [1 x i8]* @p_str112, [1 x i8]* @p_str112, i32 0, i32 0, i32 0, i32 0, [1 x i8]* @p_str112, [1 x i8]* @p_str112) nounwind" [kernel.cpp:5904]   --->   Operation 37 'specinterface' <Predicate = true> <Delay = 0.00>
ST_1 : Operation 38 [1/1] (0.00ns)   --->   "call void (...)* @_ssdm_op_SpecInterface(i64 %global_prev_cin_V, [10 x i8]* @p_str64, i32 0, i32 0, [1 x i8]* @p_str112, i32 0, i32 0, [8 x i8]* @p_str65, [1 x i8]* @p_str112, [1 x i8]* @p_str112, i32 0, i32 0, i32 0, i32 0, [1 x i8]* @p_str112, [1 x i8]* @p_str112) nounwind" [kernel.cpp:5905]   --->   Operation 38 'specinterface' <Predicate = true> <Delay = 0.00>
ST_1 : Operation 39 [1/1] (0.00ns)   --->   "call void (...)* @_ssdm_op_SpecInterface(i64 %global_weight_V, [10 x i8]* @p_str64, i32 0, i32 0, [1 x i8]* @p_str112, i32 0, i32 0, [8 x i8]* @p_str65, [1 x i8]* @p_str112, [1 x i8]* @p_str112, i32 0, i32 0, i32 0, i32 0, [1 x i8]* @p_str112, [1 x i8]* @p_str112) nounwind" [kernel.cpp:5906]   --->   Operation 39 'specinterface' <Predicate = true> <Delay = 0.00>
ST_1 : Operation 40 [1/1] (0.00ns)   --->   "call void (...)* @_ssdm_op_SpecInterface(i64 %global_bias_V, [10 x i8]* @p_str64, i32 0, i32 0, [1 x i8]* @p_str112, i32 0, i32 0, [8 x i8]* @p_str65, [1 x i8]* @p_str112, [1 x i8]* @p_str112, i32 0, i32 0, i32 0, i32 0, [1 x i8]* @p_str112, [1 x i8]* @p_str112) nounwind" [kernel.cpp:5907]   --->   Operation 40 'specinterface' <Predicate = true> <Delay = 0.00>
ST_1 : Operation 41 [1/1] (0.00ns)   --->   "call void (...)* @_ssdm_op_SpecInterface(i64 %global_cout_V, [10 x i8]* @p_str64, i32 0, i32 0, [1 x i8]* @p_str112, i32 0, i32 0, [8 x i8]* @p_str65, [1 x i8]* @p_str112, [1 x i8]* @p_str112, i32 0, i32 0, i32 0, i32 0, [1 x i8]* @p_str112, [1 x i8]* @p_str112) nounwind" [kernel.cpp:5908]   --->   Operation 41 'specinterface' <Predicate = true> <Delay = 0.00>
ST_1 : Operation 42 [1/1] (0.00ns)   --->   "call void (...)* @_ssdm_op_SpecInterface(i64 %layer_config_V, [10 x i8]* @p_str64, i32 0, i32 0, [1 x i8]* @p_str112, i32 0, i32 0, [8 x i8]* @p_str65, [1 x i8]* @p_str112, [1 x i8]* @p_str112, i32 0, i32 0, i32 0, i32 0, [1 x i8]* @p_str112, [1 x i8]* @p_str112) nounwind" [kernel.cpp:5909]   --->   Operation 42 'specinterface' <Predicate = true> <Delay = 0.00>
ST_1 : Operation 43 [1/1] (0.00ns)   --->   "call void (...)* @_ssdm_op_SpecInterface(i32 0, [10 x i8]* @p_str64, i32 0, i32 0, [1 x i8]* @p_str112, i32 0, i32 0, [8 x i8]* @p_str65, [1 x i8]* @p_str112, [1 x i8]* @p_str112, i32 0, i32 0, i32 0, i32 0, [1 x i8]* @p_str112, [1 x i8]* @p_str112) nounwind" [kernel.cpp:5910]   --->   Operation 43 'specinterface' <Predicate = true> <Delay = 0.00>
ST_1 : Operation 44 [1/1] (0.00ns)   --->   "%config_addr = getelementptr inbounds [32 x i32]* %config, i64 0, i64 25" [kernel.cpp:5929]   --->   Operation 44 'getelementptr' 'config_addr' <Predicate = true> <Delay = 0.00>
ST_1 : Operation 45 [1/1] (0.85ns)   --->   "br label %0" [kernel.cpp:5922]   --->   Operation 45 'br' <Predicate = true> <Delay = 0.85>

State 2 <SV = 1> <Delay = 1.78>
ST_2 : Operation 46 [1/1] (0.00ns)   --->   "%cur_layer_batch = phi i32 [ 1, %burst.rd.end ], [ %nxt_layer_batch, %burst.rd.end10 ]"   --->   Operation 46 'phi' 'cur_layer_batch' <Predicate = true> <Delay = 0.00>
ST_2 : Operation 47 [1/1] (0.00ns)   --->   "%layer_id = phi i3 [ 0, %burst.rd.end ], [ %layer_id_1, %burst.rd.end10 ]"   --->   Operation 47 'phi' 'layer_id' <Predicate = true> <Delay = 0.00>
ST_2 : Operation 48 [1/1] (0.67ns)   --->   "%exitcond = icmp eq i3 %layer_id, -3" [kernel.cpp:5922]   --->   Operation 48 'icmp' 'exitcond' <Predicate = true> <Delay = 0.67> <Core = "Cmp">   --->   Core 25 'Cmp' <Latency = 0> <II = 1> <Delay = 1.25> <FuncUnit> <Opcode : 'icmp'> <InPorts = 2> <OutPorts = 1>
ST_2 : Operation 49 [1/1] (0.00ns)   --->   "%empty = call i32 (...)* @_ssdm_op_SpecLoopTripCount(i64 5, i64 5, i64 5)"   --->   Operation 49 'speclooptripcount' 'empty' <Predicate = true> <Delay = 0.00>
ST_2 : Operation 50 [1/1] (0.93ns)   --->   "%layer_id_1 = add i3 %layer_id, 1" [kernel.cpp:5934]   --->   Operation 50 'add' 'layer_id_1' <Predicate = true> <Delay = 0.93> <Core = "AddSub">   --->   Core 14 'AddSub' <Latency = 0> <II = 1> <Delay = 1.51> <FuncUnit> <Opcode : 'add' 'sub'> <InPorts = 2> <OutPorts = 1>
ST_2 : Operation 51 [1/1] (0.00ns)   --->   "br i1 %exitcond, label %2, label %1" [kernel.cpp:5922]   --->   Operation 51 'br' <Predicate = true> <Delay = 0.00>
ST_2 : Operation 52 [1/1] (0.00ns) (grouped into LUT with out node layer_config_V12_sum)   --->   "%tmp_s = call i8 @_ssdm_op_BitConcatenate.i8.i3.i5(i3 %layer_id, i5 0)" [kernel.cpp:5927]   --->   Operation 52 'bitconcatenate' 'tmp_s' <Predicate = (!exitcond)> <Delay = 0.00>
ST_2 : Operation 53 [1/1] (0.00ns) (grouped into LUT with out node layer_config_V12_sum)   --->   "%tmp_15 = or i8 %tmp_s, 5" [kernel.cpp:5927]   --->   Operation 53 'or' 'tmp_15' <Predicate = (!exitcond)> <Delay = 0.00>
ST_2 : Operation 54 [1/1] (0.00ns) (grouped into LUT with out node layer_config_V12_sum)   --->   "%tmp_60_cast = zext i8 %tmp_15 to i63" [kernel.cpp:5927]   --->   Operation 54 'zext' 'tmp_60_cast' <Predicate = (!exitcond)> <Delay = 0.00>
ST_2 : Operation 55 [1/1] (1.78ns) (out node of the LUT)   --->   "%layer_config_V12_sum = add i63 %tmp_71_cast, %tmp_60_cast" [kernel.cpp:5927]   --->   Operation 55 'add' 'layer_config_V12_sum' <Predicate = (!exitcond)> <Delay = 1.78> <Core = "AddSub">   --->   Core 14 'AddSub' <Latency = 0> <II = 1> <Delay = 1.51> <FuncUnit> <Opcode : 'add' 'sub'> <InPorts = 2> <OutPorts = 1>
ST_2 : Operation 56 [1/1] (0.00ns)   --->   "%layer_config_V12_sum_1 = zext i63 %layer_config_V12_sum to i64" [kernel.cpp:5927]   --->   Operation 56 'zext' 'layer_config_V12_sum_1' <Predicate = (!exitcond)> <Delay = 0.00>
ST_2 : Operation 57 [1/1] (0.00ns)   --->   "%gcontrol_addr = getelementptr i32* %gcontrol, i64 %layer_config_V12_sum_1" [kernel.cpp:5927]   --->   Operation 57 'getelementptr' 'gcontrol_addr' <Predicate = (!exitcond)> <Delay = 0.00>
ST_2 : Operation 58 [1/1] (0.00ns)   --->   "ret void" [kernel.cpp:5936]   --->   Operation 58 'ret' <Predicate = (exitcond)> <Delay = 0.00>

State 3 <SV = 2> <Delay = 2.62>
ST_3 : Operation 59 [1/1] (0.00ns)   --->   "%tmp_28 = trunc i32 %cur_layer_batch to i25" [kernel.cpp:5928]   --->   Operation 59 'trunc' 'tmp_28' <Predicate = true> <Delay = 0.00>
ST_3 : Operation 60 [1/1] (0.00ns)   --->   "%tmp_cast = call i30 @_ssdm_op_BitConcatenate.i30.i25.i5(i25 %tmp_28, i5 0)" [kernel.cpp:5927]   --->   Operation 60 'bitconcatenate' 'tmp_cast' <Predicate = true> <Delay = 0.00>
ST_3 : Operation 61 [1/1] (0.00ns)   --->   "%tmp_73_add_i32_shr_c = zext i30 %tmp_cast to i32" [kernel.cpp:5927]   --->   Operation 61 'zext' 'tmp_73_add_i32_shr_c' <Predicate = true> <Delay = 0.00>
ST_3 : Operation 62 [7/7] (2.62ns)   --->   "%gcontrol_addr_rd_req = call i1 @_ssdm_op_ReadReq.m_axi.i32P(i32* %gcontrol_addr, i32 %tmp_73_add_i32_shr_c)" [kernel.cpp:5927]   --->   Operation 62 'readreq' 'gcontrol_addr_rd_req' <Predicate = true> <Delay = 2.62> <Core = "m_axi">   --->   Core 9 'm_axi' <Latency = 6> <II = 1> <Delay = 1.00> <Adapter> <Opcode : 'read' 'write' 'readreq' 'writereq' 'writeresp'>

State 4 <SV = 3> <Delay = 2.62>
ST_4 : Operation 63 [6/7] (2.62ns)   --->   "%gcontrol_addr_rd_req = call i1 @_ssdm_op_ReadReq.m_axi.i32P(i32* %gcontrol_addr, i32 %tmp_73_add_i32_shr_c)" [kernel.cpp:5927]   --->   Operation 63 'readreq' 'gcontrol_addr_rd_req' <Predicate = true> <Delay = 2.62> <Core = "m_axi">   --->   Core 9 'm_axi' <Latency = 6> <II = 1> <Delay = 1.00> <Adapter> <Opcode : 'read' 'write' 'readreq' 'writereq' 'writeresp'>

State 5 <SV = 4> <Delay = 2.62>
ST_5 : Operation 64 [5/7] (2.62ns)   --->   "%gcontrol_addr_rd_req = call i1 @_ssdm_op_ReadReq.m_axi.i32P(i32* %gcontrol_addr, i32 %tmp_73_add_i32_shr_c)" [kernel.cpp:5927]   --->   Operation 64 'readreq' 'gcontrol_addr_rd_req' <Predicate = true> <Delay = 2.62> <Core = "m_axi">   --->   Core 9 'm_axi' <Latency = 6> <II = 1> <Delay = 1.00> <Adapter> <Opcode : 'read' 'write' 'readreq' 'writereq' 'writeresp'>

State 6 <SV = 5> <Delay = 2.62>
ST_6 : Operation 65 [4/7] (2.62ns)   --->   "%gcontrol_addr_rd_req = call i1 @_ssdm_op_ReadReq.m_axi.i32P(i32* %gcontrol_addr, i32 %tmp_73_add_i32_shr_c)" [kernel.cpp:5927]   --->   Operation 65 'readreq' 'gcontrol_addr_rd_req' <Predicate = true> <Delay = 2.62> <Core = "m_axi">   --->   Core 9 'm_axi' <Latency = 6> <II = 1> <Delay = 1.00> <Adapter> <Opcode : 'read' 'write' 'readreq' 'writereq' 'writeresp'>

State 7 <SV = 6> <Delay = 2.62>
ST_7 : Operation 66 [3/7] (2.62ns)   --->   "%gcontrol_addr_rd_req = call i1 @_ssdm_op_ReadReq.m_axi.i32P(i32* %gcontrol_addr, i32 %tmp_73_add_i32_shr_c)" [kernel.cpp:5927]   --->   Operation 66 'readreq' 'gcontrol_addr_rd_req' <Predicate = true> <Delay = 2.62> <Core = "m_axi">   --->   Core 9 'm_axi' <Latency = 6> <II = 1> <Delay = 1.00> <Adapter> <Opcode : 'read' 'write' 'readreq' 'writereq' 'writeresp'>

State 8 <SV = 7> <Delay = 2.62>
ST_8 : Operation 67 [2/7] (2.62ns)   --->   "%gcontrol_addr_rd_req = call i1 @_ssdm_op_ReadReq.m_axi.i32P(i32* %gcontrol_addr, i32 %tmp_73_add_i32_shr_c)" [kernel.cpp:5927]   --->   Operation 67 'readreq' 'gcontrol_addr_rd_req' <Predicate = true> <Delay = 2.62> <Core = "m_axi">   --->   Core 9 'm_axi' <Latency = 6> <II = 1> <Delay = 1.00> <Adapter> <Opcode : 'read' 'write' 'readreq' 'writereq' 'writeresp'>

State 9 <SV = 8> <Delay = 2.62>
ST_9 : Operation 68 [1/1] (0.00ns)   --->   "%tmp_27 = shl i32 %cur_layer_batch, 5" [kernel.cpp:5927]   --->   Operation 68 'shl' 'tmp_27' <Predicate = true> <Delay = 0.00>
ST_9 : Operation 69 [1/7] (2.62ns)   --->   "%gcontrol_addr_rd_req = call i1 @_ssdm_op_ReadReq.m_axi.i32P(i32* %gcontrol_addr, i32 %tmp_73_add_i32_shr_c)" [kernel.cpp:5927]   --->   Operation 69 'readreq' 'gcontrol_addr_rd_req' <Predicate = true> <Delay = 2.62> <Core = "m_axi">   --->   Core 9 'm_axi' <Latency = 6> <II = 1> <Delay = 1.00> <Adapter> <Opcode : 'read' 'write' 'readreq' 'writereq' 'writeresp'>
ST_9 : Operation 70 [1/1] (0.85ns)   --->   "br label %burst.rd.header11" [kernel.cpp:5927]   --->   Operation 70 'br' <Predicate = true> <Delay = 0.85>

State 10 <SV = 9> <Delay = 2.62>
ST_10 : Operation 71 [1/1] (0.00ns)   --->   "%indvar = phi i30 [ 0, %1 ], [ %indvar_next5, %burst.rd.body12 ]" [kernel.cpp:5927]   --->   Operation 71 'phi' 'indvar' <Predicate = true> <Delay = 0.00>
ST_10 : Operation 72 [1/1] (1.25ns)   --->   "%exitcond6 = icmp eq i30 %indvar, %tmp_cast" [kernel.cpp:5927]   --->   Operation 72 'icmp' 'exitcond6' <Predicate = true> <Delay = 1.25> <Core = "Cmp">   --->   Core 25 'Cmp' <Latency = 0> <II = 1> <Delay = 1.25> <FuncUnit> <Opcode : 'icmp'> <InPorts = 2> <OutPorts = 1>
ST_10 : Operation 73 [1/1] (0.00ns)   --->   "%empty_36 = call i32 (...)* @_ssdm_op_SpecLoopTripCount(i64 0, i64 1073741823, i64 0)"   --->   Operation 73 'speclooptripcount' 'empty_36' <Predicate = true> <Delay = 0.00>
ST_10 : Operation 74 [1/1] (1.48ns)   --->   "%indvar_next5 = add i30 %indvar, 1" [kernel.cpp:5927]   --->   Operation 74 'add' 'indvar_next5' <Predicate = true> <Delay = 1.48> <Core = "AddSub">   --->   Core 14 'AddSub' <Latency = 0> <II = 1> <Delay = 1.51> <FuncUnit> <Opcode : 'add' 'sub'> <InPorts = 2> <OutPorts = 1>
ST_10 : Operation 75 [1/1] (0.00ns)   --->   "br i1 %exitcond6, label %burst.rd.end10, label %burst.rd.body12" [kernel.cpp:5927]   --->   Operation 75 'br' <Predicate = true> <Delay = 0.00>
ST_10 : Operation 76 [1/1] (2.62ns)   --->   "%gcontrol_addr_read = call i32 @_ssdm_op_Read.m_axi.i32P(i32* %gcontrol_addr)" [kernel.cpp:5927]   --->   Operation 76 'read' 'gcontrol_addr_read' <Predicate = (!exitcond6)> <Delay = 2.62> <Core = "m_axi">   --->   Core 9 'm_axi' <Latency = 6> <II = 1> <Delay = 1.00> <Adapter> <Opcode : 'read' 'write' 'readreq' 'writereq' 'writeresp'>
ST_10 : Operation 77 [1/1] (1.51ns)   --->   "%tmp_16 = add i32 %tmp_27, -7" [kernel.cpp:5928]   --->   Operation 77 'add' 'tmp_16' <Predicate = (exitcond6)> <Delay = 1.51> <Core = "AddSub">   --->   Core 14 'AddSub' <Latency = 0> <II = 1> <Delay = 1.51> <FuncUnit> <Opcode : 'add' 'sub'> <InPorts = 2> <OutPorts = 1>

State 11 <SV = 10> <Delay = 2.26>
ST_11 : Operation 78 [1/1] (0.00ns)   --->   "%burstread_rbegin5 = call i32 (...)* @_ssdm_op_SpecRegionBegin([17 x i8]* @burstread_OC_region_s)" [kernel.cpp:5927]   --->   Operation 78 'specregionbegin' 'burstread_rbegin5' <Predicate = true> <Delay = 0.00>
ST_11 : Operation 79 [1/1] (0.00ns)   --->   "call void (...)* @_ssdm_op_SpecLoopName([33 x i8]* @memcpy_OC_config_OC_s)" [kernel.cpp:5927]   --->   Operation 79 'specloopname' <Predicate = true> <Delay = 0.00>
ST_11 : Operation 80 [1/1] (0.00ns)   --->   "%indvar1 = zext i30 %indvar to i64" [kernel.cpp:5927]   --->   Operation 80 'zext' 'indvar1' <Predicate = true> <Delay = 0.00>
ST_11 : Operation 81 [1/1] (0.00ns)   --->   "%config_addr_2 = getelementptr [32 x i32]* %config, i64 0, i64 %indvar1" [kernel.cpp:5927]   --->   Operation 81 'getelementptr' 'config_addr_2' <Predicate = true> <Delay = 0.00>
ST_11 : Operation 82 [1/1] (2.26ns)   --->   "store i32 %gcontrol_addr_read, i32* %config_addr_2, align 4" [kernel.cpp:5927]   --->   Operation 82 'store' <Predicate = true> <Delay = 2.26> <Core = "RAM">   --->   Core 37 'RAM' <Latency = 1> <II = 1> <Delay = 2.26> <Storage> <Opcode : 'load' 'store'> <Ports = 2> <Width = 32> <Depth = 32> <RAM>
ST_11 : Operation 83 [1/1] (0.00ns)   --->   "%burstread_rend23 = call i32 (...)* @_ssdm_op_SpecRegionEnd([17 x i8]* @burstread_OC_region_s, i32 %burstread_rbegin5)" [kernel.cpp:5927]   --->   Operation 83 'specregionend' 'burstread_rend23' <Predicate = true> <Delay = 0.00>
ST_11 : Operation 84 [1/1] (0.00ns)   --->   "br label %burst.rd.header11" [kernel.cpp:5927]   --->   Operation 84 'br' <Predicate = true> <Delay = 0.00>

State 12 <SV = 10> <Delay = 2.26>
ST_12 : Operation 85 [1/1] (0.00ns)   --->   "%tmp_17 = sext i32 %tmp_16 to i64" [kernel.cpp:5928]   --->   Operation 85 'sext' 'tmp_17' <Predicate = true> <Delay = 0.00>
ST_12 : Operation 86 [1/1] (0.00ns)   --->   "%config_addr_1 = getelementptr inbounds [32 x i32]* %config, i64 0, i64 %tmp_17" [kernel.cpp:5928]   --->   Operation 86 'getelementptr' 'config_addr_1' <Predicate = true> <Delay = 0.00>
ST_12 : Operation 87 [2/2] (2.26ns)   --->   "%nxt_layer_batch = load i32* %config_addr_1, align 4" [kernel.cpp:5928]   --->   Operation 87 'load' 'nxt_layer_batch' <Predicate = true> <Delay = 2.26> <Core = "RAM">   --->   Core 37 'RAM' <Latency = 1> <II = 1> <Delay = 2.26> <Storage> <Opcode : 'load' 'store'> <Ports = 2> <Width = 32> <Depth = 32> <RAM>

State 13 <SV = 11> <Delay = 2.26>
ST_13 : Operation 88 [1/2] (2.26ns)   --->   "%nxt_layer_batch = load i32* %config_addr_1, align 4" [kernel.cpp:5928]   --->   Operation 88 'load' 'nxt_layer_batch' <Predicate = true> <Delay = 2.26> <Core = "RAM">   --->   Core 37 'RAM' <Latency = 1> <II = 1> <Delay = 2.26> <Storage> <Opcode : 'load' 'store'> <Ports = 2> <Width = 32> <Depth = 32> <RAM>
ST_13 : Operation 89 [1/1] (2.26ns)   --->   "store i32 %cur_layer_batch, i32* %config_addr, align 4" [kernel.cpp:5929]   --->   Operation 89 'store' <Predicate = true> <Delay = 2.26> <Core = "RAM">   --->   Core 37 'RAM' <Latency = 1> <II = 1> <Delay = 2.26> <Storage> <Opcode : 'load' 'store'> <Ports = 2> <Width = 32> <Depth = 32> <RAM>

State 14 <SV = 12> <Delay = 1.31>
ST_14 : Operation 90 [2/2] (1.31ns)   --->   "call fastcc void @engine(i512* %gmem1, i58 %global_cin_V1, i512* %gmem2, i58 %global_weight_V7, i58 %global_bias_V9, i58 %global_cout_V5, [32 x i32]* %config)" [kernel.cpp:5932]   --->   Operation 90 'call' <Predicate = true> <Delay = 1.31> <CoreType = "Generic">   --->   Core 0 '' <Latency = 0> <II = 1> <Delay = 1.00> <Generic> <Opcode : >

State 15 <SV = 13> <Delay = 0.00>
ST_15 : Operation 91 [1/2] (0.00ns)   --->   "call fastcc void @engine(i512* %gmem1, i58 %global_cin_V1, i512* %gmem2, i58 %global_weight_V7, i58 %global_bias_V9, i58 %global_cout_V5, [32 x i32]* %config)" [kernel.cpp:5932]   --->   Operation 91 'call' <Predicate = true> <Delay = 0.00> <CoreType = "Generic">   --->   Core 0 '' <Latency = 0> <II = 1> <Delay = 1.00> <Generic> <Opcode : >
ST_15 : Operation 92 [1/1] (0.00ns)   --->   "br label %0" [kernel.cpp:5935]   --->   Operation 92 'br' <Predicate = true> <Delay = 0.00>


============================================================
+ Verbose Summary: Binding
============================================================
STG Binding: 
---------------- STG Properties BEGIN ----------------
- Is combinational: 0
- Is one-state seq: 0
- Is datapath-only: 0
- Is pipelined: 0
- Is top level: 1
Port [ Return ] is wired: 1; IO mode=ap_ctrl_hs:ce=0
Port [ gmem1]:  wired=1; compound=1; hidden=0; nouse=0; global=0; static=0; extern=0; dir=2; type=4; pingpong=0; private_global=0; IO mode=m_axi:ce=0
Port [ gmem3]:  wired=1; compound=1; hidden=0; nouse=1; global=0; static=0; extern=0; dir=0; type=4; pingpong=0; private_global=0; IO mode=m_axi:ce=0
Port [ gmem2]:  wired=1; compound=1; hidden=0; nouse=0; global=0; static=0; extern=0; dir=0; type=4; pingpong=0; private_global=0; IO mode=m_axi:ce=0
Port [ gcontrol]:  wired=1; compound=1; hidden=0; nouse=0; global=0; static=0; extern=0; dir=0; type=4; pingpong=0; private_global=0; IO mode=m_axi:ce=0
Port [ global_cin_V]:  wired=1; compound=0; hidden=0; nouse=0; global=0; static=0; extern=0; dir=0; type=0; pingpong=0; private_global=0; IO mode=ap_none:ce=0
Port [ global_prev_cin_V]:  wired=1; compound=0; hidden=0; nouse=1; global=0; static=0; extern=0; dir=0; type=0; pingpong=0; private_global=0; IO mode=ap_none:ce=0
Port [ global_cout_V]:  wired=1; compound=0; hidden=0; nouse=0; global=0; static=0; extern=0; dir=0; type=0; pingpong=0; private_global=0; IO mode=ap_none:ce=0
Port [ global_weight_V]:  wired=1; compound=0; hidden=0; nouse=0; global=0; static=0; extern=0; dir=0; type=0; pingpong=0; private_global=0; IO mode=ap_none:ce=0
Port [ global_bias_V]:  wired=1; compound=0; hidden=0; nouse=0; global=0; static=0; extern=0; dir=0; type=0; pingpong=0; private_global=0; IO mode=ap_none:ce=0
Port [ layer_config_V]:  wired=1; compound=0; hidden=0; nouse=0; global=0; static=0; extern=0; dir=0; type=0; pingpong=0; private_global=0; IO mode=ap_none:ce=0
---------------- STG Properties END ------------------

---------------- Datapath Model BEGIN ----------------

<LifeTime>
<method=bitvector/>
layer_config_V_read    (read             ) [ 0000000000000000]
global_bias_V_read     (read             ) [ 0000000000000000]
global_weight_V_read   (read             ) [ 0000000000000000]
global_cout_V_read     (read             ) [ 0000000000000000]
global_cin_V_read      (read             ) [ 0000000000000000]
tmp                    (partselect       ) [ 0000000000000000]
tmp_71_cast            (zext             ) [ 0011111111111111]
global_bias_V9         (partselect       ) [ 0011111111111111]
global_weight_V7       (partselect       ) [ 0011111111111111]
global_cout_V5         (partselect       ) [ 0011111111111111]
global_cin_V1          (partselect       ) [ 0011111111111111]
StgValue_27            (specbitsmap      ) [ 0000000000000000]
StgValue_28            (specbitsmap      ) [ 0000000000000000]
StgValue_29            (specbitsmap      ) [ 0000000000000000]
StgValue_30            (specbitsmap      ) [ 0000000000000000]
StgValue_31            (spectopmodule    ) [ 0000000000000000]
config                 (alloca           ) [ 0011111111111111]
StgValue_33            (specinterface    ) [ 0000000000000000]
StgValue_34            (specinterface    ) [ 0000000000000000]
StgValue_35            (specinterface    ) [ 0000000000000000]
StgValue_36            (specinterface    ) [ 0000000000000000]
StgValue_37            (specinterface    ) [ 0000000000000000]
StgValue_38            (specinterface    ) [ 0000000000000000]
StgValue_39            (specinterface    ) [ 0000000000000000]
StgValue_40            (specinterface    ) [ 0000000000000000]
StgValue_41            (specinterface    ) [ 0000000000000000]
StgValue_42            (specinterface    ) [ 0000000000000000]
StgValue_43            (specinterface    ) [ 0000000000000000]
config_addr            (getelementptr    ) [ 0011111111111111]
StgValue_45            (br               ) [ 0111111111111111]
cur_layer_batch        (phi              ) [ 0011111111111100]
layer_id               (phi              ) [ 0010000000000000]
exitcond               (icmp             ) [ 0011111111111111]
empty                  (speclooptripcount) [ 0000000000000000]
layer_id_1             (add              ) [ 0111111111111111]
StgValue_51            (br               ) [ 0000000000000000]
tmp_s                  (bitconcatenate   ) [ 0000000000000000]
tmp_15                 (or               ) [ 0000000000000000]
tmp_60_cast            (zext             ) [ 0000000000000000]
layer_config_V12_sum   (add              ) [ 0000000000000000]
layer_config_V12_sum_1 (zext             ) [ 0000000000000000]
gcontrol_addr          (getelementptr    ) [ 0001111111110000]
StgValue_58            (ret              ) [ 0000000000000000]
tmp_28                 (trunc            ) [ 0000000000000000]
tmp_cast               (bitconcatenate   ) [ 0000111111110000]
tmp_73_add_i32_shr_c   (zext             ) [ 0000111111000000]
tmp_27                 (shl              ) [ 0000000000110000]
gcontrol_addr_rd_req   (readreq          ) [ 0000000000000000]
StgValue_70            (br               ) [ 0011111111111111]
indvar                 (phi              ) [ 0000000000110000]
exitcond6              (icmp             ) [ 0011111111111111]
empty_36               (speclooptripcount) [ 0000000000000000]
indvar_next5           (add              ) [ 0011111111111111]
StgValue_75            (br               ) [ 0000000000000000]
gcontrol_addr_read     (read             ) [ 0000000000010000]
tmp_16                 (add              ) [ 0000000000001000]
burstread_rbegin5      (specregionbegin  ) [ 0000000000000000]
StgValue_79            (specloopname     ) [ 0000000000000000]
indvar1                (zext             ) [ 0000000000000000]
config_addr_2          (getelementptr    ) [ 0000000000000000]
StgValue_82            (store            ) [ 0000000000000000]
burstread_rend23       (specregionend    ) [ 0000000000000000]
StgValue_84            (br               ) [ 0011111111111111]
tmp_17                 (sext             ) [ 0000000000000000]
config_addr_1          (getelementptr    ) [ 0000000000000100]
nxt_layer_batch        (load             ) [ 0110000000000011]
StgValue_89            (store            ) [ 0000000000000000]
StgValue_91            (call             ) [ 0000000000000000]
StgValue_92            (br               ) [ 0111111111111111]
</LifeTime>

<model>

<comp_list>
<comp id="0" class="1000" name="gmem1">
<pin_list>
<pin id="1" dir="1" index="0" bw="1" slack="0"/>
</pin_list>
<bind>
<StgValue><ssdm name="gmem1"/></StgValue>
</bind>
</comp>

<comp id="2" class="1000" name="gmem3">
<pin_list>
<pin id="3" dir="1" index="0" bw="1" slack="2147483647"/>
</pin_list>
<bind>
<StgValue><ssdm name="gmem3"/></StgValue>
</bind>
</comp>

<comp id="4" class="1000" name="gmem2">
<pin_list>
<pin id="5" dir="1" index="0" bw="1" slack="0"/>
</pin_list>
<bind>
<StgValue><ssdm name="gmem2"/></StgValue>
</bind>
</comp>

<comp id="6" class="1000" name="gcontrol">
<pin_list>
<pin id="7" dir="1" index="0" bw="1" slack="0"/>
</pin_list>
<bind>
<StgValue><ssdm name="gcontrol"/></StgValue>
</bind>
</comp>

<comp id="8" class="1000" name="global_cin_V">
<pin_list>
<pin id="9" dir="1" index="0" bw="1" slack="0"/>
</pin_list>
<bind>
<StgValue><ssdm name="global_cin_V"/></StgValue>
</bind>
</comp>

<comp id="10" class="1000" name="global_prev_cin_V">
<pin_list>
<pin id="11" dir="1" index="0" bw="1" slack="2147483647"/>
</pin_list>
<bind>
<StgValue><ssdm name="global_prev_cin_V"/></StgValue>
</bind>
</comp>

<comp id="12" class="1000" name="global_cout_V">
<pin_list>
<pin id="13" dir="1" index="0" bw="1" slack="0"/>
</pin_list>
<bind>
<StgValue><ssdm name="global_cout_V"/></StgValue>
</bind>
</comp>

<comp id="14" class="1000" name="global_weight_V">
<pin_list>
<pin id="15" dir="1" index="0" bw="1" slack="0"/>
</pin_list>
<bind>
<StgValue><ssdm name="global_weight_V"/></StgValue>
</bind>
</comp>

<comp id="16" class="1000" name="global_bias_V">
<pin_list>
<pin id="17" dir="1" index="0" bw="1" slack="0"/>
</pin_list>
<bind>
<StgValue><ssdm name="global_bias_V"/></StgValue>
</bind>
</comp>

<comp id="18" class="1000" name="layer_config_V">
<pin_list>
<pin id="19" dir="1" index="0" bw="1" slack="0"/>
</pin_list>
<bind>
<StgValue><ssdm name="layer_config_V"/></StgValue>
</bind>
</comp>

<comp id="20" class="1001" name="const_20">
<pin_list>
<pin id="21" dir="1" index="0" bw="1" slack="0"/>
</pin_list>
<bind>
<StgValue><ssdm name="_ssdm_op_Read.s_axilite.i64"/></StgValue>
</bind>
</comp>

<comp id="22" class="1001" name="const_22">
<pin_list>
<pin id="23" dir="1" index="0" bw="1" slack="0"/>
</pin_list>
<bind>
<StgValue><ssdm name="_ssdm_op_PartSelect.i62.i64.i32.i32"/></StgValue>
</bind>
</comp>

<comp id="24" class="1001" name="const_24">
<pin_list>
<pin id="25" dir="1" index="0" bw="1" slack="0"/>
</pin_list>
<bind>
<StgValue><ssdm name=""/></StgValue>
</bind>
</comp>

<comp id="26" class="1001" name="const_26">
<pin_list>
<pin id="27" dir="1" index="0" bw="1" slack="0"/>
</pin_list>
<bind>
<StgValue><ssdm name=""/></StgValue>
</bind>
</comp>

<comp id="28" class="1001" name="const_28">
<pin_list>
<pin id="29" dir="1" index="0" bw="1" slack="0"/>
</pin_list>
<bind>
<StgValue><ssdm name="_ssdm_op_PartSelect.i58.i64.i32.i32"/></StgValue>
</bind>
</comp>

<comp id="30" class="1001" name="const_30">
<pin_list>
<pin id="31" dir="1" index="0" bw="1" slack="0"/>
</pin_list>
<bind>
<StgValue><ssdm name=""/></StgValue>
</bind>
</comp>

<comp id="32" class="1001" name="const_32">
<pin_list>
<pin id="33" dir="1" index="0" bw="1" slack="2147483647"/>
</pin_list>
<bind>
<StgValue><ssdm name="_ssdm_op_SpecBitsMap"/></StgValue>
</bind>
</comp>

<comp id="34" class="1001" name="const_34">
<pin_list>
<pin id="35" dir="1" index="0" bw="1" slack="2147483647"/>
</pin_list>
<bind>
<StgValue><ssdm name="_ssdm_op_SpecTopModule"/></StgValue>
</bind>
</comp>

<comp id="36" class="1001" name="const_36">
<pin_list>
<pin id="37" dir="1" index="0" bw="1" slack="2147483647"/>
</pin_list>
<bind>
<StgValue><ssdm name="top_kernel_str"/></StgValue>
</bind>
</comp>

<comp id="38" class="1001" name="const_38">
<pin_list>
<pin id="39" dir="1" index="0" bw="1" slack="0"/>
</pin_list>
<bind>
<StgValue><ssdm name=""/></StgValue>
</bind>
</comp>

<comp id="40" class="1001" name="const_40">
<pin_list>
<pin id="41" dir="1" index="0" bw="1" slack="2147483647"/>
</pin_list>
<bind>
<StgValue><ssdm name="_ssdm_op_SpecInterface"/></StgValue>
</bind>
</comp>

<comp id="42" class="1001" name="const_42">
<pin_list>
<pin id="43" dir="1" index="0" bw="1" slack="2147483647"/>
</pin_list>
<bind>
<StgValue><ssdm name="p_str58"/></StgValue>
</bind>
</comp>

<comp id="44" class="1001" name="const_44">
<pin_list>
<pin id="45" dir="1" index="0" bw="1" slack="2147483647"/>
</pin_list>
<bind>
<StgValue><ssdm name=""/></StgValue>
</bind>
</comp>

<comp id="46" class="1001" name="const_46">
<pin_list>
<pin id="47" dir="1" index="0" bw="1" slack="2147483647"/>
</pin_list>
<bind>
<StgValue><ssdm name="p_str112"/></StgValue>
</bind>
</comp>

<comp id="48" class="1001" name="const_48">
<pin_list>
<pin id="49" dir="1" index="0" bw="1" slack="2147483647"/>
</pin_list>
<bind>
<StgValue><ssdm name=""/></StgValue>
</bind>
</comp>

<comp id="50" class="1001" name="const_50">
<pin_list>
<pin id="51" dir="1" index="0" bw="1" slack="2147483647"/>
</pin_list>
<bind>
<StgValue><ssdm name="p_str59"/></StgValue>
</bind>
</comp>

<comp id="52" class="1001" name="const_52">
<pin_list>
<pin id="53" dir="1" index="0" bw="1" slack="2147483647"/>
</pin_list>
<bind>
<StgValue><ssdm name="p_str60"/></StgValue>
</bind>
</comp>

<comp id="54" class="1001" name="const_54">
<pin_list>
<pin id="55" dir="1" index="0" bw="1" slack="2147483647"/>
</pin_list>
<bind>
<StgValue><ssdm name=""/></StgValue>
</bind>
</comp>

<comp id="56" class="1001" name="const_56">
<pin_list>
<pin id="57" dir="1" index="0" bw="1" slack="2147483647"/>
</pin_list>
<bind>
<StgValue><ssdm name="p_str61"/></StgValue>
</bind>
</comp>

<comp id="58" class="1001" name="const_58">
<pin_list>
<pin id="59" dir="1" index="0" bw="1" slack="2147483647"/>
</pin_list>
<bind>
<StgValue><ssdm name=""/></StgValue>
</bind>
</comp>

<comp id="60" class="1001" name="const_60">
<pin_list>
<pin id="61" dir="1" index="0" bw="1" slack="2147483647"/>
</pin_list>
<bind>
<StgValue><ssdm name="p_str62"/></StgValue>
</bind>
</comp>

<comp id="62" class="1001" name="const_62">
<pin_list>
<pin id="63" dir="1" index="0" bw="1" slack="2147483647"/>
</pin_list>
<bind>
<StgValue><ssdm name=""/></StgValue>
</bind>
</comp>

<comp id="64" class="1001" name="const_64">
<pin_list>
<pin id="65" dir="1" index="0" bw="1" slack="2147483647"/>
</pin_list>
<bind>
<StgValue><ssdm name="p_str63"/></StgValue>
</bind>
</comp>

<comp id="66" class="1001" name="const_66">
<pin_list>
<pin id="67" dir="1" index="0" bw="1" slack="2147483647"/>
</pin_list>
<bind>
<StgValue><ssdm name="p_str64"/></StgValue>
</bind>
</comp>

<comp id="68" class="1001" name="const_68">
<pin_list>
<pin id="69" dir="1" index="0" bw="1" slack="2147483647"/>
</pin_list>
<bind>
<StgValue><ssdm name="p_str65"/></StgValue>
</bind>
</comp>

<comp id="70" class="1001" name="const_70">
<pin_list>
<pin id="71" dir="1" index="0" bw="1" slack="0"/>
</pin_list>
<bind>
<StgValue><ssdm name=""/></StgValue>
</bind>
</comp>

<comp id="72" class="1001" name="const_72">
<pin_list>
<pin id="73" dir="1" index="0" bw="1" slack="0"/>
</pin_list>
<bind>
<StgValue><ssdm name=""/></StgValue>
</bind>
</comp>

<comp id="74" class="1001" name="const_74">
<pin_list>
<pin id="75" dir="1" index="0" bw="1" slack="1"/>
</pin_list>
<bind>
<StgValue><ssdm name=""/></StgValue>
</bind>
</comp>

<comp id="76" class="1001" name="const_76">
<pin_list>
<pin id="77" dir="1" index="0" bw="1" slack="1"/>
</pin_list>
<bind>
<StgValue><ssdm name=""/></StgValue>
</bind>
</comp>

<comp id="78" class="1001" name="const_78">
<pin_list>
<pin id="79" dir="1" index="0" bw="1" slack="0"/>
</pin_list>
<bind>
<StgValue><ssdm name=""/></StgValue>
</bind>
</comp>

<comp id="80" class="1001" name="const_80">
<pin_list>
<pin id="81" dir="1" index="0" bw="1" slack="2147483647"/>
</pin_list>
<bind>
<StgValue><ssdm name="_ssdm_op_SpecLoopTripCount"/></StgValue>
</bind>
</comp>

<comp id="82" class="1001" name="const_82">
<pin_list>
<pin id="83" dir="1" index="0" bw="1" slack="2147483647"/>
</pin_list>
<bind>
<StgValue><ssdm name=""/></StgValue>
</bind>
</comp>

<comp id="84" class="1001" name="const_84">
<pin_list>
<pin id="85" dir="1" index="0" bw="1" slack="0"/>
</pin_list>
<bind>
<StgValue><ssdm name=""/></StgValue>
</bind>
</comp>

<comp id="86" class="1001" name="const_86">
<pin_list>
<pin id="87" dir="1" index="0" bw="1" slack="0"/>
</pin_list>
<bind>
<StgValue><ssdm name="_ssdm_op_BitConcatenate.i8.i3.i5"/></StgValue>
</bind>
</comp>

<comp id="88" class="1001" name="const_88">
<pin_list>
<pin id="89" dir="1" index="0" bw="1" slack="0"/>
</pin_list>
<bind>
<StgValue><ssdm name=""/></StgValue>
</bind>
</comp>

<comp id="90" class="1001" name="const_90">
<pin_list>
<pin id="91" dir="1" index="0" bw="1" slack="0"/>
</pin_list>
<bind>
<StgValue><ssdm name=""/></StgValue>
</bind>
</comp>

<comp id="92" class="1001" name="const_92">
<pin_list>
<pin id="93" dir="1" index="0" bw="1" slack="0"/>
</pin_list>
<bind>
<StgValue><ssdm name="_ssdm_op_BitConcatenate.i30.i25.i5"/></StgValue>
</bind>
</comp>

<comp id="94" class="1001" name="const_94">
<pin_list>
<pin id="95" dir="1" index="0" bw="1" slack="0"/>
</pin_list>
<bind>
<StgValue><ssdm name="_ssdm_op_ReadReq.m_axi.i32P"/></StgValue>
</bind>
</comp>

<comp id="96" class="1001" name="const_96">
<pin_list>
<pin id="97" dir="1" index="0" bw="1" slack="0"/>
</pin_list>
<bind>
<StgValue><ssdm name=""/></StgValue>
</bind>
</comp>

<comp id="98" class="1001" name="const_98">
<pin_list>
<pin id="99" dir="1" index="0" bw="1" slack="1"/>
</pin_list>
<bind>
<StgValue><ssdm name=""/></StgValue>
</bind>
</comp>

<comp id="100" class="1001" name="const_100">
<pin_list>
<pin id="101" dir="1" index="0" bw="1" slack="2147483647"/>
</pin_list>
<bind>
<StgValue><ssdm name=""/></StgValue>
</bind>
</comp>

<comp id="102" class="1001" name="const_102">
<pin_list>
<pin id="103" dir="1" index="0" bw="1" slack="0"/>
</pin_list>
<bind>
<StgValue><ssdm name=""/></StgValue>
</bind>
</comp>

<comp id="104" class="1001" name="const_104">
<pin_list>
<pin id="105" dir="1" index="0" bw="1" slack="0"/>
</pin_list>
<bind>
<StgValue><ssdm name="_ssdm_op_Read.m_axi.i32P"/></StgValue>
</bind>
</comp>

<comp id="106" class="1001" name="const_106">
<pin_list>
<pin id="107" dir="1" index="0" bw="1" slack="0"/>
</pin_list>
<bind>
<StgValue><ssdm name=""/></StgValue>
</bind>
</comp>

<comp id="108" class="1001" name="const_108">
<pin_list>
<pin id="109" dir="1" index="0" bw="1" slack="2147483647"/>
</pin_list>
<bind>
<StgValue><ssdm name="_ssdm_op_SpecRegionBegin"/></StgValue>
</bind>
</comp>

<comp id="110" class="1001" name="const_110">
<pin_list>
<pin id="111" dir="1" index="0" bw="1" slack="2147483647"/>
</pin_list>
<bind>
<StgValue><ssdm name="burstread_OC_region_s"/></StgValue>
</bind>
</comp>

<comp id="112" class="1001" name="const_112">
<pin_list>
<pin id="113" dir="1" index="0" bw="1" slack="2147483647"/>
</pin_list>
<bind>
<StgValue><ssdm name="_ssdm_op_SpecLoopName"/></StgValue>
</bind>
</comp>

<comp id="114" class="1001" name="const_114">
<pin_list>
<pin id="115" dir="1" index="0" bw="1" slack="2147483647"/>
</pin_list>
<bind>
<StgValue><ssdm name="memcpy_OC_config_OC_s"/></StgValue>
</bind>
</comp>

<comp id="116" class="1001" name="const_116">
<pin_list>
<pin id="117" dir="1" index="0" bw="1" slack="2147483647"/>
</pin_list>
<bind>
<StgValue><ssdm name="_ssdm_op_SpecRegionEnd"/></StgValue>
</bind>
</comp>

<comp id="118" class="1001" name="const_118">
<pin_list>
<pin id="119" dir="1" index="0" bw="1" slack="0"/>
</pin_list>
<bind>
<StgValue><ssdm name="engine"/></StgValue>
</bind>
</comp>

<comp id="120" class="1004" name="config_alloca_fu_120">
<pin_list>
<pin id="121" dir="0" index="0" bw="1" slack="0"/>
<pin id="122" dir="1" index="1" bw="32" slack="0"/>
</pin_list>
<bind>
<opcode="alloca(26) " fcode="alloca"/>
<opset="config/1 "/>
</bind>
</comp>

<comp id="124" class="1004" name="layer_config_V_read_read_fu_124">
<pin_list>
<pin id="125" dir="0" index="0" bw="64" slack="0"/>
<pin id="126" dir="0" index="1" bw="64" slack="0"/>
<pin id="127" dir="1" index="2" bw="64" slack="0"/>
</pin_list>
<bind>
<opcode="read(1150) " fcode="read"/>
<opset="layer_config_V_read/1 "/>
</bind>
</comp>

<comp id="130" class="1004" name="global_bias_V_read_read_fu_130">
<pin_list>
<pin id="131" dir="0" index="0" bw="64" slack="0"/>
<pin id="132" dir="0" index="1" bw="64" slack="0"/>
<pin id="133" dir="1" index="2" bw="64" slack="0"/>
</pin_list>
<bind>
<opcode="read(1150) " fcode="read"/>
<opset="global_bias_V_read/1 "/>
</bind>
</comp>

<comp id="136" class="1004" name="global_weight_V_read_read_fu_136">
<pin_list>
<pin id="137" dir="0" index="0" bw="64" slack="0"/>
<pin id="138" dir="0" index="1" bw="64" slack="0"/>
<pin id="139" dir="1" index="2" bw="64" slack="0"/>
</pin_list>
<bind>
<opcode="read(1150) " fcode="read"/>
<opset="global_weight_V_read/1 "/>
</bind>
</comp>

<comp id="142" class="1004" name="global_cout_V_read_read_fu_142">
<pin_list>
<pin id="143" dir="0" index="0" bw="64" slack="0"/>
<pin id="144" dir="0" index="1" bw="64" slack="0"/>
<pin id="145" dir="1" index="2" bw="64" slack="0"/>
</pin_list>
<bind>
<opcode="read(1150) " fcode="read"/>
<opset="global_cout_V_read/1 "/>
</bind>
</comp>

<comp id="148" class="1004" name="global_cin_V_read_read_fu_148">
<pin_list>
<pin id="149" dir="0" index="0" bw="64" slack="0"/>
<pin id="150" dir="0" index="1" bw="64" slack="0"/>
<pin id="151" dir="1" index="2" bw="64" slack="0"/>
</pin_list>
<bind>
<opcode="read(1150) " fcode="read"/>
<opset="global_cin_V_read/1 "/>
</bind>
</comp>

<comp id="154" class="1004" name="grp_readreq_fu_154">
<pin_list>
<pin id="155" dir="0" index="0" bw="1" slack="0"/>
<pin id="156" dir="0" index="1" bw="32" slack="1"/>
<pin id="157" dir="0" index="2" bw="30" slack="0"/>
<pin id="158" dir="1" index="3" bw="1" slack="2147483647"/>
</pin_list>
<bind>
<opcode="readreq(1154) " fcode="readreq"/>
<opset="gcontrol_addr_rd_req/3 "/>
</bind>
</comp>

<comp id="160" class="1004" name="gcontrol_addr_read_read_fu_160">
<pin_list>
<pin id="161" dir="0" index="0" bw="32" slack="0"/>
<pin id="162" dir="0" index="1" bw="32" slack="8"/>
<pin id="163" dir="1" index="2" bw="32" slack="1"/>
</pin_list>
<bind>
<opcode="read(1150) " fcode="read"/>
<opset="gcontrol_addr_read/10 "/>
</bind>
</comp>

<comp id="165" class="1004" name="config_addr_gep_fu_165">
<pin_list>
<pin id="166" dir="0" index="0" bw="32" slack="0"/>
<pin id="167" dir="0" index="1" bw="1" slack="0"/>
<pin id="168" dir="0" index="2" bw="6" slack="0"/>
<pin id="169" dir="1" index="3" bw="5" slack="11"/>
</pin_list>
<bind>
<opcode="getelementptr(29) " fcode="getelementptr"/>
<opset="config_addr/1 "/>
</bind>
</comp>

<comp id="173" class="1004" name="config_addr_2_gep_fu_173">
<pin_list>
<pin id="174" dir="0" index="0" bw="32" slack="2147483647"/>
<pin id="175" dir="0" index="1" bw="1" slack="0"/>
<pin id="176" dir="0" index="2" bw="30" slack="0"/>
<pin id="177" dir="1" index="3" bw="5" slack="0"/>
</pin_list>
<bind>
<opcode="getelementptr(29) " fcode="getelementptr"/>
<opset="config_addr_2/11 "/>
</bind>
</comp>

<comp id="179" class="1004" name="grp_access_fu_179">
<pin_list>
<pin id="180" dir="0" index="0" bw="5" slack="0"/>
<pin id="181" dir="0" index="1" bw="32" slack="1"/>
<pin id="182" dir="0" index="2" bw="0" slack="2147483647"/>
<pin id="183" dir="1" index="3" bw="32" slack="1"/>
</pin_list>
<bind>
<opcode="load(27) store(28) " fcode="store"/>
<opset="StgValue_82/11 nxt_layer_batch/12 StgValue_89/13 "/>
</bind>
</comp>

<comp id="185" class="1004" name="config_addr_1_gep_fu_185">
<pin_list>
<pin id="186" dir="0" index="0" bw="32" slack="2147483647"/>
<pin id="187" dir="0" index="1" bw="1" slack="0"/>
<pin id="188" dir="0" index="2" bw="32" slack="0"/>
<pin id="189" dir="1" index="3" bw="5" slack="0"/>
</pin_list>
<bind>
<opcode="getelementptr(29) " fcode="getelementptr"/>
<opset="config_addr_1/12 "/>
</bind>
</comp>

<comp id="192" class="1005" name="cur_layer_batch_reg_192">
<pin_list>
<pin id="193" dir="0" index="0" bw="32" slack="1"/>
<pin id="194" dir="1" index="1" bw="32" slack="1"/>
</pin_list>
<bind>
<opset="cur_layer_batch (phireg) "/>
</bind>
</comp>

<comp id="197" class="1004" name="cur_layer_batch_phi_fu_197">
<pin_list>
<pin id="198" dir="0" index="0" bw="1" slack="1"/>
<pin id="199" dir="0" index="1" bw="0" slack="2147483647"/>
<pin id="200" dir="0" index="2" bw="32" slack="1"/>
<pin id="201" dir="0" index="3" bw="0" slack="2147483647"/>
<pin id="202" dir="1" index="4" bw="32" slack="1"/>
</pin_list>
<bind>
<opcode="phi(47) " fcode="phi"/>
<opset="cur_layer_batch/2 "/>
</bind>
</comp>

<comp id="205" class="1005" name="layer_id_reg_205">
<pin_list>
<pin id="206" dir="0" index="0" bw="3" slack="1"/>
<pin id="207" dir="1" index="1" bw="3" slack="1"/>
</pin_list>
<bind>
<opset="layer_id (phireg) "/>
</bind>
</comp>

<comp id="209" class="1004" name="layer_id_phi_fu_209">
<pin_list>
<pin id="210" dir="0" index="0" bw="1" slack="1"/>
<pin id="211" dir="0" index="1" bw="0" slack="2147483647"/>
<pin id="212" dir="0" index="2" bw="3" slack="0"/>
<pin id="213" dir="0" index="3" bw="0" slack="2147483647"/>
<pin id="214" dir="1" index="4" bw="3" slack="0"/>
</pin_list>
<bind>
<opcode="phi(47) " fcode="phi"/>
<opset="layer_id/2 "/>
</bind>
</comp>

<comp id="216" class="1005" name="indvar_reg_216">
<pin_list>
<pin id="217" dir="0" index="0" bw="30" slack="1"/>
<pin id="218" dir="1" index="1" bw="30" slack="1"/>
</pin_list>
<bind>
<opset="indvar (phireg) "/>
</bind>
</comp>

<comp id="220" class="1004" name="indvar_phi_fu_220">
<pin_list>
<pin id="221" dir="0" index="0" bw="1" slack="1"/>
<pin id="222" dir="0" index="1" bw="0" slack="2147483647"/>
<pin id="223" dir="0" index="2" bw="30" slack="0"/>
<pin id="224" dir="0" index="3" bw="0" slack="2147483647"/>
<pin id="225" dir="1" index="4" bw="30" slack="0"/>
</pin_list>
<bind>
<opcode="phi(47) " fcode="phi"/>
<opset="indvar/10 "/>
</bind>
</comp>

<comp id="228" class="1004" name="grp_engine_fu_228">
<pin_list>
<pin id="229" dir="0" index="0" bw="0" slack="0"/>
<pin id="230" dir="0" index="1" bw="512" slack="0"/>
<pin id="231" dir="0" index="2" bw="58" slack="12"/>
<pin id="232" dir="0" index="3" bw="512" slack="0"/>
<pin id="233" dir="0" index="4" bw="58" slack="12"/>
<pin id="234" dir="0" index="5" bw="58" slack="12"/>
<pin id="235" dir="0" index="6" bw="58" slack="12"/>
<pin id="236" dir="0" index="7" bw="32" slack="2147483647"/>
<pin id="237" dir="1" index="8" bw="0" slack="2147483647"/>
</pin_list>
<bind>
<opcode="call(48) " fcode="call"/>
<opset="StgValue_90/14 "/>
</bind>
</comp>

<comp id="241" class="1004" name="tmp_fu_241">
<pin_list>
<pin id="242" dir="0" index="0" bw="62" slack="0"/>
<pin id="243" dir="0" index="1" bw="64" slack="0"/>
<pin id="244" dir="0" index="2" bw="3" slack="0"/>
<pin id="245" dir="0" index="3" bw="7" slack="0"/>
<pin id="246" dir="1" index="4" bw="62" slack="0"/>
</pin_list>
<bind>
<opcode="partselect(1002) " fcode="partselect"/>
<opset="tmp/1 "/>
</bind>
</comp>

<comp id="251" class="1004" name="tmp_71_cast_fu_251">
<pin_list>
<pin id="252" dir="0" index="0" bw="62" slack="0"/>
<pin id="253" dir="1" index="1" bw="63" slack="1"/>
</pin_list>
<bind>
<opcode="zext(34) " fcode="zext"/>
<opset="tmp_71_cast/1 "/>
</bind>
</comp>

<comp id="255" class="1004" name="global_bias_V9_fu_255">
<pin_list>
<pin id="256" dir="0" index="0" bw="58" slack="0"/>
<pin id="257" dir="0" index="1" bw="64" slack="0"/>
<pin id="258" dir="0" index="2" bw="4" slack="0"/>
<pin id="259" dir="0" index="3" bw="7" slack="0"/>
<pin id="260" dir="1" index="4" bw="58" slack="12"/>
</pin_list>
<bind>
<opcode="partselect(1002) " fcode="partselect"/>
<opset="global_bias_V9/1 "/>
</bind>
</comp>

<comp id="265" class="1004" name="global_weight_V7_fu_265">
<pin_list>
<pin id="266" dir="0" index="0" bw="58" slack="0"/>
<pin id="267" dir="0" index="1" bw="64" slack="0"/>
<pin id="268" dir="0" index="2" bw="4" slack="0"/>
<pin id="269" dir="0" index="3" bw="7" slack="0"/>
<pin id="270" dir="1" index="4" bw="58" slack="12"/>
</pin_list>
<bind>
<opcode="partselect(1002) " fcode="partselect"/>
<opset="global_weight_V7/1 "/>
</bind>
</comp>

<comp id="275" class="1004" name="global_cout_V5_fu_275">
<pin_list>
<pin id="276" dir="0" index="0" bw="58" slack="0"/>
<pin id="277" dir="0" index="1" bw="64" slack="0"/>
<pin id="278" dir="0" index="2" bw="4" slack="0"/>
<pin id="279" dir="0" index="3" bw="7" slack="0"/>
<pin id="280" dir="1" index="4" bw="58" slack="12"/>
</pin_list>
<bind>
<opcode="partselect(1002) " fcode="partselect"/>
<opset="global_cout_V5/1 "/>
</bind>
</comp>

<comp id="285" class="1004" name="global_cin_V1_fu_285">
<pin_list>
<pin id="286" dir="0" index="0" bw="58" slack="0"/>
<pin id="287" dir="0" index="1" bw="64" slack="0"/>
<pin id="288" dir="0" index="2" bw="4" slack="0"/>
<pin id="289" dir="0" index="3" bw="7" slack="0"/>
<pin id="290" dir="1" index="4" bw="58" slack="12"/>
</pin_list>
<bind>
<opcode="partselect(1002) " fcode="partselect"/>
<opset="global_cin_V1/1 "/>
</bind>
</comp>

<comp id="295" class="1004" name="exitcond_fu_295">
<pin_list>
<pin id="296" dir="0" index="0" bw="3" slack="0"/>
<pin id="297" dir="0" index="1" bw="3" slack="0"/>
<pin id="298" dir="1" index="2" bw="1" slack="2147483647"/>
</pin_list>
<bind>
<opcode="icmp(45) " fcode="icmp"/>
<opset="exitcond/2 "/>
</bind>
</comp>

<comp id="301" class="1004" name="layer_id_1_fu_301">
<pin_list>
<pin id="302" dir="0" index="0" bw="3" slack="0"/>
<pin id="303" dir="0" index="1" bw="1" slack="0"/>
<pin id="304" dir="1" index="2" bw="3" slack="0"/>
</pin_list>
<bind>
<opcode="add(8) " fcode="add"/>
<opset="layer_id_1/2 "/>
</bind>
</comp>

<comp id="307" class="1004" name="tmp_s_fu_307">
<pin_list>
<pin id="308" dir="0" index="0" bw="8" slack="0"/>
<pin id="309" dir="0" index="1" bw="3" slack="0"/>
<pin id="310" dir="0" index="2" bw="1" slack="0"/>
<pin id="311" dir="1" index="3" bw="8" slack="0"/>
</pin_list>
<bind>
<opcode="bitconcatenate(1004) " fcode="bitconcatenate"/>
<opset="tmp_s/2 "/>
</bind>
</comp>

<comp id="315" class="1004" name="tmp_15_fu_315">
<pin_list>
<pin id="316" dir="0" index="0" bw="8" slack="0"/>
<pin id="317" dir="0" index="1" bw="4" slack="0"/>
<pin id="318" dir="1" index="2" bw="8" slack="0"/>
</pin_list>
<bind>
<opcode="or(24) " fcode="or"/>
<opset="tmp_15/2 "/>
</bind>
</comp>

<comp id="321" class="1004" name="tmp_60_cast_fu_321">
<pin_list>
<pin id="322" dir="0" index="0" bw="8" slack="0"/>
<pin id="323" dir="1" index="1" bw="63" slack="0"/>
</pin_list>
<bind>
<opcode="zext(34) " fcode="zext"/>
<opset="tmp_60_cast/2 "/>
</bind>
</comp>

<comp id="325" class="1004" name="layer_config_V12_sum_fu_325">
<pin_list>
<pin id="326" dir="0" index="0" bw="62" slack="1"/>
<pin id="327" dir="0" index="1" bw="8" slack="0"/>
<pin id="328" dir="1" index="2" bw="63" slack="0"/>
</pin_list>
<bind>
<opcode="add(8) " fcode="add"/>
<opset="layer_config_V12_sum/2 "/>
</bind>
</comp>

<comp id="330" class="1004" name="layer_config_V12_sum_1_fu_330">
<pin_list>
<pin id="331" dir="0" index="0" bw="63" slack="0"/>
<pin id="332" dir="1" index="1" bw="64" slack="0"/>
</pin_list>
<bind>
<opcode="zext(34) " fcode="zext"/>
<opset="layer_config_V12_sum_1/2 "/>
</bind>
</comp>

<comp id="334" class="1004" name="gcontrol_addr_fu_334">
<pin_list>
<pin id="335" dir="0" index="0" bw="32" slack="0"/>
<pin id="336" dir="0" index="1" bw="63" slack="0"/>
<pin id="337" dir="1" index="2" bw="32" slack="1"/>
</pin_list>
<bind>
<opcode="getelementptr(29) " fcode="getelementptr"/>
<opset="gcontrol_addr/2 "/>
</bind>
</comp>

<comp id="340" class="1004" name="tmp_28_fu_340">
<pin_list>
<pin id="341" dir="0" index="0" bw="32" slack="1"/>
<pin id="342" dir="1" index="1" bw="25" slack="0"/>
</pin_list>
<bind>
<opcode="trunc(33) " fcode="trunc"/>
<opset="tmp_28/3 "/>
</bind>
</comp>

<comp id="344" class="1004" name="tmp_cast_fu_344">
<pin_list>
<pin id="345" dir="0" index="0" bw="30" slack="0"/>
<pin id="346" dir="0" index="1" bw="25" slack="0"/>
<pin id="347" dir="0" index="2" bw="1" slack="0"/>
<pin id="348" dir="1" index="3" bw="30" slack="0"/>
</pin_list>
<bind>
<opcode="bitconcatenate(1004) " fcode="bitconcatenate"/>
<opset="tmp_cast/3 "/>
</bind>
</comp>

<comp id="352" class="1004" name="tmp_73_add_i32_shr_c_fu_352">
<pin_list>
<pin id="353" dir="0" index="0" bw="30" slack="0"/>
<pin id="354" dir="1" index="1" bw="32" slack="0"/>
</pin_list>
<bind>
<opcode="zext(34) " fcode="zext"/>
<opset="tmp_73_add_i32_shr_c/3 "/>
</bind>
</comp>

<comp id="357" class="1004" name="tmp_27_fu_357">
<pin_list>
<pin id="358" dir="0" index="0" bw="32" slack="7"/>
<pin id="359" dir="0" index="1" bw="4" slack="0"/>
<pin id="360" dir="1" index="2" bw="32" slack="1"/>
</pin_list>
<bind>
<opcode="shl(20) " fcode="shl"/>
<opset="tmp_27/9 "/>
</bind>
</comp>

<comp id="363" class="1004" name="exitcond6_fu_363">
<pin_list>
<pin id="364" dir="0" index="0" bw="30" slack="0"/>
<pin id="365" dir="0" index="1" bw="30" slack="7"/>
<pin id="366" dir="1" index="2" bw="1" slack="2147483647"/>
</pin_list>
<bind>
<opcode="icmp(45) " fcode="icmp"/>
<opset="exitcond6/10 "/>
</bind>
</comp>

<comp id="368" class="1004" name="indvar_next5_fu_368">
<pin_list>
<pin id="369" dir="0" index="0" bw="30" slack="0"/>
<pin id="370" dir="0" index="1" bw="1" slack="0"/>
<pin id="371" dir="1" index="2" bw="30" slack="0"/>
</pin_list>
<bind>
<opcode="add(8) " fcode="add"/>
<opset="indvar_next5/10 "/>
</bind>
</comp>

<comp id="374" class="1004" name="tmp_16_fu_374">
<pin_list>
<pin id="375" dir="0" index="0" bw="32" slack="1"/>
<pin id="376" dir="0" index="1" bw="4" slack="0"/>
<pin id="377" dir="1" index="2" bw="32" slack="1"/>
</pin_list>
<bind>
<opcode="add(8) " fcode="add"/>
<opset="tmp_16/10 "/>
</bind>
</comp>

<comp id="379" class="1004" name="indvar1_fu_379">
<pin_list>
<pin id="380" dir="0" index="0" bw="30" slack="1"/>
<pin id="381" dir="1" index="1" bw="64" slack="0"/>
</pin_list>
<bind>
<opcode="zext(34) " fcode="zext"/>
<opset="indvar1/11 "/>
</bind>
</comp>

<comp id="384" class="1004" name="tmp_17_fu_384">
<pin_list>
<pin id="385" dir="0" index="0" bw="32" slack="1"/>
<pin id="386" dir="1" index="1" bw="64" slack="0"/>
</pin_list>
<bind>
<opcode="sext(35) " fcode="sext"/>
<opset="tmp_17/12 "/>
</bind>
</comp>

<comp id="388" class="1005" name="tmp_71_cast_reg_388">
<pin_list>
<pin id="389" dir="0" index="0" bw="63" slack="1"/>
<pin id="390" dir="1" index="1" bw="63" slack="1"/>
</pin_list>
<bind>
<opset="tmp_71_cast "/>
</bind>
</comp>

<comp id="393" class="1005" name="global_bias_V9_reg_393">
<pin_list>
<pin id="394" dir="0" index="0" bw="58" slack="12"/>
<pin id="395" dir="1" index="1" bw="58" slack="12"/>
</pin_list>
<bind>
<opset="global_bias_V9 "/>
</bind>
</comp>

<comp id="398" class="1005" name="global_weight_V7_reg_398">
<pin_list>
<pin id="399" dir="0" index="0" bw="58" slack="12"/>
<pin id="400" dir="1" index="1" bw="58" slack="12"/>
</pin_list>
<bind>
<opset="global_weight_V7 "/>
</bind>
</comp>

<comp id="403" class="1005" name="global_cout_V5_reg_403">
<pin_list>
<pin id="404" dir="0" index="0" bw="58" slack="12"/>
<pin id="405" dir="1" index="1" bw="58" slack="12"/>
</pin_list>
<bind>
<opset="global_cout_V5 "/>
</bind>
</comp>

<comp id="408" class="1005" name="global_cin_V1_reg_408">
<pin_list>
<pin id="409" dir="0" index="0" bw="58" slack="12"/>
<pin id="410" dir="1" index="1" bw="58" slack="12"/>
</pin_list>
<bind>
<opset="global_cin_V1 "/>
</bind>
</comp>

<comp id="413" class="1005" name="config_addr_reg_413">
<pin_list>
<pin id="414" dir="0" index="0" bw="5" slack="11"/>
<pin id="415" dir="1" index="1" bw="5" slack="11"/>
</pin_list>
<bind>
<opset="config_addr "/>
</bind>
</comp>

<comp id="421" class="1005" name="layer_id_1_reg_421">
<pin_list>
<pin id="422" dir="0" index="0" bw="3" slack="0"/>
<pin id="423" dir="1" index="1" bw="3" slack="0"/>
</pin_list>
<bind>
<opset="layer_id_1 "/>
</bind>
</comp>

<comp id="426" class="1005" name="gcontrol_addr_reg_426">
<pin_list>
<pin id="427" dir="0" index="0" bw="32" slack="1"/>
<pin id="428" dir="1" index="1" bw="32" slack="1"/>
</pin_list>
<bind>
<opset="gcontrol_addr "/>
</bind>
</comp>

<comp id="432" class="1005" name="tmp_cast_reg_432">
<pin_list>
<pin id="433" dir="0" index="0" bw="30" slack="7"/>
<pin id="434" dir="1" index="1" bw="30" slack="7"/>
</pin_list>
<bind>
<opset="tmp_cast "/>
</bind>
</comp>

<comp id="437" class="1005" name="tmp_73_add_i32_shr_c_reg_437">
<pin_list>
<pin id="438" dir="0" index="0" bw="32" slack="1"/>
<pin id="439" dir="1" index="1" bw="32" slack="1"/>
</pin_list>
<bind>
<opset="tmp_73_add_i32_shr_c "/>
</bind>
</comp>

<comp id="442" class="1005" name="tmp_27_reg_442">
<pin_list>
<pin id="443" dir="0" index="0" bw="32" slack="1"/>
<pin id="444" dir="1" index="1" bw="32" slack="1"/>
</pin_list>
<bind>
<opset="tmp_27 "/>
</bind>
</comp>

<comp id="450" class="1005" name="indvar_next5_reg_450">
<pin_list>
<pin id="451" dir="0" index="0" bw="30" slack="0"/>
<pin id="452" dir="1" index="1" bw="30" slack="0"/>
</pin_list>
<bind>
<opset="indvar_next5 "/>
</bind>
</comp>

<comp id="455" class="1005" name="gcontrol_addr_read_reg_455">
<pin_list>
<pin id="456" dir="0" index="0" bw="32" slack="1"/>
<pin id="457" dir="1" index="1" bw="32" slack="1"/>
</pin_list>
<bind>
<opset="gcontrol_addr_read "/>
</bind>
</comp>

<comp id="460" class="1005" name="tmp_16_reg_460">
<pin_list>
<pin id="461" dir="0" index="0" bw="32" slack="1"/>
<pin id="462" dir="1" index="1" bw="32" slack="1"/>
</pin_list>
<bind>
<opset="tmp_16 "/>
</bind>
</comp>

<comp id="465" class="1005" name="config_addr_1_reg_465">
<pin_list>
<pin id="466" dir="0" index="0" bw="5" slack="1"/>
<pin id="467" dir="1" index="1" bw="5" slack="1"/>
</pin_list>
<bind>
<opset="config_addr_1 "/>
</bind>
</comp>

<comp id="470" class="1005" name="nxt_layer_batch_reg_470">
<pin_list>
<pin id="471" dir="0" index="0" bw="32" slack="1"/>
<pin id="472" dir="1" index="1" bw="32" slack="1"/>
</pin_list>
<bind>
<opset="nxt_layer_batch "/>
</bind>
</comp>

</comp_list>

<net_list>
<net id="123"><net_src comp="38" pin="0"/><net_sink comp="120" pin=0"/></net>

<net id="128"><net_src comp="20" pin="0"/><net_sink comp="124" pin=0"/></net>

<net id="129"><net_src comp="18" pin="0"/><net_sink comp="124" pin=1"/></net>

<net id="134"><net_src comp="20" pin="0"/><net_sink comp="130" pin=0"/></net>

<net id="135"><net_src comp="16" pin="0"/><net_sink comp="130" pin=1"/></net>

<net id="140"><net_src comp="20" pin="0"/><net_sink comp="136" pin=0"/></net>

<net id="141"><net_src comp="14" pin="0"/><net_sink comp="136" pin=1"/></net>

<net id="146"><net_src comp="20" pin="0"/><net_sink comp="142" pin=0"/></net>

<net id="147"><net_src comp="12" pin="0"/><net_sink comp="142" pin=1"/></net>

<net id="152"><net_src comp="20" pin="0"/><net_sink comp="148" pin=0"/></net>

<net id="153"><net_src comp="8" pin="0"/><net_sink comp="148" pin=1"/></net>

<net id="159"><net_src comp="94" pin="0"/><net_sink comp="154" pin=0"/></net>

<net id="164"><net_src comp="104" pin="0"/><net_sink comp="160" pin=0"/></net>

<net id="170"><net_src comp="120" pin="1"/><net_sink comp="165" pin=0"/></net>

<net id="171"><net_src comp="70" pin="0"/><net_sink comp="165" pin=1"/></net>

<net id="172"><net_src comp="72" pin="0"/><net_sink comp="165" pin=2"/></net>

<net id="178"><net_src comp="70" pin="0"/><net_sink comp="173" pin=1"/></net>

<net id="184"><net_src comp="173" pin="3"/><net_sink comp="179" pin=0"/></net>

<net id="190"><net_src comp="70" pin="0"/><net_sink comp="185" pin=1"/></net>

<net id="191"><net_src comp="185" pin="3"/><net_sink comp="179" pin=0"/></net>

<net id="195"><net_src comp="74" pin="0"/><net_sink comp="192" pin=0"/></net>

<net id="196"><net_src comp="192" pin="1"/><net_sink comp="179" pin=1"/></net>

<net id="203"><net_src comp="192" pin="1"/><net_sink comp="197" pin=0"/></net>

<net id="204"><net_src comp="197" pin="4"/><net_sink comp="192" pin=0"/></net>

<net id="208"><net_src comp="76" pin="0"/><net_sink comp="205" pin=0"/></net>

<net id="215"><net_src comp="205" pin="1"/><net_sink comp="209" pin=0"/></net>

<net id="219"><net_src comp="98" pin="0"/><net_sink comp="216" pin=0"/></net>

<net id="226"><net_src comp="216" pin="1"/><net_sink comp="220" pin=0"/></net>

<net id="227"><net_src comp="220" pin="4"/><net_sink comp="216" pin=0"/></net>

<net id="238"><net_src comp="118" pin="0"/><net_sink comp="228" pin=0"/></net>

<net id="239"><net_src comp="0" pin="0"/><net_sink comp="228" pin=1"/></net>

<net id="240"><net_src comp="4" pin="0"/><net_sink comp="228" pin=3"/></net>

<net id="247"><net_src comp="22" pin="0"/><net_sink comp="241" pin=0"/></net>

<net id="248"><net_src comp="124" pin="2"/><net_sink comp="241" pin=1"/></net>

<net id="249"><net_src comp="24" pin="0"/><net_sink comp="241" pin=2"/></net>

<net id="250"><net_src comp="26" pin="0"/><net_sink comp="241" pin=3"/></net>

<net id="254"><net_src comp="241" pin="4"/><net_sink comp="251" pin=0"/></net>

<net id="261"><net_src comp="28" pin="0"/><net_sink comp="255" pin=0"/></net>

<net id="262"><net_src comp="130" pin="2"/><net_sink comp="255" pin=1"/></net>

<net id="263"><net_src comp="30" pin="0"/><net_sink comp="255" pin=2"/></net>

<net id="264"><net_src comp="26" pin="0"/><net_sink comp="255" pin=3"/></net>

<net id="271"><net_src comp="28" pin="0"/><net_sink comp="265" pin=0"/></net>

<net id="272"><net_src comp="136" pin="2"/><net_sink comp="265" pin=1"/></net>

<net id="273"><net_src comp="30" pin="0"/><net_sink comp="265" pin=2"/></net>

<net id="274"><net_src comp="26" pin="0"/><net_sink comp="265" pin=3"/></net>

<net id="281"><net_src comp="28" pin="0"/><net_sink comp="275" pin=0"/></net>

<net id="282"><net_src comp="142" pin="2"/><net_sink comp="275" pin=1"/></net>

<net id="283"><net_src comp="30" pin="0"/><net_sink comp="275" pin=2"/></net>

<net id="284"><net_src comp="26" pin="0"/><net_sink comp="275" pin=3"/></net>

<net id="291"><net_src comp="28" pin="0"/><net_sink comp="285" pin=0"/></net>

<net id="292"><net_src comp="148" pin="2"/><net_sink comp="285" pin=1"/></net>

<net id="293"><net_src comp="30" pin="0"/><net_sink comp="285" pin=2"/></net>

<net id="294"><net_src comp="26" pin="0"/><net_sink comp="285" pin=3"/></net>

<net id="299"><net_src comp="209" pin="4"/><net_sink comp="295" pin=0"/></net>

<net id="300"><net_src comp="78" pin="0"/><net_sink comp="295" pin=1"/></net>

<net id="305"><net_src comp="209" pin="4"/><net_sink comp="301" pin=0"/></net>

<net id="306"><net_src comp="84" pin="0"/><net_sink comp="301" pin=1"/></net>

<net id="312"><net_src comp="86" pin="0"/><net_sink comp="307" pin=0"/></net>

<net id="313"><net_src comp="209" pin="4"/><net_sink comp="307" pin=1"/></net>

<net id="314"><net_src comp="88" pin="0"/><net_sink comp="307" pin=2"/></net>

<net id="319"><net_src comp="307" pin="3"/><net_sink comp="315" pin=0"/></net>

<net id="320"><net_src comp="90" pin="0"/><net_sink comp="315" pin=1"/></net>

<net id="324"><net_src comp="315" pin="2"/><net_sink comp="321" pin=0"/></net>

<net id="329"><net_src comp="321" pin="1"/><net_sink comp="325" pin=1"/></net>

<net id="333"><net_src comp="325" pin="2"/><net_sink comp="330" pin=0"/></net>

<net id="338"><net_src comp="6" pin="0"/><net_sink comp="334" pin=0"/></net>

<net id="339"><net_src comp="330" pin="1"/><net_sink comp="334" pin=1"/></net>

<net id="343"><net_src comp="192" pin="1"/><net_sink comp="340" pin=0"/></net>

<net id="349"><net_src comp="92" pin="0"/><net_sink comp="344" pin=0"/></net>

<net id="350"><net_src comp="340" pin="1"/><net_sink comp="344" pin=1"/></net>

<net id="351"><net_src comp="88" pin="0"/><net_sink comp="344" pin=2"/></net>

<net id="355"><net_src comp="344" pin="3"/><net_sink comp="352" pin=0"/></net>

<net id="356"><net_src comp="352" pin="1"/><net_sink comp="154" pin=2"/></net>

<net id="361"><net_src comp="192" pin="1"/><net_sink comp="357" pin=0"/></net>

<net id="362"><net_src comp="96" pin="0"/><net_sink comp="357" pin=1"/></net>

<net id="367"><net_src comp="220" pin="4"/><net_sink comp="363" pin=0"/></net>

<net id="372"><net_src comp="220" pin="4"/><net_sink comp="368" pin=0"/></net>

<net id="373"><net_src comp="102" pin="0"/><net_sink comp="368" pin=1"/></net>

<net id="378"><net_src comp="106" pin="0"/><net_sink comp="374" pin=1"/></net>

<net id="382"><net_src comp="216" pin="1"/><net_sink comp="379" pin=0"/></net>

<net id="383"><net_src comp="379" pin="1"/><net_sink comp="173" pin=2"/></net>

<net id="387"><net_src comp="384" pin="1"/><net_sink comp="185" pin=2"/></net>

<net id="391"><net_src comp="251" pin="1"/><net_sink comp="388" pin=0"/></net>

<net id="392"><net_src comp="388" pin="1"/><net_sink comp="325" pin=0"/></net>

<net id="396"><net_src comp="255" pin="4"/><net_sink comp="393" pin=0"/></net>

<net id="397"><net_src comp="393" pin="1"/><net_sink comp="228" pin=5"/></net>

<net id="401"><net_src comp="265" pin="4"/><net_sink comp="398" pin=0"/></net>

<net id="402"><net_src comp="398" pin="1"/><net_sink comp="228" pin=4"/></net>

<net id="406"><net_src comp="275" pin="4"/><net_sink comp="403" pin=0"/></net>

<net id="407"><net_src comp="403" pin="1"/><net_sink comp="228" pin=6"/></net>

<net id="411"><net_src comp="285" pin="4"/><net_sink comp="408" pin=0"/></net>

<net id="412"><net_src comp="408" pin="1"/><net_sink comp="228" pin=2"/></net>

<net id="416"><net_src comp="165" pin="3"/><net_sink comp="413" pin=0"/></net>

<net id="417"><net_src comp="413" pin="1"/><net_sink comp="179" pin=0"/></net>

<net id="424"><net_src comp="301" pin="2"/><net_sink comp="421" pin=0"/></net>

<net id="425"><net_src comp="421" pin="1"/><net_sink comp="209" pin=2"/></net>

<net id="429"><net_src comp="334" pin="2"/><net_sink comp="426" pin=0"/></net>

<net id="430"><net_src comp="426" pin="1"/><net_sink comp="154" pin=1"/></net>

<net id="431"><net_src comp="426" pin="1"/><net_sink comp="160" pin=1"/></net>

<net id="435"><net_src comp="344" pin="3"/><net_sink comp="432" pin=0"/></net>

<net id="436"><net_src comp="432" pin="1"/><net_sink comp="363" pin=1"/></net>

<net id="440"><net_src comp="352" pin="1"/><net_sink comp="437" pin=0"/></net>

<net id="441"><net_src comp="437" pin="1"/><net_sink comp="154" pin=2"/></net>

<net id="445"><net_src comp="357" pin="2"/><net_sink comp="442" pin=0"/></net>

<net id="446"><net_src comp="442" pin="1"/><net_sink comp="374" pin=0"/></net>

<net id="453"><net_src comp="368" pin="2"/><net_sink comp="450" pin=0"/></net>

<net id="454"><net_src comp="450" pin="1"/><net_sink comp="220" pin=2"/></net>

<net id="458"><net_src comp="160" pin="2"/><net_sink comp="455" pin=0"/></net>

<net id="459"><net_src comp="455" pin="1"/><net_sink comp="179" pin=1"/></net>

<net id="463"><net_src comp="374" pin="2"/><net_sink comp="460" pin=0"/></net>

<net id="464"><net_src comp="460" pin="1"/><net_sink comp="384" pin=0"/></net>

<net id="468"><net_src comp="185" pin="3"/><net_sink comp="465" pin=0"/></net>

<net id="469"><net_src comp="465" pin="1"/><net_sink comp="179" pin=0"/></net>

<net id="473"><net_src comp="179" pin="3"/><net_sink comp="470" pin=0"/></net>

<net id="474"><net_src comp="470" pin="1"/><net_sink comp="197" pin=2"/></net>

</net_list>

</model> 
---------------- Datapath Model END ------------------

* FSMD analyzer results:
  - Output states:
	Port: gmem1 | {14 15 }
 - Input state : 
	Port: top_kernel : gmem1 | {14 15 }
	Port: top_kernel : gmem2 | {14 15 }
	Port: top_kernel : gcontrol | {3 4 5 6 7 8 9 10 }
	Port: top_kernel : global_cin_V | {1 }
	Port: top_kernel : global_cout_V | {1 }
	Port: top_kernel : global_weight_V | {1 }
	Port: top_kernel : global_bias_V | {1 }
	Port: top_kernel : layer_config_V | {1 }
  - Chain level:
	State 1
		tmp_71_cast : 1
		config_addr : 1
	State 2
		exitcond : 1
		layer_id_1 : 1
		StgValue_51 : 2
		tmp_s : 1
		tmp_15 : 2
		tmp_60_cast : 2
		layer_config_V12_sum : 3
		layer_config_V12_sum_1 : 4
		gcontrol_addr : 5
	State 3
		tmp_cast : 1
		tmp_73_add_i32_shr_c : 2
		gcontrol_addr_rd_req : 3
	State 4
	State 5
	State 6
	State 7
	State 8
	State 9
	State 10
		exitcond6 : 1
		indvar_next5 : 1
		StgValue_75 : 2
	State 11
		config_addr_2 : 1
		StgValue_82 : 2
		burstread_rend23 : 1
	State 12
		config_addr_1 : 1
		nxt_layer_batch : 2
	State 13
	State 14
	State 15


============================================================
+ Verbose Summary: Datapath Resource usage 
============================================================

* Functional unit list:
|----------|----------------------------------|---------|---------|---------|---------|---------|---------|
| Operation|          Functional Unit         |   BRAM  |  DSP48E |  Delay  |    FF   |   LUT   |   URAM  |
|----------|----------------------------------|---------|---------|---------|---------|---------|---------|
|   call   |         grp_engine_fu_228        |   984   |   293   | 270.106 |  129824 |  57193  |    0    |
|----------|----------------------------------|---------|---------|---------|---------|---------|---------|
|          |         layer_id_1_fu_301        |    0    |    0    |    0    |    0    |    12   |    0    |
|    add   |    layer_config_V12_sum_fu_325   |    0    |    0    |    0    |    0    |    69   |    0    |
|          |        indvar_next5_fu_368       |    0    |    0    |    0    |    0    |    37   |    0    |
|          |           tmp_16_fu_374          |    0    |    0    |    0    |    0    |    39   |    0    |
|----------|----------------------------------|---------|---------|---------|---------|---------|---------|
|   icmp   |          exitcond_fu_295         |    0    |    0    |    0    |    0    |    9    |    0    |
|          |         exitcond6_fu_363         |    0    |    0    |    0    |    0    |    18   |    0    |
|----------|----------------------------------|---------|---------|---------|---------|---------|---------|
|          |  layer_config_V_read_read_fu_124 |    0    |    0    |    0    |    0    |    0    |    0    |
|          |  global_bias_V_read_read_fu_130  |    0    |    0    |    0    |    0    |    0    |    0    |
|   read   | global_weight_V_read_read_fu_136 |    0    |    0    |    0    |    0    |    0    |    0    |
|          |  global_cout_V_read_read_fu_142  |    0    |    0    |    0    |    0    |    0    |    0    |
|          |   global_cin_V_read_read_fu_148  |    0    |    0    |    0    |    0    |    0    |    0    |
|          |  gcontrol_addr_read_read_fu_160  |    0    |    0    |    0    |    0    |    0    |    0    |
|----------|----------------------------------|---------|---------|---------|---------|---------|---------|
|  readreq |        grp_readreq_fu_154        |    0    |    0    |    0    |    0    |    0    |    0    |
|----------|----------------------------------|---------|---------|---------|---------|---------|---------|
|          |            tmp_fu_241            |    0    |    0    |    0    |    0    |    0    |    0    |
|          |       global_bias_V9_fu_255      |    0    |    0    |    0    |    0    |    0    |    0    |
|partselect|      global_weight_V7_fu_265     |    0    |    0    |    0    |    0    |    0    |    0    |
|          |       global_cout_V5_fu_275      |    0    |    0    |    0    |    0    |    0    |    0    |
|          |       global_cin_V1_fu_285       |    0    |    0    |    0    |    0    |    0    |    0    |
|----------|----------------------------------|---------|---------|---------|---------|---------|---------|
|          |        tmp_71_cast_fu_251        |    0    |    0    |    0    |    0    |    0    |    0    |
|          |        tmp_60_cast_fu_321        |    0    |    0    |    0    |    0    |    0    |    0    |
|   zext   |   layer_config_V12_sum_1_fu_330  |    0    |    0    |    0    |    0    |    0    |    0    |
|          |    tmp_73_add_i32_shr_c_fu_352   |    0    |    0    |    0    |    0    |    0    |    0    |
|          |          indvar1_fu_379          |    0    |    0    |    0    |    0    |    0    |    0    |
|----------|----------------------------------|---------|---------|---------|---------|---------|---------|
|bitconcatenate|           tmp_s_fu_307           |    0    |    0    |    0    |    0    |    0    |    0    |
|          |          tmp_cast_fu_344         |    0    |    0    |    0    |    0    |    0    |    0    |
|----------|----------------------------------|---------|---------|---------|---------|---------|---------|
|    or    |           tmp_15_fu_315          |    0    |    0    |    0    |    0    |    0    |    0    |
|----------|----------------------------------|---------|---------|---------|---------|---------|---------|
|   trunc  |           tmp_28_fu_340          |    0    |    0    |    0    |    0    |    0    |    0    |
|----------|----------------------------------|---------|---------|---------|---------|---------|---------|
|    shl   |           tmp_27_fu_357          |    0    |    0    |    0    |    0    |    0    |    0    |
|----------|----------------------------------|---------|---------|---------|---------|---------|---------|
|   sext   |           tmp_17_fu_384          |    0    |    0    |    0    |    0    |    0    |    0    |
|----------|----------------------------------|---------|---------|---------|---------|---------|---------|
|   Total  |                                  |   984   |   293   | 270.106 |  129824 |  57377  |    0    |
|----------|----------------------------------|---------|---------|---------|---------|---------|---------|

Memories:
+------+--------+--------+--------+
|      |  BRAM  |   FF   |   LUT  |
+------+--------+--------+--------+
|config|    2   |    0   |    0   |
+------+--------+--------+--------+
| Total|    2   |    0   |    0   |
+------+--------+--------+--------+

* Register list:
+----------------------------+--------+
|                            |   FF   |
+----------------------------+--------+
|    config_addr_1_reg_465   |    5   |
|     config_addr_reg_413    |    5   |
|   cur_layer_batch_reg_192  |   32   |
| gcontrol_addr_read_reg_455 |   32   |
|    gcontrol_addr_reg_426   |   32   |
|   global_bias_V9_reg_393   |   58   |
|    global_cin_V1_reg_408   |   58   |
|   global_cout_V5_reg_403   |   58   |
|  global_weight_V7_reg_398  |   58   |
|    indvar_next5_reg_450    |   30   |
|       indvar_reg_216       |   30   |
|     layer_id_1_reg_421     |    3   |
|      layer_id_reg_205      |    3   |
|   nxt_layer_batch_reg_470  |   32   |
|       tmp_16_reg_460       |   32   |
|       tmp_27_reg_442       |   32   |
|     tmp_71_cast_reg_388    |   63   |
|tmp_73_add_i32_shr_c_reg_437|   32   |
|      tmp_cast_reg_432      |   30   |
+----------------------------+--------+
|            Total           |   625  |
+----------------------------+--------+

* Multiplexer (MUX) list: 
|-------------------------|------|------|------|--------||---------||---------|
|           Comp          |  Pin | Size |  BW  | S x BW ||  Delay  ||   LUT   |
|-------------------------|------|------|------|--------||---------||---------|
|    grp_readreq_fu_154   |  p2  |   2  |  30  |   60   ||    9    |
|    grp_access_fu_179    |  p0  |   4  |   5  |   20   ||    21   |
|    grp_access_fu_179    |  p1  |   2  |  32  |   64   ||    9    |
| cur_layer_batch_reg_192 |  p0  |   2  |  32  |   64   ||    9    |
|      indvar_reg_216     |  p0  |   2  |  30  |   60   ||    9    |
|-------------------------|------|------|------|--------||---------||---------|
|          Total          |      |      |      |   268  ||  4.403  ||    57   |
|-------------------------|------|------|------|--------||---------||---------|



* Summary:
+-----------+--------+--------+--------+--------+--------+--------+
|           |  BRAM  | DSP48E |  Delay |   FF   |   LUT  |  URAM  |
+-----------+--------+--------+--------+--------+--------+--------+
|  Function |   984  |   293  |   270  | 129824 |  57377 |    0   |
|   Memory  |    2   |    -   |    -   |    0   |    0   |    -   |
|Multiplexer|    -   |    -   |    4   |    -   |   57   |    -   |
|  Register |    -   |    -   |    -   |   625  |    -   |    -   |
+-----------+--------+--------+--------+--------+--------+--------+
|   Total   |   986  |   293  |   274  | 130449 |  57434 |    0   |
+-----------+--------+--------+--------+--------+--------+--------+
