

================================================================
== Vivado HLS Report for 'cout_write_fifo_read'
================================================================
* Date:           Thu Nov  5 03:55:27 2020

* Version:        2018.3 (Build 2405991 on Thu Dec 06 23:56:15 MST 2018)
* Project:        pose_prj
* Solution:       solution1
* Product family: virtex7
* Target device:  xc7vx690tffg1761-2


================================================================
== Performance Estimates
================================================================
+ Timing (ns): 
    * Summary: 
    +--------+-------+----------+------------+
    |  Clock | Target| Estimated| Uncertainty|
    +--------+-------+----------+------------+
    |ap_clk  |   3.00|     5.349|        0.38|
    +--------+-------+----------+------------+

+ Latency (clock cycles): 
    * Summary: 
    +-----+-----+-----+-----+---------+
    |  Latency  |  Interval | Pipeline|
    | min | max | min | max |   Type  |
    +-----+-----+-----+-----+---------+
    |    ?|    ?|    ?|    ?|   none  |
    +-----+-----+-----+-----+---------+

    + Detail: 
        * Instance: 
        N/A

        * Loop: 
        +----------+-----+-----+----------+-----------+-----------+------+----------+
        |          |  Latency  | Iteration|  Initiation Interval  | Trip |          |
        | Loop Name| min | max |  Latency |  achieved |   target  | Count| Pipelined|
        +----------+-----+-----+----------+-----------+-----------+------+----------+
        |- Loop 1  |    ?|    ?|        22|          1|          1|     ?|    yes   |
        |- Loop 2  |    ?|    ?|        19|          3|          1|     ?|    yes   |
        |- Loop 3  |    ?|    ?|        19|          3|          1|     ?|    yes   |
        +----------+-----+-----+----------+-----------+-----------+------+----------+



================================================================
== Utilization Estimates
================================================================
* Summary: 
+-----------------+---------+-------+--------+--------+
|       Name      | BRAM_18K| DSP48E|   FF   |   LUT  |
+-----------------+---------+-------+--------+--------+
|DSP              |        -|      -|       -|       -|
|Expression       |        -|      -|       0|    5190|
|FIFO             |        -|      -|       -|       -|
|Instance         |        -|     15|    1482|     114|
|Memory           |        -|      -|       -|       -|
|Multiplexer      |        -|      -|       -|     344|
|Register         |        0|      -|    3695|     416|
+-----------------+---------+-------+--------+--------+
|Total            |        0|     15|    5177|    6064|
+-----------------+---------+-------+--------+--------+
|Available        |     2940|   3600|  866400|  433200|
+-----------------+---------+-------+--------+--------+
|Utilization (%)  |        0|   ~0  |   ~0   |       1|
+-----------------+---------+-------+--------+--------+

+ Detail: 
    * Instance: 
    +---------------------------+----------------------+---------+-------+-----+----+
    |          Instance         |        Module        | BRAM_18K| DSP48E|  FF | LUT|
    +---------------------------+----------------------+---------+-------+-----+----+
    |top_kernel_mul_31Shg_U286  |top_kernel_mul_31Shg  |        0|      3|  247|  19|
    |top_kernel_mul_32bkb_U284  |top_kernel_mul_32bkb  |        0|      3|  247|  19|
    |top_kernel_mul_32bkb_U288  |top_kernel_mul_32bkb  |        0|      3|  247|  19|
    |top_kernel_mul_32g8j_U285  |top_kernel_mul_32g8j  |        0|      2|  247|  19|
    |top_kernel_mul_32g8j_U287  |top_kernel_mul_32g8j  |        0|      2|  247|  19|
    |top_kernel_mul_32g8j_U289  |top_kernel_mul_32g8j  |        0|      2|  247|  19|
    +---------------------------+----------------------+---------+-------+-----+----+
    |Total                      |                      |        0|     15| 1482| 114|
    +---------------------------+----------------------+---------+-------+-----+----+

    * DSP48: 
    N/A

    * Memory: 
    N/A

    * FIFO: 
    N/A

    * Expression: 
    +-------------------------------------+----------+-------+---+-----+------------+------------+
    |            Variable Name            | Operation| DSP48E| FF| LUT | Bitwidth P0| Bitwidth P1|
    +-------------------------------------+----------+-------+---+-----+------------+------------+
    |h_6_fu_917_p2                        |     +    |      0|  0|   39|           1|          32|
    |h_7_fu_717_p2                        |     +    |      0|  0|   39|           1|          32|
    |h_8_fu_501_p2                        |     +    |      0|  0|   39|           1|          32|
    |local_cout_idx_1_fu_823_p2           |     +    |      0|  0|   39|          32|          32|
    |local_cout_idx_2_fu_613_p2           |     +    |      0|  0|   39|          32|          32|
    |local_cout_idx_fu_1014_p2            |     +    |      0|  0|   39|          32|          32|
    |o_7_fu_940_p2                        |     +    |      0|  0|   39|           1|          32|
    |o_8_fu_745_p2                        |     +    |      0|  0|   39|           1|          32|
    |o_9_fu_529_p2                        |     +    |      0|  0|   39|           1|          32|
    |tmp_187_fu_999_p2                    |     +    |      0|  0|   39|          32|          32|
    |tmp_195_fu_808_p2                    |     +    |      0|  0|   39|          32|          32|
    |tmp_200_fu_701_p2                    |     +    |      0|  0|   39|          32|          32|
    |tmp_206_fu_597_p2                    |     +    |      0|  0|   39|          32|          32|
    |tmp_211_fu_485_p2                    |     +    |      0|  0|   39|          32|          32|
    |tmp_216_fu_706_p2                    |     +    |      0|  0|   39|          32|          32|
    |tmp_219_fu_490_p2                    |     +    |      0|  0|   39|          32|          32|
    |w_6_fu_906_p2                        |     +    |      0|  0|   39|           1|          32|
    |w_7_fu_711_p2                        |     +    |      0|  0|   39|           1|          32|
    |w_8_fu_495_p2                        |     +    |      0|  0|   39|           1|          32|
    |ap_block_pp0_stage2_11001            |    and   |      0|  0|    2|           1|           1|
    |ap_block_pp1_stage2_11001            |    and   |      0|  0|    2|           1|           1|
    |ap_block_pp2                         |    and   |      0|  0|    2|           1|           1|
    |ap_block_pp2_stage0_11001            |    and   |      0|  0|    2|           1|           1|
    |ap_block_state19_pp0_stage2_iter5    |    and   |      0|  0|    2|           1|           1|
    |ap_block_state39_pp1_stage2_iter5    |    and   |      0|  0|    2|           1|           1|
    |ap_block_state61_pp2_stage0_iter20   |    and   |      0|  0|    2|           1|           1|
    |ap_enable_state58_pp2_iter17_stage0  |    and   |      0|  0|    2|           1|           1|
    |ap_enable_state60_pp2_iter19_stage0  |    and   |      0|  0|    2|           1|           1|
    |ap_enable_state62_pp2_iter21_stage0  |    and   |      0|  0|    2|           1|           1|
    |done13_3_fu_587_p2                   |    and   |      0|  0|    2|           1|           1|
    |done4_3_fu_803_p2                    |    and   |      0|  0|    2|           1|           1|
    |done_3_fu_993_p2                     |    and   |      0|  0|    2|           1|           1|
    |sel_tmp20_fu_731_p2                  |    and   |      0|  0|    2|           1|           1|
    |sel_tmp23_fu_751_p2                  |    and   |      0|  0|    2|           1|           1|
    |sel_tmp26_fu_515_p2                  |    and   |      0|  0|    2|           1|           1|
    |sel_tmp27_fu_535_p2                  |    and   |      0|  0|    2|           1|           1|
    |sel_tmp4_fu_959_p2                   |    and   |      0|  0|    2|           1|           1|
    |tmp_201_fu_723_p2                    |   icmp   |      0|  0|   18|          32|          32|
    |tmp_212_fu_507_p2                    |   icmp   |      0|  0|   18|          32|          32|
    |tmp_217_fu_727_p2                    |   icmp   |      0|  0|   18|          32|          32|
    |tmp_220_fu_511_p2                    |   icmp   |      0|  0|   18|          32|          32|
    |tmp_223_fu_912_p2                    |   icmp   |      0|  0|   18|          32|          32|
    |tmp_225_fu_737_p2                    |   icmp   |      0|  0|   18|          32|          32|
    |tmp_227_fu_521_p2                    |   icmp   |      0|  0|   18|          32|          32|
    |tmp_228_fu_936_p2                    |   icmp   |      0|  0|   18|          32|          32|
    |tmp_229_fu_741_p2                    |   icmp   |      0|  0|   18|          32|          32|
    |tmp_230_fu_525_p2                    |   icmp   |      0|  0|   18|          32|          32|
    |tmp_231_fu_946_p2                    |   icmp   |      0|  0|   18|          32|          32|
    |tmp_232_fu_772_p2                    |   icmp   |      0|  0|   18|          32|          32|
    |tmp_233_fu_556_p2                    |   icmp   |      0|  0|   18|          32|          32|
    |ap_block_pp0                         |    or    |      0|  0|    2|           1|           1|
    |ap_block_pp1                         |    or    |      0|  0|    2|           1|           1|
    |brmerge_fu_366_p2                    |    or    |      0|  0|    2|           1|           1|
    |cout_buf_0_V_11_fu_666_p3            |  select  |      0|  0|  256|           1|         256|
    |cout_buf_0_V_13_fu_1052_p3           |  select  |      0|  0|  256|           1|         256|
    |cout_buf_0_V_14_fu_890_p3            |  select  |      0|  0|  256|           1|         256|
    |cout_buf_0_V_15_fu_680_p3            |  select  |      0|  0|  256|           1|         256|
    |cout_buf_0_V_4_fu_862_p3             |  select  |      0|  0|  256|           1|         256|
    |cout_buf_0_V_6_fu_652_p3             |  select  |      0|  0|  256|           1|         256|
    |cout_buf_0_V_7_fu_876_p3             |  select  |      0|  0|  256|           1|         256|
    |cout_buf_1_V_11_fu_659_p3            |  select  |      0|  0|  256|           1|         256|
    |cout_buf_1_V_13_fu_1046_p3           |  select  |      0|  0|  256|           1|         256|
    |cout_buf_1_V_14_fu_883_p3            |  select  |      0|  0|  256|           1|         256|
    |cout_buf_1_V_15_fu_673_p3            |  select  |      0|  0|  256|           1|         256|
    |cout_buf_1_V_5_fu_855_p3             |  select  |      0|  0|  256|           1|           1|
    |cout_buf_1_V_6_fu_645_p3             |  select  |      0|  0|  256|           1|           1|
    |cout_buf_1_V_8_fu_869_p3             |  select  |      0|  0|  256|           1|         256|
    |h11_2_fu_548_p3                      |  select  |      0|  0|   32|           1|          32|
    |h2_2_fu_764_p3                       |  select  |      0|  0|   32|           1|          32|
    |h_2_fu_986_p3                        |  select  |      0|  0|   32|           1|          32|
    |o10_3_fu_574_p3                      |  select  |      0|  0|   32|           1|          32|
    |o1_3_fu_790_p3                       |  select  |      0|  0|   32|           1|          32|
    |o_3_fu_972_p3                        |  select  |      0|  0|   32|           1|          32|
    |p_1_fu_951_p3                        |  select  |      0|  0|   32|           1|           1|
    |p_2_fu_776_p3                        |  select  |      0|  0|   32|           1|           1|
    |p_3_fu_560_p3                        |  select  |      0|  0|   32|           1|           1|
    |sel_tmp24_fu_783_p3                  |  select  |      0|  0|   32|           1|          32|
    |sel_tmp25_fu_757_p3                  |  select  |      0|  0|   32|           1|           1|
    |sel_tmp28_fu_567_p3                  |  select  |      0|  0|   32|           1|          32|
    |sel_tmp29_fu_541_p3                  |  select  |      0|  0|   32|           1|           1|
    |sel_tmp5_fu_964_p3                   |  select  |      0|  0|   32|           1|          32|
    |sel_tmp9_fu_979_p3                   |  select  |      0|  0|   32|           1|           1|
    |sel_tmp_fu_372_p3                    |  select  |      0|  0|    3|           1|           3|
    |w12_1_fu_581_p3                      |  select  |      0|  0|   32|           1|           1|
    |w3_1_fu_797_p3                       |  select  |      0|  0|   32|           1|           1|
    |w_1_fu_923_p3                        |  select  |      0|  0|   32|           1|           1|
    |write_2_fu_380_p3                    |  select  |      0|  0|    2|           1|           2|
    |ap_enable_pp0                        |    xor   |      0|  0|    2|           1|           2|
    |ap_enable_pp1                        |    xor   |      0|  0|    2|           1|           2|
    |ap_enable_pp2                        |    xor   |      0|  0|    2|           1|           2|
    |ap_enable_reg_pp2_iter1              |    xor   |      0|  0|    2|           2|           1|
    +-------------------------------------+----------+-------+---+-----+------------+------------+
    |Total                                |          |      0|  0| 5190|         805|        4428|
    +-------------------------------------+----------+-------+---+-----+------------+------------+

    * Multiplexer: 
    +--------------------------------+----+-----------+-----+-----------+
    |              Name              | LUT| Input Size| Bits| Total Bits|
    +--------------------------------+----+-----------+-----+-----------+
    |ap_NS_fsm                       |  47|         10|    1|         10|
    |ap_enable_reg_pp0_iter6         |   9|          2|    1|          2|
    |ap_enable_reg_pp1_iter6         |   9|          2|    1|          2|
    |ap_enable_reg_pp2_iter1         |   9|          2|    1|          2|
    |ap_enable_reg_pp2_iter21        |   9|          2|    1|          2|
    |ap_phi_mux_done1_phi_fu_234_p4  |   9|          2|    1|          2|
    |ap_phi_mux_done4_phi_fu_282_p4  |   9|          2|    1|          2|
    |ap_phi_mux_done_phi_fu_330_p4   |   9|          2|    1|          2|
    |ap_phi_mux_h2_phi_fu_258_p4     |   9|          2|   32|         64|
    |ap_phi_mux_h7_phi_fu_210_p4     |   9|          2|   32|         64|
    |ap_phi_mux_h_phi_fu_306_p4      |   9|          2|   32|         64|
    |ap_phi_mux_o1_phi_fu_246_p4     |   9|          2|   32|         64|
    |ap_phi_mux_o7_phi_fu_198_p4     |   9|          2|   32|         64|
    |ap_phi_mux_o_phi_fu_294_p4      |   9|          2|   32|         64|
    |ap_phi_mux_w3_phi_fu_270_p4     |   9|          2|   32|         64|
    |ap_phi_mux_w7_phi_fu_222_p4     |   9|          2|   32|         64|
    |ap_phi_mux_w_phi_fu_318_p4      |   9|          2|   32|         64|
    |cout_burst_buf_V_address0       |  21|          4|   12|         48|
    |cout_burst_buf_V_d0             |  15|          3|  512|       1536|
    |done1_reg_230                   |   9|          2|    1|          2|
    |done4_reg_278                   |   9|          2|    1|          2|
    |done_reg_326                    |   9|          2|    1|          2|
    |fifo_cout_V_V_blk_n             |   9|          2|    1|          2|
    |h2_reg_254                      |   9|          2|   32|         64|
    |h7_reg_206                      |   9|          2|   32|         64|
    |h_reg_302                       |   9|          2|   32|         64|
    |o1_reg_242                      |   9|          2|   32|         64|
    |o7_reg_194                      |   9|          2|   32|         64|
    |o_reg_290                       |   9|          2|   32|         64|
    |w3_reg_266                      |   9|          2|   32|         64|
    |w7_reg_218                      |   9|          2|   32|         64|
    |w_reg_314                       |   9|          2|   32|         64|
    +--------------------------------+----+-----------+-----+-----------+
    |Total                           | 344|         75| 1112|       2768|
    +--------------------------------+----+-----------+-----+-----------+

    * Register: 
    +---------------------------------+-----+----+-----+-----------+
    |               Name              |  FF | LUT| Bits| Const Bits|
    +---------------------------------+-----+----+-----+-----------+
    |LAYER_OUT_NUM_T_cast_reg_1089    |   16|   0|   32|         16|
    |ap_CS_fsm                        |    9|   0|    9|          0|
    |ap_enable_reg_pp0_iter0          |    1|   0|    1|          0|
    |ap_enable_reg_pp0_iter1          |    1|   0|    1|          0|
    |ap_enable_reg_pp0_iter2          |    1|   0|    1|          0|
    |ap_enable_reg_pp0_iter3          |    1|   0|    1|          0|
    |ap_enable_reg_pp0_iter4          |    1|   0|    1|          0|
    |ap_enable_reg_pp0_iter5          |    1|   0|    1|          0|
    |ap_enable_reg_pp0_iter6          |    1|   0|    1|          0|
    |ap_enable_reg_pp1_iter0          |    1|   0|    1|          0|
    |ap_enable_reg_pp1_iter1          |    1|   0|    1|          0|
    |ap_enable_reg_pp1_iter2          |    1|   0|    1|          0|
    |ap_enable_reg_pp1_iter3          |    1|   0|    1|          0|
    |ap_enable_reg_pp1_iter4          |    1|   0|    1|          0|
    |ap_enable_reg_pp1_iter5          |    1|   0|    1|          0|
    |ap_enable_reg_pp1_iter6          |    1|   0|    1|          0|
    |ap_enable_reg_pp2_iter0          |    1|   0|    1|          0|
    |ap_enable_reg_pp2_iter1          |    1|   0|    1|          0|
    |ap_enable_reg_pp2_iter10         |    1|   0|    1|          0|
    |ap_enable_reg_pp2_iter11         |    1|   0|    1|          0|
    |ap_enable_reg_pp2_iter12         |    1|   0|    1|          0|
    |ap_enable_reg_pp2_iter13         |    1|   0|    1|          0|
    |ap_enable_reg_pp2_iter14         |    1|   0|    1|          0|
    |ap_enable_reg_pp2_iter15         |    1|   0|    1|          0|
    |ap_enable_reg_pp2_iter16         |    1|   0|    1|          0|
    |ap_enable_reg_pp2_iter17         |    1|   0|    1|          0|
    |ap_enable_reg_pp2_iter18         |    1|   0|    1|          0|
    |ap_enable_reg_pp2_iter19         |    1|   0|    1|          0|
    |ap_enable_reg_pp2_iter2          |    1|   0|    1|          0|
    |ap_enable_reg_pp2_iter20         |    1|   0|    1|          0|
    |ap_enable_reg_pp2_iter21         |    1|   0|    1|          0|
    |ap_enable_reg_pp2_iter3          |    1|   0|    1|          0|
    |ap_enable_reg_pp2_iter4          |    1|   0|    1|          0|
    |ap_enable_reg_pp2_iter5          |    1|   0|    1|          0|
    |ap_enable_reg_pp2_iter6          |    1|   0|    1|          0|
    |ap_enable_reg_pp2_iter7          |    1|   0|    1|          0|
    |ap_enable_reg_pp2_iter8          |    1|   0|    1|          0|
    |ap_enable_reg_pp2_iter9          |    1|   0|    1|          0|
    |cout_buf_0_V_13_reg_1419         |  256|   0|  256|          0|
    |cout_buf_0_V_reg_1404            |  256|   0|  256|          0|
    |cout_buf_1_V_13_reg_1414         |  256|   0|  256|          0|
    |cout_buf_1_V_reg_1409            |  256|   0|  256|          0|
    |cout_burst_buf_V_add_1_reg_1331  |   12|   0|   12|          0|
    |cout_burst_buf_V_add_2_reg_1237  |   12|   0|   12|          0|
    |cout_burst_buf_V_add_reg_1392    |   12|   0|   12|          0|
    |done13_3_reg_1217                |    1|   0|    1|          0|
    |done1_reg_230                    |    1|   0|    1|          0|
    |done4_3_reg_1311                 |    1|   0|    1|          0|
    |done4_reg_278                    |    1|   0|    1|          0|
    |done_reg_326                     |    1|   0|    1|          0|
    |h11_2_reg_1202                   |   32|   0|   32|          0|
    |h2_2_reg_1296                    |   32|   0|   32|          0|
    |h2_reg_254                       |   32|   0|   32|          0|
    |h7_reg_206                       |   32|   0|   32|          0|
    |h_6_reg_1351                     |   32|   0|   32|          0|
    |h_7_reg_1266                     |   32|   0|   32|          0|
    |h_8_reg_1172                     |   32|   0|   32|          0|
    |h_reg_302                        |   32|   0|   32|          0|
    |o10_3_reg_1207                   |   32|   0|   32|          0|
    |o1_3_reg_1301                    |   32|   0|   32|          0|
    |o1_reg_242                       |   32|   0|   32|          0|
    |o7_reg_194                       |   32|   0|   32|          0|
    |o_3_reg_1362                     |   32|   0|   32|          0|
    |o_8_reg_1284                     |   32|   0|   32|          0|
    |o_9_reg_1190                     |   32|   0|   32|          0|
    |o_reg_290                        |   32|   0|   32|          0|
    |reg_358                          |  256|   0|  256|          0|
    |sel_tmp20_reg_1272               |    1|   0|    1|          0|
    |sel_tmp23_reg_1290               |    1|   0|    1|          0|
    |sel_tmp26_reg_1178               |    1|   0|    1|          0|
    |sel_tmp27_reg_1196               |    1|   0|    1|          0|
    |tmp_186_reg_1377                 |   32|   0|   32|          0|
    |tmp_187_reg_1382                 |   32|   0|   32|          0|
    |tmp_188_reg_1387                 |   32|   0|   32|          0|
    |tmp_194_reg_1316                 |   32|   0|   32|          0|
    |tmp_195_reg_1321                 |   32|   0|   32|          0|
    |tmp_196_reg_1326                 |   32|   0|   32|          0|
    |tmp_199_cast_reg_1146            |   13|   0|   32|         19|
    |tmp_200_reg_1250                 |   32|   0|   32|          0|
    |tmp_202_reg_1222                 |   32|   0|   32|          0|
    |tmp_204_cast_reg_1120            |   13|   0|   32|         19|
    |tmp_206_reg_1227                 |   32|   0|   32|          0|
    |tmp_207_reg_1232                 |   32|   0|   32|          0|
    |tmp_211_reg_1156                 |   32|   0|   32|          0|
    |tmp_216_reg_1255                 |   32|   0|   32|          0|
    |tmp_219_reg_1161                 |   32|   0|   32|          0|
    |tmp_223_reg_1344                 |    1|   0|    1|          0|
    |tmp_225_reg_1278                 |    1|   0|    1|          0|
    |tmp_227_reg_1184                 |    1|   0|    1|          0|
    |tmp_305_reg_1125                 |   31|   0|   32|          1|
    |tmp_306_reg_1131                 |   31|   0|   32|          1|
    |tmp_307_reg_1136                 |   31|   0|   32|          1|
    |tmp_308_reg_1141                 |   31|   0|   32|          1|
    |tmp_507_reg_1100                 |   31|   0|   32|          1|
    |tmp_508_reg_1105                 |   31|   0|   32|          1|
    |tmp_509_reg_1110                 |   31|   0|   32|          1|
    |tmp_510_reg_1115                 |   31|   0|   32|          1|
    |tmp_513_reg_1398                 |    1|   0|    1|          0|
    |tmp_516_reg_1336                 |    1|   0|    1|          0|
    |tmp_520_reg_1242                 |    1|   0|    1|          0|
    |tmp_cast_reg_1151                |   13|   0|   32|         19|
    |w12_1_reg_1212                   |   32|   0|   32|          0|
    |w3_1_reg_1306                    |   32|   0|   32|          0|
    |w3_reg_266                       |   32|   0|   32|          0|
    |w7_reg_218                       |   32|   0|   32|          0|
    |w_1_reg_1357                     |   32|   0|   32|          0|
    |w_7_reg_1260                     |   32|   0|   32|          0|
    |w_8_reg_1166                     |   32|   0|   32|          0|
    |w_reg_314                        |   32|   0|   32|          0|
    |cout_burst_buf_V_add_reg_1392    |   64|  32|   12|          0|
    |done1_reg_230                    |   64|  32|    1|          0|
    |done4_reg_278                    |   64|  32|    1|          0|
    |done_reg_326                     |   64|  32|    1|          0|
    |o1_reg_242                       |   64|  32|   32|          0|
    |o7_reg_194                       |   64|  32|   32|          0|
    |o_reg_290                        |   64|  32|   32|          0|
    |sel_tmp20_reg_1272               |   64|  32|    1|          0|
    |sel_tmp26_reg_1178               |   64|  32|    1|          0|
    |tmp_513_reg_1398                 |   64|  32|    1|          0|
    |w3_reg_266                       |   64|  32|   32|          0|
    |w7_reg_218                       |   64|  32|   32|          0|
    |w_reg_314                        |   64|  32|   32|          0|
    +---------------------------------+-----+----+-----+-----------+
    |Total                            | 3695| 416| 3154|         81|
    +---------------------------------+-----+----+-----+-----------+



================================================================
== Interface
================================================================
* Summary: 
+---------------------------+-----+-----+------------+----------------------+--------------+
|         RTL Ports         | Dir | Bits|  Protocol  |     Source Object    |    C Type    |
+---------------------------+-----+-----+------------+----------------------+--------------+
|ap_clk                     |  in |    1| ap_ctrl_hs | cout_write_fifo_read | return value |
|ap_rst                     |  in |    1| ap_ctrl_hs | cout_write_fifo_read | return value |
|ap_start                   |  in |    1| ap_ctrl_hs | cout_write_fifo_read | return value |
|ap_done                    | out |    1| ap_ctrl_hs | cout_write_fifo_read | return value |
|ap_idle                    | out |    1| ap_ctrl_hs | cout_write_fifo_read | return value |
|ap_ready                   | out |    1| ap_ctrl_hs | cout_write_fifo_read | return value |
|cout_burst_buf_V_address0  | out |   12|  ap_memory |   cout_burst_buf_V   |     array    |
|cout_burst_buf_V_ce0       | out |    1|  ap_memory |   cout_burst_buf_V   |     array    |
|cout_burst_buf_V_we0       | out |    1|  ap_memory |   cout_burst_buf_V   |     array    |
|cout_burst_buf_V_d0        | out |  512|  ap_memory |   cout_burst_buf_V   |     array    |
|cout_burst_buf_V_q0        |  in |  512|  ap_memory |   cout_burst_buf_V   |     array    |
|cout_burst_buf_V_address1  | out |   12|  ap_memory |   cout_burst_buf_V   |     array    |
|cout_burst_buf_V_ce1       | out |    1|  ap_memory |   cout_burst_buf_V   |     array    |
|cout_burst_buf_V_we1       | out |    1|  ap_memory |   cout_burst_buf_V   |     array    |
|cout_burst_buf_V_d1        | out |  512|  ap_memory |   cout_burst_buf_V   |     array    |
|fifo_cout_V_V_dout         |  in |  256|   ap_fifo  |     fifo_cout_V_V    |    pointer   |
|fifo_cout_V_V_empty_n      |  in |    1|   ap_fifo  |     fifo_cout_V_V    |    pointer   |
|fifo_cout_V_V_read         | out |    1|   ap_fifo  |     fifo_cout_V_V    |    pointer   |
|en                         |  in |    1|   ap_none  |          en          |    scalar    |
|up_sample                  |  in |    1|   ap_none  |       up_sample      |    scalar    |
|LAYER_OUT_H                |  in |   32|   ap_none  |      LAYER_OUT_H     |    scalar    |
|LAYER_OUT_W                |  in |   32|   ap_none  |      LAYER_OUT_W     |    scalar    |
|LAYER_OUT_NUM_T            |  in |   16|   ap_none  |    LAYER_OUT_NUM_T   |    scalar    |
|LAYER_IN_H_T               |  in |   32|   ap_none  |     LAYER_IN_H_T     |    scalar    |
|LAYER_IN_W_T               |  in |   32|   ap_none  |     LAYER_IN_W_T     |    scalar    |
|in_h_iter                  |  in |   32|   ap_none  |       in_h_iter      |    scalar    |
|in_w_iter                  |  in |   32|   ap_none  |       in_w_iter      |    scalar    |
+---------------------------+-----+-----+------------+----------------------+--------------+

