

================================================================
== Vivado HLS Report for 'maxpool_w2'
================================================================
* Date:           Thu Nov  5 03:55:19 2020

* Version:        2018.3 (Build 2405991 on Thu Dec 06 23:56:15 MST 2018)
* Project:        pose_prj
* Solution:       solution1
* Product family: virtex7
* Target device:  xc7vx690tffg1761-2


================================================================
== Performance Estimates
================================================================
+ Timing (ns): 
    * Summary: 
    +--------+-------+----------+------------+
    |  Clock | Target| Estimated| Uncertainty|
    +--------+-------+----------+------------+
    |ap_clk  |   3.00|     3.644|        0.38|
    +--------+-------+----------+------------+

+ Latency (clock cycles): 
    * Summary: 
    +-----+-----+-----+-----+---------+
    |  Latency  |  Interval | Pipeline|
    | min | max | min | max |   Type  |
    +-----+-----+-----+-----+---------+
    |    ?|    ?|    ?|    ?|   none  |
    +-----+-----+-----+-----+---------+

    + Detail: 
        * Instance: 
        N/A

        * Loop: 
        +----------+-----+-----+----------+-----------+-----------+------+----------+
        |          |  Latency  | Iteration|  Initiation Interval  | Trip |          |
        | Loop Name| min | max |  Latency |  achieved |   target  | Count| Pipelined|
        +----------+-----+-----+----------+-----------+-----------+------+----------+
        |- Loop 1  |    ?|    ?|        41|          1|          1|     ?|    yes   |
        +----------+-----+-----+----------+-----------+-----------+------+----------+



================================================================
== Utilization Estimates
================================================================
* Summary: 
+-----------------+---------+-------+--------+--------+
|       Name      | BRAM_18K| DSP48E|   FF   |   LUT  |
+-----------------+---------+-------+--------+--------+
|DSP              |        -|      -|       -|       -|
|Expression       |        -|      -|       0|    3237|
|FIFO             |        -|      -|       -|       -|
|Instance         |        -|      7|    6907|    5261|
|Memory           |        -|      -|       -|       -|
|Multiplexer      |        -|      -|       -|     158|
|Register         |        0|      -|   19794|    1984|
+-----------------+---------+-------+--------+--------+
|Total            |        0|      7|   26701|   10640|
+-----------------+---------+-------+--------+--------+
|Available        |     2940|   3600|  866400|  433200|
+-----------------+---------+-------+--------+--------+
|Utilization (%)  |        0|   ~0  |       3|       2|
+-----------------+---------+-------+--------+--------+

+ Detail: 
    * Instance: 
    +---------------------------+----------------------+---------+-------+------+------+
    |          Instance         |        Module        | BRAM_18K| DSP48E|  FF  |  LUT |
    +---------------------------+----------------------+---------+-------+------+------+
    |top_kernel_fcmp_3KfY_U238  |top_kernel_fcmp_3KfY  |        0|      0|    66|    72|
    |top_kernel_fcmp_3KfY_U239  |top_kernel_fcmp_3KfY  |        0|      0|    66|    72|
    |top_kernel_fcmp_3KfY_U240  |top_kernel_fcmp_3KfY  |        0|      0|    66|    72|
    |top_kernel_fcmp_3KfY_U241  |top_kernel_fcmp_3KfY  |        0|      0|    66|    72|
    |top_kernel_fcmp_3KfY_U242  |top_kernel_fcmp_3KfY  |        0|      0|    66|    72|
    |top_kernel_fcmp_3KfY_U243  |top_kernel_fcmp_3KfY  |        0|      0|    66|    72|
    |top_kernel_fcmp_3KfY_U244  |top_kernel_fcmp_3KfY  |        0|      0|    66|    72|
    |top_kernel_fcmp_3KfY_U245  |top_kernel_fcmp_3KfY  |        0|      0|    66|    72|
    |top_kernel_fcmp_3KfY_U246  |top_kernel_fcmp_3KfY  |        0|      0|    66|    72|
    |top_kernel_fcmp_3KfY_U247  |top_kernel_fcmp_3KfY  |        0|      0|    66|    72|
    |top_kernel_fcmp_3KfY_U248  |top_kernel_fcmp_3KfY  |        0|      0|    66|    72|
    |top_kernel_fcmp_3KfY_U249  |top_kernel_fcmp_3KfY  |        0|      0|    66|    72|
    |top_kernel_fcmp_3KfY_U250  |top_kernel_fcmp_3KfY  |        0|      0|    66|    72|
    |top_kernel_fcmp_3KfY_U251  |top_kernel_fcmp_3KfY  |        0|      0|    66|    72|
    |top_kernel_fcmp_3KfY_U252  |top_kernel_fcmp_3KfY  |        0|      0|    66|    72|
    |top_kernel_fcmp_3KfY_U253  |top_kernel_fcmp_3KfY  |        0|      0|    66|    72|
    |top_kernel_fcmp_3KfY_U254  |top_kernel_fcmp_3KfY  |        0|      0|    66|    72|
    |top_kernel_fcmp_3KfY_U255  |top_kernel_fcmp_3KfY  |        0|      0|    66|    72|
    |top_kernel_fcmp_3KfY_U256  |top_kernel_fcmp_3KfY  |        0|      0|    66|    72|
    |top_kernel_fcmp_3KfY_U257  |top_kernel_fcmp_3KfY  |        0|      0|    66|    72|
    |top_kernel_fcmp_3KfY_U258  |top_kernel_fcmp_3KfY  |        0|      0|    66|    72|
    |top_kernel_fcmp_3KfY_U259  |top_kernel_fcmp_3KfY  |        0|      0|    66|    72|
    |top_kernel_fcmp_3KfY_U260  |top_kernel_fcmp_3KfY  |        0|      0|    66|    72|
    |top_kernel_fcmp_3KfY_U261  |top_kernel_fcmp_3KfY  |        0|      0|    66|    72|
    |top_kernel_mul_13OgC_U263  |top_kernel_mul_13OgC  |        0|      2|   247|    19|
    |top_kernel_mul_32Ngs_U262  |top_kernel_mul_32Ngs  |        0|      2|   247|    19|
    |top_kernel_mul_32PgM_U264  |top_kernel_mul_32PgM  |        0|      3|   263|    19|
    |top_kernel_urem_2Rg6_U266  |top_kernel_urem_2Rg6  |        0|      0|  2283|  1738|
    |top_kernel_urem_3QgW_U265  |top_kernel_urem_3QgW  |        0|      0|  2283|  1738|
    +---------------------------+----------------------+---------+-------+------+------+
    |Total                      |                      |        0|      7|  6907|  5261|
    +---------------------------+----------------------+---------+-------+------+------+

    * DSP48: 
    N/A

    * Memory: 
    N/A

    * FIFO: 
    N/A

    * Expression: 
    +------------------------------------+----------+-------+---+----+------------+------------+
    |            Variable Name           | Operation| DSP48E| FF| LUT| Bitwidth P0| Bitwidth P1|
    +------------------------------------+----------+-------+---+----+------------+------------+
    |iter_2_fu_2036_p2                   |     +    |      0|  0|  39|          32|           1|
    |iter_bound_fu_1980_p2               |     +    |      0|  0|  39|          32|           6|
    |total_iter_1_fu_2013_p2             |     +    |      0|  0|  38|          31|           1|
    |trans_cnt_1_fu_2085_p2              |     +    |      0|  0|  39|          32|           1|
    |ap_block_state17_pp0_stage0_iter1   |    and   |      0|  0|   2|           1|           1|
    |ap_block_state56_pp0_stage0_iter40  |    and   |      0|  0|   2|           1|           1|
    |ap_predicate_op1391_fcmp_state18    |    and   |      0|  0|   2|           1|           1|
    |ap_predicate_op1947_write_state56   |    and   |      0|  0|   2|           1|           1|
    |ap_predicate_op529_read_state17     |    and   |      0|  0|   2|           1|           1|
    |tmp_270_fu_5767_p2                  |    and   |      0|  0|   2|           1|           1|
    |tmp_272_fu_5773_p2                  |    and   |      0|  0|   2|           1|           1|
    |tmp_277_fu_6463_p2                  |    and   |      0|  0|   2|           1|           1|
    |tmp_279_fu_6469_p2                  |    and   |      0|  0|   2|           1|           1|
    |tmp_285_fu_7177_p2                  |    and   |      0|  0|   2|           1|           1|
    |tmp_287_fu_7183_p2                  |    and   |      0|  0|   2|           1|           1|
    |tmp_294_fu_5854_p2                  |    and   |      0|  0|   2|           1|           1|
    |tmp_296_fu_5860_p2                  |    and   |      0|  0|   2|           1|           1|
    |tmp_303_fu_6550_p2                  |    and   |      0|  0|   2|           1|           1|
    |tmp_305_fu_6556_p2                  |    and   |      0|  0|   2|           1|           1|
    |tmp_312_fu_7270_p2                  |    and   |      0|  0|   2|           1|           1|
    |tmp_314_fu_7276_p2                  |    and   |      0|  0|   2|           1|           1|
    |tmp_321_fu_5941_p2                  |    and   |      0|  0|   2|           1|           1|
    |tmp_323_fu_5947_p2                  |    and   |      0|  0|   2|           1|           1|
    |tmp_330_fu_6637_p2                  |    and   |      0|  0|   2|           1|           1|
    |tmp_332_fu_6643_p2                  |    and   |      0|  0|   2|           1|           1|
    |tmp_339_fu_7363_p2                  |    and   |      0|  0|   2|           1|           1|
    |tmp_341_fu_7369_p2                  |    and   |      0|  0|   2|           1|           1|
    |tmp_348_fu_6028_p2                  |    and   |      0|  0|   2|           1|           1|
    |tmp_350_fu_6034_p2                  |    and   |      0|  0|   2|           1|           1|
    |tmp_357_fu_6724_p2                  |    and   |      0|  0|   2|           1|           1|
    |tmp_359_fu_6730_p2                  |    and   |      0|  0|   2|           1|           1|
    |tmp_366_fu_7456_p2                  |    and   |      0|  0|   2|           1|           1|
    |tmp_368_fu_7462_p2                  |    and   |      0|  0|   2|           1|           1|
    |tmp_375_fu_6115_p2                  |    and   |      0|  0|   2|           1|           1|
    |tmp_377_fu_6121_p2                  |    and   |      0|  0|   2|           1|           1|
    |tmp_384_fu_6811_p2                  |    and   |      0|  0|   2|           1|           1|
    |tmp_386_fu_6817_p2                  |    and   |      0|  0|   2|           1|           1|
    |tmp_393_fu_7549_p2                  |    and   |      0|  0|   2|           1|           1|
    |tmp_395_fu_7555_p2                  |    and   |      0|  0|   2|           1|           1|
    |tmp_402_fu_6202_p2                  |    and   |      0|  0|   2|           1|           1|
    |tmp_404_fu_6208_p2                  |    and   |      0|  0|   2|           1|           1|
    |tmp_411_fu_6898_p2                  |    and   |      0|  0|   2|           1|           1|
    |tmp_413_fu_6904_p2                  |    and   |      0|  0|   2|           1|           1|
    |tmp_420_fu_7642_p2                  |    and   |      0|  0|   2|           1|           1|
    |tmp_422_fu_7648_p2                  |    and   |      0|  0|   2|           1|           1|
    |tmp_429_fu_6289_p2                  |    and   |      0|  0|   2|           1|           1|
    |tmp_431_fu_6295_p2                  |    and   |      0|  0|   2|           1|           1|
    |tmp_438_fu_6985_p2                  |    and   |      0|  0|   2|           1|           1|
    |tmp_440_fu_6991_p2                  |    and   |      0|  0|   2|           1|           1|
    |tmp_447_fu_7735_p2                  |    and   |      0|  0|   2|           1|           1|
    |tmp_449_fu_7741_p2                  |    and   |      0|  0|   2|           1|           1|
    |tmp_456_fu_6376_p2                  |    and   |      0|  0|   2|           1|           1|
    |tmp_458_fu_6382_p2                  |    and   |      0|  0|   2|           1|           1|
    |tmp_465_fu_7072_p2                  |    and   |      0|  0|   2|           1|           1|
    |tmp_467_fu_7078_p2                  |    and   |      0|  0|   2|           1|           1|
    |tmp_474_fu_7828_p2                  |    and   |      0|  0|   2|           1|           1|
    |tmp_476_fu_7834_p2                  |    and   |      0|  0|   2|           1|           1|
    |notlhs11_fu_5818_p2                 |   icmp   |      0|  0|  11|           8|           2|
    |notlhs13_fu_5836_p2                 |   icmp   |      0|  0|  11|           8|           2|
    |notlhs15_fu_6514_p2                 |   icmp   |      0|  0|  11|           8|           2|
    |notlhs17_fu_6532_p2                 |   icmp   |      0|  0|  11|           8|           2|
    |notlhs19_fu_7234_p2                 |   icmp   |      0|  0|  11|           8|           2|
    |notlhs1_fu_5749_p2                  |   icmp   |      0|  0|  11|           8|           2|
    |notlhs21_fu_7252_p2                 |   icmp   |      0|  0|  11|           8|           2|
    |notlhs23_fu_5905_p2                 |   icmp   |      0|  0|  11|           8|           2|
    |notlhs24_fu_5923_p2                 |   icmp   |      0|  0|  11|           8|           2|
    |notlhs25_fu_6601_p2                 |   icmp   |      0|  0|  11|           8|           2|
    |notlhs26_fu_6619_p2                 |   icmp   |      0|  0|  11|           8|           2|
    |notlhs27_fu_7327_p2                 |   icmp   |      0|  0|  11|           8|           2|
    |notlhs28_fu_7345_p2                 |   icmp   |      0|  0|  11|           8|           2|
    |notlhs29_fu_5992_p2                 |   icmp   |      0|  0|  11|           8|           2|
    |notlhs30_fu_6010_p2                 |   icmp   |      0|  0|  11|           8|           2|
    |notlhs31_fu_6688_p2                 |   icmp   |      0|  0|  11|           8|           2|
    |notlhs32_fu_6706_p2                 |   icmp   |      0|  0|  11|           8|           2|
    |notlhs33_fu_7420_p2                 |   icmp   |      0|  0|  11|           8|           2|
    |notlhs34_fu_7438_p2                 |   icmp   |      0|  0|  11|           8|           2|
    |notlhs35_fu_6079_p2                 |   icmp   |      0|  0|  11|           8|           2|
    |notlhs36_fu_6097_p2                 |   icmp   |      0|  0|  11|           8|           2|
    |notlhs37_fu_6775_p2                 |   icmp   |      0|  0|  11|           8|           2|
    |notlhs38_fu_6793_p2                 |   icmp   |      0|  0|  11|           8|           2|
    |notlhs39_fu_7513_p2                 |   icmp   |      0|  0|  11|           8|           2|
    |notlhs3_fu_6427_p2                  |   icmp   |      0|  0|  11|           8|           2|
    |notlhs40_fu_7531_p2                 |   icmp   |      0|  0|  11|           8|           2|
    |notlhs41_fu_6166_p2                 |   icmp   |      0|  0|  11|           8|           2|
    |notlhs42_fu_6184_p2                 |   icmp   |      0|  0|  11|           8|           2|
    |notlhs43_fu_6862_p2                 |   icmp   |      0|  0|  11|           8|           2|
    |notlhs44_fu_6880_p2                 |   icmp   |      0|  0|  11|           8|           2|
    |notlhs45_fu_7606_p2                 |   icmp   |      0|  0|  11|           8|           2|
    |notlhs46_fu_7624_p2                 |   icmp   |      0|  0|  11|           8|           2|
    |notlhs47_fu_6253_p2                 |   icmp   |      0|  0|  11|           8|           2|
    |notlhs48_fu_6271_p2                 |   icmp   |      0|  0|  11|           8|           2|
    |notlhs49_fu_6949_p2                 |   icmp   |      0|  0|  11|           8|           2|
    |notlhs50_fu_6967_p2                 |   icmp   |      0|  0|  11|           8|           2|
    |notlhs51_fu_7699_p2                 |   icmp   |      0|  0|  11|           8|           2|
    |notlhs52_fu_7717_p2                 |   icmp   |      0|  0|  11|           8|           2|
    |notlhs53_fu_6340_p2                 |   icmp   |      0|  0|  11|           8|           2|
    |notlhs54_fu_6358_p2                 |   icmp   |      0|  0|  11|           8|           2|
    |notlhs55_fu_7036_p2                 |   icmp   |      0|  0|  11|           8|           2|
    |notlhs56_fu_7054_p2                 |   icmp   |      0|  0|  11|           8|           2|
    |notlhs57_fu_7792_p2                 |   icmp   |      0|  0|  11|           8|           2|
    |notlhs58_fu_7810_p2                 |   icmp   |      0|  0|  11|           8|           2|
    |notlhs5_fu_6445_p2                  |   icmp   |      0|  0|  11|           8|           2|
    |notlhs7_fu_7141_p2                  |   icmp   |      0|  0|  11|           8|           2|
    |notlhs9_fu_7159_p2                  |   icmp   |      0|  0|  11|           8|           2|
    |notlhs_fu_5731_p2                   |   icmp   |      0|  0|  11|           8|           2|
    |notrhs10_fu_7165_p2                 |   icmp   |      0|  0|  18|          23|           1|
    |notrhs12_fu_5824_p2                 |   icmp   |      0|  0|  18|          23|           1|
    |notrhs14_fu_5842_p2                 |   icmp   |      0|  0|  18|          23|           1|
    |notrhs16_fu_6520_p2                 |   icmp   |      0|  0|  18|          23|           1|
    |notrhs18_fu_6538_p2                 |   icmp   |      0|  0|  18|          23|           1|
    |notrhs20_fu_7240_p2                 |   icmp   |      0|  0|  18|          23|           1|
    |notrhs22_fu_7258_p2                 |   icmp   |      0|  0|  18|          23|           1|
    |notrhs24_fu_5911_p2                 |   icmp   |      0|  0|  18|          23|           1|
    |notrhs25_fu_5929_p2                 |   icmp   |      0|  0|  18|          23|           1|
    |notrhs26_fu_6607_p2                 |   icmp   |      0|  0|  18|          23|           1|
    |notrhs27_fu_6625_p2                 |   icmp   |      0|  0|  18|          23|           1|
    |notrhs28_fu_7333_p2                 |   icmp   |      0|  0|  18|          23|           1|
    |notrhs29_fu_7351_p2                 |   icmp   |      0|  0|  18|          23|           1|
    |notrhs2_fu_5755_p2                  |   icmp   |      0|  0|  18|          23|           1|
    |notrhs30_fu_5998_p2                 |   icmp   |      0|  0|  18|          23|           1|
    |notrhs31_fu_6016_p2                 |   icmp   |      0|  0|  18|          23|           1|
    |notrhs32_fu_6694_p2                 |   icmp   |      0|  0|  18|          23|           1|
    |notrhs33_fu_6712_p2                 |   icmp   |      0|  0|  18|          23|           1|
    |notrhs34_fu_7426_p2                 |   icmp   |      0|  0|  18|          23|           1|
    |notrhs35_fu_7444_p2                 |   icmp   |      0|  0|  18|          23|           1|
    |notrhs36_fu_6085_p2                 |   icmp   |      0|  0|  18|          23|           1|
    |notrhs37_fu_6103_p2                 |   icmp   |      0|  0|  18|          23|           1|
    |notrhs38_fu_6781_p2                 |   icmp   |      0|  0|  18|          23|           1|
    |notrhs39_fu_6799_p2                 |   icmp   |      0|  0|  18|          23|           1|
    |notrhs40_fu_7519_p2                 |   icmp   |      0|  0|  18|          23|           1|
    |notrhs41_fu_7537_p2                 |   icmp   |      0|  0|  18|          23|           1|
    |notrhs42_fu_6172_p2                 |   icmp   |      0|  0|  18|          23|           1|
    |notrhs43_fu_6190_p2                 |   icmp   |      0|  0|  18|          23|           1|
    |notrhs44_fu_6868_p2                 |   icmp   |      0|  0|  18|          23|           1|
    |notrhs45_fu_6886_p2                 |   icmp   |      0|  0|  18|          23|           1|
    |notrhs46_fu_7612_p2                 |   icmp   |      0|  0|  18|          23|           1|
    |notrhs47_fu_7630_p2                 |   icmp   |      0|  0|  18|          23|           1|
    |notrhs48_fu_6259_p2                 |   icmp   |      0|  0|  18|          23|           1|
    |notrhs49_fu_6277_p2                 |   icmp   |      0|  0|  18|          23|           1|
    |notrhs4_fu_6433_p2                  |   icmp   |      0|  0|  18|          23|           1|
    |notrhs50_fu_6955_p2                 |   icmp   |      0|  0|  18|          23|           1|
    |notrhs51_fu_6973_p2                 |   icmp   |      0|  0|  18|          23|           1|
    |notrhs52_fu_7705_p2                 |   icmp   |      0|  0|  18|          23|           1|
    |notrhs53_fu_7723_p2                 |   icmp   |      0|  0|  18|          23|           1|
    |notrhs54_fu_6346_p2                 |   icmp   |      0|  0|  18|          23|           1|
    |notrhs55_fu_6364_p2                 |   icmp   |      0|  0|  18|          23|           1|
    |notrhs56_fu_7042_p2                 |   icmp   |      0|  0|  18|          23|           1|
    |notrhs57_fu_7060_p2                 |   icmp   |      0|  0|  18|          23|           1|
    |notrhs58_fu_7798_p2                 |   icmp   |      0|  0|  18|          23|           1|
    |notrhs59_fu_7816_p2                 |   icmp   |      0|  0|  18|          23|           1|
    |notrhs6_fu_6451_p2                  |   icmp   |      0|  0|  18|          23|           1|
    |notrhs8_fu_7147_p2                  |   icmp   |      0|  0|  18|          23|           1|
    |notrhs_fu_5737_p2                   |   icmp   |      0|  0|  18|          23|           1|
    |tmp_135_fu_2019_p2                  |   icmp   |      0|  0|  18|          32|           1|
    |tmp_136_fu_2025_p2                  |   icmp   |      0|  0|  18|          32|          32|
    |tmp_140_fu_2030_p2                  |   icmp   |      0|  0|  18|          32|           6|
    |tmp_145_fu_7855_p2                  |   icmp   |      0|  0|  18|          32|           1|
    |tmp_146_fu_2042_p2                  |   icmp   |      0|  0|  18|          32|          32|
    |tmp_s_fu_2008_p2                    |   icmp   |      0|  0|  18|          32|          32|
    |ap_block_pp0_stage0_00001           |    or    |      0|  0|   2|           1|           1|
    |tmp_144_fu_7851_p2                  |    or    |      0|  0|  32|          32|          32|
    |tmp_268_fu_5743_p2                  |    or    |      0|  0|   2|           1|           1|
    |tmp_269_fu_5761_p2                  |    or    |      0|  0|   2|           1|           1|
    |tmp_275_fu_6439_p2                  |    or    |      0|  0|   2|           1|           1|
    |tmp_276_fu_6457_p2                  |    or    |      0|  0|   2|           1|           1|
    |tmp_282_fu_7153_p2                  |    or    |      0|  0|   2|           1|           1|
    |tmp_283_fu_7171_p2                  |    or    |      0|  0|   2|           1|           1|
    |tmp_290_fu_5830_p2                  |    or    |      0|  0|   2|           1|           1|
    |tmp_292_fu_5848_p2                  |    or    |      0|  0|   2|           1|           1|
    |tmp_299_fu_6526_p2                  |    or    |      0|  0|   2|           1|           1|
    |tmp_301_fu_6544_p2                  |    or    |      0|  0|   2|           1|           1|
    |tmp_308_fu_7246_p2                  |    or    |      0|  0|   2|           1|           1|
    |tmp_310_fu_7264_p2                  |    or    |      0|  0|   2|           1|           1|
    |tmp_317_fu_5917_p2                  |    or    |      0|  0|   2|           1|           1|
    |tmp_319_fu_5935_p2                  |    or    |      0|  0|   2|           1|           1|
    |tmp_326_fu_6613_p2                  |    or    |      0|  0|   2|           1|           1|
    |tmp_328_fu_6631_p2                  |    or    |      0|  0|   2|           1|           1|
    |tmp_335_fu_7339_p2                  |    or    |      0|  0|   2|           1|           1|
    |tmp_337_fu_7357_p2                  |    or    |      0|  0|   2|           1|           1|
    |tmp_344_fu_6004_p2                  |    or    |      0|  0|   2|           1|           1|
    |tmp_346_fu_6022_p2                  |    or    |      0|  0|   2|           1|           1|
    |tmp_353_fu_6700_p2                  |    or    |      0|  0|   2|           1|           1|
    |tmp_355_fu_6718_p2                  |    or    |      0|  0|   2|           1|           1|
    |tmp_362_fu_7432_p2                  |    or    |      0|  0|   2|           1|           1|
    |tmp_364_fu_7450_p2                  |    or    |      0|  0|   2|           1|           1|
    |tmp_371_fu_6091_p2                  |    or    |      0|  0|   2|           1|           1|
    |tmp_373_fu_6109_p2                  |    or    |      0|  0|   2|           1|           1|
    |tmp_380_fu_6787_p2                  |    or    |      0|  0|   2|           1|           1|
    |tmp_382_fu_6805_p2                  |    or    |      0|  0|   2|           1|           1|
    |tmp_389_fu_7525_p2                  |    or    |      0|  0|   2|           1|           1|
    |tmp_391_fu_7543_p2                  |    or    |      0|  0|   2|           1|           1|
    |tmp_398_fu_6178_p2                  |    or    |      0|  0|   2|           1|           1|
    |tmp_400_fu_6196_p2                  |    or    |      0|  0|   2|           1|           1|
    |tmp_407_fu_6874_p2                  |    or    |      0|  0|   2|           1|           1|
    |tmp_409_fu_6892_p2                  |    or    |      0|  0|   2|           1|           1|
    |tmp_416_fu_7618_p2                  |    or    |      0|  0|   2|           1|           1|
    |tmp_418_fu_7636_p2                  |    or    |      0|  0|   2|           1|           1|
    |tmp_425_fu_6265_p2                  |    or    |      0|  0|   2|           1|           1|
    |tmp_427_fu_6283_p2                  |    or    |      0|  0|   2|           1|           1|
    |tmp_434_fu_6961_p2                  |    or    |      0|  0|   2|           1|           1|
    |tmp_436_fu_6979_p2                  |    or    |      0|  0|   2|           1|           1|
    |tmp_443_fu_7711_p2                  |    or    |      0|  0|   2|           1|           1|
    |tmp_445_fu_7729_p2                  |    or    |      0|  0|   2|           1|           1|
    |tmp_452_fu_6352_p2                  |    or    |      0|  0|   2|           1|           1|
    |tmp_454_fu_6370_p2                  |    or    |      0|  0|   2|           1|           1|
    |tmp_461_fu_7048_p2                  |    or    |      0|  0|   2|           1|           1|
    |tmp_463_fu_7066_p2                  |    or    |      0|  0|   2|           1|           1|
    |tmp_470_fu_7804_p2                  |    or    |      0|  0|   2|           1|           1|
    |tmp_472_fu_7822_p2                  |    or    |      0|  0|   2|           1|           1|
    |iter_1_fu_2047_p3                   |  select  |      0|  0|  32|           1|           1|
    |line_buf1_0_0_fu_5499_p3            |  select  |      0|  0|  32|           1|          32|
    |line_buf1_1_0_fu_5520_p3            |  select  |      0|  0|  32|           1|          32|
    |line_buf1_2_0_fu_5541_p3            |  select  |      0|  0|  32|           1|          32|
    |line_buf1_3_0_fu_5562_p3            |  select  |      0|  0|  32|           1|          32|
    |line_buf1_4_0_fu_5583_p3            |  select  |      0|  0|  32|           1|          32|
    |line_buf1_5_0_fu_5604_p3            |  select  |      0|  0|  32|           1|          32|
    |line_buf1_6_0_fu_5625_p3            |  select  |      0|  0|  32|           1|          32|
    |line_buf1_7_0_fu_5646_p3            |  select  |      0|  0|  32|           1|          32|
    |mux_0_0_1_fu_5865_p3                |  select  |      0|  0|  32|           1|          32|
    |mux_0_0_2_fu_5952_p3                |  select  |      0|  0|  32|           1|          32|
    |mux_0_0_3_fu_6039_p3                |  select  |      0|  0|  32|           1|          32|
    |mux_0_0_4_fu_6126_p3                |  select  |      0|  0|  32|           1|          32|
    |mux_0_0_5_fu_6213_p3                |  select  |      0|  0|  32|           1|          32|
    |mux_0_0_6_fu_6300_p3                |  select  |      0|  0|  32|           1|          32|
    |mux_0_0_7_fu_6387_p3                |  select  |      0|  0|  32|           1|          32|
    |mux_0_0_fu_5778_p3                  |  select  |      0|  0|  32|           1|          32|
    |mux_0_1_1_fu_6561_p3                |  select  |      0|  0|  32|           1|          32|
    |mux_0_1_2_fu_6648_p3                |  select  |      0|  0|  32|           1|          32|
    |mux_0_1_3_fu_6735_p3                |  select  |      0|  0|  32|           1|          32|
    |mux_0_1_4_fu_6822_p3                |  select  |      0|  0|  32|           1|          32|
    |mux_0_1_5_fu_6909_p3                |  select  |      0|  0|  32|           1|          32|
    |mux_0_1_6_fu_6996_p3                |  select  |      0|  0|  32|           1|          32|
    |mux_0_1_7_fu_7083_p3                |  select  |      0|  0|  32|           1|          32|
    |mux_0_1_fu_6474_p3                  |  select  |      0|  0|  32|           1|          32|
    |mux_1_0_1_fu_7281_p3                |  select  |      0|  0|  32|           1|          32|
    |mux_1_0_2_fu_7374_p3                |  select  |      0|  0|  32|           1|          32|
    |mux_1_0_3_fu_7467_p3                |  select  |      0|  0|  32|           1|          32|
    |mux_1_0_4_fu_7560_p3                |  select  |      0|  0|  32|           1|          32|
    |mux_1_0_5_fu_7653_p3                |  select  |      0|  0|  32|           1|          32|
    |mux_1_0_6_fu_7746_p3                |  select  |      0|  0|  32|           1|          32|
    |mux_1_0_7_fu_7839_p3                |  select  |      0|  0|  32|           1|          32|
    |mux_1_0_fu_7188_p3                  |  select  |      0|  0|  32|           1|          32|
    |p_trans_cnt_fu_2058_p3              |  select  |      0|  0|  32|           1|           1|
    |sums_0_fu_7194_p3                   |  select  |      0|  0|  32|           1|          32|
    |sums_1_fu_7287_p3                   |  select  |      0|  0|  32|           1|          32|
    |sums_2_fu_7380_p3                   |  select  |      0|  0|  32|           1|          32|
    |sums_3_fu_7473_p3                   |  select  |      0|  0|  32|           1|          32|
    |sums_4_fu_7566_p3                   |  select  |      0|  0|  32|           1|          32|
    |sums_5_fu_7659_p3                   |  select  |      0|  0|  32|           1|          32|
    |sums_6_fu_7752_p3                   |  select  |      0|  0|  32|           1|          32|
    |sums_7_fu_7845_p3                   |  select  |      0|  0|  32|           1|          32|
    |ap_enable_pp0                       |    xor   |      0|  0|   2|           1|           2|
    +------------------------------------+----------+-------+---+----+------------+------------+
    |Total                               |          |      0|  0|3237|        1984|        1675|
    +------------------------------------+----------+-------+---+----+------------+------------+

    * Multiplexer: 
    +--------------------------+----+-----------+-----+-----------+
    |           Name           | LUT| Input Size| Bits| Total Bits|
    +--------------------------+----+-----------+-----+-----------+
    |ap_NS_fsm                 |  89|         18|    1|         18|
    |ap_enable_reg_pp0_iter3   |   9|          2|    1|          2|
    |ap_enable_reg_pp0_iter40  |   9|          2|    1|          2|
    |fifo_in_V_V_blk_n         |   9|          2|    1|          2|
    |fifo_out_V_V_blk_n        |   9|          2|    1|          2|
    |iter_reg_1862             |   9|          2|   32|         64|
    |total_iter_reg_1851       |   9|          2|   31|         62|
    |trans_cnt_fu_1806         |  15|          3|   32|         96|
    +--------------------------+----+-----------+-----+-----------+
    |Total                     | 158|         33|  100|        248|
    +--------------------------+----+-----------+-----+-----------+

    * Register: 
    +---------------------------------+-----+----+-----+-----------+
    |               Name              |  FF | LUT| Bits| Const Bits|
    +---------------------------------+-----+----+-----+-----------+
    |ap_CS_fsm                        |   17|   0|   17|          0|
    |ap_enable_reg_pp0_iter0          |    1|   0|    1|          0|
    |ap_enable_reg_pp0_iter1          |    1|   0|    1|          0|
    |ap_enable_reg_pp0_iter10         |    1|   0|    1|          0|
    |ap_enable_reg_pp0_iter11         |    1|   0|    1|          0|
    |ap_enable_reg_pp0_iter12         |    1|   0|    1|          0|
    |ap_enable_reg_pp0_iter13         |    1|   0|    1|          0|
    |ap_enable_reg_pp0_iter14         |    1|   0|    1|          0|
    |ap_enable_reg_pp0_iter15         |    1|   0|    1|          0|
    |ap_enable_reg_pp0_iter16         |    1|   0|    1|          0|
    |ap_enable_reg_pp0_iter17         |    1|   0|    1|          0|
    |ap_enable_reg_pp0_iter18         |    1|   0|    1|          0|
    |ap_enable_reg_pp0_iter19         |    1|   0|    1|          0|
    |ap_enable_reg_pp0_iter2          |    1|   0|    1|          0|
    |ap_enable_reg_pp0_iter20         |    1|   0|    1|          0|
    |ap_enable_reg_pp0_iter21         |    1|   0|    1|          0|
    |ap_enable_reg_pp0_iter22         |    1|   0|    1|          0|
    |ap_enable_reg_pp0_iter23         |    1|   0|    1|          0|
    |ap_enable_reg_pp0_iter24         |    1|   0|    1|          0|
    |ap_enable_reg_pp0_iter25         |    1|   0|    1|          0|
    |ap_enable_reg_pp0_iter26         |    1|   0|    1|          0|
    |ap_enable_reg_pp0_iter27         |    1|   0|    1|          0|
    |ap_enable_reg_pp0_iter28         |    1|   0|    1|          0|
    |ap_enable_reg_pp0_iter29         |    1|   0|    1|          0|
    |ap_enable_reg_pp0_iter3          |    1|   0|    1|          0|
    |ap_enable_reg_pp0_iter30         |    1|   0|    1|          0|
    |ap_enable_reg_pp0_iter31         |    1|   0|    1|          0|
    |ap_enable_reg_pp0_iter32         |    1|   0|    1|          0|
    |ap_enable_reg_pp0_iter33         |    1|   0|    1|          0|
    |ap_enable_reg_pp0_iter34         |    1|   0|    1|          0|
    |ap_enable_reg_pp0_iter35         |    1|   0|    1|          0|
    |ap_enable_reg_pp0_iter36         |    1|   0|    1|          0|
    |ap_enable_reg_pp0_iter37         |    1|   0|    1|          0|
    |ap_enable_reg_pp0_iter38         |    1|   0|    1|          0|
    |ap_enable_reg_pp0_iter39         |    1|   0|    1|          0|
    |ap_enable_reg_pp0_iter4          |    1|   0|    1|          0|
    |ap_enable_reg_pp0_iter40         |    1|   0|    1|          0|
    |ap_enable_reg_pp0_iter5          |    1|   0|    1|          0|
    |ap_enable_reg_pp0_iter6          |    1|   0|    1|          0|
    |ap_enable_reg_pp0_iter7          |    1|   0|    1|          0|
    |ap_enable_reg_pp0_iter8          |    1|   0|    1|          0|
    |ap_enable_reg_pp0_iter9          |    1|   0|    1|          0|
    |iter_bound_reg_10483             |   32|   0|   32|          0|
    |iter_reg_1862                    |   32|   0|   32|          0|
    |line_buf1_0_0_reg_10730          |   32|   0|   32|          0|
    |line_buf1_0_10_fu_146            |   32|   0|   32|          0|
    |line_buf1_0_11_fu_150            |   32|   0|   32|          0|
    |line_buf1_0_12_fu_154            |   32|   0|   32|          0|
    |line_buf1_0_13_fu_158            |   32|   0|   32|          0|
    |line_buf1_0_14_fu_162            |   32|   0|   32|          0|
    |line_buf1_0_15_fu_166            |   32|   0|   32|          0|
    |line_buf1_0_16_fu_170            |   32|   0|   32|          0|
    |line_buf1_0_17_fu_174            |   32|   0|   32|          0|
    |line_buf1_0_18_fu_178            |   32|   0|   32|          0|
    |line_buf1_0_19_fu_182            |   32|   0|   32|          0|
    |line_buf1_0_1_fu_110             |   32|   0|   32|          0|
    |line_buf1_0_1_load_1_reg_10674   |   32|   0|   32|          0|
    |line_buf1_0_20_fu_186            |   32|   0|   32|          0|
    |line_buf1_0_21_fu_190            |   32|   0|   32|          0|
    |line_buf1_0_22_fu_194            |   32|   0|   32|          0|
    |line_buf1_0_23_fu_198            |   32|   0|   32|          0|
    |line_buf1_0_24_fu_202            |   32|   0|   32|          0|
    |line_buf1_0_25_fu_206            |   32|   0|   32|          0|
    |line_buf1_0_26_fu_210            |   32|   0|   32|          0|
    |line_buf1_0_27_fu_214            |   32|   0|   32|          0|
    |line_buf1_0_28_fu_218            |   32|   0|   32|          0|
    |line_buf1_0_29_fu_222            |   32|   0|   32|          0|
    |line_buf1_0_2_fu_114             |   32|   0|   32|          0|
    |line_buf1_0_30_fu_226            |   32|   0|   32|          0|
    |line_buf1_0_31_fu_230            |   32|   0|   32|          0|
    |line_buf1_0_32_fu_234            |   32|   0|   32|          0|
    |line_buf1_0_33_fu_238            |   32|   0|   32|          0|
    |line_buf1_0_34_fu_242            |   32|   0|   32|          0|
    |line_buf1_0_35_fu_246            |   32|   0|   32|          0|
    |line_buf1_0_36_fu_250            |   32|   0|   32|          0|
    |line_buf1_0_37_fu_254            |   32|   0|   32|          0|
    |line_buf1_0_38_fu_258            |   32|   0|   32|          0|
    |line_buf1_0_39_fu_262            |   32|   0|   32|          0|
    |line_buf1_0_3_fu_118             |   32|   0|   32|          0|
    |line_buf1_0_40_fu_266            |   32|   0|   32|          0|
    |line_buf1_0_41_fu_270            |   32|   0|   32|          0|
    |line_buf1_0_42_fu_274            |   32|   0|   32|          0|
    |line_buf1_0_43_fu_278            |   32|   0|   32|          0|
    |line_buf1_0_44_fu_282            |   32|   0|   32|          0|
    |line_buf1_0_45_fu_286            |   32|   0|   32|          0|
    |line_buf1_0_46_fu_290            |   32|   0|   32|          0|
    |line_buf1_0_47_fu_294            |   32|   0|   32|          0|
    |line_buf1_0_48_fu_298            |   32|   0|   32|          0|
    |line_buf1_0_49_fu_302            |   32|   0|   32|          0|
    |line_buf1_0_4_fu_122             |   32|   0|   32|          0|
    |line_buf1_0_50_fu_306            |   32|   0|   32|          0|
    |line_buf1_0_51_fu_310            |   32|   0|   32|          0|
    |line_buf1_0_5_fu_126             |   32|   0|   32|          0|
    |line_buf1_0_6_fu_130             |   32|   0|   32|          0|
    |line_buf1_0_7_fu_134             |   32|   0|   32|          0|
    |line_buf1_0_8_fu_138             |   32|   0|   32|          0|
    |line_buf1_0_9_fu_142             |   32|   0|   32|          0|
    |line_buf1_1_0_reg_10738          |   32|   0|   32|          0|
    |line_buf1_1_10_fu_354            |   32|   0|   32|          0|
    |line_buf1_1_11_fu_358            |   32|   0|   32|          0|
    |line_buf1_1_12_fu_362            |   32|   0|   32|          0|
    |line_buf1_1_13_fu_366            |   32|   0|   32|          0|
    |line_buf1_1_14_fu_370            |   32|   0|   32|          0|
    |line_buf1_1_15_fu_374            |   32|   0|   32|          0|
    |line_buf1_1_16_fu_378            |   32|   0|   32|          0|
    |line_buf1_1_17_fu_382            |   32|   0|   32|          0|
    |line_buf1_1_18_fu_386            |   32|   0|   32|          0|
    |line_buf1_1_19_fu_390            |   32|   0|   32|          0|
    |line_buf1_1_1_fu_318             |   32|   0|   32|          0|
    |line_buf1_1_1_load_1_reg_10681   |   32|   0|   32|          0|
    |line_buf1_1_20_fu_394            |   32|   0|   32|          0|
    |line_buf1_1_21_fu_398            |   32|   0|   32|          0|
    |line_buf1_1_22_fu_402            |   32|   0|   32|          0|
    |line_buf1_1_23_fu_406            |   32|   0|   32|          0|
    |line_buf1_1_24_fu_410            |   32|   0|   32|          0|
    |line_buf1_1_25_fu_414            |   32|   0|   32|          0|
    |line_buf1_1_26_fu_418            |   32|   0|   32|          0|
    |line_buf1_1_27_fu_422            |   32|   0|   32|          0|
    |line_buf1_1_28_fu_426            |   32|   0|   32|          0|
    |line_buf1_1_29_fu_430            |   32|   0|   32|          0|
    |line_buf1_1_2_fu_322             |   32|   0|   32|          0|
    |line_buf1_1_30_fu_434            |   32|   0|   32|          0|
    |line_buf1_1_31_fu_438            |   32|   0|   32|          0|
    |line_buf1_1_32_fu_442            |   32|   0|   32|          0|
    |line_buf1_1_33_fu_446            |   32|   0|   32|          0|
    |line_buf1_1_34_fu_450            |   32|   0|   32|          0|
    |line_buf1_1_35_fu_454            |   32|   0|   32|          0|
    |line_buf1_1_36_fu_458            |   32|   0|   32|          0|
    |line_buf1_1_37_fu_462            |   32|   0|   32|          0|
    |line_buf1_1_38_fu_466            |   32|   0|   32|          0|
    |line_buf1_1_39_fu_470            |   32|   0|   32|          0|
    |line_buf1_1_3_fu_326             |   32|   0|   32|          0|
    |line_buf1_1_40_fu_474            |   32|   0|   32|          0|
    |line_buf1_1_41_fu_478            |   32|   0|   32|          0|
    |line_buf1_1_42_fu_482            |   32|   0|   32|          0|
    |line_buf1_1_43_fu_486            |   32|   0|   32|          0|
    |line_buf1_1_44_fu_490            |   32|   0|   32|          0|
    |line_buf1_1_45_fu_494            |   32|   0|   32|          0|
    |line_buf1_1_46_fu_498            |   32|   0|   32|          0|
    |line_buf1_1_47_fu_502            |   32|   0|   32|          0|
    |line_buf1_1_48_fu_506            |   32|   0|   32|          0|
    |line_buf1_1_49_fu_510            |   32|   0|   32|          0|
    |line_buf1_1_4_fu_330             |   32|   0|   32|          0|
    |line_buf1_1_50_fu_514            |   32|   0|   32|          0|
    |line_buf1_1_51_fu_518            |   32|   0|   32|          0|
    |line_buf1_1_5_fu_334             |   32|   0|   32|          0|
    |line_buf1_1_6_fu_338             |   32|   0|   32|          0|
    |line_buf1_1_7_fu_342             |   32|   0|   32|          0|
    |line_buf1_1_8_fu_346             |   32|   0|   32|          0|
    |line_buf1_1_9_fu_350             |   32|   0|   32|          0|
    |line_buf1_2_0_reg_10746          |   32|   0|   32|          0|
    |line_buf1_2_10_fu_562            |   32|   0|   32|          0|
    |line_buf1_2_11_fu_566            |   32|   0|   32|          0|
    |line_buf1_2_12_fu_570            |   32|   0|   32|          0|
    |line_buf1_2_13_fu_574            |   32|   0|   32|          0|
    |line_buf1_2_14_fu_578            |   32|   0|   32|          0|
    |line_buf1_2_15_fu_582            |   32|   0|   32|          0|
    |line_buf1_2_16_fu_586            |   32|   0|   32|          0|
    |line_buf1_2_17_fu_590            |   32|   0|   32|          0|
    |line_buf1_2_18_fu_594            |   32|   0|   32|          0|
    |line_buf1_2_19_fu_598            |   32|   0|   32|          0|
    |line_buf1_2_1_fu_526             |   32|   0|   32|          0|
    |line_buf1_2_1_load_1_reg_10688   |   32|   0|   32|          0|
    |line_buf1_2_20_fu_602            |   32|   0|   32|          0|
    |line_buf1_2_21_fu_606            |   32|   0|   32|          0|
    |line_buf1_2_22_fu_610            |   32|   0|   32|          0|
    |line_buf1_2_23_fu_614            |   32|   0|   32|          0|
    |line_buf1_2_24_fu_618            |   32|   0|   32|          0|
    |line_buf1_2_25_fu_622            |   32|   0|   32|          0|
    |line_buf1_2_26_fu_626            |   32|   0|   32|          0|
    |line_buf1_2_27_fu_630            |   32|   0|   32|          0|
    |line_buf1_2_28_fu_634            |   32|   0|   32|          0|
    |line_buf1_2_29_fu_638            |   32|   0|   32|          0|
    |line_buf1_2_2_fu_530             |   32|   0|   32|          0|
    |line_buf1_2_30_fu_642            |   32|   0|   32|          0|
    |line_buf1_2_31_fu_646            |   32|   0|   32|          0|
    |line_buf1_2_32_fu_650            |   32|   0|   32|          0|
    |line_buf1_2_33_fu_654            |   32|   0|   32|          0|
    |line_buf1_2_34_fu_658            |   32|   0|   32|          0|
    |line_buf1_2_35_fu_662            |   32|   0|   32|          0|
    |line_buf1_2_36_fu_666            |   32|   0|   32|          0|
    |line_buf1_2_37_fu_670            |   32|   0|   32|          0|
    |line_buf1_2_38_fu_674            |   32|   0|   32|          0|
    |line_buf1_2_39_fu_678            |   32|   0|   32|          0|
    |line_buf1_2_3_fu_534             |   32|   0|   32|          0|
    |line_buf1_2_40_fu_682            |   32|   0|   32|          0|
    |line_buf1_2_41_fu_686            |   32|   0|   32|          0|
    |line_buf1_2_42_fu_690            |   32|   0|   32|          0|
    |line_buf1_2_43_fu_694            |   32|   0|   32|          0|
    |line_buf1_2_44_fu_698            |   32|   0|   32|          0|
    |line_buf1_2_45_fu_702            |   32|   0|   32|          0|
    |line_buf1_2_46_fu_706            |   32|   0|   32|          0|
    |line_buf1_2_47_fu_710            |   32|   0|   32|          0|
    |line_buf1_2_48_fu_714            |   32|   0|   32|          0|
    |line_buf1_2_49_fu_718            |   32|   0|   32|          0|
    |line_buf1_2_4_fu_538             |   32|   0|   32|          0|
    |line_buf1_2_50_fu_722            |   32|   0|   32|          0|
    |line_buf1_2_51_fu_726            |   32|   0|   32|          0|
    |line_buf1_2_5_fu_542             |   32|   0|   32|          0|
    |line_buf1_2_6_fu_546             |   32|   0|   32|          0|
    |line_buf1_2_7_fu_550             |   32|   0|   32|          0|
    |line_buf1_2_8_fu_554             |   32|   0|   32|          0|
    |line_buf1_2_9_fu_558             |   32|   0|   32|          0|
    |line_buf1_3_0_reg_10754          |   32|   0|   32|          0|
    |line_buf1_3_10_fu_770            |   32|   0|   32|          0|
    |line_buf1_3_11_fu_774            |   32|   0|   32|          0|
    |line_buf1_3_12_fu_778            |   32|   0|   32|          0|
    |line_buf1_3_13_fu_782            |   32|   0|   32|          0|
    |line_buf1_3_14_fu_786            |   32|   0|   32|          0|
    |line_buf1_3_15_fu_790            |   32|   0|   32|          0|
    |line_buf1_3_16_fu_794            |   32|   0|   32|          0|
    |line_buf1_3_17_fu_798            |   32|   0|   32|          0|
    |line_buf1_3_18_fu_802            |   32|   0|   32|          0|
    |line_buf1_3_19_fu_806            |   32|   0|   32|          0|
    |line_buf1_3_1_fu_734             |   32|   0|   32|          0|
    |line_buf1_3_1_load_1_reg_10695   |   32|   0|   32|          0|
    |line_buf1_3_20_fu_810            |   32|   0|   32|          0|
    |line_buf1_3_21_fu_814            |   32|   0|   32|          0|
    |line_buf1_3_22_fu_818            |   32|   0|   32|          0|
    |line_buf1_3_23_fu_822            |   32|   0|   32|          0|
    |line_buf1_3_24_fu_826            |   32|   0|   32|          0|
    |line_buf1_3_25_fu_830            |   32|   0|   32|          0|
    |line_buf1_3_26_fu_834            |   32|   0|   32|          0|
    |line_buf1_3_27_fu_838            |   32|   0|   32|          0|
    |line_buf1_3_28_fu_842            |   32|   0|   32|          0|
    |line_buf1_3_29_fu_846            |   32|   0|   32|          0|
    |line_buf1_3_2_fu_738             |   32|   0|   32|          0|
    |line_buf1_3_30_fu_850            |   32|   0|   32|          0|
    |line_buf1_3_31_fu_854            |   32|   0|   32|          0|
    |line_buf1_3_32_fu_858            |   32|   0|   32|          0|
    |line_buf1_3_33_fu_862            |   32|   0|   32|          0|
    |line_buf1_3_34_fu_866            |   32|   0|   32|          0|
    |line_buf1_3_35_fu_870            |   32|   0|   32|          0|
    |line_buf1_3_36_fu_874            |   32|   0|   32|          0|
    |line_buf1_3_37_fu_878            |   32|   0|   32|          0|
    |line_buf1_3_38_fu_882            |   32|   0|   32|          0|
    |line_buf1_3_39_fu_886            |   32|   0|   32|          0|
    |line_buf1_3_3_fu_742             |   32|   0|   32|          0|
    |line_buf1_3_40_fu_890            |   32|   0|   32|          0|
    |line_buf1_3_41_fu_894            |   32|   0|   32|          0|
    |line_buf1_3_42_fu_898            |   32|   0|   32|          0|
    |line_buf1_3_43_fu_902            |   32|   0|   32|          0|
    |line_buf1_3_44_fu_906            |   32|   0|   32|          0|
    |line_buf1_3_45_fu_910            |   32|   0|   32|          0|
    |line_buf1_3_46_fu_914            |   32|   0|   32|          0|
    |line_buf1_3_47_fu_918            |   32|   0|   32|          0|
    |line_buf1_3_48_fu_922            |   32|   0|   32|          0|
    |line_buf1_3_49_fu_926            |   32|   0|   32|          0|
    |line_buf1_3_4_fu_746             |   32|   0|   32|          0|
    |line_buf1_3_50_fu_930            |   32|   0|   32|          0|
    |line_buf1_3_51_fu_934            |   32|   0|   32|          0|
    |line_buf1_3_5_fu_750             |   32|   0|   32|          0|
    |line_buf1_3_6_fu_754             |   32|   0|   32|          0|
    |line_buf1_3_7_fu_758             |   32|   0|   32|          0|
    |line_buf1_3_8_fu_762             |   32|   0|   32|          0|
    |line_buf1_3_9_fu_766             |   32|   0|   32|          0|
    |line_buf1_4_0_reg_10762          |   32|   0|   32|          0|
    |line_buf1_4_10_fu_978            |   32|   0|   32|          0|
    |line_buf1_4_11_fu_982            |   32|   0|   32|          0|
    |line_buf1_4_12_fu_986            |   32|   0|   32|          0|
    |line_buf1_4_13_fu_990            |   32|   0|   32|          0|
    |line_buf1_4_14_fu_994            |   32|   0|   32|          0|
    |line_buf1_4_15_fu_998            |   32|   0|   32|          0|
    |line_buf1_4_16_fu_1002           |   32|   0|   32|          0|
    |line_buf1_4_17_fu_1006           |   32|   0|   32|          0|
    |line_buf1_4_18_fu_1010           |   32|   0|   32|          0|
    |line_buf1_4_19_fu_1014           |   32|   0|   32|          0|
    |line_buf1_4_1_fu_942             |   32|   0|   32|          0|
    |line_buf1_4_1_load_1_reg_10702   |   32|   0|   32|          0|
    |line_buf1_4_20_fu_1018           |   32|   0|   32|          0|
    |line_buf1_4_21_fu_1022           |   32|   0|   32|          0|
    |line_buf1_4_22_fu_1026           |   32|   0|   32|          0|
    |line_buf1_4_23_fu_1030           |   32|   0|   32|          0|
    |line_buf1_4_24_fu_1034           |   32|   0|   32|          0|
    |line_buf1_4_25_fu_1038           |   32|   0|   32|          0|
    |line_buf1_4_26_fu_1042           |   32|   0|   32|          0|
    |line_buf1_4_27_fu_1046           |   32|   0|   32|          0|
    |line_buf1_4_28_fu_1050           |   32|   0|   32|          0|
    |line_buf1_4_29_fu_1054           |   32|   0|   32|          0|
    |line_buf1_4_2_fu_946             |   32|   0|   32|          0|
    |line_buf1_4_30_fu_1058           |   32|   0|   32|          0|
    |line_buf1_4_31_fu_1062           |   32|   0|   32|          0|
    |line_buf1_4_32_fu_1066           |   32|   0|   32|          0|
    |line_buf1_4_33_fu_1070           |   32|   0|   32|          0|
    |line_buf1_4_34_fu_1074           |   32|   0|   32|          0|
    |line_buf1_4_35_fu_1078           |   32|   0|   32|          0|
    |line_buf1_4_36_fu_1082           |   32|   0|   32|          0|
    |line_buf1_4_37_fu_1086           |   32|   0|   32|          0|
    |line_buf1_4_38_fu_1090           |   32|   0|   32|          0|
    |line_buf1_4_39_fu_1094           |   32|   0|   32|          0|
    |line_buf1_4_3_fu_950             |   32|   0|   32|          0|
    |line_buf1_4_40_fu_1098           |   32|   0|   32|          0|
    |line_buf1_4_41_fu_1102           |   32|   0|   32|          0|
    |line_buf1_4_42_fu_1106           |   32|   0|   32|          0|
    |line_buf1_4_43_fu_1110           |   32|   0|   32|          0|
    |line_buf1_4_44_fu_1114           |   32|   0|   32|          0|
    |line_buf1_4_45_fu_1118           |   32|   0|   32|          0|
    |line_buf1_4_46_fu_1122           |   32|   0|   32|          0|
    |line_buf1_4_47_fu_1126           |   32|   0|   32|          0|
    |line_buf1_4_48_fu_1130           |   32|   0|   32|          0|
    |line_buf1_4_49_fu_1134           |   32|   0|   32|          0|
    |line_buf1_4_4_fu_954             |   32|   0|   32|          0|
    |line_buf1_4_50_fu_1138           |   32|   0|   32|          0|
    |line_buf1_4_51_fu_1142           |   32|   0|   32|          0|
    |line_buf1_4_5_fu_958             |   32|   0|   32|          0|
    |line_buf1_4_6_fu_962             |   32|   0|   32|          0|
    |line_buf1_4_7_fu_966             |   32|   0|   32|          0|
    |line_buf1_4_8_fu_970             |   32|   0|   32|          0|
    |line_buf1_4_9_fu_974             |   32|   0|   32|          0|
    |line_buf1_5_0_reg_10770          |   32|   0|   32|          0|
    |line_buf1_5_10_fu_1186           |   32|   0|   32|          0|
    |line_buf1_5_11_fu_1190           |   32|   0|   32|          0|
    |line_buf1_5_12_fu_1194           |   32|   0|   32|          0|
    |line_buf1_5_13_fu_1198           |   32|   0|   32|          0|
    |line_buf1_5_14_fu_1202           |   32|   0|   32|          0|
    |line_buf1_5_15_fu_1206           |   32|   0|   32|          0|
    |line_buf1_5_16_fu_1210           |   32|   0|   32|          0|
    |line_buf1_5_17_fu_1214           |   32|   0|   32|          0|
    |line_buf1_5_18_fu_1218           |   32|   0|   32|          0|
    |line_buf1_5_19_fu_1222           |   32|   0|   32|          0|
    |line_buf1_5_1_fu_1150            |   32|   0|   32|          0|
    |line_buf1_5_1_load_1_reg_10709   |   32|   0|   32|          0|
    |line_buf1_5_20_fu_1226           |   32|   0|   32|          0|
    |line_buf1_5_21_fu_1230           |   32|   0|   32|          0|
    |line_buf1_5_22_fu_1234           |   32|   0|   32|          0|
    |line_buf1_5_23_fu_1238           |   32|   0|   32|          0|
    |line_buf1_5_24_fu_1242           |   32|   0|   32|          0|
    |line_buf1_5_25_fu_1246           |   32|   0|   32|          0|
    |line_buf1_5_26_fu_1250           |   32|   0|   32|          0|
    |line_buf1_5_27_fu_1254           |   32|   0|   32|          0|
    |line_buf1_5_28_fu_1258           |   32|   0|   32|          0|
    |line_buf1_5_29_fu_1262           |   32|   0|   32|          0|
    |line_buf1_5_2_fu_1154            |   32|   0|   32|          0|
    |line_buf1_5_30_fu_1266           |   32|   0|   32|          0|
    |line_buf1_5_31_fu_1270           |   32|   0|   32|          0|
    |line_buf1_5_32_fu_1274           |   32|   0|   32|          0|
    |line_buf1_5_33_fu_1278           |   32|   0|   32|          0|
    |line_buf1_5_34_fu_1282           |   32|   0|   32|          0|
    |line_buf1_5_35_fu_1286           |   32|   0|   32|          0|
    |line_buf1_5_36_fu_1290           |   32|   0|   32|          0|
    |line_buf1_5_37_fu_1294           |   32|   0|   32|          0|
    |line_buf1_5_38_fu_1298           |   32|   0|   32|          0|
    |line_buf1_5_39_fu_1302           |   32|   0|   32|          0|
    |line_buf1_5_3_fu_1158            |   32|   0|   32|          0|
    |line_buf1_5_40_fu_1306           |   32|   0|   32|          0|
    |line_buf1_5_41_fu_1310           |   32|   0|   32|          0|
    |line_buf1_5_42_fu_1314           |   32|   0|   32|          0|
    |line_buf1_5_43_fu_1318           |   32|   0|   32|          0|
    |line_buf1_5_44_fu_1322           |   32|   0|   32|          0|
    |line_buf1_5_45_fu_1326           |   32|   0|   32|          0|
    |line_buf1_5_46_fu_1330           |   32|   0|   32|          0|
    |line_buf1_5_47_fu_1334           |   32|   0|   32|          0|
    |line_buf1_5_48_fu_1338           |   32|   0|   32|          0|
    |line_buf1_5_49_fu_1342           |   32|   0|   32|          0|
    |line_buf1_5_4_fu_1162            |   32|   0|   32|          0|
    |line_buf1_5_50_fu_1346           |   32|   0|   32|          0|
    |line_buf1_5_51_fu_1350           |   32|   0|   32|          0|
    |line_buf1_5_5_fu_1166            |   32|   0|   32|          0|
    |line_buf1_5_6_fu_1170            |   32|   0|   32|          0|
    |line_buf1_5_7_fu_1174            |   32|   0|   32|          0|
    |line_buf1_5_8_fu_1178            |   32|   0|   32|          0|
    |line_buf1_5_9_fu_1182            |   32|   0|   32|          0|
    |line_buf1_6_0_reg_10778          |   32|   0|   32|          0|
    |line_buf1_6_10_fu_1394           |   32|   0|   32|          0|
    |line_buf1_6_11_fu_1398           |   32|   0|   32|          0|
    |line_buf1_6_12_fu_1402           |   32|   0|   32|          0|
    |line_buf1_6_13_fu_1406           |   32|   0|   32|          0|
    |line_buf1_6_14_fu_1410           |   32|   0|   32|          0|
    |line_buf1_6_15_fu_1414           |   32|   0|   32|          0|
    |line_buf1_6_16_fu_1418           |   32|   0|   32|          0|
    |line_buf1_6_17_fu_1422           |   32|   0|   32|          0|
    |line_buf1_6_18_fu_1426           |   32|   0|   32|          0|
    |line_buf1_6_19_fu_1430           |   32|   0|   32|          0|
    |line_buf1_6_1_fu_1358            |   32|   0|   32|          0|
    |line_buf1_6_1_load_1_reg_10716   |   32|   0|   32|          0|
    |line_buf1_6_20_fu_1434           |   32|   0|   32|          0|
    |line_buf1_6_21_fu_1438           |   32|   0|   32|          0|
    |line_buf1_6_22_fu_1442           |   32|   0|   32|          0|
    |line_buf1_6_23_fu_1446           |   32|   0|   32|          0|
    |line_buf1_6_24_fu_1450           |   32|   0|   32|          0|
    |line_buf1_6_25_fu_1454           |   32|   0|   32|          0|
    |line_buf1_6_26_fu_1458           |   32|   0|   32|          0|
    |line_buf1_6_27_fu_1462           |   32|   0|   32|          0|
    |line_buf1_6_28_fu_1466           |   32|   0|   32|          0|
    |line_buf1_6_29_fu_1470           |   32|   0|   32|          0|
    |line_buf1_6_2_fu_1362            |   32|   0|   32|          0|
    |line_buf1_6_30_fu_1474           |   32|   0|   32|          0|
    |line_buf1_6_31_fu_1478           |   32|   0|   32|          0|
    |line_buf1_6_32_fu_1482           |   32|   0|   32|          0|
    |line_buf1_6_33_fu_1486           |   32|   0|   32|          0|
    |line_buf1_6_34_fu_1490           |   32|   0|   32|          0|
    |line_buf1_6_35_fu_1494           |   32|   0|   32|          0|
    |line_buf1_6_36_fu_1498           |   32|   0|   32|          0|
    |line_buf1_6_37_fu_1502           |   32|   0|   32|          0|
    |line_buf1_6_38_fu_1506           |   32|   0|   32|          0|
    |line_buf1_6_39_fu_1510           |   32|   0|   32|          0|
    |line_buf1_6_3_fu_1366            |   32|   0|   32|          0|
    |line_buf1_6_40_fu_1514           |   32|   0|   32|          0|
    |line_buf1_6_41_fu_1518           |   32|   0|   32|          0|
    |line_buf1_6_42_fu_1522           |   32|   0|   32|          0|
    |line_buf1_6_43_fu_1526           |   32|   0|   32|          0|
    |line_buf1_6_44_fu_1530           |   32|   0|   32|          0|
    |line_buf1_6_45_fu_1534           |   32|   0|   32|          0|
    |line_buf1_6_46_fu_1538           |   32|   0|   32|          0|
    |line_buf1_6_47_fu_1542           |   32|   0|   32|          0|
    |line_buf1_6_48_fu_1546           |   32|   0|   32|          0|
    |line_buf1_6_49_fu_1550           |   32|   0|   32|          0|
    |line_buf1_6_4_fu_1370            |   32|   0|   32|          0|
    |line_buf1_6_50_fu_1554           |   32|   0|   32|          0|
    |line_buf1_6_51_fu_1558           |   32|   0|   32|          0|
    |line_buf1_6_5_fu_1374            |   32|   0|   32|          0|
    |line_buf1_6_6_fu_1378            |   32|   0|   32|          0|
    |line_buf1_6_7_fu_1382            |   32|   0|   32|          0|
    |line_buf1_6_8_fu_1386            |   32|   0|   32|          0|
    |line_buf1_6_9_fu_1390            |   32|   0|   32|          0|
    |line_buf1_7_0_reg_10786          |   32|   0|   32|          0|
    |line_buf1_7_10_fu_1602           |   32|   0|   32|          0|
    |line_buf1_7_11_fu_1606           |   32|   0|   32|          0|
    |line_buf1_7_12_fu_1610           |   32|   0|   32|          0|
    |line_buf1_7_13_fu_1614           |   32|   0|   32|          0|
    |line_buf1_7_14_fu_1618           |   32|   0|   32|          0|
    |line_buf1_7_15_fu_1622           |   32|   0|   32|          0|
    |line_buf1_7_16_fu_1626           |   32|   0|   32|          0|
    |line_buf1_7_17_fu_1630           |   32|   0|   32|          0|
    |line_buf1_7_18_fu_1634           |   32|   0|   32|          0|
    |line_buf1_7_19_fu_1638           |   32|   0|   32|          0|
    |line_buf1_7_1_fu_1566            |   32|   0|   32|          0|
    |line_buf1_7_1_load_1_reg_10723   |   32|   0|   32|          0|
    |line_buf1_7_20_fu_1642           |   32|   0|   32|          0|
    |line_buf1_7_21_fu_1646           |   32|   0|   32|          0|
    |line_buf1_7_22_fu_1650           |   32|   0|   32|          0|
    |line_buf1_7_23_fu_1654           |   32|   0|   32|          0|
    |line_buf1_7_24_fu_1658           |   32|   0|   32|          0|
    |line_buf1_7_25_fu_1662           |   32|   0|   32|          0|
    |line_buf1_7_26_fu_1666           |   32|   0|   32|          0|
    |line_buf1_7_27_fu_1670           |   32|   0|   32|          0|
    |line_buf1_7_28_fu_1674           |   32|   0|   32|          0|
    |line_buf1_7_29_fu_1678           |   32|   0|   32|          0|
    |line_buf1_7_2_fu_1570            |   32|   0|   32|          0|
    |line_buf1_7_30_fu_1682           |   32|   0|   32|          0|
    |line_buf1_7_31_fu_1686           |   32|   0|   32|          0|
    |line_buf1_7_32_fu_1690           |   32|   0|   32|          0|
    |line_buf1_7_33_fu_1694           |   32|   0|   32|          0|
    |line_buf1_7_34_fu_1698           |   32|   0|   32|          0|
    |line_buf1_7_35_fu_1702           |   32|   0|   32|          0|
    |line_buf1_7_36_fu_1706           |   32|   0|   32|          0|
    |line_buf1_7_37_fu_1710           |   32|   0|   32|          0|
    |line_buf1_7_38_fu_1714           |   32|   0|   32|          0|
    |line_buf1_7_39_fu_1718           |   32|   0|   32|          0|
    |line_buf1_7_3_fu_1574            |   32|   0|   32|          0|
    |line_buf1_7_40_fu_1722           |   32|   0|   32|          0|
    |line_buf1_7_41_fu_1726           |   32|   0|   32|          0|
    |line_buf1_7_42_fu_1730           |   32|   0|   32|          0|
    |line_buf1_7_43_fu_1734           |   32|   0|   32|          0|
    |line_buf1_7_44_fu_1738           |   32|   0|   32|          0|
    |line_buf1_7_45_fu_1742           |   32|   0|   32|          0|
    |line_buf1_7_46_fu_1746           |   32|   0|   32|          0|
    |line_buf1_7_47_fu_1750           |   32|   0|   32|          0|
    |line_buf1_7_48_fu_1754           |   32|   0|   32|          0|
    |line_buf1_7_49_fu_1758           |   32|   0|   32|          0|
    |line_buf1_7_4_fu_1578            |   32|   0|   32|          0|
    |line_buf1_7_50_fu_1762           |   32|   0|   32|          0|
    |line_buf1_7_51_fu_1766           |   32|   0|   32|          0|
    |line_buf1_7_5_fu_1582            |   32|   0|   32|          0|
    |line_buf1_7_6_fu_1586            |   32|   0|   32|          0|
    |line_buf1_7_7_fu_1590            |   32|   0|   32|          0|
    |line_buf1_7_8_fu_1594            |   32|   0|   32|          0|
    |line_buf1_7_9_fu_1598            |   32|   0|   32|          0|
    |line_buf2_0_0_fu_314             |   32|   0|   32|          0|
    |line_buf2_0_0_load_reg_10562     |   32|   0|   32|          0|
    |line_buf2_0_1_fu_1774            |   32|   0|   32|          0|
    |line_buf2_0_1_load_reg_10618     |   32|   0|   32|          0|
    |line_buf2_1_0_fu_522             |   32|   0|   32|          0|
    |line_buf2_1_0_load_reg_10569     |   32|   0|   32|          0|
    |line_buf2_1_1_fu_1782            |   32|   0|   32|          0|
    |line_buf2_1_1_load_reg_10632     |   32|   0|   32|          0|
    |line_buf2_2_0_fu_730             |   32|   0|   32|          0|
    |line_buf2_2_0_load_reg_10576     |   32|   0|   32|          0|
    |line_buf2_2_1_fu_1790            |   32|   0|   32|          0|
    |line_buf2_2_1_load_reg_10646     |   32|   0|   32|          0|
    |line_buf2_3_0_fu_938             |   32|   0|   32|          0|
    |line_buf2_3_0_load_reg_10583     |   32|   0|   32|          0|
    |line_buf2_3_1_fu_1798            |   32|   0|   32|          0|
    |line_buf2_3_1_load_reg_10660     |   32|   0|   32|          0|
    |line_buf2_4_0_fu_1146            |   32|   0|   32|          0|
    |line_buf2_4_0_load_reg_10590     |   32|   0|   32|          0|
    |line_buf2_4_1_fu_1802            |   32|   0|   32|          0|
    |line_buf2_4_1_load_reg_10667     |   32|   0|   32|          0|
    |line_buf2_5_0_fu_1354            |   32|   0|   32|          0|
    |line_buf2_5_0_load_reg_10597     |   32|   0|   32|          0|
    |line_buf2_5_1_fu_1794            |   32|   0|   32|          0|
    |line_buf2_5_1_load_reg_10653     |   32|   0|   32|          0|
    |line_buf2_6_0_fu_1562            |   32|   0|   32|          0|
    |line_buf2_6_0_load_reg_10604     |   32|   0|   32|          0|
    |line_buf2_6_1_fu_1786            |   32|   0|   32|          0|
    |line_buf2_6_1_load_reg_10639     |   32|   0|   32|          0|
    |line_buf2_7_0_fu_1770            |   32|   0|   32|          0|
    |line_buf2_7_0_load_reg_10611     |   32|   0|   32|          0|
    |line_buf2_7_1_fu_1778            |   32|   0|   32|          0|
    |line_buf2_7_1_load_reg_10625     |   32|   0|   32|          0|
    |mux_0_0_1_reg_10846              |   32|   0|   32|          0|
    |mux_0_0_2_reg_10858              |   32|   0|   32|          0|
    |mux_0_0_3_reg_10870              |   32|   0|   32|          0|
    |mux_0_0_4_reg_10882              |   32|   0|   32|          0|
    |mux_0_0_5_reg_10894              |   32|   0|   32|          0|
    |mux_0_0_6_reg_10906              |   32|   0|   32|          0|
    |mux_0_0_7_reg_10918              |   32|   0|   32|          0|
    |mux_0_0_reg_10834                |   32|   0|   32|          0|
    |mux_0_1_1_reg_10937              |   32|   0|   32|          0|
    |mux_0_1_2_reg_10944              |   32|   0|   32|          0|
    |mux_0_1_3_reg_10951              |   32|   0|   32|          0|
    |mux_0_1_4_reg_10958              |   32|   0|   32|          0|
    |mux_0_1_5_reg_10965              |   32|   0|   32|          0|
    |mux_0_1_6_reg_10972              |   32|   0|   32|          0|
    |mux_0_1_7_reg_10979              |   32|   0|   32|          0|
    |mux_0_1_reg_10930                |   32|   0|   32|          0|
    |p_Val2_s_fu_1810                 |  256|   0|  256|          0|
    |p_trans_cnt_reg_10552            |   32|   0|   32|          0|
    |sums_0_reg_11036                 |   32|   0|   32|          0|
    |sums_1_reg_11041                 |   32|   0|   32|          0|
    |sums_2_reg_11046                 |   32|   0|   32|          0|
    |sums_3_reg_11051                 |   32|   0|   32|          0|
    |sums_4_reg_11056                 |   32|   0|   32|          0|
    |sums_5_reg_11061                 |   32|   0|   32|          0|
    |sums_6_reg_11066                 |   32|   0|   32|          0|
    |sums_7_reg_11071                 |   32|   0|   32|          0|
    |tmp_135_reg_10526                |    1|   0|    1|          0|
    |tmp_136_reg_10531                |    1|   0|    1|          0|
    |tmp_136_reg_10531_pp0_iter1_reg  |    1|   0|    1|          0|
    |tmp_140_reg_10543                |    1|   0|    1|          0|
    |tmp_141_reg_11076                |   32|   0|   32|          0|
    |tmp_143_reg_11081                |   32|   0|   32|          0|
    |tmp_145_reg_11086                |    1|   0|    1|          0|
    |tmp_271_reg_10794                |    1|   0|    1|          0|
    |tmp_278_reg_10841                |    1|   0|    1|          0|
    |tmp_286_reg_10996                |    1|   0|    1|          0|
    |tmp_295_reg_10799                |    1|   0|    1|          0|
    |tmp_304_reg_10853                |    1|   0|    1|          0|
    |tmp_313_reg_11001                |    1|   0|    1|          0|
    |tmp_322_reg_10804                |    1|   0|    1|          0|
    |tmp_331_reg_10865                |    1|   0|    1|          0|
    |tmp_340_reg_11006                |    1|   0|    1|          0|
    |tmp_349_reg_10809                |    1|   0|    1|          0|
    |tmp_358_reg_10877                |    1|   0|    1|          0|
    |tmp_367_reg_11011                |    1|   0|    1|          0|
    |tmp_376_reg_10814                |    1|   0|    1|          0|
    |tmp_385_reg_10889                |    1|   0|    1|          0|
    |tmp_394_reg_11016                |    1|   0|    1|          0|
    |tmp_403_reg_10819                |    1|   0|    1|          0|
    |tmp_412_reg_10901                |    1|   0|    1|          0|
    |tmp_421_reg_11021                |    1|   0|    1|          0|
    |tmp_430_reg_10824                |    1|   0|    1|          0|
    |tmp_439_reg_10913                |    1|   0|    1|          0|
    |tmp_448_reg_11026                |    1|   0|    1|          0|
    |tmp_457_reg_10829                |    1|   0|    1|          0|
    |tmp_466_reg_10925                |    1|   0|    1|          0|
    |tmp_475_reg_11031                |    1|   0|    1|          0|
    |tmp_491_reg_10986                |   27|   0|   27|          0|
    |tmp_reg_10477                    |   32|   0|   32|          0|
    |tmp_s_reg_10517                  |    1|   0|    1|          0|
    |total_bound_reg_10512            |   32|   0|   32|          0|
    |total_iter_reg_1851              |   31|   0|   31|          0|
    |trans_cnt_fu_1806                |   32|   0|   32|          0|
    |line_buf1_0_0_reg_10730          |   64|  32|   32|          0|
    |line_buf1_0_1_load_1_reg_10674   |   64|  32|   32|          0|
    |line_buf1_1_0_reg_10738          |   64|  32|   32|          0|
    |line_buf1_1_1_load_1_reg_10681   |   64|  32|   32|          0|
    |line_buf1_2_0_reg_10746          |   64|  32|   32|          0|
    |line_buf1_2_1_load_1_reg_10688   |   64|  32|   32|          0|
    |line_buf1_3_0_reg_10754          |   64|  32|   32|          0|
    |line_buf1_3_1_load_1_reg_10695   |   64|  32|   32|          0|
    |line_buf1_4_0_reg_10762          |   64|  32|   32|          0|
    |line_buf1_4_1_load_1_reg_10702   |   64|  32|   32|          0|
    |line_buf1_5_0_reg_10770          |   64|  32|   32|          0|
    |line_buf1_5_1_load_1_reg_10709   |   64|  32|   32|          0|
    |line_buf1_6_0_reg_10778          |   64|  32|   32|          0|
    |line_buf1_6_1_load_1_reg_10716   |   64|  32|   32|          0|
    |line_buf1_7_0_reg_10786          |   64|  32|   32|          0|
    |line_buf1_7_1_load_1_reg_10723   |   64|  32|   32|          0|
    |line_buf2_0_0_load_reg_10562     |   64|  32|   32|          0|
    |line_buf2_0_1_load_reg_10618     |   64|  32|   32|          0|
    |line_buf2_1_0_load_reg_10569     |   64|  32|   32|          0|
    |line_buf2_1_1_load_reg_10632     |   64|  32|   32|          0|
    |line_buf2_2_0_load_reg_10576     |   64|  32|   32|          0|
    |line_buf2_2_1_load_reg_10646     |   64|  32|   32|          0|
    |line_buf2_3_0_load_reg_10583     |   64|  32|   32|          0|
    |line_buf2_3_1_load_reg_10660     |   64|  32|   32|          0|
    |line_buf2_4_0_load_reg_10590     |   64|  32|   32|          0|
    |line_buf2_4_1_load_reg_10667     |   64|  32|   32|          0|
    |line_buf2_5_0_load_reg_10597     |   64|  32|   32|          0|
    |line_buf2_5_1_load_reg_10653     |   64|  32|   32|          0|
    |line_buf2_6_0_load_reg_10604     |   64|  32|   32|          0|
    |line_buf2_6_1_load_reg_10639     |   64|  32|   32|          0|
    |line_buf2_7_0_load_reg_10611     |   64|  32|   32|          0|
    |line_buf2_7_1_load_reg_10625     |   64|  32|   32|          0|
    |mux_0_0_1_reg_10846              |   64|  32|   32|          0|
    |mux_0_0_2_reg_10858              |   64|  32|   32|          0|
    |mux_0_0_3_reg_10870              |   64|  32|   32|          0|
    |mux_0_0_4_reg_10882              |   64|  32|   32|          0|
    |mux_0_0_5_reg_10894              |   64|  32|   32|          0|
    |mux_0_0_6_reg_10906              |   64|  32|   32|          0|
    |mux_0_0_7_reg_10918              |   64|  32|   32|          0|
    |mux_0_0_reg_10834                |   64|  32|   32|          0|
    |mux_0_1_1_reg_10937              |   64|  32|   32|          0|
    |mux_0_1_2_reg_10944              |   64|  32|   32|          0|
    |mux_0_1_3_reg_10951              |   64|  32|   32|          0|
    |mux_0_1_4_reg_10958              |   64|  32|   32|          0|
    |mux_0_1_5_reg_10965              |   64|  32|   32|          0|
    |mux_0_1_6_reg_10972              |   64|  32|   32|          0|
    |mux_0_1_7_reg_10979              |   64|  32|   32|          0|
    |mux_0_1_reg_10930                |   64|  32|   32|          0|
    |p_trans_cnt_reg_10552            |   64|  64|   32|          0|
    |sums_0_reg_11036                 |   64|  32|   32|          0|
    |sums_1_reg_11041                 |   64|  32|   32|          0|
    |sums_2_reg_11046                 |   64|  32|   32|          0|
    |sums_3_reg_11051                 |   64|  32|   32|          0|
    |sums_4_reg_11056                 |   64|  32|   32|          0|
    |sums_5_reg_11061                 |   64|  32|   32|          0|
    |sums_6_reg_11066                 |   64|  32|   32|          0|
    |sums_7_reg_11071                 |   64|  32|   32|          0|
    |tmp_140_reg_10543                |   64|  64|    1|          0|
    |tmp_s_reg_10517                  |   64|  64|    1|          0|
    +---------------------------------+-----+----+-----+-----------+
    |Total                            |19794|1984|17844|          0|
    +---------------------------------+-----+----+-----+-----------+



================================================================
== Interface
================================================================
* Summary: 
+---------------------+-----+-----+------------+-----------------+--------------+
|      RTL Ports      | Dir | Bits|  Protocol  |  Source Object  |    C Type    |
+---------------------+-----+-----+------------+-----------------+--------------+
|ap_clk               |  in |    1| ap_ctrl_hs |    maxpool_w2   | return value |
|ap_rst               |  in |    1| ap_ctrl_hs |    maxpool_w2   | return value |
|ap_start             |  in |    1| ap_ctrl_hs |    maxpool_w2   | return value |
|ap_done              | out |    1| ap_ctrl_hs |    maxpool_w2   | return value |
|ap_idle              | out |    1| ap_ctrl_hs |    maxpool_w2   | return value |
|ap_ready             | out |    1| ap_ctrl_hs |    maxpool_w2   | return value |
|fifo_in_V_V_dout     |  in |  256|   ap_fifo  |   fifo_in_V_V   |    pointer   |
|fifo_in_V_V_empty_n  |  in |    1|   ap_fifo  |   fifo_in_V_V   |    pointer   |
|fifo_in_V_V_read     | out |    1|   ap_fifo  |   fifo_in_V_V   |    pointer   |
|fifo_out_V_V_din     | out |  256|   ap_fifo  |   fifo_out_V_V  |    pointer   |
|fifo_out_V_V_full_n  |  in |    1|   ap_fifo  |   fifo_out_V_V  |    pointer   |
|fifo_out_V_V_write   | out |    1|   ap_fifo  |   fifo_out_V_V  |    pointer   |
|stride               |  in |   32|   ap_none  |      stride     |    scalar    |
|max_en               |  in |    1|   ap_none  |      max_en     |    scalar    |
|layer_out_num_t      |  in |   16|   ap_none  | layer_out_num_t |    scalar    |
|layer_in_h_t         |  in |   32|   ap_none  |   layer_in_h_t  |    scalar    |
+---------------------+-----+-----+------------+-----------------+--------------+

