

================================================================
== Vivado HLS Report for 'pool'
================================================================
* Date:           Thu Nov  5 03:55:25 2020

* Version:        2018.3 (Build 2405991 on Thu Dec 06 23:56:15 MST 2018)
* Project:        pose_prj
* Solution:       solution1
* Product family: virtex7
* Target device:  xc7vx690tffg1761-2


================================================================
== Performance Estimates
================================================================
+ Timing (ns): 
    * Summary: 
    +--------+-------+----------+------------+
    |  Clock | Target| Estimated| Uncertainty|
    +--------+-------+----------+------------+
    |ap_clk  |   3.00|     4.129|        0.38|
    +--------+-------+----------+------------+

+ Latency (clock cycles): 
    * Summary: 
    +-----+-----+-----+-----+---------+
    |  Latency  |  Interval | Pipeline|
    | min | max | min | max |   Type  |
    +-----+-----+-----+-----+---------+
    |    ?|    ?|    ?|    ?|   none  |
    +-----+-----+-----+-----+---------+

    + Detail: 
        * Instance: 
        +-----------------------+------------+-----+-----+-----+-----+---------+
        |                       |            |  Latency  |  Interval | Pipeline|
        |        Instance       |   Module   | min | max | min | max |   Type  |
        +-----------------------+------------+-----+-----+-----+-----+---------+
        |grp_maxpool_w2_fu_286  |maxpool_w2  |    ?|    ?|    ?|    ?|   none  |
        +-----------------------+------------+-----+-----+-----+-----+---------+

        * Loop: 
        +-------------+-----+-----+----------+-----------+-----------+------+----------+
        |             |  Latency  | Iteration|  Initiation Interval  | Trip |          |
        |  Loop Name  | min | max |  Latency |  achieved |   target  | Count| Pipelined|
        +-------------+-----+-----+----------+-----------+-----------+------+----------+
        |- Loop 1     |    ?|    ?|         ?|          -|          -|     ?|    no    |
        | + Loop 1.1  |    ?|    ?|         2|          1|          1|     ?|    yes   |
        +-------------+-----+-----+----------+-----------+-----------+------+----------+



================================================================
== Utilization Estimates
================================================================
* Summary: 
+-----------------+---------+-------+--------+--------+
|       Name      | BRAM_18K| DSP48E|   FF   |   LUT  |
+-----------------+---------+-------+--------+--------+
|DSP              |        -|      -|       -|       -|
|Expression       |        -|      -|       0|    1334|
|FIFO             |        -|      -|       -|       -|
|Instance         |        0|      7|   27489|   11116|
|Memory           |        -|      -|       -|       -|
|Multiplexer      |        -|      -|       -|     469|
|Register         |        -|      -|    1732|       -|
+-----------------+---------+-------+--------+--------+
|Total            |        0|      7|   29221|   12919|
+-----------------+---------+-------+--------+--------+
|Available        |     2940|   3600|  866400|  433200|
+-----------------+---------+-------+--------+--------+
|Utilization (%)  |        0|   ~0  |       3|       2|
+-----------------+---------+-------+--------+--------+

+ Detail: 
    * Instance: 
    +---------------------------+----------------------+---------+-------+-------+-------+
    |          Instance         |        Module        | BRAM_18K| DSP48E|   FF  |  LUT  |
    +---------------------------+----------------------+---------+-------+-------+-------+
    |grp_maxpool_w2_fu_286      |maxpool_w2            |        0|      7|  26701|  10640|
    |top_kernel_udiv_3kbM_U278  |top_kernel_udiv_3kbM  |        0|      0|    394|    238|
    |top_kernel_udiv_3kbM_U279  |top_kernel_udiv_3kbM  |        0|      0|    394|    238|
    +---------------------------+----------------------+---------+-------+-------+-------+
    |Total                      |                      |        0|      7|  27489|  11116|
    +---------------------------+----------------------+---------+-------+-------+-------+

    * DSP48: 
    N/A

    * Memory: 
    N/A

    * FIFO: 
    N/A

    * Expression: 
    +-----------------------------------+----------+-------+---+----+------------+------------+
    |           Variable Name           | Operation| DSP48E| FF| LUT| Bitwidth P0| Bitwidth P1|
    +-----------------------------------+----------+-------+---+----+------------+------------+
    |h_4_fu_590_p2                      |     +    |      0|  0|  39|          32|           1|
    |in_h_iter_2_fu_676_p2              |     +    |      0|  0|  39|          32|          32|
    |in_num_iter_fu_670_p2              |     +    |      0|  0|  39|          32|          32|
    |in_w_iter_2_fu_681_p2              |     +    |      0|  0|  39|          32|          32|
    |layer_iter_2_fu_719_p2             |     +    |      0|  0|  39|          32|           1|
    |o_5_fu_608_p2                      |     +    |      0|  0|  39|          32|           1|
    |out_num_iter_2_fu_689_p2           |     +    |      0|  0|  39|          32|          32|
    |ret_V_13_fu_545_p2                 |     +    |      0|  0|  40|          33|          33|
    |ret_V_14_fu_497_p2                 |     +    |      0|  0|  40|          33|          33|
    |w_4_fu_579_p2                      |     +    |      0|  0|  39|          32|           1|
    |ap_block_pp0_stage0_01001          |    and   |      0|  0|   2|           1|           1|
    |ap_block_state51_on_subcall_done   |    and   |      0|  0|   2|           1|           1|
    |ap_predicate_op85_read_state6      |    and   |      0|  0|   2|           1|           1|
    |done1_3_fu_661_p2                  |    and   |      0|  0|   2|           1|           1|
    |done_be_fu_959_p2                  |    and   |      0|  0|   2|           1|           1|
    |or_cond_41_fu_477_p2               |    and   |      0|  0|   2|           1|           1|
    |sel_tmp15_fu_746_p2                |    and   |      0|  0|   2|           1|           1|
    |sel_tmp17_fu_756_p2                |    and   |      0|  0|   2|           1|           1|
    |sel_tmp19_fu_766_p2                |    and   |      0|  0|   2|           1|           1|
    |sel_tmp21_fu_925_p2                |    and   |      0|  0|   2|           1|           1|
    |sel_tmp_fu_627_p2                  |    and   |      0|  0|   2|           1|           1|
    |tmp131_fu_919_p2                   |    and   |      0|  0|   2|           1|           1|
    |tmp132_fu_947_p2                   |    and   |      0|  0|   2|           1|           1|
    |tmp133_fu_953_p2                   |    and   |      0|  0|   2|           1|           1|
    |max_pool_fu_459_p2                 |   icmp   |      0|  0|   9|           3|           1|
    |tmp_114_fu_465_p2                  |   icmp   |      0|  0|  11|           7|           1|
    |tmp_115_fu_471_p2                  |   icmp   |      0|  0|  18|          32|           1|
    |tmp_117_fu_531_p2                  |   icmp   |      0|  0|  18|          32|           1|
    |tmp_118_fu_483_p2                  |   icmp   |      0|  0|  11|           7|           1|
    |tmp_120_fu_554_p2                  |   icmp   |      0|  0|  21|          33|          33|
    |tmp_122_fu_698_p2                  |   icmp   |      0|  0|  21|          33|          33|
    |tmp_125_fu_585_p2                  |   icmp   |      0|  0|  18|          32|          32|
    |tmp_126_fu_604_p2                  |   icmp   |      0|  0|  18|          32|          32|
    |tmp_128_fu_703_p2                  |   icmp   |      0|  0|  18|          32|          32|
    |tmp_129_fu_614_p2                  |   icmp   |      0|  0|  18|          32|          32|
    |tmp_130_fu_707_p2                  |   icmp   |      0|  0|  18|          32|          32|
    |tmp_131_fu_711_p2                  |   icmp   |      0|  0|  18|          32|          32|
    |tmp_133_fu_715_p2                  |   icmp   |      0|  0|  18|          32|          32|
    |tmp_134_fu_737_p2                  |   icmp   |      0|  0|  18|          32|          32|
    |ap_block_state1                    |    or    |      0|  0|   2|           1|           1|
    |ap_block_state10                   |    or    |      0|  0|   2|           1|           1|
    |ap_block_state2                    |    or    |      0|  0|   2|           1|           1|
    |ap_block_state48_pp0_stage0_iter1  |    or    |      0|  0|   2|           1|           1|
    |ap_block_state6                    |    or    |      0|  0|   2|           1|           1|
    |ap_predicate_op255_call_state51    |    or    |      0|  0|   2|           1|           1|
    |layer_start_be_fu_931_p2           |    or    |      0|  0|   2|           1|           1|
    |not_sel_tmp5_fu_914_p2             |    or    |      0|  0|   2|           1|           1|
    |not_sel_tmp6_fu_942_p2             |    or    |      0|  0|   2|           1|           1|
    |not_sel_tmp_fu_904_p2              |    or    |      0|  0|   2|           1|           1|
    |or_cond3_fu_777_p2                 |    or    |      0|  0|   2|           1|           1|
    |or_cond4_fu_795_p2                 |    or    |      0|  0|   2|           1|           1|
    |or_cond_fu_771_p2                  |    or    |      0|  0|   2|           1|           1|
    |sel_tmp22_demorgan_fu_725_p2       |    or    |      0|  0|   2|           1|           1|
    |sel_tmp29_demorgan_fu_731_p2       |    or    |      0|  0|   2|           1|           1|
    |tmp_263_fu_507_p2                  |    or    |      0|  0|   3|           3|           3|
    |tmp_265_fu_782_p2                  |    or    |      0|  0|   2|           1|           1|
    |h_2_fu_654_p3                      |  select  |      0|  0|  32|           1|          32|
    |newSel13_fu_801_p3                 |  select  |      0|  0|  32|           1|          32|
    |newSel14_fu_809_p3                 |  select  |      0|  0|  32|           1|          32|
    |newSel15_fu_816_p3                 |  select  |      0|  0|  32|           1|          32|
    |newSel16_fu_824_p3                 |  select  |      0|  0|  32|           1|          32|
    |newSel17_fu_832_p3                 |  select  |      0|  0|  32|           1|          32|
    |newSel18_fu_839_p3                 |  select  |      0|  0|  32|           1|           1|
    |newSel19_fu_847_p3                 |  select  |      0|  0|  32|           1|          32|
    |newSel20_fu_855_p3                 |  select  |      0|  0|  32|           1|           1|
    |newSel21_fu_862_p3                 |  select  |      0|  0|  32|           1|          32|
    |newSel22_fu_870_p3                 |  select  |      0|  0|  32|           1|          32|
    |newSel23_fu_878_p3                 |  select  |      0|  0|  32|           1|           1|
    |newSel24_fu_885_p3                 |  select  |      0|  0|  32|           1|          32|
    |newSel_fu_788_p3                   |  select  |      0|  0|  32|           1|           1|
    |o_3_fu_640_p3                      |  select  |      0|  0|  32|           1|          32|
    |p_s_fu_619_p3                      |  select  |      0|  0|  32|           1|           1|
    |sel_tmp1_fu_632_p3                 |  select  |      0|  0|  32|           1|          32|
    |sel_tmp5_fu_647_p3                 |  select  |      0|  0|  32|           1|           1|
    |w_1_fu_596_p3                      |  select  |      0|  0|  32|           1|           1|
    |ap_enable_pp0                      |    xor   |      0|  0|   2|           1|           2|
    |ap_enable_reg_pp0_iter1            |    xor   |      0|  0|   2|           2|           1|
    |sel_tmp14_fu_741_p2                |    xor   |      0|  0|   2|           1|           2|
    |sel_tmp16_fu_751_p2                |    xor   |      0|  0|   2|           1|           2|
    |sel_tmp18_fu_761_p2                |    xor   |      0|  0|   2|           1|           2|
    |sel_tmp20_fu_893_p2                |    xor   |      0|  0|   2|           1|           1|
    |tmp_130_not_fu_937_p2              |    xor   |      0|  0|   2|           1|           2|
    |tmp_131_not_fu_899_p2              |    xor   |      0|  0|   2|           1|           2|
    |tmp_133_not_fu_909_p2              |    xor   |      0|  0|   2|           1|           2|
    +-----------------------------------+----------+-------+---+----+------------+------------+
    |Total                              |          |      0|  0|1334|         787|         965|
    +-----------------------------------+----------+-------+---+----+------------+------------+

    * Multiplexer: 
    +--------------------------------+-----+-----------+-----+-----------+
    |              Name              | LUT | Input Size| Bits| Total Bits|
    +--------------------------------+-----+-----------+-----+-----------+
    |ap_NS_fsm                       |  229|         53|    1|         53|
    |ap_done                         |    9|          2|    1|          2|
    |ap_enable_reg_pp0_iter1         |   15|          3|    1|          3|
    |ap_phi_mux_done1_phi_fu_278_p4  |    9|          2|    1|          2|
    |ap_phi_mux_h_phi_fu_255_p4      |    9|          2|   32|         64|
    |done1_reg_274                   |    9|          2|    1|          2|
    |done_reg_216                    |    9|          2|    1|          2|
    |fifo_cin_V_V_blk_n              |    9|          2|    1|          2|
    |fifo_cin_V_V_read               |   15|          3|    1|          3|
    |fifo_config_in_V_V_blk_n        |    9|          2|    1|          2|
    |fifo_config_out_V_V_blk_n       |    9|          2|    1|          2|
    |fifo_cout_V_V_blk_n             |    9|          2|    1|          2|
    |fifo_cout_V_V_din               |    9|          2|  256|        512|
    |fifo_cout_V_V_write             |   15|          3|    1|          3|
    |grp_fu_313_p1                   |   15|          3|  192|        576|
    |h_reg_251                       |    9|          2|   32|         64|
    |i_op_assign_reg_144             |    9|          2|   32|         64|
    |in_h_iter_reg_168               |    9|          2|   32|         64|
    |in_w_iter_reg_180               |    9|          2|   32|         64|
    |layer_iter_reg_192              |    9|          2|   32|         64|
    |layer_start_1_reg_227           |    9|          2|    1|          2|
    |layer_start_reg_204             |    9|          2|    1|          2|
    |o_reg_239                       |    9|          2|   32|         64|
    |out_num_iter_reg_156            |    9|          2|   32|         64|
    |w_reg_263                       |    9|          2|   32|         64|
    +--------------------------------+-----+-----------+-----+-----------+
    |Total                           |  469|        105|  750|       1746|
    +--------------------------------+-----+-----------+-----+-----------+

    * Register: 
    +------------------------------------+-----+----+-----+-----------+
    |                Name                |  FF | LUT| Bits| Const Bits|
    +------------------------------------+-----+----+-----+-----------+
    |LAYER_BATCH_V_reg_983               |   32|   0|   32|          0|
    |LAYER_IN_H_T_V_reg_1034             |   32|   0|   32|          0|
    |LAYER_IN_H_V_reg_1006               |   32|   0|   32|          0|
    |LAYER_IN_NUM_T_V_reg_1023           |   16|   0|   16|          0|
    |LAYER_IN_NUM_V_reg_994              |   32|   0|   32|          0|
    |LAYER_IN_W_T_V_reg_1041             |   32|   0|   32|          0|
    |LAYER_IN_W_V_reg_1011               |   32|   0|   32|          0|
    |LAYER_OUT_NUM_T_V_reg_1028          |   16|   0|   16|          0|
    |LAYER_OUT_NUM_V_reg_1001            |   32|   0|   32|          0|
    |STRIDE_V_reg_1016                   |   32|   0|   32|          0|
    |ap_CS_fsm                           |   52|   0|   52|          0|
    |ap_done_reg                         |    1|   0|    1|          0|
    |ap_enable_reg_pp0_iter0             |    1|   0|    1|          0|
    |ap_enable_reg_pp0_iter1             |    1|   0|    1|          0|
    |done1_reg_274                       |    1|   0|    1|          0|
    |done_reg_216                        |    1|   0|    1|          0|
    |grp_maxpool_w2_fu_286_ap_start_reg  |    1|   0|    1|          0|
    |h_4_reg_1108                        |   32|   0|   32|          0|
    |h_reg_251                           |   32|   0|   32|          0|
    |i_op_assign_reg_144                 |   32|   0|   32|          0|
    |in_h_iter_2_reg_1140                |   32|   0|   32|          0|
    |in_h_iter_reg_168                   |   32|   0|   32|          0|
    |in_num_iter_reg_1134                |   32|   0|   32|          0|
    |in_w_iter_2_reg_1146                |   32|   0|   32|          0|
    |in_w_iter_reg_180                   |   32|   0|   32|          0|
    |layer_iter_2_reg_1192               |   32|   0|   32|          0|
    |layer_iter_reg_192                  |   32|   0|   32|          0|
    |layer_start_1_reg_227               |    1|   0|    1|          0|
    |layer_start_reg_204                 |    1|   0|    1|          0|
    |max_pool_reg_1047                   |    1|   0|    1|          0|
    |o_reg_239                           |   32|   0|   32|          0|
    |or_cond_41_reg_1055                 |    1|   0|    1|          0|
    |out_num_iter_2_reg_1152             |   32|   0|   32|          0|
    |out_num_iter_reg_156                |   32|   0|   32|          0|
    |p_Val2_9_reg_988                    |  192|   0|  192|          0|
    |ret_V_13_reg_1072                   |   33|   0|   33|          0|
    |ret_V_14_reg_1063                   |   33|   0|   33|          0|
    |ret_V_17_reg_1086                   |   32|   0|   32|          0|
    |ret_V_18_reg_1091                   |   32|   0|   32|          0|
    |ret_V_reg_1081                      |   13|   0|   13|          0|
    |sel_tmp22_demorgan_reg_1198         |    1|   0|    1|          0|
    |sel_tmp29_demorgan_reg_1204         |    1|   0|    1|          0|
    |tmp_117_reg_1068                    |    1|   0|    1|          0|
    |tmp_122_reg_1158                    |    1|   0|    1|          0|
    |tmp_123_reg_1096                    |   13|   0|   32|         19|
    |tmp_125_reg_1101                    |    1|   0|    1|          0|
    |tmp_128_reg_1167                    |    1|   0|    1|          0|
    |tmp_130_reg_1174                    |    1|   0|    1|          0|
    |tmp_131_reg_1180                    |    1|   0|    1|          0|
    |tmp_133_reg_1186                    |    1|   0|    1|          0|
    |tmp_276_reg_1162                    |    1|   0|    1|          0|
    |tmp_V_33_fu_108                     |  192|   0|  192|          0|
    |tmp_V_34_fu_112                     |  192|   0|  192|          0|
    |tmp_V_fu_104                        |  192|   0|  192|          0|
    |w_reg_263                           |   32|   0|   32|          0|
    +------------------------------------+-----+----+-----+-----------+
    |Total                               | 1732|   0| 1751|         19|
    +------------------------------------+-----+----+-----+-----------+



================================================================
== Interface
================================================================
* Summary: 
+----------------------------+-----+-----+------------+---------------------+--------------+
|          RTL Ports         | Dir | Bits|  Protocol  |    Source Object    |    C Type    |
+----------------------------+-----+-----+------------+---------------------+--------------+
|ap_clk                      |  in |    1| ap_ctrl_hs |         pool        | return value |
|ap_rst                      |  in |    1| ap_ctrl_hs |         pool        | return value |
|ap_start                    |  in |    1| ap_ctrl_hs |         pool        | return value |
|ap_done                     | out |    1| ap_ctrl_hs |         pool        | return value |
|ap_continue                 |  in |    1| ap_ctrl_hs |         pool        | return value |
|ap_idle                     | out |    1| ap_ctrl_hs |         pool        | return value |
|ap_ready                    | out |    1| ap_ctrl_hs |         pool        | return value |
|fifo_cin_V_V_dout           |  in |  256|   ap_fifo  |     fifo_cin_V_V    |    pointer   |
|fifo_cin_V_V_empty_n        |  in |    1|   ap_fifo  |     fifo_cin_V_V    |    pointer   |
|fifo_cin_V_V_read           | out |    1|   ap_fifo  |     fifo_cin_V_V    |    pointer   |
|fifo_config_in_V_V_dout     |  in |  192|   ap_fifo  |  fifo_config_in_V_V |    pointer   |
|fifo_config_in_V_V_empty_n  |  in |    1|   ap_fifo  |  fifo_config_in_V_V |    pointer   |
|fifo_config_in_V_V_read     | out |    1|   ap_fifo  |  fifo_config_in_V_V |    pointer   |
|fifo_cout_V_V_din           | out |  256|   ap_fifo  |    fifo_cout_V_V    |    pointer   |
|fifo_cout_V_V_full_n        |  in |    1|   ap_fifo  |    fifo_cout_V_V    |    pointer   |
|fifo_cout_V_V_write         | out |    1|   ap_fifo  |    fifo_cout_V_V    |    pointer   |
|fifo_config_out_V_V_din     | out |  192|   ap_fifo  | fifo_config_out_V_V |    pointer   |
|fifo_config_out_V_V_full_n  |  in |    1|   ap_fifo  | fifo_config_out_V_V |    pointer   |
|fifo_config_out_V_V_write   | out |    1|   ap_fifo  | fifo_config_out_V_V |    pointer   |
+----------------------------+-----+-----+------------+---------------------+--------------+

