

================================================================
== Vivado HLS Report for 'relu'
================================================================
* Date:           Thu Nov  5 03:55:13 2020

* Version:        2018.3 (Build 2405991 on Thu Dec 06 23:56:15 MST 2018)
* Project:        pose_prj
* Solution:       solution1
* Product family: virtex7
* Target device:  xc7vx690tffg1761-2


================================================================
== Performance Estimates
================================================================
+ Timing (ns): 
    * Summary: 
    +--------+-------+----------+------------+
    |  Clock | Target| Estimated| Uncertainty|
    +--------+-------+----------+------------+
    |ap_clk  |   3.00|     4.129|        0.38|
    +--------+-------+----------+------------+

+ Latency (clock cycles): 
    * Summary: 
    +-----+-----+-----+-----+---------+
    |  Latency  |  Interval | Pipeline|
    | min | max | min | max |   Type  |
    +-----+-----+-----+-----+---------+
    |    ?|    ?|    ?|    ?|   none  |
    +-----+-----+-----+-----+---------+

    + Detail: 
        * Instance: 
        N/A

        * Loop: 
        +-------------+-----+-----+----------+-----------+-----------+------+----------+
        |             |  Latency  | Iteration|  Initiation Interval  | Trip |          |
        |  Loop Name  | min | max |  Latency |  achieved |   target  | Count| Pipelined|
        +-------------+-----+-----+----------+-----------+-----------+------+----------+
        |- Loop 1     |    ?|    ?|         ?|          -|          -|     ?|    no    |
        | + Loop 1.1  |    ?|    ?|         2|          1|          1|     ?|    yes   |
        | + Loop 1.2  |    ?|    ?|         2|          1|          1|     ?|    yes   |
        | + Loop 1.3  |    ?|    ?|        48|          1|          1|     ?|    yes   |
        +-------------+-----+-----+----------+-----------+-----------+------+----------+



================================================================
== Utilization Estimates
================================================================
* Summary: 
+-----------------+---------+-------+--------+--------+
|       Name      | BRAM_18K| DSP48E|   FF   |   LUT  |
+-----------------+---------+-------+--------+--------+
|DSP              |        -|      -|       -|       -|
|Expression       |        -|      -|       0|    4588|
|FIFO             |        -|      -|       -|       -|
|Instance         |        -|    128|   13904|    9600|
|Memory           |        0|      -|    1024|      64|
|Multiplexer      |        -|      -|       -|     979|
|Register         |       34|      -|    8995|    1369|
+-----------------+---------+-------+--------+--------+
|Total            |       34|    128|   23923|   16600|
+-----------------+---------+-------+--------+--------+
|Available        |     2940|   3600|  866400|  433200|
+-----------------+---------+-------+--------+--------+
|Utilization (%)  |        1|      3|       2|       3|
+-----------------+---------+-------+--------+--------+

+ Detail: 
    * Instance: 
    +---------------------------+----------------------+---------+-------+-----+-----+
    |          Instance         |        Module        | BRAM_18K| DSP48E|  FF | LUT |
    +---------------------------+----------------------+---------+-------+-----+-----+
    |top_kernel_dcmp_6Mgi_U214  |top_kernel_dcmp_6Mgi  |        0|      0|  130|  118|
    |top_kernel_dcmp_6Mgi_U215  |top_kernel_dcmp_6Mgi  |        0|      0|  130|  118|
    |top_kernel_dcmp_6Mgi_U216  |top_kernel_dcmp_6Mgi  |        0|      0|  130|  118|
    |top_kernel_dcmp_6Mgi_U217  |top_kernel_dcmp_6Mgi  |        0|      0|  130|  118|
    |top_kernel_dcmp_6Mgi_U218  |top_kernel_dcmp_6Mgi  |        0|      0|  130|  118|
    |top_kernel_dcmp_6Mgi_U219  |top_kernel_dcmp_6Mgi  |        0|      0|  130|  118|
    |top_kernel_dcmp_6Mgi_U220  |top_kernel_dcmp_6Mgi  |        0|      0|  130|  118|
    |top_kernel_dcmp_6Mgi_U221  |top_kernel_dcmp_6Mgi  |        0|      0|  130|  118|
    |top_kernel_dmul_6Lf8_U206  |top_kernel_dmul_6Lf8  |        0|     11|  552|  300|
    |top_kernel_dmul_6Lf8_U207  |top_kernel_dmul_6Lf8  |        0|     11|  552|  300|
    |top_kernel_dmul_6Lf8_U208  |top_kernel_dmul_6Lf8  |        0|     11|  552|  300|
    |top_kernel_dmul_6Lf8_U209  |top_kernel_dmul_6Lf8  |        0|     11|  552|  300|
    |top_kernel_dmul_6Lf8_U210  |top_kernel_dmul_6Lf8  |        0|     11|  552|  300|
    |top_kernel_dmul_6Lf8_U211  |top_kernel_dmul_6Lf8  |        0|     11|  552|  300|
    |top_kernel_dmul_6Lf8_U212  |top_kernel_dmul_6Lf8  |        0|     11|  552|  300|
    |top_kernel_dmul_6Lf8_U213  |top_kernel_dmul_6Lf8  |        0|     11|  552|  300|
    |top_kernel_fadd_3rcU_U166  |top_kernel_fadd_3rcU  |        0|      2|  368|  236|
    |top_kernel_fadd_3rcU_U167  |top_kernel_fadd_3rcU  |        0|      2|  368|  236|
    |top_kernel_fadd_3rcU_U168  |top_kernel_fadd_3rcU  |        0|      2|  368|  236|
    |top_kernel_fadd_3rcU_U169  |top_kernel_fadd_3rcU  |        0|      2|  368|  236|
    |top_kernel_fadd_3rcU_U170  |top_kernel_fadd_3rcU  |        0|      2|  368|  236|
    |top_kernel_fadd_3rcU_U171  |top_kernel_fadd_3rcU  |        0|      2|  368|  236|
    |top_kernel_fadd_3rcU_U172  |top_kernel_fadd_3rcU  |        0|      2|  368|  236|
    |top_kernel_fadd_3rcU_U173  |top_kernel_fadd_3rcU  |        0|      2|  368|  236|
    |top_kernel_fcmp_3KfY_U198  |top_kernel_fcmp_3KfY  |        0|      0|   66|   72|
    |top_kernel_fcmp_3KfY_U199  |top_kernel_fcmp_3KfY  |        0|      0|   66|   72|
    |top_kernel_fcmp_3KfY_U200  |top_kernel_fcmp_3KfY  |        0|      0|   66|   72|
    |top_kernel_fcmp_3KfY_U201  |top_kernel_fcmp_3KfY  |        0|      0|   66|   72|
    |top_kernel_fcmp_3KfY_U202  |top_kernel_fcmp_3KfY  |        0|      0|   66|   72|
    |top_kernel_fcmp_3KfY_U203  |top_kernel_fcmp_3KfY  |        0|      0|   66|   72|
    |top_kernel_fcmp_3KfY_U204  |top_kernel_fcmp_3KfY  |        0|      0|   66|   72|
    |top_kernel_fcmp_3KfY_U205  |top_kernel_fcmp_3KfY  |        0|      0|   66|   72|
    |top_kernel_fmul_3sc4_U174  |top_kernel_fmul_3sc4  |        0|      3|  197|  123|
    |top_kernel_fmul_3sc4_U175  |top_kernel_fmul_3sc4  |        0|      3|  197|  123|
    |top_kernel_fmul_3sc4_U176  |top_kernel_fmul_3sc4  |        0|      3|  197|  123|
    |top_kernel_fmul_3sc4_U177  |top_kernel_fmul_3sc4  |        0|      3|  197|  123|
    |top_kernel_fmul_3sc4_U178  |top_kernel_fmul_3sc4  |        0|      3|  197|  123|
    |top_kernel_fmul_3sc4_U179  |top_kernel_fmul_3sc4  |        0|      3|  197|  123|
    |top_kernel_fmul_3sc4_U180  |top_kernel_fmul_3sc4  |        0|      3|  197|  123|
    |top_kernel_fmul_3sc4_U181  |top_kernel_fmul_3sc4  |        0|      3|  197|  123|
    |top_kernel_fpext_JfO_U190  |top_kernel_fpext_JfO  |        0|      0|  100|  138|
    |top_kernel_fpext_JfO_U191  |top_kernel_fpext_JfO  |        0|      0|  100|  138|
    |top_kernel_fpext_JfO_U192  |top_kernel_fpext_JfO  |        0|      0|  100|  138|
    |top_kernel_fpext_JfO_U193  |top_kernel_fpext_JfO  |        0|      0|  100|  138|
    |top_kernel_fpext_JfO_U194  |top_kernel_fpext_JfO  |        0|      0|  100|  138|
    |top_kernel_fpext_JfO_U195  |top_kernel_fpext_JfO  |        0|      0|  100|  138|
    |top_kernel_fpext_JfO_U196  |top_kernel_fpext_JfO  |        0|      0|  100|  138|
    |top_kernel_fpext_JfO_U197  |top_kernel_fpext_JfO  |        0|      0|  100|  138|
    |top_kernel_fptrunIfE_U182  |top_kernel_fptrunIfE  |        0|      0|  128|   94|
    |top_kernel_fptrunIfE_U183  |top_kernel_fptrunIfE  |        0|      0|  128|   94|
    |top_kernel_fptrunIfE_U184  |top_kernel_fptrunIfE  |        0|      0|  128|   94|
    |top_kernel_fptrunIfE_U185  |top_kernel_fptrunIfE  |        0|      0|  128|   94|
    |top_kernel_fptrunIfE_U186  |top_kernel_fptrunIfE  |        0|      0|  128|   94|
    |top_kernel_fptrunIfE_U187  |top_kernel_fptrunIfE  |        0|      0|  128|   94|
    |top_kernel_fptrunIfE_U188  |top_kernel_fptrunIfE  |        0|      0|  128|   94|
    |top_kernel_fptrunIfE_U189  |top_kernel_fptrunIfE  |        0|      0|  128|   94|
    |top_kernel_udiv_3kbM_U222  |top_kernel_udiv_3kbM  |        0|      0|  394|  238|
    |top_kernel_udiv_3kbM_U223  |top_kernel_udiv_3kbM  |        0|      0|  394|  238|
    |top_kernel_udiv_3kbM_U224  |top_kernel_udiv_3kbM  |        0|      0|  394|  238|
    |top_kernel_udiv_3kbM_U225  |top_kernel_udiv_3kbM  |        0|      0|  394|  238|
    +---------------------------+----------------------+---------+-------+-----+-----+
    |Total                      |                      |        0|    128|13904| 9600|
    +---------------------------+----------------------+---------+-------+-----+-----+

    * DSP48: 
    N/A

    * Memory: 
    +---------------+-----------------+---------+----+----+------+-----+------+-------------+
    |     Memory    |      Module     | BRAM_18K| FF | LUT| Words| Bits| Banks| W*Bits*Banks|
    +---------------+-----------------+---------+----+----+------+-----+------+-------------+
    |beta_buf_0_U   |relu_beta_buf_0  |        0|  64|   4|     8|   32|     1|          256|
    |beta_buf_1_U   |relu_beta_buf_0  |        0|  64|   4|     8|   32|     1|          256|
    |beta_buf_2_U   |relu_beta_buf_0  |        0|  64|   4|     8|   32|     1|          256|
    |beta_buf_3_U   |relu_beta_buf_0  |        0|  64|   4|     8|   32|     1|          256|
    |beta_buf_4_U   |relu_beta_buf_0  |        0|  64|   4|     8|   32|     1|          256|
    |beta_buf_5_U   |relu_beta_buf_0  |        0|  64|   4|     8|   32|     1|          256|
    |beta_buf_6_U   |relu_beta_buf_0  |        0|  64|   4|     8|   32|     1|          256|
    |beta_buf_7_U   |relu_beta_buf_0  |        0|  64|   4|     8|   32|     1|          256|
    |gamma_buf_0_U  |relu_beta_buf_0  |        0|  64|   4|     8|   32|     1|          256|
    |gamma_buf_1_U  |relu_beta_buf_0  |        0|  64|   4|     8|   32|     1|          256|
    |gamma_buf_2_U  |relu_beta_buf_0  |        0|  64|   4|     8|   32|     1|          256|
    |gamma_buf_3_U  |relu_beta_buf_0  |        0|  64|   4|     8|   32|     1|          256|
    |gamma_buf_4_U  |relu_beta_buf_0  |        0|  64|   4|     8|   32|     1|          256|
    |gamma_buf_5_U  |relu_beta_buf_0  |        0|  64|   4|     8|   32|     1|          256|
    |gamma_buf_6_U  |relu_beta_buf_0  |        0|  64|   4|     8|   32|     1|          256|
    |gamma_buf_7_U  |relu_beta_buf_0  |        0|  64|   4|     8|   32|     1|          256|
    +---------------+-----------------+---------+----+----+------+-----+------+-------------+
    |Total          |                 |        0|1024|  64|   128|  512|    16|         4096|
    +---------------+-----------------+---------+----+----+------+-----+------+-------------+

    * FIFO: 
    N/A

    * Expression: 
    +------------------------------------+----------+-------+---+----+------------+------------+
    |            Variable Name           | Operation| DSP48E| FF| LUT| Bitwidth P0| Bitwidth P1|
    +------------------------------------+----------+-------+---+----+------------+------------+
    |h_1_fu_3233_p2                      |     +    |      0|  0|  39|          32|           1|
    |h_3_fu_1662_p2                      |     +    |      0|  0|  39|           1|          32|
    |in_h_iter_1_fu_3183_p2              |     +    |      0|  0|  39|          32|          32|
    |in_num_iter_fu_3177_p2              |     +    |      0|  0|  39|          32|          32|
    |in_w_iter_1_fu_3188_p2              |     +    |      0|  0|  39|          32|          32|
    |layer_iter_1_fu_3326_p2             |     +    |      0|  0|  39|          32|           1|
    |o_1_fu_1326_p2                      |     +    |      0|  0|  20|          13|           1|
    |o_2_fu_1692_p2                      |     +    |      0|  0|  39|           1|          32|
    |o_4_fu_3251_p2                      |     +    |      0|  0|  39|          32|           1|
    |out_num_iter_1_fu_3196_p2           |     +    |      0|  0|  39|          32|          32|
    |ret_V_1_fu_1302_p2                  |     +    |      0|  0|  40|          33|          33|
    |ret_V_2_fu_1262_p2                  |     +    |      0|  0|  40|          33|          33|
    |w_2_fu_3222_p2                      |     +    |      0|  0|  39|          32|           1|
    |w_3_fu_1651_p2                      |     +    |      0|  0|  39|           1|          32|
    |ap_block_pp0_stage0_11001           |    and   |      0|  0|   2|           1|           1|
    |ap_block_pp2_stage0_01001           |    and   |      0|  0|   2|           1|           1|
    |ap_block_state52_pp1_stage0_iter2   |    and   |      0|  0|   2|           1|           1|
    |ap_block_state97_pp1_stage0_iter47  |    and   |      0|  0|   2|           1|           1|
    |ap_predicate_op189_read_state6      |    and   |      0|  0|   2|           1|           1|
    |ap_predicate_op643_fcmp_state72     |    and   |      0|  0|   2|           1|           1|
    |ap_predicate_op898_dcmp_state90     |    and   |      0|  0|   2|           1|           1|
    |done1_3_fu_3304_p2                  |    and   |      0|  0|   2|           1|           1|
    |done2_3_fu_1745_p2                  |    and   |      0|  0|   2|           1|           1|
    |done_be_fu_3566_p2                  |    and   |      0|  0|   2|           1|           1|
    |or_cond1_39_fu_1606_p2              |    and   |      0|  0|   2|           1|           1|
    |or_cond_37_fu_1288_p2               |    and   |      0|  0|   2|           1|           1|
    |sel_tmp11_fu_3373_p2                |    and   |      0|  0|   2|           1|           1|
    |sel_tmp13_fu_3532_p2                |    and   |      0|  0|   2|           1|           1|
    |sel_tmp1_fu_3353_p2                 |    and   |      0|  0|   2|           1|           1|
    |sel_tmp3_fu_3363_p2                 |    and   |      0|  0|   2|           1|           1|
    |sel_tmp4_fu_1711_p2                 |    and   |      0|  0|   2|           1|           1|
    |sel_tmp_fu_3270_p2                  |    and   |      0|  0|   2|           1|           1|
    |tmp210_fu_3554_p2                   |    and   |      0|  0|   2|           1|           1|
    |tmp211_fu_3560_p2                   |    and   |      0|  0|   2|           1|           1|
    |tmp_102_fu_2542_p2                  |    and   |      0|  0|   2|           1|           1|
    |tmp_104_fu_2548_p2                  |    and   |      0|  0|   2|           1|           1|
    |tmp_109_fu_2174_p2                  |    and   |      0|  0|   2|           1|           1|
    |tmp_127_fu_2629_p2                  |    and   |      0|  0|   2|           1|           1|
    |tmp_131_fu_2635_p2                  |    and   |      0|  0|   2|           1|           1|
    |tmp_136_fu_2206_p2                  |    and   |      0|  0|   2|           1|           1|
    |tmp_153_fu_2716_p2                  |    and   |      0|  0|   2|           1|           1|
    |tmp_156_fu_2722_p2                  |    and   |      0|  0|   2|           1|           1|
    |tmp_161_fu_2238_p2                  |    and   |      0|  0|   2|           1|           1|
    |tmp_179_fu_2803_p2                  |    and   |      0|  0|   2|           1|           1|
    |tmp_181_fu_2809_p2                  |    and   |      0|  0|   2|           1|           1|
    |tmp_187_fu_2270_p2                  |    and   |      0|  0|   2|           1|           1|
    |tmp_204_fu_2890_p2                  |    and   |      0|  0|   2|           1|           1|
    |tmp_206_fu_2896_p2                  |    and   |      0|  0|   2|           1|           1|
    |tmp_212_fu_2302_p2                  |    and   |      0|  0|   2|           1|           1|
    |tmp_229_fu_2977_p2                  |    and   |      0|  0|   2|           1|           1|
    |tmp_231_fu_2983_p2                  |    and   |      0|  0|   2|           1|           1|
    |tmp_237_fu_2334_p2                  |    and   |      0|  0|   2|           1|           1|
    |tmp_250_fu_3064_p2                  |    and   |      0|  0|   2|           1|           1|
    |tmp_252_fu_3070_p2                  |    and   |      0|  0|   2|           1|           1|
    |tmp_258_fu_2366_p2                  |    and   |      0|  0|   2|           1|           1|
    |tmp_41_fu_2455_p2                   |    and   |      0|  0|   2|           1|           1|
    |tmp_45_fu_2461_p2                   |    and   |      0|  0|   2|           1|           1|
    |tmp_60_fu_2142_p2                   |    and   |      0|  0|   2|           1|           1|
    |tmp_fu_3526_p2                      |    and   |      0|  0|   2|           1|           1|
    |bias_en_0_not_fu_1588_p2            |   icmp   |      0|  0|  11|           8|           8|
    |en_fu_1210_p2                       |   icmp   |      0|  0|  13|          11|           1|
    |exitcond1_fu_1320_p2                |   icmp   |      0|  0|  13|          13|          13|
    |max_pool_fu_1154_p2                 |   icmp   |      0|  0|   8|           2|           1|
    |norm_conv_en_fu_1236_p2             |   icmp   |      0|  0|  13|          11|          11|
    |notlhs10_fu_2698_p2                 |   icmp   |      0|  0|  13|          11|           2|
    |notlhs11_fu_2001_p2                 |   icmp   |      0|  0|  11|           8|           2|
    |notlhs12_fu_2767_p2                 |   icmp   |      0|  0|  13|          11|           2|
    |notlhs13_fu_2785_p2                 |   icmp   |      0|  0|  13|          11|           2|
    |notlhs14_fu_2030_p2                 |   icmp   |      0|  0|  11|           8|           2|
    |notlhs15_fu_2854_p2                 |   icmp   |      0|  0|  13|          11|           2|
    |notlhs16_fu_2872_p2                 |   icmp   |      0|  0|  13|          11|           2|
    |notlhs17_fu_2059_p2                 |   icmp   |      0|  0|  11|           8|           2|
    |notlhs18_fu_2941_p2                 |   icmp   |      0|  0|  13|          11|           2|
    |notlhs19_fu_2959_p2                 |   icmp   |      0|  0|  13|          11|           2|
    |notlhs1_fu_2437_p2                  |   icmp   |      0|  0|  13|          11|           2|
    |notlhs20_fu_2088_p2                 |   icmp   |      0|  0|  11|           8|           2|
    |notlhs21_fu_3028_p2                 |   icmp   |      0|  0|  13|          11|           2|
    |notlhs22_fu_3046_p2                 |   icmp   |      0|  0|  13|          11|           2|
    |notlhs23_fu_2117_p2                 |   icmp   |      0|  0|  11|           8|           2|
    |notlhs2_fu_1914_p2                  |   icmp   |      0|  0|  11|           8|           2|
    |notlhs3_fu_2506_p2                  |   icmp   |      0|  0|  13|          11|           2|
    |notlhs4_fu_2524_p2                  |   icmp   |      0|  0|  13|          11|           2|
    |notlhs5_fu_1943_p2                  |   icmp   |      0|  0|  11|           8|           2|
    |notlhs6_fu_2593_p2                  |   icmp   |      0|  0|  13|          11|           2|
    |notlhs7_fu_2611_p2                  |   icmp   |      0|  0|  13|          11|           2|
    |notlhs8_fu_1972_p2                  |   icmp   |      0|  0|  11|           8|           2|
    |notlhs9_fu_2680_p2                  |   icmp   |      0|  0|  13|          11|           2|
    |notlhs_fu_2419_p2                   |   icmp   |      0|  0|  13|          11|           2|
    |notrhs10_fu_2704_p2                 |   icmp   |      0|  0|  29|          52|           1|
    |notrhs11_fu_2007_p2                 |   icmp   |      0|  0|  18|          23|           1|
    |notrhs12_fu_2773_p2                 |   icmp   |      0|  0|  29|          52|           1|
    |notrhs13_fu_2791_p2                 |   icmp   |      0|  0|  29|          52|           1|
    |notrhs14_fu_2036_p2                 |   icmp   |      0|  0|  18|          23|           1|
    |notrhs15_fu_2860_p2                 |   icmp   |      0|  0|  29|          52|           1|
    |notrhs16_fu_2878_p2                 |   icmp   |      0|  0|  29|          52|           1|
    |notrhs17_fu_2065_p2                 |   icmp   |      0|  0|  18|          23|           1|
    |notrhs18_fu_2947_p2                 |   icmp   |      0|  0|  29|          52|           1|
    |notrhs19_fu_2965_p2                 |   icmp   |      0|  0|  29|          52|           1|
    |notrhs1_fu_2443_p2                  |   icmp   |      0|  0|  29|          52|           1|
    |notrhs20_fu_2094_p2                 |   icmp   |      0|  0|  18|          23|           1|
    |notrhs21_fu_3034_p2                 |   icmp   |      0|  0|  29|          52|           1|
    |notrhs22_fu_3052_p2                 |   icmp   |      0|  0|  29|          52|           1|
    |notrhs23_fu_2123_p2                 |   icmp   |      0|  0|  18|          23|           1|
    |notrhs2_fu_1920_p2                  |   icmp   |      0|  0|  18|          23|           1|
    |notrhs3_fu_2512_p2                  |   icmp   |      0|  0|  29|          52|           1|
    |notrhs4_fu_2530_p2                  |   icmp   |      0|  0|  29|          52|           1|
    |notrhs5_fu_1949_p2                  |   icmp   |      0|  0|  18|          23|           1|
    |notrhs6_fu_2599_p2                  |   icmp   |      0|  0|  29|          52|           1|
    |notrhs7_fu_2617_p2                  |   icmp   |      0|  0|  29|          52|           1|
    |notrhs8_fu_1978_p2                  |   icmp   |      0|  0|  18|          23|           1|
    |notrhs9_fu_2686_p2                  |   icmp   |      0|  0|  29|          52|           1|
    |notrhs_fu_2425_p2                   |   icmp   |      0|  0|  29|          52|           1|
    |tmp_100_fu_3344_p2                  |   icmp   |      0|  0|  18|          32|          32|
    |tmp_110_fu_1657_p2                  |   icmp   |      0|  0|  18|          32|          32|
    |tmp_111_fu_1688_p2                  |   icmp   |      0|  0|  18|          32|          32|
    |tmp_112_fu_1698_p2                  |   icmp   |      0|  0|  18|          32|          32|
    |tmp_32_fu_1282_p2                   |   icmp   |      0|  0|  18|          32|           1|
    |tmp_64_fu_1311_p2                   |   icmp   |      0|  0|  21|          33|          33|
    |tmp_67_fu_3205_p2                   |   icmp   |      0|  0|  21|          33|          33|
    |tmp_70_fu_1638_p2                   |   icmp   |      0|  0|  13|          13|           5|
    |tmp_84_fu_3228_p2                   |   icmp   |      0|  0|  18|          32|          32|
    |tmp_87_fu_3310_p2                   |   icmp   |      0|  0|  18|          32|          32|
    |tmp_88_fu_3247_p2                   |   icmp   |      0|  0|  18|          32|          32|
    |tmp_90_fu_3314_p2                   |   icmp   |      0|  0|  18|          32|          32|
    |tmp_91_fu_3257_p2                   |   icmp   |      0|  0|  18|          32|          32|
    |tmp_95_fu_3318_p2                   |   icmp   |      0|  0|  18|          32|          32|
    |tmp_99_fu_3322_p2                   |   icmp   |      0|  0|  18|          32|          32|
    |ap_block_pp1_stage0_00001           |    or    |      0|  0|   2|           1|           1|
    |ap_block_state1                     |    or    |      0|  0|   2|           1|           1|
    |ap_block_state10                    |    or    |      0|  0|   2|           1|           1|
    |ap_block_state136_pp2_stage0_iter1  |    or    |      0|  0|   2|           1|           1|
    |ap_block_state13_pp0_stage0_iter1   |    or    |      0|  0|   2|           1|           1|
    |ap_block_state2                     |    or    |      0|  0|   2|           1|           1|
    |ap_block_state6                     |    or    |      0|  0|   2|           1|           1|
    |layer_start_be_fu_3538_p2           |    or    |      0|  0|   2|           1|           1|
    |not_sel_tmp3_fu_3521_p2             |    or    |      0|  0|   2|           1|           1|
    |not_sel_tmp4_fu_3549_p2             |    or    |      0|  0|   2|           1|           1|
    |not_sel_tmp_fu_3511_p2              |    or    |      0|  0|   2|           1|           1|
    |or_cond1973_not_fu_1276_p2          |    or    |      0|  0|   2|           1|           1|
    |or_cond1_fu_3384_p2                 |    or    |      0|  0|   2|           1|           1|
    |or_cond2_fu_3402_p2                 |    or    |      0|  0|   2|           1|           1|
    |or_cond_fu_3378_p2                  |    or    |      0|  0|   2|           1|           1|
    |sel_tmp101_demorgan_fu_3332_p2      |    or    |      0|  0|   2|           1|           1|
    |sel_tmp108_demorgan_fu_3338_p2      |    or    |      0|  0|   2|           1|           1|
    |tmp_101_fu_2536_p2                  |    or    |      0|  0|   2|           1|           1|
    |tmp_107_fu_2170_p2                  |    or    |      0|  0|   2|           1|           1|
    |tmp_125_fu_2605_p2                  |    or    |      0|  0|   2|           1|           1|
    |tmp_126_fu_2623_p2                  |    or    |      0|  0|   2|           1|           1|
    |tmp_134_fu_2202_p2                  |    or    |      0|  0|   2|           1|           1|
    |tmp_150_fu_2692_p2                  |    or    |      0|  0|   2|           1|           1|
    |tmp_151_fu_2710_p2                  |    or    |      0|  0|   2|           1|           1|
    |tmp_159_fu_2234_p2                  |    or    |      0|  0|   2|           1|           1|
    |tmp_175_fu_2779_p2                  |    or    |      0|  0|   2|           1|           1|
    |tmp_177_fu_2797_p2                  |    or    |      0|  0|   2|           1|           1|
    |tmp_184_fu_2266_p2                  |    or    |      0|  0|   2|           1|           1|
    |tmp_201_fu_2866_p2                  |    or    |      0|  0|   2|           1|           1|
    |tmp_203_fu_2884_p2                  |    or    |      0|  0|   2|           1|           1|
    |tmp_209_fu_2298_p2                  |    or    |      0|  0|   2|           1|           1|
    |tmp_227_fu_2953_p2                  |    or    |      0|  0|   2|           1|           1|
    |tmp_228_fu_2971_p2                  |    or    |      0|  0|   2|           1|           1|
    |tmp_235_fu_2330_p2                  |    or    |      0|  0|   2|           1|           1|
    |tmp_248_fu_3040_p2                  |    or    |      0|  0|   2|           1|           1|
    |tmp_249_fu_3058_p2                  |    or    |      0|  0|   2|           1|           1|
    |tmp_256_fu_2362_p2                  |    or    |      0|  0|   2|           1|           1|
    |tmp_261_fu_3389_p2                  |    or    |      0|  0|   2|           1|           1|
    |tmp_37_fu_2431_p2                   |    or    |      0|  0|   2|           1|           1|
    |tmp_40_fu_2449_p2                   |    or    |      0|  0|   2|           1|           1|
    |tmp_56_fu_2138_p2                   |    or    |      0|  0|   2|           1|           1|
    |tmp_98_fu_2518_p2                   |    or    |      0|  0|   2|           1|           1|
    |STRIDE_V_2_fu_1160_p3               |  select  |      0|  0|  32|           1|           1|
    |h4_2_fu_1738_p3                     |  select  |      0|  0|  32|           1|          32|
    |h_2_fu_3297_p3                      |  select  |      0|  0|  32|           1|          32|
    |newSel10_fu_3477_p3                 |  select  |      0|  0|  32|           1|          32|
    |newSel11_fu_3485_p3                 |  select  |      0|  0|  32|           1|           1|
    |newSel12_fu_3492_p3                 |  select  |      0|  0|  32|           1|          32|
    |newSel1_fu_3408_p3                  |  select  |      0|  0|  32|           1|          32|
    |newSel2_fu_3416_p3                  |  select  |      0|  0|  32|           1|          32|
    |newSel3_fu_3423_p3                  |  select  |      0|  0|  32|           1|          32|
    |newSel4_fu_3431_p3                  |  select  |      0|  0|  32|           1|          32|
    |newSel5_fu_3439_p3                  |  select  |      0|  0|  32|           1|          32|
    |newSel6_fu_3446_p3                  |  select  |      0|  0|  32|           1|           1|
    |newSel7_fu_3454_p3                  |  select  |      0|  0|  32|           1|          32|
    |newSel8_fu_3462_p3                  |  select  |      0|  0|  32|           1|           1|
    |newSel9_fu_3469_p3                  |  select  |      0|  0|  32|           1|          32|
    |newSel_fu_3395_p3                   |  select  |      0|  0|  32|           1|           1|
    |o3_3_fu_1724_p3                     |  select  |      0|  0|  32|           1|          32|
    |o_3_fu_3283_p3                      |  select  |      0|  0|  32|           1|          32|
    |p_2_fu_1703_p3                      |  select  |      0|  0|  32|           1|           1|
    |p_s_fu_3262_p3                      |  select  |      0|  0|  32|           1|           1|
    |sel_tmp5_fu_1716_p3                 |  select  |      0|  0|  32|           1|          32|
    |sel_tmp6_fu_1731_p3                 |  select  |      0|  0|  32|           1|           1|
    |sel_tmp7_fu_3275_p3                 |  select  |      0|  0|  32|           1|          32|
    |sel_tmp8_fu_3290_p3                 |  select  |      0|  0|  32|           1|           1|
    |tmp_113_fu_2179_p3                  |  select  |      0|  0|  32|           1|           1|
    |tmp_114_fu_2186_p3                  |  select  |      0|  0|  32|           1|          32|
    |tmp_117_fu_2196_p3                  |  select  |      0|  0|  32|           1|          32|
    |tmp_119_fu_1867_p3                  |  select  |      0|  0|  32|           1|          32|
    |tmp_127_1_fu_2553_p3                |  select  |      0|  0|  64|           1|          64|
    |tmp_127_2_fu_2640_p3                |  select  |      0|  0|  64|           1|          64|
    |tmp_127_3_fu_2727_p3                |  select  |      0|  0|  64|           1|          64|
    |tmp_127_4_fu_2814_p3                |  select  |      0|  0|  64|           1|          64|
    |tmp_127_5_fu_2901_p3                |  select  |      0|  0|  64|           1|          64|
    |tmp_127_6_fu_2988_p3                |  select  |      0|  0|  64|           1|          64|
    |tmp_127_7_fu_3075_p3                |  select  |      0|  0|  64|           1|          64|
    |tmp_137_fu_2211_p3                  |  select  |      0|  0|  32|           1|           1|
    |tmp_139_fu_2218_p3                  |  select  |      0|  0|  32|           1|          32|
    |tmp_143_fu_2228_p3                  |  select  |      0|  0|  32|           1|          32|
    |tmp_144_fu_1872_p3                  |  select  |      0|  0|  32|           1|          32|
    |tmp_163_fu_2243_p3                  |  select  |      0|  0|  32|           1|           1|
    |tmp_164_fu_2250_p3                  |  select  |      0|  0|  32|           1|          32|
    |tmp_168_fu_2260_p3                  |  select  |      0|  0|  32|           1|          32|
    |tmp_172_fu_1877_p3                  |  select  |      0|  0|  32|           1|          32|
    |tmp_188_fu_2275_p3                  |  select  |      0|  0|  32|           1|           1|
    |tmp_189_fu_2282_p3                  |  select  |      0|  0|  32|           1|          32|
    |tmp_196_fu_2292_p3                  |  select  |      0|  0|  32|           1|          32|
    |tmp_197_fu_1882_p3                  |  select  |      0|  0|  32|           1|          32|
    |tmp_20_fu_2346_p3                   |  select  |      0|  0|  32|           1|          32|
    |tmp_213_fu_2307_p3                  |  select  |      0|  0|  32|           1|           1|
    |tmp_215_fu_2314_p3                  |  select  |      0|  0|  32|           1|          32|
    |tmp_221_fu_2324_p3                  |  select  |      0|  0|  32|           1|          32|
    |tmp_222_fu_1887_p3                  |  select  |      0|  0|  32|           1|          32|
    |tmp_22_fu_2356_p3                   |  select  |      0|  0|  32|           1|          32|
    |tmp_238_fu_2339_p3                  |  select  |      0|  0|  32|           1|           1|
    |tmp_23_fu_2378_p3                   |  select  |      0|  0|  32|           1|          32|
    |tmp_243_fu_1892_p3                  |  select  |      0|  0|  32|           1|          32|
    |tmp_259_fu_2371_p3                  |  select  |      0|  0|  32|           1|           1|
    |tmp_262_fu_3084_p3                  |  select  |      0|  0|  32|           1|          32|
    |tmp_263_fu_3093_p3                  |  select  |      0|  0|  32|           1|          32|
    |tmp_264_fu_3102_p3                  |  select  |      0|  0|  32|           1|          32|
    |tmp_265_fu_3111_p3                  |  select  |      0|  0|  32|           1|          32|
    |tmp_266_fu_3120_p3                  |  select  |      0|  0|  32|           1|          32|
    |tmp_267_fu_3129_p3                  |  select  |      0|  0|  32|           1|          32|
    |tmp_268_fu_3138_p3                  |  select  |      0|  0|  32|           1|          32|
    |tmp_269_fu_3147_p3                  |  select  |      0|  0|  32|           1|          32|
    |tmp_27_fu_2132_p3                   |  select  |      0|  0|  32|           1|          32|
    |tmp_28_fu_1857_p3                   |  select  |      0|  0|  32|           1|          32|
    |tmp_62_fu_2147_p3                   |  select  |      0|  0|  32|           1|           1|
    |tmp_78_fu_2466_p3                   |  select  |      0|  0|  64|           1|          64|
    |tmp_79_fu_2154_p3                   |  select  |      0|  0|  32|           1|          32|
    |tmp_83_fu_2164_p3                   |  select  |      0|  0|  32|           1|          32|
    |tmp_93_fu_1862_p3                   |  select  |      0|  0|  32|           1|          32|
    |w5_1_fu_1668_p3                     |  select  |      0|  0|  32|           1|           1|
    |w_1_fu_3239_p3                      |  select  |      0|  0|  32|           1|           1|
    |ap_enable_pp0                       |    xor   |      0|  0|   2|           1|           2|
    |ap_enable_pp1                       |    xor   |      0|  0|   2|           1|           2|
    |ap_enable_pp2                       |    xor   |      0|  0|   2|           1|           2|
    |ap_enable_reg_pp0_iter1             |    xor   |      0|  0|   2|           2|           1|
    |ap_enable_reg_pp1_iter1             |    xor   |      0|  0|   2|           2|           1|
    |ap_enable_reg_pp2_iter1             |    xor   |      0|  0|   2|           2|           1|
    |rev_fu_1600_p2                      |    xor   |      0|  0|   2|           1|           2|
    |sel_tmp10_fu_3368_p2                |    xor   |      0|  0|   2|           1|           2|
    |sel_tmp12_fu_3500_p2                |    xor   |      0|  0|   2|           1|           1|
    |sel_tmp2_fu_3358_p2                 |    xor   |      0|  0|   2|           1|           2|
    |sel_tmp9_fu_3348_p2                 |    xor   |      0|  0|   2|           1|           2|
    |tmp_90_not_fu_3544_p2               |    xor   |      0|  0|   2|           1|           2|
    |tmp_95_not_fu_3506_p2               |    xor   |      0|  0|   2|           1|           2|
    |tmp_99_not_fu_3516_p2               |    xor   |      0|  0|   2|           1|           2|
    +------------------------------------+----------+-------+---+----+------------+------------+
    |Total                               |          |      0|  0|4588|        2280|        2971|
    +------------------------------------+----------+-------+---+----+------------+------------+

    * Multiplexer: 
    +----------------------------------------+-----+-----------+-----+-----------+
    |                  Name                  | LUT | Input Size| Bits| Total Bits|
    +----------------------------------------+-----+-----------+-----+-----------+
    |ap_NS_fsm                               |  397|         91|    1|         91|
    |ap_done                                 |    9|          2|    1|          2|
    |ap_enable_reg_pp0_iter1                 |   15|          3|    1|          3|
    |ap_enable_reg_pp1_iter1                 |    9|          2|    1|          2|
    |ap_enable_reg_pp1_iter47                |    9|          2|    1|          2|
    |ap_enable_reg_pp2_iter1                 |   15|          3|    1|          3|
    |ap_phi_mux_done1_phi_fu_781_p4          |    9|          2|    1|          2|
    |ap_phi_mux_done2_phi_fu_734_p4          |    9|          2|    1|          2|
    |ap_phi_mux_h4_phi_fu_711_p4             |    9|          2|   32|         64|
    |ap_phi_mux_h_phi_fu_758_p4              |    9|          2|   32|         64|
    |ap_phi_mux_i_op_assign_9_phi_fu_687_p4  |    9|          2|   13|         26|
    |ap_phi_mux_o3_phi_fu_699_p4             |    9|          2|   32|         64|
    |beta_buf_0_address0                     |   15|          3|    3|          9|
    |beta_buf_1_address0                     |   15|          3|    3|          9|
    |beta_buf_2_address0                     |   15|          3|    3|          9|
    |beta_buf_3_address0                     |   15|          3|    3|          9|
    |beta_buf_4_address0                     |   15|          3|    3|          9|
    |beta_buf_5_address0                     |   15|          3|    3|          9|
    |beta_buf_6_address0                     |   15|          3|    3|          9|
    |beta_buf_7_address0                     |   15|          3|    3|          9|
    |done1_reg_777                           |    9|          2|    1|          2|
    |done2_reg_730                           |    9|          2|    1|          2|
    |done_reg_660                            |    9|          2|    1|          2|
    |fifo_beta_conv_V_V_blk_n                |    9|          2|    1|          2|
    |fifo_cin_V_V_blk_n                      |    9|          2|    1|          2|
    |fifo_config_in_V_V_blk_n                |    9|          2|    1|          2|
    |fifo_config_out_V_V_blk_n               |    9|          2|    1|          2|
    |fifo_cout_V_V_blk_n                     |    9|          2|    1|          2|
    |fifo_cout_V_V_din                       |   15|          3|  256|        768|
    |fifo_gamma_conv_V_V_blk_n               |    9|          2|    1|          2|
    |gamma_buf_0_address0                    |   15|          3|    3|          9|
    |gamma_buf_1_address0                    |   15|          3|    3|          9|
    |gamma_buf_2_address0                    |   15|          3|    3|          9|
    |gamma_buf_3_address0                    |   15|          3|    3|          9|
    |gamma_buf_4_address0                    |   15|          3|    3|          9|
    |gamma_buf_5_address0                    |   15|          3|    3|          9|
    |gamma_buf_6_address0                    |   15|          3|    3|          9|
    |gamma_buf_7_address0                    |   15|          3|    3|          9|
    |h4_reg_707                              |    9|          2|   32|         64|
    |h_reg_754                               |    9|          2|   32|         64|
    |i_op_assign_9_reg_683                   |    9|          2|   13|         26|
    |i_op_assign_reg_588                     |    9|          2|   32|         64|
    |in_h_iter_reg_612                       |    9|          2|   32|         64|
    |in_w_iter_reg_624                       |    9|          2|   32|         64|
    |layer_iter_reg_636                      |    9|          2|   32|         64|
    |layer_start_1_reg_671                   |    9|          2|    1|          2|
    |layer_start_reg_648                     |    9|          2|    1|          2|
    |o3_reg_695                              |    9|          2|   32|         64|
    |o_reg_742                               |    9|          2|   32|         64|
    |out_num_iter_reg_600                    |    9|          2|   32|         64|
    |real_start                              |    9|          2|    1|          2|
    |w5_reg_719                              |    9|          2|   32|         64|
    |w_reg_766                               |    9|          2|   32|         64|
    +----------------------------------------+-----+-----------+-----+-----------+
    |Total                                   |  979|        214|  798|       1991|
    +----------------------------------------+-----+-----------+-----+-----------+

    * Register: 
    +------------------------------+-----+----+-----+-----------+
    |             Name             |  FF | LUT| Bits| Const Bits|
    +------------------------------+-----+----+-----+-----------+
    |LAYER_BATCH_V_reg_3590        |   32|   0|   32|          0|
    |LAYER_IN_H_T_V_reg_3642       |   32|   0|   32|          0|
    |LAYER_IN_H_V_reg_3616         |   32|   0|   32|          0|
    |LAYER_IN_NUM_T_V_reg_3632     |   16|   0|   16|          0|
    |LAYER_IN_NUM_V_reg_3604       |   32|   0|   32|          0|
    |LAYER_IN_W_T_V_reg_3649       |   32|   0|   32|          0|
    |LAYER_IN_W_V_reg_3621         |   32|   0|   32|          0|
    |LAYER_OUT_NUM_T_V_reg_3637    |   16|   0|   16|          0|
    |LAYER_OUT_NUM_V_reg_3611      |   32|   0|   32|          0|
    |STRIDE_V_2_reg_3660           |   32|   0|   32|          0|
    |STRIDE_V_reg_3626             |   32|   0|   32|          0|
    |ap_CS_fsm                     |   90|   0|   90|          0|
    |ap_done_reg                   |    1|   0|    1|          0|
    |ap_enable_reg_pp0_iter0       |    1|   0|    1|          0|
    |ap_enable_reg_pp0_iter1       |    1|   0|    1|          0|
    |ap_enable_reg_pp1_iter0       |    1|   0|    1|          0|
    |ap_enable_reg_pp1_iter1       |    1|   0|    1|          0|
    |ap_enable_reg_pp1_iter10      |    1|   0|    1|          0|
    |ap_enable_reg_pp1_iter11      |    1|   0|    1|          0|
    |ap_enable_reg_pp1_iter12      |    1|   0|    1|          0|
    |ap_enable_reg_pp1_iter13      |    1|   0|    1|          0|
    |ap_enable_reg_pp1_iter14      |    1|   0|    1|          0|
    |ap_enable_reg_pp1_iter15      |    1|   0|    1|          0|
    |ap_enable_reg_pp1_iter16      |    1|   0|    1|          0|
    |ap_enable_reg_pp1_iter17      |    1|   0|    1|          0|
    |ap_enable_reg_pp1_iter18      |    1|   0|    1|          0|
    |ap_enable_reg_pp1_iter19      |    1|   0|    1|          0|
    |ap_enable_reg_pp1_iter2       |    1|   0|    1|          0|
    |ap_enable_reg_pp1_iter20      |    1|   0|    1|          0|
    |ap_enable_reg_pp1_iter21      |    1|   0|    1|          0|
    |ap_enable_reg_pp1_iter22      |    1|   0|    1|          0|
    |ap_enable_reg_pp1_iter23      |    1|   0|    1|          0|
    |ap_enable_reg_pp1_iter24      |    1|   0|    1|          0|
    |ap_enable_reg_pp1_iter25      |    1|   0|    1|          0|
    |ap_enable_reg_pp1_iter26      |    1|   0|    1|          0|
    |ap_enable_reg_pp1_iter27      |    1|   0|    1|          0|
    |ap_enable_reg_pp1_iter28      |    1|   0|    1|          0|
    |ap_enable_reg_pp1_iter29      |    1|   0|    1|          0|
    |ap_enable_reg_pp1_iter3       |    1|   0|    1|          0|
    |ap_enable_reg_pp1_iter30      |    1|   0|    1|          0|
    |ap_enable_reg_pp1_iter31      |    1|   0|    1|          0|
    |ap_enable_reg_pp1_iter32      |    1|   0|    1|          0|
    |ap_enable_reg_pp1_iter33      |    1|   0|    1|          0|
    |ap_enable_reg_pp1_iter34      |    1|   0|    1|          0|
    |ap_enable_reg_pp1_iter35      |    1|   0|    1|          0|
    |ap_enable_reg_pp1_iter36      |    1|   0|    1|          0|
    |ap_enable_reg_pp1_iter37      |    1|   0|    1|          0|
    |ap_enable_reg_pp1_iter38      |    1|   0|    1|          0|
    |ap_enable_reg_pp1_iter39      |    1|   0|    1|          0|
    |ap_enable_reg_pp1_iter4       |    1|   0|    1|          0|
    |ap_enable_reg_pp1_iter40      |    1|   0|    1|          0|
    |ap_enable_reg_pp1_iter41      |    1|   0|    1|          0|
    |ap_enable_reg_pp1_iter42      |    1|   0|    1|          0|
    |ap_enable_reg_pp1_iter43      |    1|   0|    1|          0|
    |ap_enable_reg_pp1_iter44      |    1|   0|    1|          0|
    |ap_enable_reg_pp1_iter45      |    1|   0|    1|          0|
    |ap_enable_reg_pp1_iter46      |    1|   0|    1|          0|
    |ap_enable_reg_pp1_iter47      |    1|   0|    1|          0|
    |ap_enable_reg_pp1_iter5       |    1|   0|    1|          0|
    |ap_enable_reg_pp1_iter6       |    1|   0|    1|          0|
    |ap_enable_reg_pp1_iter7       |    1|   0|    1|          0|
    |ap_enable_reg_pp1_iter8       |    1|   0|    1|          0|
    |ap_enable_reg_pp1_iter9       |    1|   0|    1|          0|
    |ap_enable_reg_pp2_iter0       |    1|   0|    1|          0|
    |ap_enable_reg_pp2_iter1       |    1|   0|    1|          0|
    |beta_buf_0_load_reg_4031      |   32|   0|   32|          0|
    |beta_buf_1_load_reg_4041      |   32|   0|   32|          0|
    |beta_buf_2_load_reg_4051      |   32|   0|   32|          0|
    |beta_buf_3_load_reg_4061      |   32|   0|   32|          0|
    |beta_buf_4_load_reg_4071      |   32|   0|   32|          0|
    |beta_buf_5_load_reg_4081      |   32|   0|   32|          0|
    |beta_buf_6_load_reg_4091      |   32|   0|   32|          0|
    |beta_buf_7_load_reg_4101      |   32|   0|   32|          0|
    |cin_buf_0_reg_3938            |   32|   0|   32|          0|
    |cin_buf_1_reg_3944            |   32|   0|   32|          0|
    |cin_buf_2_reg_3950            |   32|   0|   32|          0|
    |cin_buf_3_reg_3956            |   32|   0|   32|          0|
    |cin_buf_4_reg_3962            |   32|   0|   32|          0|
    |cin_buf_5_reg_3968            |   32|   0|   32|          0|
    |cin_buf_6_reg_3974            |   32|   0|   32|          0|
    |cin_buf_7_reg_3980            |   32|   0|   32|          0|
    |done1_reg_777                 |    1|   0|    1|          0|
    |done2_reg_730                 |    1|   0|    1|          0|
    |done_reg_660                  |    1|   0|    1|          0|
    |exitcond1_reg_3702            |    1|   0|    1|          0|
    |gamma_buf_0_load_reg_3898     |   32|   0|   32|          0|
    |gamma_buf_1_load_reg_3903     |   32|   0|   32|          0|
    |gamma_buf_2_load_reg_3908     |   32|   0|   32|          0|
    |gamma_buf_3_load_reg_3913     |   32|   0|   32|          0|
    |gamma_buf_4_load_reg_3918     |   32|   0|   32|          0|
    |gamma_buf_5_load_reg_3923     |   32|   0|   32|          0|
    |gamma_buf_6_load_reg_3928     |   32|   0|   32|          0|
    |gamma_buf_7_load_reg_3933     |   32|   0|   32|          0|
    |h4_reg_707                    |   32|   0|   32|          0|
    |h_1_reg_4700                  |   32|   0|   32|          0|
    |h_3_reg_3772                  |   32|   0|   32|          0|
    |h_reg_754                     |   32|   0|   32|          0|
    |i_op_assign_9_reg_683         |   13|   0|   13|          0|
    |i_op_assign_reg_588           |   32|   0|   32|          0|
    |in_h_iter_1_reg_4656          |   32|   0|   32|          0|
    |in_h_iter_reg_612             |   32|   0|   32|          0|
    |in_num_iter_reg_4650          |   32|   0|   32|          0|
    |in_w_iter_1_reg_4662          |   32|   0|   32|          0|
    |in_w_iter_reg_624             |   32|   0|   32|          0|
    |layer_iter_1_reg_4751         |   32|   0|   32|          0|
    |layer_iter_reg_636            |   32|   0|   32|          0|
    |layer_start_1_reg_671         |    1|   0|    1|          0|
    |layer_start_reg_648           |    1|   0|    1|          0|
    |norm_conv_en_reg_3670         |    1|   0|    1|          0|
    |notlhs11_reg_4339             |    1|   0|    1|          0|
    |notlhs14_reg_4359             |    1|   0|    1|          0|
    |notlhs17_reg_4379             |    1|   0|    1|          0|
    |notlhs20_reg_4399             |    1|   0|    1|          0|
    |notlhs23_reg_4419             |    1|   0|    1|          0|
    |notlhs2_reg_4279              |    1|   0|    1|          0|
    |notlhs5_reg_4299              |    1|   0|    1|          0|
    |notlhs8_reg_4319              |    1|   0|    1|          0|
    |notrhs11_reg_4344             |    1|   0|    1|          0|
    |notrhs14_reg_4364             |    1|   0|    1|          0|
    |notrhs17_reg_4384             |    1|   0|    1|          0|
    |notrhs20_reg_4404             |    1|   0|    1|          0|
    |notrhs23_reg_4424             |    1|   0|    1|          0|
    |notrhs2_reg_4284              |    1|   0|    1|          0|
    |notrhs5_reg_4304              |    1|   0|    1|          0|
    |notrhs8_reg_4324              |    1|   0|    1|          0|
    |o3_3_reg_3835                 |   32|   0|   32|          0|
    |o3_reg_695                    |   32|   0|   32|          0|
    |o_1_reg_3706                  |   13|   0|   13|          0|
    |o_reg_742                     |   32|   0|   32|          0|
    |or_cond1_39_reg_3711          |    1|   0|    1|          0|
    |or_cond_37_reg_3684           |    1|   0|    1|          0|
    |out_num_iter_1_reg_4668       |   32|   0|   32|          0|
    |out_num_iter_reg_600          |   32|   0|   32|          0|
    |p_Val2_6_reg_3595             |  192|   0|  192|          0|
    |reg_1037                      |   13|   0|   13|          0|
    |ret_V_10_reg_3755             |   32|   0|   32|          0|
    |ret_V_11_reg_3760             |   32|   0|   32|          0|
    |ret_V_1_reg_3688              |   33|   0|   33|          0|
    |ret_V_2_reg_3679              |   33|   0|   33|          0|
    |ret_V_8_reg_4678              |   32|   0|   32|          0|
    |ret_V_9_reg_4683              |   32|   0|   32|          0|
    |sel_tmp101_demorgan_reg_4757  |    1|   0|    1|          0|
    |sel_tmp108_demorgan_reg_4763  |    1|   0|    1|          0|
    |start_once_reg                |    1|   0|    1|          0|
    |tmp_103_reg_4535              |    1|   0|    1|          0|
    |tmp_108_reg_4309              |    1|   0|    1|          0|
    |tmp_110_reg_3765              |    1|   0|    1|          0|
    |tmp_114_reg_4439              |   32|   0|   32|          0|
    |tmp_119_1_reg_4036            |   32|   0|   32|          0|
    |tmp_119_2_reg_4046            |   32|   0|   32|          0|
    |tmp_119_3_reg_4056            |   32|   0|   32|          0|
    |tmp_119_4_reg_4066            |   32|   0|   32|          0|
    |tmp_119_5_reg_4076            |   32|   0|   32|          0|
    |tmp_119_6_reg_4086            |   32|   0|   32|          0|
    |tmp_119_7_reg_4096            |   32|   0|   32|          0|
    |tmp_119_reg_4168              |   32|   0|   32|          0|
    |tmp_123_1_to_int_reg_4294     |   32|   0|   32|          0|
    |tmp_123_2_to_int_reg_4314     |   32|   0|   32|          0|
    |tmp_123_3_to_int_reg_4334     |   32|   0|   32|          0|
    |tmp_123_4_to_int_reg_4354     |   32|   0|   32|          0|
    |tmp_123_5_to_int_reg_4374     |   32|   0|   32|          0|
    |tmp_123_6_to_int_reg_4394     |   32|   0|   32|          0|
    |tmp_123_7_to_int_reg_4414     |   32|   0|   32|          0|
    |tmp_124_1_reg_4218            |   64|   0|   64|          0|
    |tmp_124_2_reg_4226            |   64|   0|   64|          0|
    |tmp_124_3_reg_4234            |   64|   0|   64|          0|
    |tmp_124_4_reg_4242            |   64|   0|   64|          0|
    |tmp_124_5_reg_4250            |   64|   0|   64|          0|
    |tmp_124_6_reg_4258            |   64|   0|   64|          0|
    |tmp_124_7_reg_4266            |   64|   0|   64|          0|
    |tmp_125_1_reg_4481            |   64|   0|   64|          0|
    |tmp_125_2_reg_4488            |   64|   0|   64|          0|
    |tmp_125_3_reg_4495            |   64|   0|   64|          0|
    |tmp_125_4_reg_4502            |   64|   0|   64|          0|
    |tmp_125_5_reg_4509            |   64|   0|   64|          0|
    |tmp_125_6_reg_4516            |   64|   0|   64|          0|
    |tmp_125_7_reg_4523            |   64|   0|   64|          0|
    |tmp_127_1_reg_4575            |   64|   0|   64|          0|
    |tmp_127_2_reg_4580            |   64|   0|   64|          0|
    |tmp_127_3_reg_4585            |   64|   0|   64|          0|
    |tmp_127_4_reg_4590            |   64|   0|   64|          0|
    |tmp_127_5_reg_4595            |   64|   0|   64|          0|
    |tmp_127_6_reg_4600            |   64|   0|   64|          0|
    |tmp_127_7_reg_4605            |   64|   0|   64|          0|
    |tmp_129_reg_4540              |    1|   0|    1|          0|
    |tmp_135_reg_4329              |    1|   0|    1|          0|
    |tmp_139_reg_4444              |   32|   0|   32|          0|
    |tmp_144_reg_4175              |   32|   0|   32|          0|
    |tmp_155_reg_4545              |    1|   0|    1|          0|
    |tmp_160_reg_4349              |    1|   0|    1|          0|
    |tmp_164_reg_4449              |   32|   0|   32|          0|
    |tmp_172_reg_4182              |   32|   0|   32|          0|
    |tmp_180_reg_4550              |    1|   0|    1|          0|
    |tmp_185_reg_4369              |    1|   0|    1|          0|
    |tmp_189_reg_4454              |   32|   0|   32|          0|
    |tmp_197_reg_4189              |   32|   0|   32|          0|
    |tmp_205_reg_4555              |    1|   0|    1|          0|
    |tmp_20_reg_4464               |   32|   0|   32|          0|
    |tmp_211_reg_4389              |    1|   0|    1|          0|
    |tmp_215_reg_4459              |   32|   0|   32|          0|
    |tmp_222_reg_4196              |   32|   0|   32|          0|
    |tmp_230_reg_4560              |    1|   0|    1|          0|
    |tmp_236_reg_4409              |    1|   0|    1|          0|
    |tmp_23_reg_4469               |   32|   0|   32|          0|
    |tmp_243_reg_4203              |   32|   0|   32|          0|
    |tmp_251_reg_4565              |    1|   0|    1|          0|
    |tmp_257_reg_4429              |    1|   0|    1|          0|
    |tmp_25_reg_3674               |    2|   0|    8|          6|
    |tmp_28_reg_4154               |   32|   0|   32|          0|
    |tmp_30_reg_4112               |   32|   0|   32|          0|
    |tmp_31_reg_4615               |   32|   0|   32|          0|
    |tmp_34_reg_4118               |   32|   0|   32|          0|
    |tmp_35_reg_4620               |   32|   0|   32|          0|
    |tmp_38_reg_4124               |   32|   0|   32|          0|
    |tmp_39_reg_4625               |   32|   0|   32|          0|
    |tmp_42_reg_4130               |   32|   0|   32|          0|
    |tmp_43_reg_4630               |   32|   0|   32|          0|
    |tmp_44_reg_4530               |    1|   0|    1|          0|
    |tmp_46_reg_4136               |   32|   0|   32|          0|
    |tmp_47_reg_4635               |   32|   0|   32|          0|
    |tmp_4_reg_4106                |   32|   0|   32|          0|
    |tmp_53_reg_4142               |   32|   0|   32|          0|
    |tmp_54_reg_4640               |   32|   0|   32|          0|
    |tmp_57_reg_4148               |   32|   0|   32|          0|
    |tmp_58_reg_4645               |   32|   0|   32|          0|
    |tmp_59_reg_4289               |    1|   0|    1|          0|
    |tmp_5_reg_4610                |   32|   0|   32|          0|
    |tmp_65_reg_3697               |   13|   0|   32|         19|
    |tmp_68_reg_4688               |   13|   0|   32|         19|
    |tmp_70_reg_3731               |    1|   0|    1|          0|
    |tmp_73_reg_3783               |   64|   0|   64|          0|
    |tmp_74_reg_4026               |   32|   0|   32|          0|
    |tmp_76_reg_4210               |   64|   0|   64|          0|
    |tmp_77_reg_4474               |   64|   0|   64|          0|
    |tmp_78_reg_4570               |   64|   0|   64|          0|
    |tmp_79_reg_4434               |   32|   0|   32|          0|
    |tmp_84_reg_4693               |    1|   0|    1|          0|
    |tmp_87_reg_4726               |    1|   0|    1|          0|
    |tmp_89_to_int_reg_4274        |   32|   0|   32|          0|
    |tmp_90_reg_4733               |    1|   0|    1|          0|
    |tmp_92_reg_3743               |    1|   0|    1|          0|
    |tmp_93_reg_4161               |   32|   0|   32|          0|
    |tmp_95_reg_4739               |    1|   0|    1|          0|
    |tmp_99_reg_4745               |    1|   0|    1|          0|
    |tmp_V_15_fu_172               |  192|   0|  192|          0|
    |tmp_V_16_fu_176               |  192|   0|  192|          0|
    |tmp_V_fu_168                  |  192|   0|  192|          0|
    |u32_tmp_V_10_reg_3868         |   32|   0|   32|          0|
    |u32_tmp_V_11_reg_3874         |   32|   0|   32|          0|
    |u32_tmp_V_12_reg_3880         |   32|   0|   32|          0|
    |u32_tmp_V_13_reg_3886         |   32|   0|   32|          0|
    |u32_tmp_V_14_reg_3892         |   32|   0|   32|          0|
    |u32_tmp_V_8_reg_3856          |   32|   0|   32|          0|
    |u32_tmp_V_9_reg_3862          |   32|   0|   32|          0|
    |u32_tmp_V_reg_3850            |   32|   0|   32|          0|
    |w5_reg_719                    |   32|   0|   32|          0|
    |w_reg_766                     |   32|   0|   32|          0|
    |cin_buf_0_reg_3938            |   64|  32|   32|          0|
    |cin_buf_1_reg_3944            |   64|  32|   32|          0|
    |cin_buf_2_reg_3950            |   64|  32|   32|          0|
    |cin_buf_3_reg_3956            |   64|  32|   32|          0|
    |cin_buf_4_reg_3962            |   64|  32|   32|          0|
    |cin_buf_5_reg_3968            |   64|  32|   32|          0|
    |cin_buf_6_reg_3974            |   64|  32|   32|          0|
    |cin_buf_7_reg_3980            |   64|  32|   32|          0|
    |done2_reg_730                 |   64|  64|    1|          0|
    |tmp_114_reg_4439              |   64|  32|   32|          0|
    |tmp_119_reg_4168              |   64|  32|   32|          0|
    |tmp_124_1_reg_4218            |    5|   2|   64|          0|
    |tmp_124_2_reg_4226            |    5|   2|   64|          0|
    |tmp_124_3_reg_4234            |    5|   2|   64|          0|
    |tmp_124_4_reg_4242            |    5|   2|   64|          0|
    |tmp_124_5_reg_4250            |    5|   2|   64|          0|
    |tmp_124_6_reg_4258            |    5|   2|   64|          0|
    |tmp_124_7_reg_4266            |    5|   2|   64|          0|
    |tmp_125_1_reg_4481            |    2|   1|   64|          0|
    |tmp_125_2_reg_4488            |    2|   1|   64|          0|
    |tmp_125_3_reg_4495            |    2|   1|   64|          0|
    |tmp_125_4_reg_4502            |    2|   1|   64|          0|
    |tmp_125_5_reg_4509            |    2|   1|   64|          0|
    |tmp_125_6_reg_4516            |    2|   1|   64|          0|
    |tmp_125_7_reg_4523            |    2|   1|   64|          0|
    |tmp_139_reg_4444              |   64|  32|   32|          0|
    |tmp_144_reg_4175              |   64|  32|   32|          0|
    |tmp_164_reg_4449              |   64|  32|   32|          0|
    |tmp_172_reg_4182              |   64|  32|   32|          0|
    |tmp_189_reg_4454              |   64|  32|   32|          0|
    |tmp_197_reg_4189              |   64|  32|   32|          0|
    |tmp_20_reg_4464               |   64|  32|   32|          0|
    |tmp_215_reg_4459              |   64|  32|   32|          0|
    |tmp_222_reg_4196              |   64|  32|   32|          0|
    |tmp_23_reg_4469               |   64|  32|   32|          0|
    |tmp_243_reg_4203              |   64|  32|   32|          0|
    |tmp_28_reg_4154               |   64|  32|   32|          0|
    |tmp_30_reg_4112               |   64|  32|   32|          0|
    |tmp_34_reg_4118               |   64|  32|   32|          0|
    |tmp_38_reg_4124               |   64|  32|   32|          0|
    |tmp_42_reg_4130               |   64|  32|   32|          0|
    |tmp_46_reg_4136               |   64|  32|   32|          0|
    |tmp_4_reg_4106                |   64|  32|   32|          0|
    |tmp_53_reg_4142               |   64|  32|   32|          0|
    |tmp_57_reg_4148               |   64|  32|   32|          0|
    |tmp_73_reg_3783               |    3|   1|   64|          0|
    |tmp_76_reg_4210               |    5|   2|   64|          0|
    |tmp_77_reg_4474               |    2|   1|   64|          0|
    |tmp_79_reg_4434               |   64|  32|   32|          0|
    |tmp_93_reg_4161               |   64|  32|   32|          0|
    |u32_tmp_V_10_reg_3868         |   64|  32|   32|          0|
    |u32_tmp_V_11_reg_3874         |   64|  32|   32|          0|
    |u32_tmp_V_12_reg_3880         |   64|  32|   32|          0|
    |u32_tmp_V_13_reg_3886         |   64|  32|   32|          0|
    |u32_tmp_V_14_reg_3892         |   64|  32|   32|          0|
    |u32_tmp_V_8_reg_3856          |   64|  32|   32|          0|
    |u32_tmp_V_9_reg_3862          |   64|  32|   32|          0|
    |u32_tmp_V_reg_3850            |   64|  32|   32|          0|
    +------------------------------+-----+----+-----+-----------+
    |Total                         | 8995|1369| 8725|         44|
    +------------------------------+-----+----+-----+-----------+



================================================================
== Interface
================================================================
* Summary: 
+-----------------------------+-----+-----+------------+---------------------+--------------+
|          RTL Ports          | Dir | Bits|  Protocol  |    Source Object    |    C Type    |
+-----------------------------+-----+-----+------------+---------------------+--------------+
|ap_clk                       |  in |    1| ap_ctrl_hs |         relu        | return value |
|ap_rst                       |  in |    1| ap_ctrl_hs |         relu        | return value |
|ap_start                     |  in |    1| ap_ctrl_hs |         relu        | return value |
|start_full_n                 |  in |    1| ap_ctrl_hs |         relu        | return value |
|ap_done                      | out |    1| ap_ctrl_hs |         relu        | return value |
|ap_continue                  |  in |    1| ap_ctrl_hs |         relu        | return value |
|ap_idle                      | out |    1| ap_ctrl_hs |         relu        | return value |
|ap_ready                     | out |    1| ap_ctrl_hs |         relu        | return value |
|start_out                    | out |    1| ap_ctrl_hs |         relu        | return value |
|start_write                  | out |    1| ap_ctrl_hs |         relu        | return value |
|fifo_cin_V_V_dout            |  in |  256|   ap_fifo  |     fifo_cin_V_V    |    pointer   |
|fifo_cin_V_V_empty_n         |  in |    1|   ap_fifo  |     fifo_cin_V_V    |    pointer   |
|fifo_cin_V_V_read            | out |    1|   ap_fifo  |     fifo_cin_V_V    |    pointer   |
|fifo_config_in_V_V_dout      |  in |  192|   ap_fifo  |  fifo_config_in_V_V |    pointer   |
|fifo_config_in_V_V_empty_n   |  in |    1|   ap_fifo  |  fifo_config_in_V_V |    pointer   |
|fifo_config_in_V_V_read      | out |    1|   ap_fifo  |  fifo_config_in_V_V |    pointer   |
|fifo_cout_V_V_din            | out |  256|   ap_fifo  |    fifo_cout_V_V    |    pointer   |
|fifo_cout_V_V_full_n         |  in |    1|   ap_fifo  |    fifo_cout_V_V    |    pointer   |
|fifo_cout_V_V_write          | out |    1|   ap_fifo  |    fifo_cout_V_V    |    pointer   |
|fifo_config_out_V_V_din      | out |  192|   ap_fifo  | fifo_config_out_V_V |    pointer   |
|fifo_config_out_V_V_full_n   |  in |    1|   ap_fifo  | fifo_config_out_V_V |    pointer   |
|fifo_config_out_V_V_write    | out |    1|   ap_fifo  | fifo_config_out_V_V |    pointer   |
|fifo_gamma_conv_V_V_dout     |  in |  256|   ap_fifo  | fifo_gamma_conv_V_V |    pointer   |
|fifo_gamma_conv_V_V_empty_n  |  in |    1|   ap_fifo  | fifo_gamma_conv_V_V |    pointer   |
|fifo_gamma_conv_V_V_read     | out |    1|   ap_fifo  | fifo_gamma_conv_V_V |    pointer   |
|fifo_beta_conv_V_V_dout      |  in |  256|   ap_fifo  |  fifo_beta_conv_V_V |    pointer   |
|fifo_beta_conv_V_V_empty_n   |  in |    1|   ap_fifo  |  fifo_beta_conv_V_V |    pointer   |
|fifo_beta_conv_V_V_read      | out |    1|   ap_fifo  |  fifo_beta_conv_V_V |    pointer   |
+-----------------------------+-----+-----+------------+---------------------+--------------+

